{"asctime": "2025-03-27 09:55:21,123", "name": "admin_service", "levelname": "INFO", "message": "初始化后台管理服务...", "taskName": "Task-2"}
{"asctime": "2025-03-27 09:55:21,124", "name": "admin_database", "levelname": "INFO", "message": "数据库表创建成功", "taskName": "Task-2"}
{"asctime": "2025-03-27 09:55:21,125", "name": "admin_service", "levelname": "INFO", "message": "后台管理服务初始化完成", "taskName": "Task-2"}
{"asctime": "2025-03-27 09:55:33,117", "name": "admin_service", "levelname": "INFO", "message": "初始化后台管理服务...", "taskName": "Task-2"}
{"asctime": "2025-03-27 09:55:33,119", "name": "admin_database", "levelname": "INFO", "message": "数据库表创建成功", "taskName": "Task-2"}
{"asctime": "2025-03-27 09:55:33,121", "name": "admin_service", "levelname": "INFO", "message": "后台管理服务初始化完成", "taskName": "Task-2"}
{"asctime": "2025-03-27 09:55:39,804", "name": "admin_service", "levelname": "INFO", "message": "关闭后台管理服务...", "taskName": "Task-2"}
{"asctime": "2025-03-27 09:55:39,804", "name": "admin_service", "levelname": "INFO", "message": "后台管理服务已关闭", "taskName": "Task-2"}
{"asctime": "2025-03-27 09:55:39,853", "name": "admin_service", "levelname": "INFO", "message": "关闭后台管理服务...", "taskName": "Task-2"}
{"asctime": "2025-03-27 09:55:39,855", "name": "admin_service", "levelname": "INFO", "message": "后台管理服务已关闭", "taskName": "Task-2"}
{"asctime": "2025-03-27 09:55:42,670", "name": "admin_service", "levelname": "INFO", "message": "初始化后台管理服务...", "taskName": "Task-2"}
{"asctime": "2025-03-27 09:55:42,671", "name": "admin_database", "levelname": "INFO", "message": "数据库表创建成功", "taskName": "Task-2"}
{"asctime": "2025-03-27 09:55:42,672", "name": "admin_service", "levelname": "INFO", "message": "后台管理服务初始化完成", "taskName": "Task-2"}
{"asctime": "2025-03-27 09:56:04,545", "name": "admin_service", "levelname": "INFO", "message": "初始化后台管理服务...", "taskName": "Task-2"}
{"asctime": "2025-03-27 09:56:04,546", "name": "admin_database", "levelname": "INFO", "message": "数据库表创建成功", "taskName": "Task-2"}
{"asctime": "2025-03-27 09:56:04,547", "name": "admin_service", "levelname": "INFO", "message": "后台管理服务初始化完成", "taskName": "Task-2"}
{"asctime": "2025-03-27 11:34:06,101", "name": "admin_database", "levelname": "INFO", "message": "MySQL数据库连接已创建", "taskName": "Task-1"}
{"asctime": "2025-03-27 11:34:07,153", "name": "admin_service", "levelname": "INFO", "message": "初始化后台管理服务...", "taskName": "Task-2"}
{"asctime": "2025-03-27 11:34:07,160", "name": "admin_database", "levelname": "INFO", "message": "数据库表创建成功", "taskName": "Task-2"}
{"asctime": "2025-03-27 11:34:07,161", "name": "admin_service", "levelname": "INFO", "message": "后台管理服务初始化完成", "taskName": "Task-2"}
{"asctime": "2025-03-27 11:34:22,906", "name": "admin_service", "levelname": "INFO", "message": "关闭后台管理服务...", "taskName": "Task-2"}
{"asctime": "2025-03-27 11:34:22,907", "name": "admin_service", "levelname": "INFO", "message": "后台管理服务已关闭", "taskName": "Task-2"}
{"asctime": "2025-03-27 11:36:25,303", "name": "admin_database", "levelname": "INFO", "message": "MySQL数据库连接已创建", "taskName": null}
{"asctime": "2025-03-27 11:36:33,587", "name": "admin_database", "levelname": "INFO", "message": "MySQL数据库连接已创建", "taskName": null}
{"asctime": "2025-03-27 11:36:57,171", "name": "admin_database", "levelname": "INFO", "message": "MySQL数据库连接已创建", "taskName": null}
{"asctime": "2025-03-27 11:37:39,753", "name": "admin_database", "levelname": "INFO", "message": "MySQL数据库连接已创建", "taskName": null}
{"asctime": "2025-03-27 11:37:49,125", "name": "admin_database", "levelname": "INFO", "message": "MySQL数据库连接已创建", "taskName": null}
{"asctime": "2025-03-27 11:38:50,399", "name": "admin_database", "levelname": "INFO", "message": "MySQL数据库连接已创建", "taskName": null}
{"asctime": "2025-03-27 11:39:07,320", "name": "admin_database", "levelname": "INFO", "message": "MySQL数据库连接已创建", "taskName": null}
{"asctime": "2025-03-27 11:41:24,661", "name": "admin_service", "levelname": "INFO", "message": "初始化后台管理服务...", "taskName": "Task-2"}
{"asctime": "2025-03-27 11:41:24,670", "name": "admin_service", "levelname": "INFO", "message": "后台管理服务初始化完成", "taskName": "Task-2"}
{"asctime": "2025-03-27 11:42:27,901", "name": "admin_service", "levelname": "INFO", "message": "初始化后台管理服务...", "taskName": "Task-2"}
{"asctime": "2025-03-27 11:42:27,913", "name": "admin_service", "levelname": "INFO", "message": "后台管理服务初始化完成", "taskName": "Task-2"}
{"asctime": "2025-03-27 11:44:42,973", "name": "admin_service", "levelname": "INFO", "message": "关闭后台管理服务...", "taskName": "Task-2"}
{"asctime": "2025-03-27 11:44:42,974", "name": "admin_service", "levelname": "INFO", "message": "后台管理服务已关闭", "taskName": "Task-2"}
{"asctime": "2025-03-27 11:44:42,988", "name": "admin_service", "levelname": "INFO", "message": "关闭后台管理服务...", "taskName": "Task-2"}
{"asctime": "2025-03-27 11:44:42,989", "name": "admin_service", "levelname": "INFO", "message": "后台管理服务已关闭", "taskName": "Task-2"}
{"asctime": "2025-03-27 11:50:17,520", "name": "admin_service", "levelname": "INFO", "message": "初始化后台管理服务...", "taskName": "Task-2"}
{"asctime": "2025-03-27 11:50:17,556", "name": "admin_service", "levelname": "INFO", "message": "后台管理服务初始化完成", "taskName": "Task-2"}
{"asctime": "2025-03-27 11:52:07,783", "name": "admin_service", "levelname": "INFO", "message": "关闭后台管理服务...", "taskName": "Task-2"}
{"asctime": "2025-03-27 11:52:07,783", "name": "admin_service", "levelname": "INFO", "message": "后台管理服务已关闭", "taskName": "Task-2"}
{"asctime": "2025-03-27 12:04:51,937", "name": "admin_service", "levelname": "INFO", "message": "初始化后台管理服务...", "taskName": "Task-2"}
{"asctime": "2025-03-27 12:04:51,965", "name": "admin_service", "levelname": "INFO", "message": "后台管理服务初始化完成", "taskName": "Task-2"}
{"asctime": "2025-03-27 12:06:38,843", "name": "admin_service", "levelname": "INFO", "message": "初始化后台管理服务...", "taskName": "Task-2"}
{"asctime": "2025-03-27 12:06:38,866", "name": "admin_service", "levelname": "INFO", "message": "后台管理服务初始化完成", "taskName": "Task-2"}
{"asctime": "2025-03-27 12:08:50,224", "name": "admin_service", "levelname": "INFO", "message": "关闭后台管理服务...", "taskName": "Task-2"}
{"asctime": "2025-03-27 12:08:50,225", "name": "admin_service", "levelname": "INFO", "message": "后台管理服务已关闭", "taskName": "Task-2"}
{"asctime": "2025-03-27 12:09:29,926", "name": "admin_service", "levelname": "INFO", "message": "初始化后台管理服务...", "taskName": "Task-2"}
{"asctime": "2025-03-27 12:09:29,949", "name": "admin_service", "levelname": "INFO", "message": "后台管理服务初始化完成", "taskName": "Task-2"}
{"asctime": "2025-03-27 12:10:20,898", "name": "admin_service", "levelname": "INFO", "message": "关闭后台管理服务...", "taskName": "Task-2"}
{"asctime": "2025-03-27 12:10:20,899", "name": "admin_service", "levelname": "INFO", "message": "后台管理服务已关闭", "taskName": "Task-2"}
{"asctime": "2025-03-27 12:11:22,517", "name": "admin_service", "levelname": "INFO", "message": "初始化后台管理服务...", "taskName": "Task-2"}
{"asctime": "2025-03-27 12:11:22,539", "name": "admin_service", "levelname": "INFO", "message": "后台管理服务初始化完成", "taskName": "Task-2"}
{"asctime": "2025-03-27 12:12:03,754", "name": "admin_service", "levelname": "INFO", "message": "关闭后台管理服务...", "taskName": "Task-2"}
{"asctime": "2025-03-27 12:12:03,755", "name": "admin_service", "levelname": "INFO", "message": "后台管理服务已关闭", "taskName": "Task-2"}
{"asctime": "2025-03-27 12:19:01,212", "name": "admin_service", "levelname": "INFO", "message": "初始化后台管理服务...", "taskName": "Task-2"}
{"asctime": "2025-03-27 12:19:01,238", "name": "admin_service", "levelname": "INFO", "message": "后台管理服务初始化完成", "taskName": "Task-2"}
{"asctime": "2025-03-27 12:19:39,466", "name": "admin_service", "levelname": "INFO", "message": "关闭后台管理服务...", "taskName": "Task-2"}
{"asctime": "2025-03-27 12:19:39,467", "name": "admin_service", "levelname": "INFO", "message": "后台管理服务已关闭", "taskName": "Task-2"}
{"asctime": "2025-03-27 12:20:30,571", "name": "admin_service", "levelname": "INFO", "message": "初始化后台管理服务...", "taskName": "Task-2"}
{"asctime": "2025-03-27 12:20:30,601", "name": "admin_service", "levelname": "INFO", "message": "后台管理服务初始化完成", "taskName": "Task-2"}
{"asctime": "2025-03-27 12:21:22,590", "name": "admin_service", "levelname": "INFO", "message": "关闭后台管理服务...", "taskName": "Task-2"}
{"asctime": "2025-03-27 12:21:22,591", "name": "admin_service", "levelname": "INFO", "message": "后台管理服务已关闭", "taskName": "Task-2"}
{"asctime": "2025-03-27 12:21:43,912", "name": "admin_service", "levelname": "INFO", "message": "初始化后台管理服务...", "taskName": "Task-2"}
{"asctime": "2025-03-27 12:21:43,943", "name": "admin_service", "levelname": "INFO", "message": "后台管理服务初始化完成", "taskName": "Task-2"}
{"asctime": "2025-03-27 12:22:40,170", "name": "admin_service", "levelname": "INFO", "message": "关闭后台管理服务...", "taskName": "Task-2"}
{"asctime": "2025-03-27 12:22:40,172", "name": "admin_service", "levelname": "INFO", "message": "后台管理服务已关闭", "taskName": "Task-2"}
{"asctime": "2025-03-27 13:52:11,579", "name": "admin_service", "levelname": "INFO", "message": "初始化后台管理服务...", "taskName": "Task-2"}
{"asctime": "2025-03-27 13:52:11,633", "name": "admin_service", "levelname": "INFO", "message": "后台管理服务初始化完成", "taskName": "Task-2"}
{"asctime": "2025-03-27 13:53:12,140", "name": "admin_service", "levelname": "INFO", "message": "关闭后台管理服务...", "taskName": "Task-2"}
{"asctime": "2025-03-27 13:53:12,141", "name": "admin_service", "levelname": "INFO", "message": "后台管理服务已关闭", "taskName": "Task-2"}
{"asctime": "2025-03-27 13:56:46,447", "name": "admin_service", "levelname": "INFO", "message": "初始化后台管理服务...", "taskName": "Task-2"}
{"asctime": "2025-03-27 13:56:46,474", "name": "admin_service", "levelname": "INFO", "message": "后台管理服务初始化完成", "taskName": "Task-2"}
