{"asctime": "2025-11-10 18:16:18,654", "name": "admin_database", "levelname": "INFO", "message": "表 users 已存在且字段完整", "taskName": "Task-2"}
{"asctime": "2025-11-10 18:16:18,661", "name": "admin_database", "levelname": "INFO", "message": "表 roles 已存在且字段完整", "taskName": "Task-2"}
{"asctime": "2025-11-10 18:16:18,669", "name": "admin_database", "levelname": "INFO", "message": "表 permissions 已存在且字段完整", "taskName": "Task-2"}
{"asctime": "2025-11-10 18:16:18,681", "name": "admin_database", "levelname": "INFO", "message": "表 menus 已存在且字段完整", "taskName": "Task-2"}
{"asctime": "2025-11-10 18:16:18,682", "name": "admin_database", "levelname": "INFO", "message": "数据库表检查完成", "taskName": "Task-2"}
{"asctime": "2025-11-10 18:20:45,123", "name": "admin_database", "levelname": "INFO", "message": "表 users 已存在且字段完整", "taskName": "Task-2"}
{"asctime": "2025-11-10 18:20:45,128", "name": "admin_database", "levelname": "INFO", "message": "表 roles 已存在且字段完整", "taskName": "Task-2"}
{"asctime": "2025-11-10 18:20:45,134", "name": "admin_database", "levelname": "INFO", "message": "表 permissions 已存在且字段完整", "taskName": "Task-2"}
{"asctime": "2025-11-10 18:20:45,140", "name": "admin_database", "levelname": "INFO", "message": "表 menus 已存在且字段完整", "taskName": "Task-2"}
{"asctime": "2025-11-10 18:20:45,141", "name": "admin_database", "levelname": "INFO", "message": "数据库表检查完成", "taskName": "Task-2"}
{"asctime": "2025-11-10 18:21:51,851", "name": "admin_database", "levelname": "INFO", "message": "表 users 已存在且字段完整", "taskName": "Task-2"}
{"asctime": "2025-11-10 18:21:51,856", "name": "admin_database", "levelname": "INFO", "message": "表 roles 已存在且字段完整", "taskName": "Task-2"}
{"asctime": "2025-11-10 18:21:51,862", "name": "admin_database", "levelname": "INFO", "message": "表 permissions 已存在且字段完整", "taskName": "Task-2"}
{"asctime": "2025-11-10 18:21:51,871", "name": "admin_database", "levelname": "INFO", "message": "表 menus 已存在且字段完整", "taskName": "Task-2"}
{"asctime": "2025-11-10 18:21:51,873", "name": "admin_database", "levelname": "INFO", "message": "数据库表检查完成", "taskName": "Task-2"}
{"asctime": "2025-11-10 18:22:07,913", "name": "admin_database", "levelname": "INFO", "message": "表 users 已存在且字段完整", "taskName": "Task-2"}
{"asctime": "2025-11-10 18:22:07,918", "name": "admin_database", "levelname": "INFO", "message": "表 roles 已存在且字段完整", "taskName": "Task-2"}
{"asctime": "2025-11-10 18:22:07,922", "name": "admin_database", "levelname": "INFO", "message": "表 permissions 已存在且字段完整", "taskName": "Task-2"}
{"asctime": "2025-11-10 18:22:07,930", "name": "admin_database", "levelname": "INFO", "message": "表 menus 已存在且字段完整", "taskName": "Task-2"}
{"asctime": "2025-11-10 18:22:07,931", "name": "admin_database", "levelname": "INFO", "message": "数据库表检查完成", "taskName": "Task-2"}
{"asctime": "2025-11-10 18:23:18,104", "name": "admin_database", "levelname": "INFO", "message": "表 users 已存在且字段完整", "taskName": "Task-2"}
{"asctime": "2025-11-10 18:23:18,109", "name": "admin_database", "levelname": "INFO", "message": "表 roles 已存在且字段完整", "taskName": "Task-2"}
{"asctime": "2025-11-10 18:23:18,115", "name": "admin_database", "levelname": "INFO", "message": "表 permissions 已存在且字段完整", "taskName": "Task-2"}
{"asctime": "2025-11-10 18:23:18,123", "name": "admin_database", "levelname": "INFO", "message": "表 menus 已存在且字段完整", "taskName": "Task-2"}
{"asctime": "2025-11-10 18:23:18,124", "name": "admin_database", "levelname": "INFO", "message": "数据库表检查完成", "taskName": "Task-2"}
{"asctime": "2025-11-10 18:28:23,725", "name": "admin_database", "levelname": "INFO", "message": "表 users 已存在且字段完整", "taskName": "Task-2"}
{"asctime": "2025-11-10 18:28:23,730", "name": "admin_database", "levelname": "INFO", "message": "表 roles 已存在且字段完整", "taskName": "Task-2"}
{"asctime": "2025-11-10 18:28:23,736", "name": "admin_database", "levelname": "INFO", "message": "表 permissions 已存在且字段完整", "taskName": "Task-2"}
{"asctime": "2025-11-10 18:28:23,743", "name": "admin_database", "levelname": "INFO", "message": "表 menus 已存在且字段完整", "taskName": "Task-2"}
{"asctime": "2025-11-10 18:28:23,744", "name": "admin_database", "levelname": "INFO", "message": "数据库表检查完成", "taskName": "Task-2"}
{"asctime": "2025-11-10 18:30:25,252", "name": "admin_database", "levelname": "INFO", "message": "表 users 已存在且字段完整", "taskName": "Task-2"}
{"asctime": "2025-11-10 18:30:25,260", "name": "admin_database", "levelname": "INFO", "message": "表 roles 已存在且字段完整", "taskName": "Task-2"}
{"asctime": "2025-11-10 18:30:25,267", "name": "admin_database", "levelname": "INFO", "message": "表 permissions 已存在且字段完整", "taskName": "Task-2"}
{"asctime": "2025-11-10 18:30:25,275", "name": "admin_database", "levelname": "INFO", "message": "表 menus 已存在且字段完整", "taskName": "Task-2"}
{"asctime": "2025-11-10 18:30:25,276", "name": "admin_database", "levelname": "INFO", "message": "数据库表检查完成", "taskName": "Task-2"}
{"asctime": "2025-11-10 18:30:29,360", "name": "admin_database", "levelname": "INFO", "message": "表 users 已存在且字段完整", "taskName": "Task-2"}
{"asctime": "2025-11-10 18:30:29,365", "name": "admin_database", "levelname": "INFO", "message": "表 roles 已存在且字段完整", "taskName": "Task-2"}
{"asctime": "2025-11-10 18:30:29,370", "name": "admin_database", "levelname": "INFO", "message": "表 permissions 已存在且字段完整", "taskName": "Task-2"}
{"asctime": "2025-11-10 18:30:29,377", "name": "admin_database", "levelname": "INFO", "message": "表 menus 已存在且字段完整", "taskName": "Task-2"}
{"asctime": "2025-11-10 18:30:29,379", "name": "admin_database", "levelname": "INFO", "message": "数据库表检查完成", "taskName": "Task-2"}
{"asctime": "2025-11-10 18:30:36,622", "name": "admin_database", "levelname": "INFO", "message": "表 users 已存在且字段完整", "taskName": "Task-2"}
{"asctime": "2025-11-10 18:30:36,626", "name": "admin_database", "levelname": "INFO", "message": "表 roles 已存在且字段完整", "taskName": "Task-2"}
{"asctime": "2025-11-10 18:30:36,631", "name": "admin_database", "levelname": "INFO", "message": "表 permissions 已存在且字段完整", "taskName": "Task-2"}
{"asctime": "2025-11-10 18:30:36,637", "name": "admin_database", "levelname": "INFO", "message": "表 menus 已存在且字段完整", "taskName": "Task-2"}
{"asctime": "2025-11-10 18:30:36,638", "name": "admin_database", "levelname": "INFO", "message": "数据库表检查完成", "taskName": "Task-2"}
{"asctime": "2025-11-10 18:31:25,803", "name": "admin_database", "levelname": "INFO", "message": "表 users 已存在且字段完整", "taskName": "Task-2"}
{"asctime": "2025-11-10 18:31:25,809", "name": "admin_database", "levelname": "INFO", "message": "表 roles 已存在且字段完整", "taskName": "Task-2"}
{"asctime": "2025-11-10 18:31:25,816", "name": "admin_database", "levelname": "INFO", "message": "表 permissions 已存在且字段完整", "taskName": "Task-2"}
{"asctime": "2025-11-10 18:31:25,822", "name": "admin_database", "levelname": "INFO", "message": "表 menus 已存在且字段完整", "taskName": "Task-2"}
{"asctime": "2025-11-10 18:31:25,824", "name": "admin_database", "levelname": "INFO", "message": "数据库表检查完成", "taskName": "Task-2"}
{"asctime": "2025-11-10 18:31:35,667", "name": "admin_database", "levelname": "INFO", "message": "表 users 已存在且字段完整", "taskName": "Task-2"}
{"asctime": "2025-11-10 18:31:35,671", "name": "admin_database", "levelname": "INFO", "message": "表 roles 已存在且字段完整", "taskName": "Task-2"}
{"asctime": "2025-11-10 18:31:35,676", "name": "admin_database", "levelname": "INFO", "message": "表 permissions 已存在且字段完整", "taskName": "Task-2"}
{"asctime": "2025-11-10 18:31:35,683", "name": "admin_database", "levelname": "INFO", "message": "表 menus 已存在且字段完整", "taskName": "Task-2"}
{"asctime": "2025-11-10 18:31:35,684", "name": "admin_database", "levelname": "INFO", "message": "数据库表检查完成", "taskName": "Task-2"}
{"asctime": "2025-11-10 18:31:45,177", "name": "admin_database", "levelname": "INFO", "message": "表 users 已存在且字段完整", "taskName": "Task-2"}
{"asctime": "2025-11-10 18:31:45,182", "name": "admin_database", "levelname": "INFO", "message": "表 roles 已存在且字段完整", "taskName": "Task-2"}
{"asctime": "2025-11-10 18:31:45,189", "name": "admin_database", "levelname": "INFO", "message": "表 permissions 已存在且字段完整", "taskName": "Task-2"}
{"asctime": "2025-11-10 18:31:45,195", "name": "admin_database", "levelname": "INFO", "message": "表 menus 已存在且字段完整", "taskName": "Task-2"}
{"asctime": "2025-11-10 18:31:45,196", "name": "admin_database", "levelname": "INFO", "message": "数据库表检查完成", "taskName": "Task-2"}
{"asctime": "2025-11-10 18:32:59,582", "name": "admin_database", "levelname": "INFO", "message": "表 users 已存在且字段完整", "taskName": "Task-2"}
{"asctime": "2025-11-10 18:32:59,586", "name": "admin_database", "levelname": "INFO", "message": "表 roles 已存在且字段完整", "taskName": "Task-2"}
{"asctime": "2025-11-10 18:32:59,592", "name": "admin_database", "levelname": "INFO", "message": "表 permissions 已存在且字段完整", "taskName": "Task-2"}
{"asctime": "2025-11-10 18:32:59,599", "name": "admin_database", "levelname": "INFO", "message": "表 menus 已存在且字段完整", "taskName": "Task-2"}
{"asctime": "2025-11-10 18:32:59,600", "name": "admin_database", "levelname": "INFO", "message": "数据库表检查完成", "taskName": "Task-2"}
{"asctime": "2025-11-10 18:33:14,254", "name": "admin_database", "levelname": "INFO", "message": "表 users 已存在且字段完整", "taskName": "Task-2"}
{"asctime": "2025-11-10 18:33:14,260", "name": "admin_database", "levelname": "INFO", "message": "表 roles 已存在且字段完整", "taskName": "Task-2"}
{"asctime": "2025-11-10 18:33:14,264", "name": "admin_database", "levelname": "INFO", "message": "表 permissions 已存在且字段完整", "taskName": "Task-2"}
{"asctime": "2025-11-10 18:33:14,272", "name": "admin_database", "levelname": "INFO", "message": "表 menus 已存在且字段完整", "taskName": "Task-2"}
{"asctime": "2025-11-10 18:33:14,273", "name": "admin_database", "levelname": "INFO", "message": "数据库表检查完成", "taskName": "Task-2"}
{"asctime": "2025-11-10 18:35:13,919", "name": "admin_database", "levelname": "INFO", "message": "表 users 已存在且字段完整", "taskName": "Task-2"}
{"asctime": "2025-11-10 18:35:13,925", "name": "admin_database", "levelname": "INFO", "message": "表 roles 已存在且字段完整", "taskName": "Task-2"}
{"asctime": "2025-11-10 18:35:13,932", "name": "admin_database", "levelname": "INFO", "message": "表 permissions 已存在且字段完整", "taskName": "Task-2"}
{"asctime": "2025-11-10 18:35:13,940", "name": "admin_database", "levelname": "INFO", "message": "表 menus 已存在且字段完整", "taskName": "Task-2"}
{"asctime": "2025-11-10 18:35:13,941", "name": "admin_database", "levelname": "INFO", "message": "数据库表检查完成", "taskName": "Task-2"}
{"asctime": "2025-11-10 18:35:17,424", "name": "admin_database", "levelname": "INFO", "message": "表 users 已存在且字段完整", "taskName": "Task-2"}
{"asctime": "2025-11-10 18:35:17,430", "name": "admin_database", "levelname": "INFO", "message": "表 roles 已存在且字段完整", "taskName": "Task-2"}
{"asctime": "2025-11-10 18:35:17,436", "name": "admin_database", "levelname": "INFO", "message": "表 permissions 已存在且字段完整", "taskName": "Task-2"}
{"asctime": "2025-11-10 18:35:17,444", "name": "admin_database", "levelname": "INFO", "message": "表 menus 已存在且字段完整", "taskName": "Task-2"}
{"asctime": "2025-11-10 18:35:17,445", "name": "admin_database", "levelname": "INFO", "message": "数据库表检查完成", "taskName": "Task-2"}
{"asctime": "2025-11-10 18:35:34,824", "name": "admin_database", "levelname": "INFO", "message": "表 users 已存在且字段完整", "taskName": "Task-2"}
{"asctime": "2025-11-10 18:35:34,829", "name": "admin_database", "levelname": "INFO", "message": "表 roles 已存在且字段完整", "taskName": "Task-2"}
{"asctime": "2025-11-10 18:35:34,834", "name": "admin_database", "levelname": "INFO", "message": "表 permissions 已存在且字段完整", "taskName": "Task-2"}
{"asctime": "2025-11-10 18:35:34,840", "name": "admin_database", "levelname": "INFO", "message": "表 menus 已存在且字段完整", "taskName": "Task-2"}
{"asctime": "2025-11-10 18:35:34,841", "name": "admin_database", "levelname": "INFO", "message": "数据库表检查完成", "taskName": "Task-2"}
{"asctime": "2025-11-10 18:36:26,015", "name": "admin_database", "levelname": "INFO", "message": "表 users 已存在且字段完整", "taskName": "Task-2"}
{"asctime": "2025-11-10 18:36:26,020", "name": "admin_database", "levelname": "INFO", "message": "表 roles 已存在且字段完整", "taskName": "Task-2"}
{"asctime": "2025-11-10 18:36:26,026", "name": "admin_database", "levelname": "INFO", "message": "表 permissions 已存在且字段完整", "taskName": "Task-2"}
{"asctime": "2025-11-10 18:36:26,033", "name": "admin_database", "levelname": "INFO", "message": "表 menus 已存在且字段完整", "taskName": "Task-2"}
{"asctime": "2025-11-10 18:36:26,034", "name": "admin_database", "levelname": "INFO", "message": "数据库表检查完成", "taskName": "Task-2"}
{"asctime": "2025-11-10 18:37:25,572", "name": "admin_database", "levelname": "INFO", "message": "表 users 已存在且字段完整", "taskName": "Task-2"}
{"asctime": "2025-11-10 18:37:25,576", "name": "admin_database", "levelname": "INFO", "message": "表 roles 已存在且字段完整", "taskName": "Task-2"}
{"asctime": "2025-11-10 18:37:25,582", "name": "admin_database", "levelname": "INFO", "message": "表 permissions 已存在且字段完整", "taskName": "Task-2"}
{"asctime": "2025-11-10 18:37:25,589", "name": "admin_database", "levelname": "INFO", "message": "表 menus 已存在且字段完整", "taskName": "Task-2"}
{"asctime": "2025-11-10 18:37:25,590", "name": "admin_database", "levelname": "INFO", "message": "数据库表检查完成", "taskName": "Task-2"}
{"asctime": "2025-11-10 18:43:00,626", "name": "admin_database", "levelname": "INFO", "message": "表 users 已存在且字段完整", "taskName": "Task-2"}
{"asctime": "2025-11-10 18:43:00,629", "name": "admin_database", "levelname": "INFO", "message": "表 users 已存在且字段完整", "taskName": "Task-2"}
{"asctime": "2025-11-10 18:43:00,632", "name": "admin_database", "levelname": "INFO", "message": "表 roles 已存在且字段完整", "taskName": "Task-2"}
{"asctime": "2025-11-10 18:43:00,634", "name": "admin_database", "levelname": "INFO", "message": "表 roles 已存在且字段完整", "taskName": "Task-2"}
{"asctime": "2025-11-10 18:43:00,638", "name": "admin_database", "levelname": "INFO", "message": "表 permissions 已存在且字段完整", "taskName": "Task-2"}
{"asctime": "2025-11-10 18:43:00,641", "name": "admin_database", "levelname": "INFO", "message": "表 permissions 已存在且字段完整", "taskName": "Task-2"}
{"asctime": "2025-11-10 18:43:00,646", "name": "admin_database", "levelname": "INFO", "message": "表 menus 已存在且字段完整", "taskName": "Task-2"}
{"asctime": "2025-11-10 18:43:00,648", "name": "admin_database", "levelname": "INFO", "message": "数据库表检查完成", "taskName": "Task-2"}
{"asctime": "2025-11-10 18:43:00,649", "name": "admin_database", "levelname": "INFO", "message": "表 menus 已存在且字段完整", "taskName": "Task-2"}
{"asctime": "2025-11-10 18:43:00,651", "name": "admin_database", "levelname": "INFO", "message": "数据库表检查完成", "taskName": "Task-2"}
{"asctime": "2025-11-10 18:53:15,150", "name": "admin_database", "levelname": "INFO", "message": "表 users 已存在且字段完整", "taskName": "Task-2"}
{"asctime": "2025-11-10 18:53:15,155", "name": "admin_database", "levelname": "INFO", "message": "表 roles 已存在且字段完整", "taskName": "Task-2"}
{"asctime": "2025-11-10 18:53:15,161", "name": "admin_database", "levelname": "INFO", "message": "表 permissions 已存在且字段完整", "taskName": "Task-2"}
{"asctime": "2025-11-10 18:53:15,168", "name": "admin_database", "levelname": "INFO", "message": "表 menus 已存在且字段完整", "taskName": "Task-2"}
{"asctime": "2025-11-10 18:53:15,168", "name": "admin_database", "levelname": "INFO", "message": "数据库表检查完成", "taskName": "Task-2"}
{"asctime": "2025-11-10 19:08:28,789", "name": "admin_database", "levelname": "INFO", "message": "表 users 已存在且字段完整", "taskName": "Task-2"}
{"asctime": "2025-11-10 19:08:28,793", "name": "admin_database", "levelname": "INFO", "message": "表 roles 已存在且字段完整", "taskName": "Task-2"}
{"asctime": "2025-11-10 19:08:28,798", "name": "admin_database", "levelname": "INFO", "message": "表 permissions 已存在且字段完整", "taskName": "Task-2"}
{"asctime": "2025-11-10 19:08:28,805", "name": "admin_database", "levelname": "INFO", "message": "表 menus 已存在且字段完整", "taskName": "Task-2"}
{"asctime": "2025-11-10 19:08:28,805", "name": "admin_database", "levelname": "INFO", "message": "数据库表检查完成", "taskName": "Task-2"}
{"asctime": "2025-11-10 19:08:52,458", "name": "admin_database", "levelname": "INFO", "message": "表 users 已存在且字段完整", "taskName": "Task-2"}
{"asctime": "2025-11-10 19:08:52,465", "name": "admin_database", "levelname": "INFO", "message": "表 roles 已存在且字段完整", "taskName": "Task-2"}
{"asctime": "2025-11-10 19:08:52,470", "name": "admin_database", "levelname": "INFO", "message": "表 permissions 已存在且字段完整", "taskName": "Task-2"}
{"asctime": "2025-11-10 19:08:52,478", "name": "admin_database", "levelname": "INFO", "message": "表 menus 已存在且字段完整", "taskName": "Task-2"}
{"asctime": "2025-11-10 19:08:52,479", "name": "admin_database", "levelname": "INFO", "message": "数据库表检查完成", "taskName": "Task-2"}
{"asctime": "2025-11-10 19:09:47,217", "name": "admin_database", "levelname": "INFO", "message": "表 users 已存在且字段完整", "taskName": "Task-2"}
{"asctime": "2025-11-10 19:09:47,223", "name": "admin_database", "levelname": "INFO", "message": "表 roles 已存在且字段完整", "taskName": "Task-2"}
{"asctime": "2025-11-10 19:09:47,231", "name": "admin_database", "levelname": "INFO", "message": "表 permissions 已存在且字段完整", "taskName": "Task-2"}
{"asctime": "2025-11-10 19:09:47,242", "name": "admin_database", "levelname": "INFO", "message": "表 menus 已存在且字段完整", "taskName": "Task-2"}
{"asctime": "2025-11-10 19:09:47,243", "name": "admin_database", "levelname": "INFO", "message": "数据库表检查完成", "taskName": "Task-2"}
{"asctime": "2025-11-10 19:18:33,324", "name": "admin_database", "levelname": "INFO", "message": "表 users 已存在且字段完整", "taskName": "Task-2"}
{"asctime": "2025-11-10 19:18:33,325", "name": "admin_database", "levelname": "INFO", "message": "表 users 已存在且字段完整", "taskName": "Task-2"}
{"asctime": "2025-11-10 19:18:33,329", "name": "admin_database", "levelname": "INFO", "message": "表 roles 已存在且字段完整", "taskName": "Task-2"}
{"asctime": "2025-11-10 19:18:33,331", "name": "admin_database", "levelname": "INFO", "message": "表 roles 已存在且字段完整", "taskName": "Task-2"}
{"asctime": "2025-11-10 19:18:33,336", "name": "admin_database", "levelname": "INFO", "message": "表 permissions 已存在且字段完整", "taskName": "Task-2"}
{"asctime": "2025-11-10 19:18:33,338", "name": "admin_database", "levelname": "INFO", "message": "表 permissions 已存在且字段完整", "taskName": "Task-2"}
{"asctime": "2025-11-10 19:18:33,345", "name": "admin_database", "levelname": "INFO", "message": "表 menus 已存在且字段完整", "taskName": "Task-2"}
{"asctime": "2025-11-10 19:18:33,347", "name": "admin_database", "levelname": "INFO", "message": "数据库表检查完成", "taskName": "Task-2"}
{"asctime": "2025-11-10 19:18:33,349", "name": "admin_database", "levelname": "INFO", "message": "表 menus 已存在且字段完整", "taskName": "Task-2"}
{"asctime": "2025-11-10 19:18:33,350", "name": "admin_database", "levelname": "INFO", "message": "数据库表检查完成", "taskName": "Task-2"}
{"asctime": "2025-11-10 19:19:06,856", "name": "admin_database", "levelname": "INFO", "message": "表 users 已存在且字段完整", "taskName": "Task-2"}
{"asctime": "2025-11-10 19:19:06,872", "name": "admin_database", "levelname": "INFO", "message": "表 roles 已存在且字段完整", "taskName": "Task-2"}
{"asctime": "2025-11-10 19:19:06,878", "name": "admin_database", "levelname": "INFO", "message": "表 permissions 已存在且字段完整", "taskName": "Task-2"}
{"asctime": "2025-11-10 19:19:06,886", "name": "admin_database", "levelname": "INFO", "message": "表 menus 已存在且字段完整", "taskName": "Task-2"}
{"asctime": "2025-11-10 19:19:06,887", "name": "admin_database", "levelname": "INFO", "message": "数据库表检查完成", "taskName": "Task-2"}
{"asctime": "2025-11-10 19:19:17,569", "name": "admin_database", "levelname": "INFO", "message": "表 users 已存在且字段完整", "taskName": "Task-2"}
{"asctime": "2025-11-10 19:19:17,573", "name": "admin_database", "levelname": "INFO", "message": "表 roles 已存在且字段完整", "taskName": "Task-2"}
{"asctime": "2025-11-10 19:19:17,578", "name": "admin_database", "levelname": "INFO", "message": "表 permissions 已存在且字段完整", "taskName": "Task-2"}
{"asctime": "2025-11-10 19:19:17,585", "name": "admin_database", "levelname": "INFO", "message": "表 menus 已存在且字段完整", "taskName": "Task-2"}
{"asctime": "2025-11-10 19:19:17,585", "name": "admin_database", "levelname": "INFO", "message": "数据库表检查完成", "taskName": "Task-2"}
{"asctime": "2025-11-10 19:20:24,293", "name": "admin_database", "levelname": "INFO", "message": "表 users 已存在且字段完整", "taskName": "Task-2"}
{"asctime": "2025-11-10 19:20:24,296", "name": "admin_database", "levelname": "INFO", "message": "表 roles 已存在且字段完整", "taskName": "Task-2"}
{"asctime": "2025-11-10 19:20:24,302", "name": "admin_database", "levelname": "INFO", "message": "表 permissions 已存在且字段完整", "taskName": "Task-2"}
{"asctime": "2025-11-10 19:20:24,308", "name": "admin_database", "levelname": "INFO", "message": "表 menus 已存在且字段完整", "taskName": "Task-2"}
{"asctime": "2025-11-10 19:20:24,309", "name": "admin_database", "levelname": "INFO", "message": "数据库表检查完成", "taskName": "Task-2"}
{"asctime": "2025-11-10 19:21:51,645", "name": "admin_database", "levelname": "INFO", "message": "表 users 已存在且字段完整", "taskName": "Task-2"}
{"asctime": "2025-11-10 19:21:51,650", "name": "admin_database", "levelname": "INFO", "message": "表 roles 已存在且字段完整", "taskName": "Task-2"}
{"asctime": "2025-11-10 19:21:51,654", "name": "admin_database", "levelname": "INFO", "message": "表 permissions 已存在且字段完整", "taskName": "Task-2"}
{"asctime": "2025-11-10 19:21:51,660", "name": "admin_database", "levelname": "INFO", "message": "表 menus 已存在且字段完整", "taskName": "Task-2"}
{"asctime": "2025-11-10 19:21:51,661", "name": "admin_database", "levelname": "INFO", "message": "数据库表检查完成", "taskName": "Task-2"}
{"asctime": "2025-11-10 19:22:07,409", "name": "admin_database", "levelname": "INFO", "message": "表 users 已存在且字段完整", "taskName": "Task-2"}
{"asctime": "2025-11-10 19:22:07,414", "name": "admin_database", "levelname": "INFO", "message": "表 roles 已存在且字段完整", "taskName": "Task-2"}
{"asctime": "2025-11-10 19:22:07,419", "name": "admin_database", "levelname": "INFO", "message": "表 permissions 已存在且字段完整", "taskName": "Task-2"}
{"asctime": "2025-11-10 19:22:07,427", "name": "admin_database", "levelname": "INFO", "message": "表 menus 已存在且字段完整", "taskName": "Task-2"}
{"asctime": "2025-11-10 19:22:07,428", "name": "admin_database", "levelname": "INFO", "message": "数据库表检查完成", "taskName": "Task-2"}
{"asctime": "2025-11-10 19:22:40,740", "name": "admin_database", "levelname": "INFO", "message": "表 users 已存在且字段完整", "taskName": "Task-2"}
{"asctime": "2025-11-10 19:22:40,748", "name": "admin_database", "levelname": "INFO", "message": "表 roles 已存在且字段完整", "taskName": "Task-2"}
{"asctime": "2025-11-10 19:22:40,756", "name": "admin_database", "levelname": "INFO", "message": "表 permissions 已存在且字段完整", "taskName": "Task-2"}
{"asctime": "2025-11-10 19:22:40,765", "name": "admin_database", "levelname": "INFO", "message": "表 menus 已存在且字段完整", "taskName": "Task-2"}
{"asctime": "2025-11-10 19:22:40,766", "name": "admin_database", "levelname": "INFO", "message": "数据库表检查完成", "taskName": "Task-2"}
{"asctime": "2025-11-10 19:25:10,017", "name": "admin_database", "levelname": "INFO", "message": "表 users 已存在且字段完整", "taskName": "Task-2"}
{"asctime": "2025-11-10 19:25:10,023", "name": "admin_database", "levelname": "INFO", "message": "表 roles 已存在且字段完整", "taskName": "Task-2"}
{"asctime": "2025-11-10 19:25:10,027", "name": "admin_database", "levelname": "INFO", "message": "表 permissions 已存在且字段完整", "taskName": "Task-2"}
{"asctime": "2025-11-10 19:25:10,033", "name": "admin_database", "levelname": "INFO", "message": "表 menus 已存在且字段完整", "taskName": "Task-2"}
{"asctime": "2025-11-10 19:25:10,034", "name": "admin_database", "levelname": "INFO", "message": "数据库表检查完成", "taskName": "Task-2"}
{"asctime": "2025-11-10 19:25:52,305", "name": "admin_database", "levelname": "INFO", "message": "表 users 已存在且字段完整", "taskName": "Task-2"}
{"asctime": "2025-11-10 19:25:52,309", "name": "admin_database", "levelname": "INFO", "message": "表 roles 已存在且字段完整", "taskName": "Task-2"}
{"asctime": "2025-11-10 19:25:52,346", "name": "admin_database", "levelname": "INFO", "message": "表 permissions 已存在且字段完整", "taskName": "Task-2"}
{"asctime": "2025-11-10 19:25:52,356", "name": "admin_database", "levelname": "INFO", "message": "表 menus 已存在且字段完整", "taskName": "Task-2"}
{"asctime": "2025-11-10 19:25:52,357", "name": "admin_database", "levelname": "INFO", "message": "数据库表检查完成", "taskName": "Task-2"}
{"asctime": "2025-11-10 19:26:43,986", "name": "admin_database", "levelname": "INFO", "message": "表 users 已存在且字段完整", "taskName": "Task-2"}
{"asctime": "2025-11-10 19:26:43,993", "name": "admin_database", "levelname": "INFO", "message": "表 roles 已存在且字段完整", "taskName": "Task-2"}
{"asctime": "2025-11-10 19:26:44,001", "name": "admin_database", "levelname": "INFO", "message": "表 permissions 已存在且字段完整", "taskName": "Task-2"}
{"asctime": "2025-11-10 19:26:44,012", "name": "admin_database", "levelname": "INFO", "message": "表 menus 已存在且字段完整", "taskName": "Task-2"}
{"asctime": "2025-11-10 19:26:44,013", "name": "admin_database", "levelname": "INFO", "message": "数据库表检查完成", "taskName": "Task-2"}
{"asctime": "2025-11-10 19:27:13,947", "name": "admin_database", "levelname": "INFO", "message": "表 users 已存在且字段完整", "taskName": "Task-2"}
{"asctime": "2025-11-10 19:27:13,955", "name": "admin_database", "levelname": "INFO", "message": "表 roles 已存在且字段完整", "taskName": "Task-2"}
{"asctime": "2025-11-10 19:27:13,963", "name": "admin_database", "levelname": "INFO", "message": "表 permissions 已存在且字段完整", "taskName": "Task-2"}
{"asctime": "2025-11-10 19:27:13,973", "name": "admin_database", "levelname": "INFO", "message": "表 menus 已存在且字段完整", "taskName": "Task-2"}
{"asctime": "2025-11-10 19:27:13,974", "name": "admin_database", "levelname": "INFO", "message": "数据库表检查完成", "taskName": "Task-2"}
{"asctime": "2025-11-10 19:28:21,179", "name": "admin_database", "levelname": "INFO", "message": "表 users 已存在且字段完整", "taskName": "Task-2"}
{"asctime": "2025-11-10 19:28:21,185", "name": "admin_database", "levelname": "INFO", "message": "表 roles 已存在且字段完整", "taskName": "Task-2"}
{"asctime": "2025-11-10 19:28:21,190", "name": "admin_database", "levelname": "INFO", "message": "表 permissions 已存在且字段完整", "taskName": "Task-2"}
{"asctime": "2025-11-10 19:28:21,197", "name": "admin_database", "levelname": "INFO", "message": "表 menus 已存在且字段完整", "taskName": "Task-2"}
{"asctime": "2025-11-10 19:28:21,198", "name": "admin_database", "levelname": "INFO", "message": "数据库表检查完成", "taskName": "Task-2"}
{"asctime": "2025-11-10 19:29:08,015", "name": "admin_database", "levelname": "INFO", "message": "表 users 已存在且字段完整", "taskName": "Task-2"}
{"asctime": "2025-11-10 19:29:08,024", "name": "admin_database", "levelname": "INFO", "message": "表 roles 已存在且字段完整", "taskName": "Task-2"}
{"asctime": "2025-11-10 19:29:08,033", "name": "admin_database", "levelname": "INFO", "message": "表 permissions 已存在且字段完整", "taskName": "Task-2"}
{"asctime": "2025-11-10 19:29:08,044", "name": "admin_database", "levelname": "INFO", "message": "表 menus 已存在且字段完整", "taskName": "Task-2"}
{"asctime": "2025-11-10 19:29:08,045", "name": "admin_database", "levelname": "INFO", "message": "数据库表检查完成", "taskName": "Task-2"}
{"asctime": "2025-11-10 19:30:55,129", "name": "admin_database", "levelname": "INFO", "message": "表 users 已存在且字段完整", "taskName": "Task-2"}
{"asctime": "2025-11-10 19:30:55,138", "name": "admin_database", "levelname": "INFO", "message": "表 roles 已存在且字段完整", "taskName": "Task-2"}
{"asctime": "2025-11-10 19:30:55,144", "name": "admin_database", "levelname": "INFO", "message": "表 permissions 已存在且字段完整", "taskName": "Task-2"}
{"asctime": "2025-11-10 19:30:55,154", "name": "admin_database", "levelname": "INFO", "message": "表 menus 已存在且字段完整", "taskName": "Task-2"}
{"asctime": "2025-11-10 19:30:55,155", "name": "admin_database", "levelname": "INFO", "message": "数据库表检查完成", "taskName": "Task-2"}
{"asctime": "2025-11-10 19:36:36,126", "name": "admin_database", "levelname": "INFO", "message": "表 users 已存在且字段完整", "taskName": "Task-2"}
{"asctime": "2025-11-10 19:36:36,131", "name": "admin_database", "levelname": "INFO", "message": "表 roles 已存在且字段完整", "taskName": "Task-2"}
{"asctime": "2025-11-10 19:36:36,137", "name": "admin_database", "levelname": "INFO", "message": "表 permissions 已存在且字段完整", "taskName": "Task-2"}
{"asctime": "2025-11-10 19:36:36,147", "name": "admin_database", "levelname": "INFO", "message": "表 menus 已存在且字段完整", "taskName": "Task-2"}
{"asctime": "2025-11-10 19:36:36,148", "name": "admin_database", "levelname": "INFO", "message": "数据库表检查完成", "taskName": "Task-2"}
{"asctime": "2025-11-10 19:36:57,209", "name": "admin_database", "levelname": "INFO", "message": "表 users 已存在且字段完整", "taskName": "Task-2"}
{"asctime": "2025-11-10 19:36:57,214", "name": "admin_database", "levelname": "INFO", "message": "表 roles 已存在且字段完整", "taskName": "Task-2"}
{"asctime": "2025-11-10 19:36:57,218", "name": "admin_database", "levelname": "INFO", "message": "表 permissions 已存在且字段完整", "taskName": "Task-2"}
{"asctime": "2025-11-10 19:36:57,225", "name": "admin_database", "levelname": "INFO", "message": "表 menus 已存在且字段完整", "taskName": "Task-2"}
{"asctime": "2025-11-10 19:36:57,227", "name": "admin_database", "levelname": "INFO", "message": "数据库表检查完成", "taskName": "Task-2"}
{"asctime": "2025-11-10 19:37:05,436", "name": "admin_database", "levelname": "INFO", "message": "表 users 已存在且字段完整", "taskName": "Task-2"}
{"asctime": "2025-11-10 19:37:05,453", "name": "admin_database", "levelname": "INFO", "message": "表 roles 已存在且字段完整", "taskName": "Task-2"}
{"asctime": "2025-11-10 19:37:05,460", "name": "admin_database", "levelname": "INFO", "message": "表 permissions 已存在且字段完整", "taskName": "Task-2"}
{"asctime": "2025-11-10 19:37:05,469", "name": "admin_database", "levelname": "INFO", "message": "表 menus 已存在且字段完整", "taskName": "Task-2"}
{"asctime": "2025-11-10 19:37:05,470", "name": "admin_database", "levelname": "INFO", "message": "数据库表检查完成", "taskName": "Task-2"}
