{"asctime": "2025-03-27 11:41:24,669", "name": "admin_database", "levelname": "INFO", "message": "数据库表创建成功", "taskName": "Task-2"}
{"asctime": "2025-03-27 11:42:27,911", "name": "admin_database", "levelname": "INFO", "message": "数据库表创建成功", "taskName": "Task-2"}
{"asctime": "2025-03-27 11:45:21,032", "name": "admin_database", "levelname": "INFO", "message": "表 users 不存在，开始创建...", "taskName": null}
{"asctime": "2025-03-27 11:45:21,033", "name": "admin_database", "levelname": "ERROR", "message": "数据库表检查失败: module 'admin_service.app.models' has no attribute 'Users'", "taskName": null}
{"asctime": "2025-03-27 11:46:59,892", "name": "admin_database", "levelname": "INFO", "message": "表 users 不存在，开始创建...", "taskName": null}
{"asctime": "2025-03-27 11:47:00,265", "name": "admin_database", "levelname": "INFO", "message": "表 users 创建成功", "taskName": null}
{"asctime": "2025-03-27 11:47:00,267", "name": "admin_database", "levelname": "INFO", "message": "表 roles 不存在，开始创建...", "taskName": null}
{"asctime": "2025-03-27 11:47:00,314", "name": "admin_database", "levelname": "INFO", "message": "表 roles 创建成功", "taskName": null}
{"asctime": "2025-03-27 11:47:00,316", "name": "admin_database", "levelname": "INFO", "message": "表 permissions 不存在，开始创建...", "taskName": null}
{"asctime": "2025-03-27 11:47:00,384", "name": "admin_database", "levelname": "INFO", "message": "表 permissions 创建成功", "taskName": null}
{"asctime": "2025-03-27 11:47:00,387", "name": "admin_database", "levelname": "INFO", "message": "表 user_roles 不存在，开始创建...", "taskName": null}
{"asctime": "2025-03-27 11:47:00,387", "name": "admin_database", "levelname": "ERROR", "message": "表 user_roles 创建失败: 'Table' object has no attribute '__table__'", "taskName": null}
{"asctime": "2025-03-27 11:47:00,388", "name": "admin_database", "levelname": "ERROR", "message": "数据库表检查失败: 'Table' object has no attribute '__table__'", "taskName": null}
{"asctime": "2025-03-27 11:47:50,901", "name": "admin_database", "levelname": "INFO", "message": "表 users 不存在，开始创建...", "taskName": null}
{"asctime": "2025-03-27 11:47:50,967", "name": "admin_database", "levelname": "INFO", "message": "表 users 创建成功", "taskName": null}
{"asctime": "2025-03-27 11:47:50,970", "name": "admin_database", "levelname": "INFO", "message": "表 roles 不存在，开始创建...", "taskName": null}
{"asctime": "2025-03-27 11:47:51,021", "name": "admin_database", "levelname": "INFO", "message": "表 roles 创建成功", "taskName": null}
{"asctime": "2025-03-27 11:47:51,024", "name": "admin_database", "levelname": "INFO", "message": "表 permissions 不存在，开始创建...", "taskName": null}
{"asctime": "2025-03-27 11:47:51,079", "name": "admin_database", "levelname": "INFO", "message": "表 permissions 创建成功", "taskName": null}
{"asctime": "2025-03-27 11:47:51,081", "name": "admin_database", "levelname": "INFO", "message": "表 user_roles 不存在，开始创建...", "taskName": null}
{"asctime": "2025-03-27 11:47:51,115", "name": "admin_database", "levelname": "INFO", "message": "表 user_roles 创建成功", "taskName": null}
{"asctime": "2025-03-27 11:47:51,116", "name": "admin_database", "levelname": "INFO", "message": "数据库表检查完成", "taskName": null}
{"asctime": "2025-03-27 11:50:17,541", "name": "admin_database", "levelname": "INFO", "message": "表 users 已存在且字段完整", "taskName": "Task-2"}
{"asctime": "2025-03-27 11:50:17,546", "name": "admin_database", "levelname": "INFO", "message": "表 roles 已存在且字段完整", "taskName": "Task-2"}
{"asctime": "2025-03-27 11:50:17,552", "name": "admin_database", "levelname": "INFO", "message": "表 permissions 已存在且字段完整", "taskName": "Task-2"}
{"asctime": "2025-03-27 11:50:17,555", "name": "admin_database", "levelname": "INFO", "message": "数据库表检查完成", "taskName": "Task-2"}
{"asctime": "2025-03-27 12:04:51,953", "name": "admin_database", "levelname": "INFO", "message": "表 users 已存在且字段完整", "taskName": "Task-2"}
{"asctime": "2025-03-27 12:04:51,956", "name": "admin_database", "levelname": "INFO", "message": "表 roles 已存在且字段完整", "taskName": "Task-2"}
{"asctime": "2025-03-27 12:04:51,962", "name": "admin_database", "levelname": "INFO", "message": "表 permissions 已存在且字段完整", "taskName": "Task-2"}
{"asctime": "2025-03-27 12:04:51,964", "name": "admin_database", "levelname": "INFO", "message": "数据库表检查完成", "taskName": "Task-2"}
{"asctime": "2025-03-27 12:06:38,857", "name": "admin_database", "levelname": "INFO", "message": "表 users 已存在且字段完整", "taskName": "Task-2"}
{"asctime": "2025-03-27 12:06:38,860", "name": "admin_database", "levelname": "INFO", "message": "表 roles 已存在且字段完整", "taskName": "Task-2"}
{"asctime": "2025-03-27 12:06:38,863", "name": "admin_database", "levelname": "INFO", "message": "表 permissions 已存在且字段完整", "taskName": "Task-2"}
{"asctime": "2025-03-27 12:06:38,865", "name": "admin_database", "levelname": "INFO", "message": "数据库表检查完成", "taskName": "Task-2"}
{"asctime": "2025-03-27 12:09:29,939", "name": "admin_database", "levelname": "INFO", "message": "表 users 已存在且字段完整", "taskName": "Task-2"}
{"asctime": "2025-03-27 12:09:29,942", "name": "admin_database", "levelname": "INFO", "message": "表 roles 已存在且字段完整", "taskName": "Task-2"}
{"asctime": "2025-03-27 12:09:29,946", "name": "admin_database", "levelname": "INFO", "message": "表 permissions 已存在且字段完整", "taskName": "Task-2"}
{"asctime": "2025-03-27 12:09:29,948", "name": "admin_database", "levelname": "INFO", "message": "数据库表检查完成", "taskName": "Task-2"}
{"asctime": "2025-03-27 12:11:22,529", "name": "admin_database", "levelname": "INFO", "message": "表 users 已存在且字段完整", "taskName": "Task-2"}
{"asctime": "2025-03-27 12:11:22,533", "name": "admin_database", "levelname": "INFO", "message": "表 roles 已存在且字段完整", "taskName": "Task-2"}
{"asctime": "2025-03-27 12:11:22,537", "name": "admin_database", "levelname": "INFO", "message": "表 permissions 已存在且字段完整", "taskName": "Task-2"}
{"asctime": "2025-03-27 12:11:22,539", "name": "admin_database", "levelname": "INFO", "message": "数据库表检查完成", "taskName": "Task-2"}
{"asctime": "2025-03-27 12:19:01,226", "name": "admin_database", "levelname": "INFO", "message": "表 users 已存在且字段完整", "taskName": "Task-2"}
{"asctime": "2025-03-27 12:19:01,230", "name": "admin_database", "levelname": "INFO", "message": "表 roles 已存在且字段完整", "taskName": "Task-2"}
{"asctime": "2025-03-27 12:19:01,235", "name": "admin_database", "levelname": "INFO", "message": "表 permissions 已存在且字段完整", "taskName": "Task-2"}
{"asctime": "2025-03-27 12:19:01,237", "name": "admin_database", "levelname": "INFO", "message": "数据库表检查完成", "taskName": "Task-2"}
{"asctime": "2025-03-27 12:20:30,589", "name": "admin_database", "levelname": "INFO", "message": "表 users 已存在且字段完整", "taskName": "Task-2"}
{"asctime": "2025-03-27 12:20:30,594", "name": "admin_database", "levelname": "INFO", "message": "表 roles 已存在且字段完整", "taskName": "Task-2"}
{"asctime": "2025-03-27 12:20:30,599", "name": "admin_database", "levelname": "INFO", "message": "表 permissions 已存在且字段完整", "taskName": "Task-2"}
{"asctime": "2025-03-27 12:20:30,601", "name": "admin_database", "levelname": "INFO", "message": "数据库表检查完成", "taskName": "Task-2"}
{"asctime": "2025-03-27 12:21:43,929", "name": "admin_database", "levelname": "INFO", "message": "表 users 已存在且字段完整", "taskName": "Task-2"}
{"asctime": "2025-03-27 12:21:43,933", "name": "admin_database", "levelname": "INFO", "message": "表 roles 已存在且字段完整", "taskName": "Task-2"}
{"asctime": "2025-03-27 12:21:43,939", "name": "admin_database", "levelname": "INFO", "message": "表 permissions 已存在且字段完整", "taskName": "Task-2"}
{"asctime": "2025-03-27 12:21:43,941", "name": "admin_database", "levelname": "INFO", "message": "数据库表检查完成", "taskName": "Task-2"}
{"asctime": "2025-03-27 13:52:11,610", "name": "admin_database", "levelname": "INFO", "message": "表 users 已存在且字段完整", "taskName": "Task-2"}
{"asctime": "2025-03-27 13:52:11,623", "name": "admin_database", "levelname": "INFO", "message": "表 roles 已存在且字段完整", "taskName": "Task-2"}
{"asctime": "2025-03-27 13:52:11,628", "name": "admin_database", "levelname": "INFO", "message": "表 permissions 已存在且字段完整", "taskName": "Task-2"}
{"asctime": "2025-03-27 13:52:11,632", "name": "admin_database", "levelname": "INFO", "message": "数据库表检查完成", "taskName": "Task-2"}
{"asctime": "2025-03-27 13:56:46,461", "name": "admin_database", "levelname": "INFO", "message": "表 users 已存在且字段完整", "taskName": "Task-2"}
{"asctime": "2025-03-27 13:56:46,465", "name": "admin_database", "levelname": "INFO", "message": "表 roles 已存在且字段完整", "taskName": "Task-2"}
{"asctime": "2025-03-27 13:56:46,470", "name": "admin_database", "levelname": "INFO", "message": "表 permissions 已存在且字段完整", "taskName": "Task-2"}
{"asctime": "2025-03-27 13:56:46,473", "name": "admin_database", "levelname": "INFO", "message": "数据库表检查完成", "taskName": "Task-2"}
{"asctime": "2025-03-27 14:06:30,395", "name": "admin_database", "levelname": "INFO", "message": "表 users 已存在且字段完整", "taskName": "Task-2"}
{"asctime": "2025-03-27 14:06:30,400", "name": "admin_database", "levelname": "INFO", "message": "表 roles 已存在且字段完整", "taskName": "Task-2"}
{"asctime": "2025-03-27 14:06:30,405", "name": "admin_database", "levelname": "INFO", "message": "表 permissions 已存在且字段完整", "taskName": "Task-2"}
{"asctime": "2025-03-27 14:06:30,408", "name": "admin_database", "levelname": "INFO", "message": "数据库表检查完成", "taskName": "Task-2"}
{"asctime": "2025-03-27 14:06:39,645", "name": "admin_database", "levelname": "INFO", "message": "表 users 已存在且字段完整", "taskName": "Task-2"}
{"asctime": "2025-03-27 14:06:39,649", "name": "admin_database", "levelname": "INFO", "message": "表 roles 已存在且字段完整", "taskName": "Task-2"}
{"asctime": "2025-03-27 14:06:39,653", "name": "admin_database", "levelname": "INFO", "message": "表 permissions 已存在且字段完整", "taskName": "Task-2"}
{"asctime": "2025-03-27 14:06:39,655", "name": "admin_database", "levelname": "INFO", "message": "数据库表检查完成", "taskName": "Task-2"}
