INFO:     Will watch for changes in these directories: ['E:\\python-admin\\admin_service', 'E:\\python-admin\\crawler_service', 'E:\\python-admin\\system_service']
INFO:     Uvicorn running on http://0.0.0.0:8003 (Press CTRL+C to quit)
INFO:     Started reloader process [31764] using WatchFiles
Process SpawnProcess-1:
Traceback (most recent call last):
  File "C:\Users\yuguo\AppData\Local\Programs\Python\Python312\Lib\multiprocessing\process.py", line 314, in _bootstrap
    self.run()
  File "C:\Users\yuguo\AppData\Local\Programs\Python\Python312\Lib\multiprocessing\process.py", line 108, in run
    self._target(*self._args, **self._kwargs)
  File "C:\Users\yuguo\AppData\Local\Programs\Python\Python312\Lib\site-packages\uvicorn\_subprocess.py", line 76, in subprocess_started
    target(sockets=sockets)
  File "C:\Users\yuguo\AppData\Local\Programs\Python\Python312\Lib\site-packages\uvicorn\server.py", line 61, in run
    return asyncio.run(self.serve(sockets=sockets))
           ^^^^^^^^^^^^^^^^^^^^^^^^^^^^^^^^^^^^^^^^
  File "C:\Users\yuguo\AppData\Local\Programs\Python\Python312\Lib\asyncio\runners.py", line 194, in run
    return runner.run(main)
           ^^^^^^^^^^^^^^^^
  File "C:\Users\yuguo\AppData\Local\Programs\Python\Python312\Lib\asyncio\runners.py", line 118, in run
    return self._loop.run_until_complete(task)
           ^^^^^^^^^^^^^^^^^^^^^^^^^^^^^^^^^^^
  File "C:\Users\yuguo\AppData\Local\Programs\Python\Python312\Lib\asyncio\base_events.py", line 687, in run_until_complete
    return future.result()
           ^^^^^^^^^^^^^^^
  File "C:\Users\yuguo\AppData\Local\Programs\Python\Python312\Lib\site-packages\uvicorn\server.py", line 68, in serve
    config.load()
  File "C:\Users\yuguo\AppData\Local\Programs\Python\Python312\Lib\site-packages\uvicorn\config.py", line 467, in load
    self.loaded_app = import_from_string(self.app)
                      ^^^^^^^^^^^^^^^^^^^^^^^^^^^^
  File "C:\Users\yuguo\AppData\Local\Programs\Python\Python312\Lib\site-packages\uvicorn\importer.py", line 24, in import_from_string
    raise exc from None
  File "C:\Users\yuguo\AppData\Local\Programs\Python\Python312\Lib\site-packages\uvicorn\importer.py", line 21, in import_from_string
    module = importlib.import_module(module_str)
             ^^^^^^^^^^^^^^^^^^^^^^^^^^^^^^^^^^^
  File "C:\Users\yuguo\AppData\Local\Programs\Python\Python312\Lib\importlib\__init__.py", line 90, in import_module
    return _bootstrap._gcd_import(name[level:], package, level)
           ^^^^^^^^^^^^^^^^^^^^^^^^^^^^^^^^^^^^^^^^^^^^^^^^^^^^
  File "<frozen importlib._bootstrap>", line 1387, in _gcd_import
  File "<frozen importlib._bootstrap>", line 1360, in _find_and_load
  File "<frozen importlib._bootstrap>", line 1331, in _find_and_load_unlocked
  File "<frozen importlib._bootstrap>", line 935, in _load_unlocked
  File "<frozen importlib._bootstrap_external>", line 995, in exec_module
  File "<frozen importlib._bootstrap>", line 488, in _call_with_frames_removed
  File "E:\python-admin\ai_service\app\main.py", line 4, in <module>
    from sse_starlette.sse import EventSourceResponse
ModuleNotFoundError: No module named 'sse_starlette'
WARNING:  WatchFiles detected changes in 'crawler_service\app\main.py'. Reloading...
Process SpawnProcess-2:
Traceback (most recent call last):
  File "C:\Users\yuguo\AppData\Local\Programs\Python\Python312\Lib\multiprocessing\process.py", line 314, in _bootstrap
    self.run()
  File "C:\Users\yuguo\AppData\Local\Programs\Python\Python312\Lib\multiprocessing\process.py", line 108, in run
    self._target(*self._args, **self._kwargs)
  File "C:\Users\yuguo\AppData\Local\Programs\Python\Python312\Lib\site-packages\uvicorn\_subprocess.py", line 76, in subprocess_started
    target(sockets=sockets)
  File "C:\Users\yuguo\AppData\Local\Programs\Python\Python312\Lib\site-packages\uvicorn\server.py", line 61, in run
    return asyncio.run(self.serve(sockets=sockets))
           ^^^^^^^^^^^^^^^^^^^^^^^^^^^^^^^^^^^^^^^^
  File "C:\Users\yuguo\AppData\Local\Programs\Python\Python312\Lib\asyncio\runners.py", line 194, in run
    return runner.run(main)
           ^^^^^^^^^^^^^^^^
  File "C:\Users\yuguo\AppData\Local\Programs\Python\Python312\Lib\asyncio\runners.py", line 118, in run
    return self._loop.run_until_complete(task)
           ^^^^^^^^^^^^^^^^^^^^^^^^^^^^^^^^^^^
  File "C:\Users\yuguo\AppData\Local\Programs\Python\Python312\Lib\asyncio\base_events.py", line 687, in run_until_complete
    return future.result()
           ^^^^^^^^^^^^^^^
  File "C:\Users\yuguo\AppData\Local\Programs\Python\Python312\Lib\site-packages\uvicorn\server.py", line 68, in serve
    config.load()
  File "C:\Users\yuguo\AppData\Local\Programs\Python\Python312\Lib\site-packages\uvicorn\config.py", line 467, in load
    self.loaded_app = import_from_string(self.app)
                      ^^^^^^^^^^^^^^^^^^^^^^^^^^^^
  File "C:\Users\yuguo\AppData\Local\Programs\Python\Python312\Lib\site-packages\uvicorn\importer.py", line 24, in import_from_string
    raise exc from None
  File "C:\Users\yuguo\AppData\Local\Programs\Python\Python312\Lib\site-packages\uvicorn\importer.py", line 21, in import_from_string
    module = importlib.import_module(module_str)
             ^^^^^^^^^^^^^^^^^^^^^^^^^^^^^^^^^^^
  File "C:\Users\yuguo\AppData\Local\Programs\Python\Python312\Lib\importlib\__init__.py", line 90, in import_module
    return _bootstrap._gcd_import(name[level:], package, level)
           ^^^^^^^^^^^^^^^^^^^^^^^^^^^^^^^^^^^^^^^^^^^^^^^^^^^^
  File "<frozen importlib._bootstrap>", line 1387, in _gcd_import
  File "<frozen importlib._bootstrap>", line 1360, in _find_and_load
  File "<frozen importlib._bootstrap>", line 1331, in _find_and_load_unlocked
  File "<frozen importlib._bootstrap>", line 935, in _load_unlocked
  File "<frozen importlib._bootstrap_external>", line 995, in exec_module
  File "<frozen importlib._bootstrap>", line 488, in _call_with_frames_removed
  File "E:\python-admin\ai_service\app\main.py", line 4, in <module>
    from sse_starlette.sse import EventSourceResponse
ModuleNotFoundError: No module named 'sse_starlette'
WARNING:  WatchFiles detected changes in 'crawler_service\app\main.py'. Reloading...
Process SpawnProcess-3:
Traceback (most recent call last):
  File "C:\Users\yuguo\AppData\Local\Programs\Python\Python312\Lib\multiprocessing\process.py", line 314, in _bootstrap
    self.run()
  File "C:\Users\yuguo\AppData\Local\Programs\Python\Python312\Lib\multiprocessing\process.py", line 108, in run
    self._target(*self._args, **self._kwargs)
  File "C:\Users\yuguo\AppData\Local\Programs\Python\Python312\Lib\site-packages\uvicorn\_subprocess.py", line 76, in subprocess_started
    target(sockets=sockets)
  File "C:\Users\yuguo\AppData\Local\Programs\Python\Python312\Lib\site-packages\uvicorn\server.py", line 61, in run
    return asyncio.run(self.serve(sockets=sockets))
           ^^^^^^^^^^^^^^^^^^^^^^^^^^^^^^^^^^^^^^^^
  File "C:\Users\yuguo\AppData\Local\Programs\Python\Python312\Lib\asyncio\runners.py", line 194, in run
    return runner.run(main)
           ^^^^^^^^^^^^^^^^
  File "C:\Users\yuguo\AppData\Local\Programs\Python\Python312\Lib\asyncio\runners.py", line 118, in run
    return self._loop.run_until_complete(task)
           ^^^^^^^^^^^^^^^^^^^^^^^^^^^^^^^^^^^
  File "C:\Users\yuguo\AppData\Local\Programs\Python\Python312\Lib\asyncio\base_events.py", line 687, in run_until_complete
    return future.result()
           ^^^^^^^^^^^^^^^
  File "C:\Users\yuguo\AppData\Local\Programs\Python\Python312\Lib\site-packages\uvicorn\server.py", line 68, in serve
    config.load()
  File "C:\Users\yuguo\AppData\Local\Programs\Python\Python312\Lib\site-packages\uvicorn\config.py", line 467, in load
    self.loaded_app = import_from_string(self.app)
                      ^^^^^^^^^^^^^^^^^^^^^^^^^^^^
  File "C:\Users\yuguo\AppData\Local\Programs\Python\Python312\Lib\site-packages\uvicorn\importer.py", line 24, in import_from_string
    raise exc from None
  File "C:\Users\yuguo\AppData\Local\Programs\Python\Python312\Lib\site-packages\uvicorn\importer.py", line 21, in import_from_string
    module = importlib.import_module(module_str)
             ^^^^^^^^^^^^^^^^^^^^^^^^^^^^^^^^^^^
  File "C:\Users\yuguo\AppData\Local\Programs\Python\Python312\Lib\importlib\__init__.py", line 90, in import_module
    return _bootstrap._gcd_import(name[level:], package, level)
           ^^^^^^^^^^^^^^^^^^^^^^^^^^^^^^^^^^^^^^^^^^^^^^^^^^^^
  File "<frozen importlib._bootstrap>", line 1387, in _gcd_import
  File "<frozen importlib._bootstrap>", line 1360, in _find_and_load
  File "<frozen importlib._bootstrap>", line 1331, in _find_and_load_unlocked
  File "<frozen importlib._bootstrap>", line 935, in _load_unlocked
  File "<frozen importlib._bootstrap_external>", line 995, in exec_module
  File "<frozen importlib._bootstrap>", line 488, in _call_with_frames_removed
  File "E:\python-admin\ai_service\app\main.py", line 4, in <module>
    from sse_starlette.sse import EventSourceResponse
ModuleNotFoundError: No module named 'sse_starlette'
INFO:     Will watch for changes in these directories: ['E:\\python-admin\\admin_service', 'E:\\python-admin\\crawler_service', 'E:\\python-admin\\system_service']
INFO:     Uvicorn running on http://0.0.0.0:8003 (Press CTRL+C to quit)
INFO:     Started reloader process [22716] using WatchFiles
Process SpawnProcess-1:
Traceback (most recent call last):
  File "C:\Users\yuguo\AppData\Local\Programs\Python\Python312\Lib\multiprocessing\process.py", line 314, in _bootstrap
    self.run()
  File "C:\Users\yuguo\AppData\Local\Programs\Python\Python312\Lib\multiprocessing\process.py", line 108, in run
    self._target(*self._args, **self._kwargs)
  File "C:\Users\yuguo\AppData\Local\Programs\Python\Python312\Lib\site-packages\uvicorn\_subprocess.py", line 76, in subprocess_started
    target(sockets=sockets)
  File "C:\Users\yuguo\AppData\Local\Programs\Python\Python312\Lib\site-packages\uvicorn\server.py", line 61, in run
    return asyncio.run(self.serve(sockets=sockets))
           ^^^^^^^^^^^^^^^^^^^^^^^^^^^^^^^^^^^^^^^^
  File "C:\Users\yuguo\AppData\Local\Programs\Python\Python312\Lib\asyncio\runners.py", line 194, in run
    return runner.run(main)
           ^^^^^^^^^^^^^^^^
  File "C:\Users\yuguo\AppData\Local\Programs\Python\Python312\Lib\asyncio\runners.py", line 118, in run
    return self._loop.run_until_complete(task)
           ^^^^^^^^^^^^^^^^^^^^^^^^^^^^^^^^^^^
  File "C:\Users\yuguo\AppData\Local\Programs\Python\Python312\Lib\asyncio\base_events.py", line 687, in run_until_complete
    return future.result()
           ^^^^^^^^^^^^^^^
  File "C:\Users\yuguo\AppData\Local\Programs\Python\Python312\Lib\site-packages\uvicorn\server.py", line 68, in serve
    config.load()
  File "C:\Users\yuguo\AppData\Local\Programs\Python\Python312\Lib\site-packages\uvicorn\config.py", line 467, in load
    self.loaded_app = import_from_string(self.app)
                      ^^^^^^^^^^^^^^^^^^^^^^^^^^^^
  File "C:\Users\yuguo\AppData\Local\Programs\Python\Python312\Lib\site-packages\uvicorn\importer.py", line 24, in import_from_string
    raise exc from None
  File "C:\Users\yuguo\AppData\Local\Programs\Python\Python312\Lib\site-packages\uvicorn\importer.py", line 21, in import_from_string
    module = importlib.import_module(module_str)
             ^^^^^^^^^^^^^^^^^^^^^^^^^^^^^^^^^^^
  File "C:\Users\yuguo\AppData\Local\Programs\Python\Python312\Lib\importlib\__init__.py", line 90, in import_module
    return _bootstrap._gcd_import(name[level:], package, level)
           ^^^^^^^^^^^^^^^^^^^^^^^^^^^^^^^^^^^^^^^^^^^^^^^^^^^^
  File "<frozen importlib._bootstrap>", line 1387, in _gcd_import
  File "<frozen importlib._bootstrap>", line 1360, in _find_and_load
  File "<frozen importlib._bootstrap>", line 1331, in _find_and_load_unlocked
  File "<frozen importlib._bootstrap>", line 935, in _load_unlocked
  File "<frozen importlib._bootstrap_external>", line 995, in exec_module
  File "<frozen importlib._bootstrap>", line 488, in _call_with_frames_removed
  File "E:\python-admin\ai_service\app\main.py", line 4, in <module>
    from sse_starlette.sse import EventSourceResponse
ModuleNotFoundError: No module named 'sse_starlette'
INFO:     Will watch for changes in these directories: ['E:\\python-admin\\admin_service', 'E:\\python-admin\\crawler_service', 'E:\\python-admin\\system_service']
INFO:     Uvicorn running on http://0.0.0.0:8003 (Press CTRL+C to quit)
INFO:     Started reloader process [35204] using WatchFiles
Process SpawnProcess-1:
Traceback (most recent call last):
  File "C:\Users\yuguo\AppData\Local\Programs\Python\Python312\Lib\multiprocessing\process.py", line 314, in _bootstrap
    self.run()
  File "C:\Users\yuguo\AppData\Local\Programs\Python\Python312\Lib\multiprocessing\process.py", line 108, in run
    self._target(*self._args, **self._kwargs)
  File "C:\Users\yuguo\AppData\Local\Programs\Python\Python312\Lib\site-packages\uvicorn\_subprocess.py", line 76, in subprocess_started
    target(sockets=sockets)
  File "C:\Users\yuguo\AppData\Local\Programs\Python\Python312\Lib\site-packages\uvicorn\server.py", line 61, in run
    return asyncio.run(self.serve(sockets=sockets))
           ^^^^^^^^^^^^^^^^^^^^^^^^^^^^^^^^^^^^^^^^
  File "C:\Users\yuguo\AppData\Local\Programs\Python\Python312\Lib\asyncio\runners.py", line 194, in run
    return runner.run(main)
           ^^^^^^^^^^^^^^^^
  File "C:\Users\yuguo\AppData\Local\Programs\Python\Python312\Lib\asyncio\runners.py", line 118, in run
    return self._loop.run_until_complete(task)
           ^^^^^^^^^^^^^^^^^^^^^^^^^^^^^^^^^^^
  File "C:\Users\yuguo\AppData\Local\Programs\Python\Python312\Lib\asyncio\base_events.py", line 687, in run_until_complete
    return future.result()
           ^^^^^^^^^^^^^^^
  File "C:\Users\yuguo\AppData\Local\Programs\Python\Python312\Lib\site-packages\uvicorn\server.py", line 68, in serve
    config.load()
  File "C:\Users\yuguo\AppData\Local\Programs\Python\Python312\Lib\site-packages\uvicorn\config.py", line 467, in load
    self.loaded_app = import_from_string(self.app)
                      ^^^^^^^^^^^^^^^^^^^^^^^^^^^^
  File "C:\Users\yuguo\AppData\Local\Programs\Python\Python312\Lib\site-packages\uvicorn\importer.py", line 24, in import_from_string
    raise exc from None
  File "C:\Users\yuguo\AppData\Local\Programs\Python\Python312\Lib\site-packages\uvicorn\importer.py", line 21, in import_from_string
    module = importlib.import_module(module_str)
             ^^^^^^^^^^^^^^^^^^^^^^^^^^^^^^^^^^^
  File "C:\Users\yuguo\AppData\Local\Programs\Python\Python312\Lib\importlib\__init__.py", line 90, in import_module
    return _bootstrap._gcd_import(name[level:], package, level)
           ^^^^^^^^^^^^^^^^^^^^^^^^^^^^^^^^^^^^^^^^^^^^^^^^^^^^
  File "<frozen importlib._bootstrap>", line 1387, in _gcd_import
  File "<frozen importlib._bootstrap>", line 1360, in _find_and_load
  File "<frozen importlib._bootstrap>", line 1331, in _find_and_load_unlocked
  File "<frozen importlib._bootstrap>", line 935, in _load_unlocked
  File "<frozen importlib._bootstrap_external>", line 995, in exec_module
  File "<frozen importlib._bootstrap>", line 488, in _call_with_frames_removed
  File "E:\python-admin\ai_service\app\main.py", line 18, in <module>
    from .services.chat_service import ChatService
  File "E:\python-admin\ai_service\app\services\chat_service.py", line 4, in <module>
    from ..models.database import ChatRecord
ModuleNotFoundError: No module named 'ai_service.app.models.database'; 'ai_service.app.models' is not a package
WARNING:  WatchFiles detected changes in 'ai_service\app\models\__init__.py'. Reloading...
Traceback (most recent call last):
  File "<string>", line 1, in <module>
  File "C:\Users\yuguo\AppData\Local\Programs\Python\Python312\Lib\multiprocessing\spawn.py", line 113, in spawn_main
    new_handle = reduction.duplicate(pipe_handle,
                 ^^^^^^^^^^^^^^^^^^^^^^^^^^^^^^^^
  File "C:\Users\yuguo\AppData\Local\Programs\Python\Python312\Lib\multiprocessing\reduction.py", line 79, in duplicate
    return _winapi.DuplicateHandle(
           ^^^^^^^^^^^^^^^^^^^^^^^^
PermissionError: [WinError 5] 拒绝访问。
