{"asctime": "2025-03-27 09:43:19,387", "name": "chat_service", "levelname": "INFO", "message": "初始化聊天服务", "taskName": "Task-1"}
{"asctime": "2025-03-27 09:43:19,404", "name": "ai_service", "levelname": "INFO", "message": "初始化AI服务...", "taskName": "Task-2"}
{"asctime": "2025-03-27 09:43:19,405", "name": "ai_service", "levelname": "INFO", "message": "AI服务初始化完成", "taskName": "Task-2"}
{"asctime": "2025-03-27 09:43:48,066", "name": "chat_service", "levelname": "INFO", "message": "初始化聊天服务", "taskName": "Task-1"}
{"asctime": "2025-03-27 09:43:48,080", "name": "ai_service", "levelname": "INFO", "message": "初始化AI服务...", "taskName": "Task-2"}
{"asctime": "2025-03-27 09:43:48,081", "name": "ai_service", "levelname": "INFO", "message": "AI服务初始化完成", "taskName": "Task-2"}
{"asctime": "2025-03-27 09:45:24,535", "name": "chat_service", "levelname": "INFO", "message": "初始化聊天服务", "taskName": "Task-1"}
{"asctime": "2025-03-27 09:45:24,552", "name": "ai_service", "levelname": "INFO", "message": "初始化AI服务...", "taskName": "Task-2"}
{"asctime": "2025-03-27 09:45:24,553", "name": "ai_service", "levelname": "INFO", "message": "AI服务初始化完成", "taskName": "Task-2"}
{"asctime": "2025-03-27 09:45:36,285", "name": "chat_service", "levelname": "INFO", "message": "初始化聊天服务", "taskName": "Task-1"}
{"asctime": "2025-03-27 09:45:36,298", "name": "ai_service", "levelname": "INFO", "message": "初始化AI服务...", "taskName": "Task-2"}
{"asctime": "2025-03-27 09:45:36,299", "name": "ai_service", "levelname": "INFO", "message": "AI服务初始化完成", "taskName": "Task-2"}
{"asctime": "2025-03-27 09:46:05,604", "name": "ai_service", "levelname": "INFO", "message": "关闭AI服务...", "taskName": "Task-2"}
{"asctime": "2025-03-27 09:46:05,605", "name": "ai_service", "levelname": "INFO", "message": "AI服务已关闭", "taskName": "Task-2"}
{"asctime": "2025-03-27 09:48:08,554", "name": "chat_service", "levelname": "INFO", "message": "初始化聊天服务", "taskName": "Task-1"}
{"asctime": "2025-03-27 09:48:08,570", "name": "ai_service", "levelname": "INFO", "message": "初始化AI服务...", "taskName": "Task-2"}
{"asctime": "2025-03-27 09:48:08,571", "name": "ai_service", "levelname": "INFO", "message": "AI服务初始化完成", "taskName": "Task-2"}
{"asctime": "2025-03-27 09:50:48,337", "name": "chat_service", "levelname": "INFO", "message": "初始化聊天服务", "taskName": "Task-1"}
{"asctime": "2025-03-27 09:50:48,353", "name": "ai_service", "levelname": "INFO", "message": "初始化AI服务...", "taskName": "Task-2"}
{"asctime": "2025-03-27 09:50:48,355", "name": "ai_service", "levelname": "INFO", "message": "AI服务初始化完成", "taskName": "Task-2"}
{"asctime": "2025-03-27 09:50:58,595", "name": "ai_service", "levelname": "INFO", "message": "关闭AI服务...", "taskName": "Task-2"}
{"asctime": "2025-03-27 09:50:58,596", "name": "ai_service", "levelname": "INFO", "message": "AI服务已关闭", "taskName": "Task-2"}
{"asctime": "2025-03-27 09:51:40,989", "name": "chat_service", "levelname": "INFO", "message": "初始化聊天服务", "taskName": "Task-1"}
{"asctime": "2025-03-27 09:51:41,000", "name": "ai_service", "levelname": "INFO", "message": "初始化AI服务...", "taskName": "Task-2"}
{"asctime": "2025-03-27 09:51:41,001", "name": "ai_service", "levelname": "INFO", "message": "AI服务初始化完成", "taskName": "Task-2"}
{"asctime": "2025-03-27 09:52:13,236", "name": "ai_service", "levelname": "INFO", "message": "关闭AI服务...", "taskName": "Task-2"}
{"asctime": "2025-03-27 09:52:13,236", "name": "ai_service", "levelname": "INFO", "message": "AI服务已关闭", "taskName": "Task-2"}
{"asctime": "2025-03-27 09:53:06,372", "name": "chat_service", "levelname": "INFO", "message": "初始化聊天服务", "taskName": "Task-1"}
{"asctime": "2025-03-27 09:53:06,385", "name": "ai_service", "levelname": "INFO", "message": "初始化AI服务...", "taskName": "Task-2"}
{"asctime": "2025-03-27 09:53:06,386", "name": "ai_service", "levelname": "INFO", "message": "AI服务初始化完成", "taskName": "Task-2"}
{"asctime": "2025-03-27 09:53:44,749", "name": "chat_service", "levelname": "INFO", "message": "初始化聊天服务", "taskName": "Task-1"}
{"asctime": "2025-03-27 09:53:44,767", "name": "ai_service", "levelname": "INFO", "message": "初始化AI服务...", "taskName": "Task-2"}
{"asctime": "2025-03-27 09:53:44,768", "name": "ai_service", "levelname": "INFO", "message": "AI服务初始化完成", "taskName": "Task-2"}
{"asctime": "2025-03-27 09:55:33,407", "name": "chat_service", "levelname": "INFO", "message": "初始化聊天服务", "taskName": "Task-1"}
{"asctime": "2025-03-27 09:55:33,427", "name": "ai_service", "levelname": "INFO", "message": "初始化AI服务...", "taskName": "Task-2"}
{"asctime": "2025-03-27 09:55:33,428", "name": "ai_service", "levelname": "INFO", "message": "AI服务初始化完成", "taskName": "Task-2"}
{"asctime": "2025-03-27 09:55:39,836", "name": "ai_service", "levelname": "INFO", "message": "关闭AI服务...", "taskName": "Task-2"}
{"asctime": "2025-03-27 09:55:39,837", "name": "ai_service", "levelname": "INFO", "message": "AI服务已关闭", "taskName": "Task-2"}
{"asctime": "2025-03-27 09:56:04,764", "name": "chat_service", "levelname": "INFO", "message": "初始化聊天服务", "taskName": "Task-1"}
{"asctime": "2025-03-27 09:56:04,782", "name": "ai_service", "levelname": "INFO", "message": "初始化AI服务...", "taskName": "Task-2"}
{"asctime": "2025-03-27 09:56:04,783", "name": "ai_service", "levelname": "INFO", "message": "AI服务初始化完成", "taskName": "Task-2"}
{"asctime": "2025-03-27 11:34:06,743", "name": "chat_service", "levelname": "INFO", "message": "初始化聊天服务", "taskName": "Task-1"}
{"asctime": "2025-03-27 11:34:06,776", "name": "ai_service", "levelname": "INFO", "message": "初始化AI服务...", "taskName": "Task-2"}
{"asctime": "2025-03-27 11:34:06,777", "name": "ai_service", "levelname": "INFO", "message": "AI服务初始化完成", "taskName": "Task-2"}
{"asctime": "2025-03-27 11:34:22,951", "name": "ai_service", "levelname": "INFO", "message": "关闭AI服务...", "taskName": "Task-2"}
{"asctime": "2025-03-27 11:34:22,952", "name": "ai_service", "levelname": "INFO", "message": "AI服务已关闭", "taskName": "Task-2"}
{"asctime": "2025-03-27 11:41:24,345", "name": "chat_service", "levelname": "INFO", "message": "初始化聊天服务", "taskName": "Task-1"}
{"asctime": "2025-03-27 11:41:24,357", "name": "ai_service", "levelname": "INFO", "message": "初始化AI服务...", "taskName": "Task-2"}
{"asctime": "2025-03-27 11:41:24,358", "name": "ai_service", "levelname": "INFO", "message": "AI服务初始化完成", "taskName": "Task-2"}
{"asctime": "2025-03-27 11:42:27,847", "name": "chat_service", "levelname": "INFO", "message": "初始化聊天服务", "taskName": "Task-1"}
{"asctime": "2025-03-27 11:42:27,863", "name": "ai_service", "levelname": "INFO", "message": "初始化AI服务...", "taskName": "Task-2"}
{"asctime": "2025-03-27 11:42:27,864", "name": "ai_service", "levelname": "INFO", "message": "AI服务初始化完成", "taskName": "Task-2"}
{"asctime": "2025-03-27 11:44:42,956", "name": "ai_service", "levelname": "INFO", "message": "关闭AI服务...", "taskName": "Task-2"}
{"asctime": "2025-03-27 11:44:42,957", "name": "ai_service", "levelname": "INFO", "message": "AI服务已关闭", "taskName": "Task-2"}
{"asctime": "2025-03-27 11:44:42,973", "name": "ai_service", "levelname": "INFO", "message": "关闭AI服务...", "taskName": "Task-2"}
{"asctime": "2025-03-27 11:44:42,974", "name": "ai_service", "levelname": "INFO", "message": "AI服务已关闭", "taskName": "Task-2"}
{"asctime": "2025-03-27 11:50:17,695", "name": "chat_service", "levelname": "INFO", "message": "初始化聊天服务", "taskName": "Task-1"}
{"asctime": "2025-03-27 11:50:17,706", "name": "ai_service", "levelname": "INFO", "message": "初始化AI服务...", "taskName": "Task-2"}
{"asctime": "2025-03-27 11:50:17,707", "name": "ai_service", "levelname": "INFO", "message": "AI服务初始化完成", "taskName": "Task-2"}
{"asctime": "2025-03-27 11:52:07,812", "name": "ai_service", "levelname": "INFO", "message": "关闭AI服务...", "taskName": "Task-2"}
{"asctime": "2025-03-27 11:52:07,813", "name": "ai_service", "levelname": "INFO", "message": "AI服务已关闭", "taskName": "Task-2"}
{"asctime": "2025-03-27 12:04:51,893", "name": "chat_service", "levelname": "INFO", "message": "初始化聊天服务", "taskName": "Task-1"}
{"asctime": "2025-03-27 12:04:51,910", "name": "ai_service", "levelname": "INFO", "message": "初始化AI服务...", "taskName": "Task-2"}
{"asctime": "2025-03-27 12:04:51,911", "name": "ai_service", "levelname": "INFO", "message": "AI服务初始化完成", "taskName": "Task-2"}
{"asctime": "2025-03-27 12:06:38,800", "name": "chat_service", "levelname": "INFO", "message": "初始化聊天服务", "taskName": "Task-1"}
{"asctime": "2025-03-27 12:06:38,820", "name": "ai_service", "levelname": "INFO", "message": "初始化AI服务...", "taskName": "Task-2"}
{"asctime": "2025-03-27 12:06:38,821", "name": "ai_service", "levelname": "INFO", "message": "AI服务初始化完成", "taskName": "Task-2"}
{"asctime": "2025-03-27 12:08:50,179", "name": "ai_service", "levelname": "INFO", "message": "关闭AI服务...", "taskName": "Task-2"}
{"asctime": "2025-03-27 12:08:50,180", "name": "ai_service", "levelname": "INFO", "message": "AI服务已关闭", "taskName": "Task-2"}
{"asctime": "2025-03-27 12:09:29,871", "name": "chat_service", "levelname": "INFO", "message": "初始化聊天服务", "taskName": "Task-1"}
{"asctime": "2025-03-27 12:09:29,884", "name": "ai_service", "levelname": "INFO", "message": "初始化AI服务...", "taskName": "Task-2"}
{"asctime": "2025-03-27 12:09:29,885", "name": "ai_service", "levelname": "INFO", "message": "AI服务初始化完成", "taskName": "Task-2"}
{"asctime": "2025-03-27 12:10:20,850", "name": "ai_service", "levelname": "INFO", "message": "关闭AI服务...", "taskName": "Task-2"}
{"asctime": "2025-03-27 12:10:20,851", "name": "ai_service", "levelname": "INFO", "message": "AI服务已关闭", "taskName": "Task-2"}
{"asctime": "2025-03-27 12:11:22,404", "name": "chat_service", "levelname": "INFO", "message": "初始化聊天服务", "taskName": "Task-1"}
{"asctime": "2025-03-27 12:11:22,415", "name": "ai_service", "levelname": "INFO", "message": "初始化AI服务...", "taskName": "Task-2"}
{"asctime": "2025-03-27 12:11:22,416", "name": "ai_service", "levelname": "INFO", "message": "AI服务初始化完成", "taskName": "Task-2"}
{"asctime": "2025-03-27 12:12:03,740", "name": "ai_service", "levelname": "INFO", "message": "关闭AI服务...", "taskName": "Task-2"}
{"asctime": "2025-03-27 12:12:03,741", "name": "ai_service", "levelname": "INFO", "message": "AI服务已关闭", "taskName": "Task-2"}
{"asctime": "2025-03-27 12:19:01,084", "name": "chat_service", "levelname": "INFO", "message": "初始化聊天服务", "taskName": "Task-1"}
{"asctime": "2025-03-27 12:19:01,095", "name": "ai_service", "levelname": "INFO", "message": "初始化AI服务...", "taskName": "Task-2"}
{"asctime": "2025-03-27 12:19:01,096", "name": "ai_service", "levelname": "INFO", "message": "AI服务初始化完成", "taskName": "Task-2"}
{"asctime": "2025-03-27 12:19:39,527", "name": "ai_service", "levelname": "INFO", "message": "关闭AI服务...", "taskName": "Task-2"}
{"asctime": "2025-03-27 12:19:39,528", "name": "ai_service", "levelname": "INFO", "message": "AI服务已关闭", "taskName": "Task-2"}
{"asctime": "2025-03-27 12:20:30,477", "name": "chat_service", "levelname": "INFO", "message": "初始化聊天服务", "taskName": "Task-1"}
{"asctime": "2025-03-27 12:20:30,489", "name": "ai_service", "levelname": "INFO", "message": "初始化AI服务...", "taskName": "Task-2"}
{"asctime": "2025-03-27 12:20:30,490", "name": "ai_service", "levelname": "INFO", "message": "AI服务初始化完成", "taskName": "Task-2"}
{"asctime": "2025-03-27 12:21:22,589", "name": "ai_service", "levelname": "INFO", "message": "关闭AI服务...", "taskName": "Task-2"}
{"asctime": "2025-03-27 12:21:22,591", "name": "ai_service", "levelname": "INFO", "message": "AI服务已关闭", "taskName": "Task-2"}
{"asctime": "2025-03-27 12:21:43,818", "name": "chat_service", "levelname": "INFO", "message": "初始化聊天服务", "taskName": "Task-1"}
{"asctime": "2025-03-27 12:21:43,831", "name": "ai_service", "levelname": "INFO", "message": "初始化AI服务...", "taskName": "Task-2"}
{"asctime": "2025-03-27 12:21:43,832", "name": "ai_service", "levelname": "INFO", "message": "AI服务初始化完成", "taskName": "Task-2"}
{"asctime": "2025-03-27 12:22:40,154", "name": "ai_service", "levelname": "INFO", "message": "关闭AI服务...", "taskName": "Task-2"}
{"asctime": "2025-03-27 12:22:40,155", "name": "ai_service", "levelname": "INFO", "message": "AI服务已关闭", "taskName": "Task-2"}
{"asctime": "2025-03-27 12:25:38,455", "name": "chat_service", "levelname": "INFO", "message": "初始化聊天服务", "taskName": null}
{"asctime": "2025-03-27 13:48:44,782", "name": "chat_service", "levelname": "INFO", "message": "初始化聊天服务", "taskName": null}
{"asctime": "2025-03-27 13:49:37,372", "name": "chat_service", "levelname": "INFO", "message": "初始化聊天服务", "taskName": null}
{"asctime": "2025-03-27 13:49:41,212", "name": "chat_service", "levelname": "INFO", "message": "初始化聊天服务", "taskName": null}
{"asctime": "2025-03-27 13:49:41,216", "name": "chat_service", "levelname": "INFO", "message": "初始化聊天服务", "taskName": null}
{"asctime": "2025-03-27 13:49:41,248", "name": "chat_service", "levelname": "INFO", "message": "初始化聊天服务", "taskName": null}
{"asctime": "2025-03-27 13:49:41,256", "name": "chat_service", "levelname": "INFO", "message": "初始化聊天服务", "taskName": null}
{"asctime": "2025-03-27 13:50:31,487", "name": "chat_service", "levelname": "INFO", "message": "初始化聊天服务", "taskName": null}
{"asctime": "2025-03-27 13:50:34,871", "name": "chat_service", "levelname": "INFO", "message": "初始化聊天服务", "taskName": null}
{"asctime": "2025-03-27 13:50:34,887", "name": "chat_service", "levelname": "INFO", "message": "初始化聊天服务", "taskName": null}
{"asctime": "2025-03-27 13:50:34,909", "name": "chat_service", "levelname": "INFO", "message": "初始化聊天服务", "taskName": null}
{"asctime": "2025-03-27 13:50:34,908", "name": "chat_service", "levelname": "INFO", "message": "初始化聊天服务", "taskName": null}
{"asctime": "2025-03-27 13:52:03,503", "name": "chat_service", "levelname": "INFO", "message": "初始化聊天服务", "taskName": null}
{"asctime": "2025-03-27 13:52:07,546", "name": "chat_service", "levelname": "INFO", "message": "初始化聊天服务", "taskName": null}
{"asctime": "2025-03-27 13:52:07,568", "name": "chat_service", "levelname": "INFO", "message": "初始化聊天服务", "taskName": null}
{"asctime": "2025-03-27 13:52:07,624", "name": "chat_service", "levelname": "INFO", "message": "初始化聊天服务", "taskName": null}
{"asctime": "2025-03-27 13:52:07,675", "name": "chat_service", "levelname": "INFO", "message": "初始化聊天服务", "taskName": null}
{"asctime": "2025-03-27 13:52:11,461", "name": "chat_service", "levelname": "INFO", "message": "初始化聊天服务", "taskName": "Task-1"}
{"asctime": "2025-03-27 13:52:11,479", "name": "ai_service", "levelname": "INFO", "message": "初始化AI服务...", "taskName": "Task-2"}
{"asctime": "2025-03-27 13:52:11,479", "name": "ai_service", "levelname": "INFO", "message": "AI服务初始化完成", "taskName": "Task-2"}
{"asctime": "2025-03-27 13:53:12,095", "name": "ai_service", "levelname": "INFO", "message": "关闭AI服务...", "taskName": "Task-2"}
{"asctime": "2025-03-27 13:53:12,096", "name": "ai_service", "levelname": "INFO", "message": "AI服务已关闭", "taskName": "Task-2"}
{"asctime": "2025-03-27 13:56:40,071", "name": "ai_service", "levelname": "INFO", "message": "链路追踪功能已禁用", "taskName": null}
{"asctime": "2025-03-27 13:56:40,071", "name": "ai_service", "levelname": "INFO", "message": "链路追踪功能已禁用", "taskName": null}
{"asctime": "2025-03-27 13:56:40,072", "name": "chat_service", "levelname": "INFO", "message": "初始化聊天服务", "taskName": null}
{"asctime": "2025-03-27 13:56:43,482", "name": "ai_service", "levelname": "INFO", "message": "链路追踪功能已禁用", "taskName": null}
{"asctime": "2025-03-27 13:56:43,482", "name": "ai_service", "levelname": "INFO", "message": "链路追踪功能已禁用", "taskName": null}
{"asctime": "2025-03-27 13:56:43,484", "name": "chat_service", "levelname": "INFO", "message": "初始化聊天服务", "taskName": null}
{"asctime": "2025-03-27 13:56:43,515", "name": "ai_service", "levelname": "INFO", "message": "链路追踪功能已禁用", "taskName": null}
{"asctime": "2025-03-27 13:56:43,515", "name": "ai_service", "levelname": "INFO", "message": "链路追踪功能已禁用", "taskName": null}
{"asctime": "2025-03-27 13:56:43,518", "name": "chat_service", "levelname": "INFO", "message": "初始化聊天服务", "taskName": null}
{"asctime": "2025-03-27 13:56:43,522", "name": "ai_service", "levelname": "INFO", "message": "链路追踪功能已禁用", "taskName": null}
{"asctime": "2025-03-27 13:56:43,522", "name": "ai_service", "levelname": "INFO", "message": "链路追踪功能已禁用", "taskName": null}
{"asctime": "2025-03-27 13:56:43,525", "name": "chat_service", "levelname": "INFO", "message": "初始化聊天服务", "taskName": null}
{"asctime": "2025-03-27 13:56:43,559", "name": "ai_service", "levelname": "INFO", "message": "链路追踪功能已禁用", "taskName": null}
{"asctime": "2025-03-27 13:56:43,559", "name": "ai_service", "levelname": "INFO", "message": "链路追踪功能已禁用", "taskName": null}
{"asctime": "2025-03-27 13:56:43,564", "name": "chat_service", "levelname": "INFO", "message": "初始化聊天服务", "taskName": null}
{"asctime": "2025-03-27 13:56:46,374", "name": "ai_service", "levelname": "INFO", "message": "链路追踪功能已禁用", "taskName": "Task-1"}
{"asctime": "2025-03-27 13:56:46,376", "name": "chat_service", "levelname": "INFO", "message": "初始化聊天服务", "taskName": "Task-1"}
{"asctime": "2025-03-27 13:56:46,390", "name": "ai_service", "levelname": "INFO", "message": "初始化AI服务...", "taskName": "Task-2"}
{"asctime": "2025-03-27 13:56:46,391", "name": "ai_service", "levelname": "INFO", "message": "AI服务初始化完成", "taskName": "Task-2"}
{"asctime": "2025-03-27 14:06:26,867", "name": "ai_service", "levelname": "INFO", "message": "关闭AI服务...", "taskName": "Task-2"}
{"asctime": "2025-03-27 14:06:26,868", "name": "ai_service", "levelname": "INFO", "message": "AI服务已关闭", "taskName": "Task-2"}
{"asctime": "2025-03-27 14:06:30,306", "name": "ai_service", "levelname": "INFO", "message": "链路追踪功能已禁用", "taskName": "Task-1"}
{"asctime": "2025-03-27 14:06:30,308", "name": "chat_service", "levelname": "INFO", "message": "初始化聊天服务", "taskName": "Task-1"}
{"asctime": "2025-03-27 14:06:30,323", "name": "ai_service", "levelname": "INFO", "message": "初始化AI服务...", "taskName": "Task-2"}
{"asctime": "2025-03-27 14:06:30,324", "name": "ai_service", "levelname": "INFO", "message": "AI服务初始化完成", "taskName": "Task-2"}
{"asctime": "2025-03-27 14:06:36,927", "name": "ai_service", "levelname": "INFO", "message": "关闭AI服务...", "taskName": "Task-2"}
{"asctime": "2025-03-27 14:06:36,928", "name": "ai_service", "levelname": "INFO", "message": "AI服务已关闭", "taskName": "Task-2"}
{"asctime": "2025-03-27 14:11:15,135", "name": "ai_service", "levelname": "INFO", "message": "链路追踪功能已禁用", "taskName": null}
{"asctime": "2025-03-27 14:11:15,135", "name": "ai_service", "levelname": "INFO", "message": "链路追踪功能已禁用", "taskName": null}
{"asctime": "2025-03-27 14:11:15,137", "name": "chat_service", "levelname": "INFO", "message": "初始化聊天服务", "taskName": null}
{"asctime": "2025-03-27 14:12:46,229", "name": "ai_service", "levelname": "INFO", "message": "链路追踪功能已禁用", "taskName": null}
{"asctime": "2025-03-27 14:12:46,229", "name": "ai_service", "levelname": "INFO", "message": "链路追踪功能已禁用", "taskName": null}
{"asctime": "2025-03-27 14:12:46,230", "name": "chat_service", "levelname": "INFO", "message": "初始化聊天服务", "taskName": null}
{"asctime": "2025-03-27 14:13:24,258", "name": "ai_service", "levelname": "INFO", "message": "链路追踪功能已禁用", "taskName": null}
{"asctime": "2025-03-27 14:13:24,258", "name": "ai_service", "levelname": "INFO", "message": "链路追踪功能已禁用", "taskName": null}
{"asctime": "2025-03-27 14:13:24,260", "name": "chat_service", "levelname": "INFO", "message": "初始化聊天服务", "taskName": null}
{"asctime": "2025-03-27 14:13:28,122", "name": "ai_service", "levelname": "INFO", "message": "链路追踪功能已禁用", "taskName": null}
{"asctime": "2025-03-27 14:13:28,122", "name": "ai_service", "levelname": "INFO", "message": "链路追踪功能已禁用", "taskName": null}
{"asctime": "2025-03-27 14:13:28,124", "name": "chat_service", "levelname": "INFO", "message": "初始化聊天服务", "taskName": null}
{"asctime": "2025-03-27 14:13:28,125", "name": "ai_service", "levelname": "INFO", "message": "链路追踪功能已禁用", "taskName": null}
{"asctime": "2025-03-27 14:13:28,125", "name": "ai_service", "levelname": "INFO", "message": "链路追踪功能已禁用", "taskName": null}
{"asctime": "2025-03-27 14:13:28,128", "name": "chat_service", "levelname": "INFO", "message": "初始化聊天服务", "taskName": null}
{"asctime": "2025-03-27 14:13:28,139", "name": "ai_service", "levelname": "INFO", "message": "链路追踪功能已禁用", "taskName": null}
{"asctime": "2025-03-27 14:13:28,139", "name": "ai_service", "levelname": "INFO", "message": "链路追踪功能已禁用", "taskName": null}
{"asctime": "2025-03-27 14:13:28,142", "name": "chat_service", "levelname": "INFO", "message": "初始化聊天服务", "taskName": null}
{"asctime": "2025-03-27 14:13:28,212", "name": "ai_service", "levelname": "INFO", "message": "链路追踪功能已禁用", "taskName": null}
{"asctime": "2025-03-27 14:13:28,212", "name": "ai_service", "levelname": "INFO", "message": "链路追踪功能已禁用", "taskName": null}
{"asctime": "2025-03-27 14:13:28,216", "name": "chat_service", "levelname": "INFO", "message": "初始化聊天服务", "taskName": null}
{"asctime": "2025-03-27 14:13:28,235", "name": "ai_service", "levelname": "INFO", "message": "链路追踪功能已禁用", "taskName": null}
{"asctime": "2025-03-27 14:13:28,235", "name": "ai_service", "levelname": "INFO", "message": "链路追踪功能已禁用", "taskName": null}
{"asctime": "2025-03-27 14:13:28,238", "name": "chat_service", "levelname": "INFO", "message": "初始化聊天服务", "taskName": null}
{"asctime": "2025-03-27 14:13:31,382", "name": "ai_service", "levelname": "INFO", "message": "链路追踪功能已禁用", "taskName": "Task-1"}
{"asctime": "2025-03-27 14:13:31,386", "name": "chat_service", "levelname": "INFO", "message": "初始化聊天服务", "taskName": "Task-1"}
{"asctime": "2025-03-27 14:13:31,413", "name": "ai_service", "levelname": "INFO", "message": "初始化AI服务...", "taskName": "Task-2"}
{"asctime": "2025-03-27 14:13:31,413", "name": "ai_service", "levelname": "INFO", "message": "AI服务初始化完成", "taskName": "Task-2"}
{"asctime": "2025-03-27 14:14:10,612", "name": "ai_service", "levelname": "INFO", "message": "关闭AI服务...", "taskName": "Task-2"}
{"asctime": "2025-03-27 14:14:10,613", "name": "ai_service", "levelname": "INFO", "message": "AI服务已关闭", "taskName": "Task-2"}
{"asctime": "2025-03-27 14:14:37,666", "name": "ai_service", "levelname": "INFO", "message": "链路追踪功能已禁用", "taskName": null}
{"asctime": "2025-03-27 14:14:37,666", "name": "ai_service", "levelname": "INFO", "message": "链路追踪功能已禁用", "taskName": null}
{"asctime": "2025-03-27 14:14:37,667", "name": "chat_service", "levelname": "INFO", "message": "初始化聊天服务", "taskName": null}
{"asctime": "2025-03-27 14:15:50,882", "name": "ai_service", "levelname": "INFO", "message": "链路追踪功能已禁用", "taskName": null}
{"asctime": "2025-03-27 14:15:50,882", "name": "ai_service", "levelname": "INFO", "message": "链路追踪功能已禁用", "taskName": null}
{"asctime": "2025-03-27 14:15:50,884", "name": "chat_service", "levelname": "INFO", "message": "初始化聊天服务", "taskName": null}
{"asctime": "2025-03-27 14:16:57,731", "name": "ai_service", "levelname": "INFO", "message": "链路追踪功能已禁用", "taskName": null}
{"asctime": "2025-03-27 14:16:57,731", "name": "ai_service", "levelname": "INFO", "message": "链路追踪功能已禁用", "taskName": null}
{"asctime": "2025-03-27 14:16:57,732", "name": "chat_service", "levelname": "INFO", "message": "初始化聊天服务", "taskName": null}
{"asctime": "2025-03-27 14:17:01,594", "name": "ai_service", "levelname": "INFO", "message": "链路追踪功能已禁用", "taskName": null}
{"asctime": "2025-03-27 14:17:01,594", "name": "ai_service", "levelname": "INFO", "message": "链路追踪功能已禁用", "taskName": null}
{"asctime": "2025-03-27 14:17:01,598", "name": "chat_service", "levelname": "INFO", "message": "初始化聊天服务", "taskName": null}
{"asctime": "2025-03-27 14:17:01,614", "name": "ai_service", "levelname": "INFO", "message": "链路追踪功能已禁用", "taskName": null}
{"asctime": "2025-03-27 14:17:01,614", "name": "ai_service", "levelname": "INFO", "message": "链路追踪功能已禁用", "taskName": null}
{"asctime": "2025-03-27 14:17:01,617", "name": "chat_service", "levelname": "INFO", "message": "初始化聊天服务", "taskName": null}
{"asctime": "2025-03-27 14:17:01,631", "name": "ai_service", "levelname": "INFO", "message": "链路追踪功能已禁用", "taskName": null}
{"asctime": "2025-03-27 14:17:01,631", "name": "ai_service", "levelname": "INFO", "message": "链路追踪功能已禁用", "taskName": null}
{"asctime": "2025-03-27 14:17:01,635", "name": "chat_service", "levelname": "INFO", "message": "初始化聊天服务", "taskName": null}
{"asctime": "2025-03-27 14:17:01,740", "name": "ai_service", "levelname": "INFO", "message": "链路追踪功能已禁用", "taskName": null}
{"asctime": "2025-03-27 14:17:01,740", "name": "ai_service", "levelname": "INFO", "message": "链路追踪功能已禁用", "taskName": null}
{"asctime": "2025-03-27 14:17:01,748", "name": "chat_service", "levelname": "INFO", "message": "初始化聊天服务", "taskName": null}
{"asctime": "2025-03-27 14:17:01,861", "name": "ai_service", "levelname": "INFO", "message": "链路追踪功能已禁用", "taskName": null}
{"asctime": "2025-03-27 14:17:01,861", "name": "ai_service", "levelname": "INFO", "message": "链路追踪功能已禁用", "taskName": null}
{"asctime": "2025-03-27 14:17:01,866", "name": "chat_service", "levelname": "INFO", "message": "初始化聊天服务", "taskName": null}
{"asctime": "2025-03-27 14:17:05,083", "name": "ai_service", "levelname": "INFO", "message": "链路追踪功能已禁用", "taskName": "Task-1"}
{"asctime": "2025-03-27 14:17:05,085", "name": "chat_service", "levelname": "INFO", "message": "初始化聊天服务", "taskName": "Task-1"}
{"asctime": "2025-03-27 14:17:05,102", "name": "ai_service", "levelname": "INFO", "message": "初始化AI服务...", "taskName": "Task-2"}
{"asctime": "2025-03-27 14:17:05,103", "name": "ai_service", "levelname": "INFO", "message": "AI服务初始化完成", "taskName": "Task-2"}
{"asctime": "2025-03-27 14:17:24,775", "name": "ai_service", "levelname": "INFO", "message": "链路追踪功能已禁用", "taskName": null}
{"asctime": "2025-03-27 14:17:24,775", "name": "ai_service", "levelname": "INFO", "message": "链路追踪功能已禁用", "taskName": null}
{"asctime": "2025-03-27 14:17:24,777", "name": "chat_service", "levelname": "INFO", "message": "初始化聊天服务", "taskName": null}
{"asctime": "2025-03-27 14:18:49,125", "name": "ai_service", "levelname": "INFO", "message": "链路追踪功能已禁用", "taskName": null}
{"asctime": "2025-03-27 14:18:49,125", "name": "ai_service", "levelname": "INFO", "message": "链路追踪功能已禁用", "taskName": null}
{"asctime": "2025-03-27 14:18:49,126", "name": "chat_service", "levelname": "INFO", "message": "初始化聊天服务", "taskName": null}
{"asctime": "2025-03-27 14:18:53,079", "name": "ai_service", "levelname": "INFO", "message": "链路追踪功能已禁用", "taskName": null}
{"asctime": "2025-03-27 14:18:53,079", "name": "ai_service", "levelname": "INFO", "message": "链路追踪功能已禁用", "taskName": null}
{"asctime": "2025-03-27 14:18:53,082", "name": "chat_service", "levelname": "INFO", "message": "初始化聊天服务", "taskName": null}
{"asctime": "2025-03-27 14:18:53,090", "name": "ai_service", "levelname": "INFO", "message": "链路追踪功能已禁用", "taskName": null}
{"asctime": "2025-03-27 14:18:53,090", "name": "ai_service", "levelname": "INFO", "message": "链路追踪功能已禁用", "taskName": null}
{"asctime": "2025-03-27 14:18:53,093", "name": "chat_service", "levelname": "INFO", "message": "初始化聊天服务", "taskName": null}
{"asctime": "2025-03-27 14:18:53,095", "name": "ai_service", "levelname": "INFO", "message": "链路追踪功能已禁用", "taskName": null}
{"asctime": "2025-03-27 14:18:53,095", "name": "ai_service", "levelname": "INFO", "message": "链路追踪功能已禁用", "taskName": null}
{"asctime": "2025-03-27 14:18:53,097", "name": "chat_service", "levelname": "INFO", "message": "初始化聊天服务", "taskName": null}
{"asctime": "2025-03-27 14:18:53,238", "name": "ai_service", "levelname": "INFO", "message": "链路追踪功能已禁用", "taskName": null}
{"asctime": "2025-03-27 14:18:53,238", "name": "ai_service", "levelname": "INFO", "message": "链路追踪功能已禁用", "taskName": null}
{"asctime": "2025-03-27 14:18:53,241", "name": "chat_service", "levelname": "INFO", "message": "初始化聊天服务", "taskName": null}
{"asctime": "2025-03-27 14:18:53,244", "name": "ai_service", "levelname": "INFO", "message": "链路追踪功能已禁用", "taskName": null}
{"asctime": "2025-03-27 14:18:53,244", "name": "ai_service", "levelname": "INFO", "message": "链路追踪功能已禁用", "taskName": null}
{"asctime": "2025-03-27 14:18:53,247", "name": "chat_service", "levelname": "INFO", "message": "初始化聊天服务", "taskName": null}
{"asctime": "2025-03-27 14:18:56,135", "name": "ai_service", "levelname": "INFO", "message": "链路追踪功能已禁用", "taskName": "Task-1"}
{"asctime": "2025-03-27 14:18:56,136", "name": "chat_service", "levelname": "INFO", "message": "初始化聊天服务", "taskName": "Task-1"}
{"asctime": "2025-03-27 14:18:56,148", "name": "ai_service", "levelname": "INFO", "message": "初始化AI服务...", "taskName": "Task-2"}
{"asctime": "2025-03-27 14:18:56,149", "name": "ai_service", "levelname": "INFO", "message": "AI服务初始化完成", "taskName": "Task-2"}
{"asctime": "2025-03-27 14:19:15,361", "name": "ai_service", "levelname": "INFO", "message": "链路追踪功能已禁用", "taskName": null}
{"asctime": "2025-03-27 14:19:15,361", "name": "ai_service", "levelname": "INFO", "message": "链路追踪功能已禁用", "taskName": null}
{"asctime": "2025-03-27 14:19:15,363", "name": "chat_service", "levelname": "INFO", "message": "初始化聊天服务", "taskName": null}
{"asctime": "2025-03-27 14:20:37,156", "name": "ai_service", "levelname": "INFO", "message": "关闭AI服务...", "taskName": "Task-2"}
{"asctime": "2025-03-27 14:20:37,158", "name": "ai_service", "levelname": "INFO", "message": "AI服务已关闭", "taskName": "Task-2"}
{"asctime": "2025-03-27 14:20:37,187", "name": "ai_service", "levelname": "INFO", "message": "关闭AI服务...", "taskName": "Task-2"}
{"asctime": "2025-03-27 14:20:37,188", "name": "ai_service", "levelname": "INFO", "message": "AI服务已关闭", "taskName": "Task-2"}
{"asctime": "2025-03-27 14:20:42,849", "name": "ai_service", "levelname": "INFO", "message": "链路追踪功能已禁用", "taskName": "Task-1"}
{"asctime": "2025-03-27 14:20:42,851", "name": "chat_service", "levelname": "INFO", "message": "初始化聊天服务", "taskName": "Task-1"}
{"asctime": "2025-03-27 14:20:42,872", "name": "ai_service", "levelname": "INFO", "message": "初始化AI服务...", "taskName": "Task-2"}
{"asctime": "2025-03-27 14:20:42,874", "name": "ai_service", "levelname": "INFO", "message": "AI服务初始化完成", "taskName": "Task-2"}
{"asctime": "2025-03-27 14:21:07,596", "name": "ai_service", "levelname": "INFO", "message": "链路追踪功能已禁用", "taskName": null}
{"asctime": "2025-03-27 14:21:07,596", "name": "ai_service", "levelname": "INFO", "message": "链路追踪功能已禁用", "taskName": null}
{"asctime": "2025-03-27 14:21:07,598", "name": "chat_service", "levelname": "INFO", "message": "初始化聊天服务", "taskName": null}
{"asctime": "2025-03-27 14:21:14,101", "name": "ai_service", "levelname": "INFO", "message": "链路追踪功能已禁用", "taskName": null}
{"asctime": "2025-03-27 14:21:14,101", "name": "ai_service", "levelname": "INFO", "message": "链路追踪功能已禁用", "taskName": null}
{"asctime": "2025-03-27 14:21:14,104", "name": "chat_service", "levelname": "INFO", "message": "初始化聊天服务", "taskName": null}
{"asctime": "2025-03-27 14:21:14,118", "name": "ai_service", "levelname": "INFO", "message": "链路追踪功能已禁用", "taskName": null}
{"asctime": "2025-03-27 14:21:14,118", "name": "ai_service", "levelname": "INFO", "message": "链路追踪功能已禁用", "taskName": null}
{"asctime": "2025-03-27 14:21:14,123", "name": "chat_service", "levelname": "INFO", "message": "初始化聊天服务", "taskName": null}
{"asctime": "2025-03-27 14:21:14,130", "name": "ai_service", "levelname": "INFO", "message": "链路追踪功能已禁用", "taskName": null}
{"asctime": "2025-03-27 14:21:14,130", "name": "ai_service", "levelname": "INFO", "message": "链路追踪功能已禁用", "taskName": null}
{"asctime": "2025-03-27 14:21:14,134", "name": "chat_service", "levelname": "INFO", "message": "初始化聊天服务", "taskName": null}
{"asctime": "2025-03-27 14:21:14,192", "name": "ai_service", "levelname": "INFO", "message": "链路追踪功能已禁用", "taskName": null}
{"asctime": "2025-03-27 14:21:14,192", "name": "ai_service", "levelname": "INFO", "message": "链路追踪功能已禁用", "taskName": null}
{"asctime": "2025-03-27 14:21:14,195", "name": "chat_service", "levelname": "INFO", "message": "初始化聊天服务", "taskName": null}
{"asctime": "2025-03-27 14:21:14,229", "name": "ai_service", "levelname": "INFO", "message": "链路追踪功能已禁用", "taskName": null}
{"asctime": "2025-03-27 14:21:14,229", "name": "ai_service", "levelname": "INFO", "message": "链路追踪功能已禁用", "taskName": null}
{"asctime": "2025-03-27 14:21:14,232", "name": "chat_service", "levelname": "INFO", "message": "初始化聊天服务", "taskName": null}
{"asctime": "2025-03-27 14:21:17,364", "name": "ai_service", "levelname": "INFO", "message": "链路追踪功能已禁用", "taskName": "Task-1"}
{"asctime": "2025-03-27 14:21:17,366", "name": "chat_service", "levelname": "INFO", "message": "初始化聊天服务", "taskName": "Task-1"}
{"asctime": "2025-03-27 14:21:17,386", "name": "ai_service", "levelname": "INFO", "message": "初始化AI服务...", "taskName": "Task-2"}
{"asctime": "2025-03-27 14:21:17,387", "name": "ai_service", "levelname": "INFO", "message": "AI服务初始化完成", "taskName": "Task-2"}
{"asctime": "2025-03-27 14:23:43,077", "name": "ai_service", "levelname": "INFO", "message": "关闭AI服务...", "taskName": "Task-2"}
{"asctime": "2025-03-27 14:23:43,078", "name": "ai_service", "levelname": "INFO", "message": "AI服务已关闭", "taskName": "Task-2"}
{"asctime": "2025-03-27 14:23:43,125", "name": "ai_service", "levelname": "INFO", "message": "关闭AI服务...", "taskName": "Task-2"}
{"asctime": "2025-03-27 14:23:43,126", "name": "ai_service", "levelname": "INFO", "message": "AI服务已关闭", "taskName": "Task-2"}
{"asctime": "2025-03-27 14:23:49,656", "name": "ai_service", "levelname": "INFO", "message": "链路追踪功能已禁用", "taskName": "Task-1"}
{"asctime": "2025-03-27 14:23:49,659", "name": "chat_service", "levelname": "INFO", "message": "初始化聊天服务", "taskName": "Task-1"}
{"asctime": "2025-03-27 14:23:49,681", "name": "ai_service", "levelname": "INFO", "message": "初始化AI服务...", "taskName": "Task-2"}
{"asctime": "2025-03-27 14:23:49,682", "name": "ai_service", "levelname": "INFO", "message": "AI服务初始化完成", "taskName": "Task-2"}
{"asctime": "2025-03-27 14:24:24,099", "name": "ai_service", "levelname": "INFO", "message": "链路追踪功能已禁用", "taskName": null}
{"asctime": "2025-03-27 14:24:24,099", "name": "ai_service", "levelname": "INFO", "message": "链路追踪功能已禁用", "taskName": null}
{"asctime": "2025-03-27 14:24:24,102", "name": "chat_service", "levelname": "INFO", "message": "初始化聊天服务", "taskName": null}
{"asctime": "2025-03-27 14:24:28,790", "name": "ai_service", "levelname": "INFO", "message": "链路追踪功能已禁用", "taskName": null}
{"asctime": "2025-03-27 14:24:28,790", "name": "ai_service", "levelname": "INFO", "message": "链路追踪功能已禁用", "taskName": null}
{"asctime": "2025-03-27 14:24:28,795", "name": "chat_service", "levelname": "INFO", "message": "初始化聊天服务", "taskName": null}
{"asctime": "2025-03-27 14:24:28,846", "name": "ai_service", "levelname": "INFO", "message": "链路追踪功能已禁用", "taskName": null}
{"asctime": "2025-03-27 14:24:28,846", "name": "ai_service", "levelname": "INFO", "message": "链路追踪功能已禁用", "taskName": null}
{"asctime": "2025-03-27 14:24:28,849", "name": "chat_service", "levelname": "INFO", "message": "初始化聊天服务", "taskName": null}
{"asctime": "2025-03-27 14:24:29,080", "name": "ai_service", "levelname": "INFO", "message": "链路追踪功能已禁用", "taskName": null}
{"asctime": "2025-03-27 14:24:29,080", "name": "ai_service", "levelname": "INFO", "message": "链路追踪功能已禁用", "taskName": null}
{"asctime": "2025-03-27 14:24:29,082", "name": "chat_service", "levelname": "INFO", "message": "初始化聊天服务", "taskName": null}
{"asctime": "2025-03-27 14:24:29,110", "name": "ai_service", "levelname": "INFO", "message": "链路追踪功能已禁用", "taskName": null}
{"asctime": "2025-03-27 14:24:29,110", "name": "ai_service", "levelname": "INFO", "message": "链路追踪功能已禁用", "taskName": null}
{"asctime": "2025-03-27 14:24:29,113", "name": "chat_service", "levelname": "INFO", "message": "初始化聊天服务", "taskName": null}
{"asctime": "2025-03-27 14:24:29,294", "name": "ai_service", "levelname": "INFO", "message": "链路追踪功能已禁用", "taskName": null}
{"asctime": "2025-03-27 14:24:29,294", "name": "ai_service", "levelname": "INFO", "message": "链路追踪功能已禁用", "taskName": null}
{"asctime": "2025-03-27 14:24:29,297", "name": "chat_service", "levelname": "INFO", "message": "初始化聊天服务", "taskName": null}
{"asctime": "2025-03-27 14:24:33,106", "name": "ai_service", "levelname": "INFO", "message": "链路追踪功能已禁用", "taskName": "Task-1"}
{"asctime": "2025-03-27 14:24:33,107", "name": "chat_service", "levelname": "INFO", "message": "初始化聊天服务", "taskName": "Task-1"}
{"asctime": "2025-03-27 14:24:33,119", "name": "ai_service", "levelname": "INFO", "message": "初始化AI服务...", "taskName": "Task-2"}
{"asctime": "2025-03-27 14:24:33,120", "name": "ai_service", "levelname": "INFO", "message": "AI服务初始化完成", "taskName": "Task-2"}
