{"asctime": "2025-11-10 18:53:15,055", "name": "ai_service", "levelname": "INFO", "message": "链路追踪功能已禁用", "taskName": "Task-1"}
{"asctime": "2025-11-10 18:53:15,056", "name": "chat_service", "levelname": "INFO", "message": "初始化聊天服务", "taskName": "Task-1"}
{"asctime": "2025-11-10 18:53:15,082", "name": "ai_service", "levelname": "INFO", "message": "初始化AI服务...", "taskName": "Task-2"}
{"asctime": "2025-11-10 18:53:15,084", "name": "ai_service", "levelname": "INFO", "message": "AI服务初始化完成", "taskName": "Task-2"}
{"asctime": "2025-11-10 19:08:22,853", "name": "ai_service", "levelname": "INFO", "message": "关闭AI服务...", "taskName": "Task-2"}
{"asctime": "2025-11-10 19:08:22,854", "name": "ai_service", "levelname": "INFO", "message": "AI服务已关闭", "taskName": "Task-2"}
{"asctime": "2025-11-10 19:09:47,170", "name": "ai_service", "levelname": "INFO", "message": "链路追踪功能已禁用", "taskName": "Task-1"}
{"asctime": "2025-11-10 19:09:47,172", "name": "chat_service", "levelname": "INFO", "message": "初始化聊天服务", "taskName": "Task-1"}
{"asctime": "2025-11-10 19:09:47,202", "name": "ai_service", "levelname": "INFO", "message": "初始化AI服务...", "taskName": "Task-2"}
{"asctime": "2025-11-10 19:09:47,203", "name": "ai_service", "levelname": "INFO", "message": "AI服务初始化完成", "taskName": "Task-2"}
{"asctime": "2025-11-10 19:18:27,237", "name": "ai_service", "levelname": "INFO", "message": "关闭AI服务...", "taskName": "Task-2"}
{"asctime": "2025-11-10 19:18:27,238", "name": "ai_service", "levelname": "INFO", "message": "AI服务已关闭", "taskName": "Task-2"}
{"asctime": "2025-11-10 19:22:40,683", "name": "ai_service", "levelname": "INFO", "message": "链路追踪功能已禁用", "taskName": "Task-1"}
{"asctime": "2025-11-10 19:22:40,685", "name": "chat_service", "levelname": "INFO", "message": "初始化聊天服务", "taskName": "Task-1"}
{"asctime": "2025-11-10 19:22:40,711", "name": "ai_service", "levelname": "INFO", "message": "初始化AI服务...", "taskName": "Task-2"}
{"asctime": "2025-11-10 19:22:40,713", "name": "ai_service", "levelname": "INFO", "message": "AI服务初始化完成", "taskName": "Task-2"}
{"asctime": "2025-11-10 19:25:52,365", "name": "ai_service", "levelname": "INFO", "message": "链路追踪功能已禁用", "taskName": "Task-1"}
{"asctime": "2025-11-10 19:25:52,367", "name": "chat_service", "levelname": "INFO", "message": "初始化聊天服务", "taskName": "Task-1"}
{"asctime": "2025-11-10 19:25:52,387", "name": "ai_service", "levelname": "INFO", "message": "初始化AI服务...", "taskName": "Task-2"}
{"asctime": "2025-11-10 19:25:52,388", "name": "ai_service", "levelname": "INFO", "message": "AI服务初始化完成", "taskName": "Task-2"}
{"asctime": "2025-11-10 19:26:36,860", "name": "ai_service", "levelname": "INFO", "message": "关闭AI服务...", "taskName": "Task-2"}
{"asctime": "2025-11-10 19:26:36,861", "name": "ai_service", "levelname": "INFO", "message": "AI服务已关闭", "taskName": "Task-2"}
{"asctime": "2025-11-10 19:27:13,857", "name": "ai_service", "levelname": "INFO", "message": "链路追踪功能已禁用", "taskName": "Task-1"}
{"asctime": "2025-11-10 19:27:13,858", "name": "chat_service", "levelname": "INFO", "message": "初始化聊天服务", "taskName": "Task-1"}
{"asctime": "2025-11-10 19:27:13,879", "name": "ai_service", "levelname": "INFO", "message": "初始化AI服务...", "taskName": "Task-2"}
{"asctime": "2025-11-10 19:27:13,881", "name": "ai_service", "levelname": "INFO", "message": "AI服务初始化完成", "taskName": "Task-2"}
{"asctime": "2025-11-10 19:28:14,635", "name": "ai_service", "levelname": "INFO", "message": "关闭AI服务...", "taskName": "Task-2"}
{"asctime": "2025-11-10 19:28:14,637", "name": "ai_service", "levelname": "INFO", "message": "AI服务已关闭", "taskName": "Task-2"}
{"asctime": "2025-11-10 19:30:54,939", "name": "ai_service", "levelname": "INFO", "message": "链路追踪功能已禁用", "taskName": "Task-1"}
{"asctime": "2025-11-10 19:30:54,941", "name": "chat_service", "levelname": "INFO", "message": "初始化聊天服务", "taskName": "Task-1"}
{"asctime": "2025-11-10 19:30:54,963", "name": "ai_service", "levelname": "INFO", "message": "初始化AI服务...", "taskName": "Task-2"}
{"asctime": "2025-11-10 19:30:54,964", "name": "ai_service", "levelname": "INFO", "message": "AI服务初始化完成", "taskName": "Task-2"}
{"asctime": "2025-11-10 19:36:27,215", "name": "ai_service", "levelname": "INFO", "message": "关闭AI服务...", "taskName": "Task-2"}
{"asctime": "2025-11-10 19:36:27,216", "name": "ai_service", "levelname": "INFO", "message": "AI服务已关闭", "taskName": "Task-2"}
