{"asctime": "2025-11-11 09:08:52,690", "name": "ai_service", "levelname": "INFO", "message": "链路追踪功能已禁用", "taskName": "Task-1"}
{"asctime": "2025-11-11 09:08:52,697", "name": "chat_service", "levelname": "INFO", "message": "初始化聊天服务", "taskName": "Task-1"}
{"asctime": "2025-11-11 09:08:52,816", "name": "ai_service", "levelname": "INFO", "message": "初始化AI服务...", "taskName": "Task-2"}
{"asctime": "2025-11-11 09:08:52,819", "name": "ai_service", "levelname": "INFO", "message": "AI服务初始化完成", "taskName": "Task-2"}
{"asctime": "2025-11-11 09:14:28,675", "name": "ai_service", "levelname": "INFO", "message": "链路追踪功能已禁用", "taskName": "Task-1"}
{"asctime": "2025-11-11 09:14:28,678", "name": "chat_service", "levelname": "INFO", "message": "初始化聊天服务", "taskName": "Task-1"}
{"asctime": "2025-11-11 09:14:28,711", "name": "ai_service", "levelname": "INFO", "message": "初始化AI服务...", "taskName": "Task-2"}
{"asctime": "2025-11-11 09:14:28,714", "name": "ai_service", "levelname": "INFO", "message": "AI服务初始化完成", "taskName": "Task-2"}
{"asctime": "2025-11-11 09:16:47,211", "name": "ai_service", "levelname": "INFO", "message": "关闭AI服务...", "taskName": "Task-2"}
{"asctime": "2025-11-11 09:16:47,212", "name": "ai_service", "levelname": "INFO", "message": "AI服务已关闭", "taskName": "Task-2"}
{"asctime": "2025-11-11 09:17:21,616", "name": "ai_service", "levelname": "INFO", "message": "链路追踪功能已禁用", "taskName": "Task-1"}
{"asctime": "2025-11-11 09:17:21,647", "name": "chat_service", "levelname": "INFO", "message": "初始化聊天服务", "taskName": "Task-1"}
{"asctime": "2025-11-11 09:17:21,678", "name": "ai_service", "levelname": "INFO", "message": "初始化AI服务...", "taskName": "Task-2"}
{"asctime": "2025-11-11 09:17:21,680", "name": "ai_service", "levelname": "INFO", "message": "AI服务初始化完成", "taskName": "Task-2"}
{"asctime": "2025-11-11 09:19:56,244", "name": "ai_service", "levelname": "INFO", "message": "关闭AI服务...", "taskName": "Task-2"}
{"asctime": "2025-11-11 09:19:56,244", "name": "ai_service", "levelname": "INFO", "message": "AI服务已关闭", "taskName": "Task-2"}
{"asctime": "2025-11-11 09:22:05,058", "name": "ai_service", "levelname": "INFO", "message": "链路追踪功能已禁用", "taskName": "Task-1"}
{"asctime": "2025-11-11 09:22:05,062", "name": "chat_service", "levelname": "INFO", "message": "初始化聊天服务", "taskName": "Task-1"}
{"asctime": "2025-11-11 09:22:05,084", "name": "ai_service", "levelname": "INFO", "message": "初始化AI服务...", "taskName": "Task-2"}
{"asctime": "2025-11-11 09:22:05,086", "name": "ai_service", "levelname": "INFO", "message": "AI服务初始化完成", "taskName": "Task-2"}
{"asctime": "2025-11-11 09:24:06,950", "name": "ai_service", "levelname": "INFO", "message": "链路追踪功能已禁用", "taskName": "Task-1"}
{"asctime": "2025-11-11 09:24:06,953", "name": "chat_service", "levelname": "INFO", "message": "初始化聊天服务", "taskName": "Task-1"}
{"asctime": "2025-11-11 09:24:06,979", "name": "ai_service", "levelname": "INFO", "message": "初始化AI服务...", "taskName": "Task-2"}
{"asctime": "2025-11-11 09:24:06,980", "name": "ai_service", "levelname": "INFO", "message": "AI服务初始化完成", "taskName": "Task-2"}
{"asctime": "2025-11-11 09:35:30,156", "name": "ai_service", "levelname": "INFO", "message": "链路追踪功能已禁用", "taskName": "Task-1"}
{"asctime": "2025-11-11 09:35:30,157", "name": "chat_service", "levelname": "INFO", "message": "初始化聊天服务", "taskName": "Task-1"}
{"asctime": "2025-11-11 09:35:30,175", "name": "ai_service", "levelname": "INFO", "message": "初始化AI服务...", "taskName": "Task-2"}
{"asctime": "2025-11-11 09:35:30,176", "name": "ai_service", "levelname": "INFO", "message": "AI服务初始化完成", "taskName": "Task-2"}
{"asctime": "2025-11-11 09:43:18,989", "name": "ai_service", "levelname": "INFO", "message": "链路追踪功能已禁用", "taskName": "Task-1"}
{"asctime": "2025-11-11 09:43:18,993", "name": "chat_service", "levelname": "INFO", "message": "初始化聊天服务", "taskName": "Task-1"}
{"asctime": "2025-11-11 09:43:19,020", "name": "ai_service", "levelname": "INFO", "message": "初始化AI服务...", "taskName": "Task-2"}
{"asctime": "2025-11-11 09:43:19,021", "name": "ai_service", "levelname": "INFO", "message": "AI服务初始化完成", "taskName": "Task-2"}
{"asctime": "2025-11-11 09:44:40,495", "name": "ai_service", "levelname": "INFO", "message": "关闭AI服务...", "taskName": "Task-2"}
{"asctime": "2025-11-11 09:44:40,496", "name": "ai_service", "levelname": "INFO", "message": "AI服务已关闭", "taskName": "Task-2"}
{"asctime": "2025-11-11 09:44:47,019", "name": "ai_service", "levelname": "INFO", "message": "链路追踪功能已禁用", "taskName": "Task-1"}
{"asctime": "2025-11-11 09:44:47,021", "name": "chat_service", "levelname": "INFO", "message": "初始化聊天服务", "taskName": "Task-1"}
{"asctime": "2025-11-11 09:44:47,154", "name": "ai_service", "levelname": "INFO", "message": "初始化AI服务...", "taskName": "Task-2"}
{"asctime": "2025-11-11 09:44:47,197", "name": "ai_service", "levelname": "INFO", "message": "AI服务初始化完成", "taskName": "Task-2"}
{"asctime": "2025-11-11 09:45:14,435", "name": "ai_service", "levelname": "INFO", "message": "链路追踪功能已禁用", "taskName": "Task-1"}
{"asctime": "2025-11-11 09:45:14,437", "name": "chat_service", "levelname": "INFO", "message": "初始化聊天服务", "taskName": "Task-1"}
{"asctime": "2025-11-11 09:45:14,456", "name": "ai_service", "levelname": "INFO", "message": "初始化AI服务...", "taskName": "Task-2"}
{"asctime": "2025-11-11 09:45:14,457", "name": "ai_service", "levelname": "INFO", "message": "AI服务初始化完成", "taskName": "Task-2"}
{"asctime": "2025-11-11 09:48:42,737", "name": "ai_service", "levelname": "INFO", "message": "链路追踪功能已禁用", "taskName": "Task-1"}
{"asctime": "2025-11-11 09:48:42,743", "name": "chat_service", "levelname": "INFO", "message": "初始化聊天服务", "taskName": "Task-1"}
{"asctime": "2025-11-11 09:48:42,783", "name": "ai_service", "levelname": "INFO", "message": "初始化AI服务...", "taskName": "Task-2"}
{"asctime": "2025-11-11 09:48:42,787", "name": "ai_service", "levelname": "INFO", "message": "AI服务初始化完成", "taskName": "Task-2"}
{"asctime": "2025-11-11 10:49:35,565", "name": "ai_service", "levelname": "INFO", "message": "链路追踪功能已禁用", "taskName": "Task-1"}
{"asctime": "2025-11-11 10:49:35,578", "name": "chat_service", "levelname": "INFO", "message": "初始化聊天服务", "taskName": "Task-1"}
{"asctime": "2025-11-11 10:49:35,603", "name": "ai_service", "levelname": "INFO", "message": "初始化AI服务...", "taskName": "Task-2"}
{"asctime": "2025-11-11 10:49:35,604", "name": "ai_service", "levelname": "INFO", "message": "AI服务初始化完成", "taskName": "Task-2"}
{"asctime": "2025-11-11 10:55:10,249", "name": "ai_service", "levelname": "INFO", "message": "关闭AI服务...", "taskName": "Task-2"}
{"asctime": "2025-11-11 10:55:10,250", "name": "ai_service", "levelname": "INFO", "message": "AI服务已关闭", "taskName": "Task-2"}
{"asctime": "2025-11-11 10:55:57,640", "name": "ai_service", "levelname": "INFO", "message": "链路追踪功能已禁用", "taskName": "Task-1"}
{"asctime": "2025-11-11 10:55:57,642", "name": "chat_service", "levelname": "INFO", "message": "初始化聊天服务", "taskName": "Task-1"}
{"asctime": "2025-11-11 10:55:57,659", "name": "ai_service", "levelname": "INFO", "message": "初始化AI服务...", "taskName": "Task-2"}
{"asctime": "2025-11-11 10:55:57,661", "name": "ai_service", "levelname": "INFO", "message": "AI服务初始化完成", "taskName": "Task-2"}
{"asctime": "2025-11-11 11:02:58,588", "name": "ai_service", "levelname": "INFO", "message": "关闭AI服务...", "taskName": "Task-2"}
{"asctime": "2025-11-11 11:02:58,589", "name": "ai_service", "levelname": "INFO", "message": "AI服务已关闭", "taskName": "Task-2"}
{"asctime": "2025-11-11 11:10:29,661", "name": "ai_service", "levelname": "INFO", "message": "链路追踪功能已禁用", "taskName": "Task-1"}
{"asctime": "2025-11-11 11:10:29,663", "name": "chat_service", "levelname": "INFO", "message": "初始化聊天服务", "taskName": "Task-1"}
{"asctime": "2025-11-11 11:10:29,680", "name": "ai_service", "levelname": "INFO", "message": "初始化AI服务...", "taskName": "Task-2"}
{"asctime": "2025-11-11 11:10:29,681", "name": "ai_service", "levelname": "INFO", "message": "AI服务初始化完成", "taskName": "Task-2"}
{"asctime": "2025-11-11 11:11:26,485", "name": "ai_service", "levelname": "INFO", "message": "关闭AI服务...", "taskName": "Task-2"}
{"asctime": "2025-11-11 11:11:26,486", "name": "ai_service", "levelname": "INFO", "message": "AI服务已关闭", "taskName": "Task-2"}
{"asctime": "2025-11-11 11:13:20,835", "name": "ai_service", "levelname": "INFO", "message": "链路追踪功能已禁用", "taskName": "Task-1"}
{"asctime": "2025-11-11 11:13:20,837", "name": "chat_service", "levelname": "INFO", "message": "初始化聊天服务", "taskName": "Task-1"}
{"asctime": "2025-11-11 11:13:20,859", "name": "ai_service", "levelname": "INFO", "message": "初始化AI服务...", "taskName": "Task-2"}
{"asctime": "2025-11-11 11:13:20,860", "name": "ai_service", "levelname": "INFO", "message": "AI服务初始化完成", "taskName": "Task-2"}
{"asctime": "2025-11-11 11:19:59,769", "name": "ai_service", "levelname": "INFO", "message": "关闭AI服务...", "taskName": "Task-2"}
{"asctime": "2025-11-11 11:19:59,771", "name": "ai_service", "levelname": "INFO", "message": "AI服务已关闭", "taskName": "Task-2"}
{"asctime": "2025-11-11 11:21:25,152", "name": "ai_service", "levelname": "INFO", "message": "链路追踪功能已禁用", "taskName": "Task-1"}
{"asctime": "2025-11-11 11:21:25,154", "name": "chat_service", "levelname": "INFO", "message": "初始化聊天服务", "taskName": "Task-1"}
{"asctime": "2025-11-11 11:21:25,173", "name": "ai_service", "levelname": "INFO", "message": "初始化AI服务...", "taskName": "Task-2"}
{"asctime": "2025-11-11 11:21:25,174", "name": "ai_service", "levelname": "INFO", "message": "AI服务初始化完成", "taskName": "Task-2"}
{"asctime": "2025-11-11 11:24:03,359", "name": "ai_service", "levelname": "INFO", "message": "链路追踪功能已禁用", "taskName": "Task-1"}
{"asctime": "2025-11-11 11:24:03,359", "name": "ai_service", "levelname": "INFO", "message": "链路追踪功能已禁用", "taskName": "Task-1"}
{"asctime": "2025-11-11 11:24:03,361", "name": "chat_service", "levelname": "INFO", "message": "初始化聊天服务", "taskName": "Task-1"}
{"asctime": "2025-11-11 11:24:03,384", "name": "ai_service", "levelname": "INFO", "message": "初始化AI服务...", "taskName": "Task-2"}
{"asctime": "2025-11-11 11:24:03,384", "name": "ai_service", "levelname": "INFO", "message": "初始化AI服务...", "taskName": "Task-2"}
{"asctime": "2025-11-11 11:24:03,387", "name": "ai_service", "levelname": "INFO", "message": "AI服务初始化完成", "taskName": "Task-2"}
{"asctime": "2025-11-11 11:24:03,387", "name": "ai_service", "levelname": "INFO", "message": "AI服务初始化完成", "taskName": "Task-2"}
{"asctime": "2025-11-11 11:26:05,410", "name": "ai_service", "levelname": "INFO", "message": "链路追踪功能已禁用", "taskName": "Task-1"}
{"asctime": "2025-11-11 11:26:05,410", "name": "ai_service", "levelname": "INFO", "message": "链路追踪功能已禁用", "taskName": "Task-1"}
{"asctime": "2025-11-11 11:26:05,412", "name": "chat_service", "levelname": "INFO", "message": "初始化聊天服务", "taskName": "Task-1"}
{"asctime": "2025-11-11 11:26:05,427", "name": "ai_service", "levelname": "INFO", "message": "初始化AI服务...", "taskName": "Task-2"}
{"asctime": "2025-11-11 11:26:05,427", "name": "ai_service", "levelname": "INFO", "message": "初始化AI服务...", "taskName": "Task-2"}
{"asctime": "2025-11-11 11:26:05,429", "name": "ai_service", "levelname": "INFO", "message": "AI服务初始化完成", "taskName": "Task-2"}
{"asctime": "2025-11-11 11:26:05,429", "name": "ai_service", "levelname": "INFO", "message": "AI服务初始化完成", "taskName": "Task-2"}
{"asctime": "2025-11-11 11:28:11,652", "name": "ai_service", "levelname": "INFO", "message": "链路追踪功能已禁用", "taskName": "Task-1"}
{"asctime": "2025-11-11 11:28:11,652", "name": "ai_service", "levelname": "INFO", "message": "链路追踪功能已禁用", "taskName": "Task-1"}
{"asctime": "2025-11-11 11:28:11,654", "name": "chat_service", "levelname": "INFO", "message": "初始化聊天服务", "taskName": "Task-1"}
{"asctime": "2025-11-11 11:28:11,674", "name": "ai_service", "levelname": "INFO", "message": "初始化AI服务...", "taskName": "Task-2"}
{"asctime": "2025-11-11 11:28:11,674", "name": "ai_service", "levelname": "INFO", "message": "初始化AI服务...", "taskName": "Task-2"}
{"asctime": "2025-11-11 11:28:11,675", "name": "ai_service", "levelname": "INFO", "message": "AI服务初始化完成", "taskName": "Task-2"}
{"asctime": "2025-11-11 11:28:11,675", "name": "ai_service", "levelname": "INFO", "message": "AI服务初始化完成", "taskName": "Task-2"}
{"asctime": "2025-11-11 11:33:14,567", "name": "ai_service", "levelname": "INFO", "message": "链路追踪功能已禁用", "taskName": "Task-1"}
{"asctime": "2025-11-11 11:33:14,567", "name": "ai_service", "levelname": "INFO", "message": "链路追踪功能已禁用", "taskName": "Task-1"}
{"asctime": "2025-11-11 11:33:14,570", "name": "chat_service", "levelname": "INFO", "message": "初始化聊天服务", "taskName": "Task-1"}
{"asctime": "2025-11-11 11:33:14,689", "name": "ai_service", "levelname": "INFO", "message": "初始化AI服务...", "taskName": "Task-2"}
{"asctime": "2025-11-11 11:33:14,689", "name": "ai_service", "levelname": "INFO", "message": "初始化AI服务...", "taskName": "Task-2"}
{"asctime": "2025-11-11 11:33:14,691", "name": "ai_service", "levelname": "INFO", "message": "AI服务初始化完成", "taskName": "Task-2"}
{"asctime": "2025-11-11 11:33:14,691", "name": "ai_service", "levelname": "INFO", "message": "AI服务初始化完成", "taskName": "Task-2"}
{"asctime": "2025-11-11 11:33:14,697", "name": "ai_service", "levelname": "INFO", "message": "关闭AI服务...", "taskName": "Task-2"}
{"asctime": "2025-11-11 11:33:14,697", "name": "ai_service", "levelname": "INFO", "message": "关闭AI服务...", "taskName": "Task-2"}
{"asctime": "2025-11-11 11:33:14,701", "name": "ai_service", "levelname": "INFO", "message": "AI服务已关闭", "taskName": "Task-2"}
{"asctime": "2025-11-11 11:33:14,701", "name": "ai_service", "levelname": "INFO", "message": "AI服务已关闭", "taskName": "Task-2"}
{"asctime": "2025-11-11 11:35:43,188", "name": "ai_service", "levelname": "INFO", "message": "链路追踪功能已禁用", "taskName": "Task-1"}
{"asctime": "2025-11-11 11:35:43,188", "name": "ai_service", "levelname": "INFO", "message": "链路追踪功能已禁用", "taskName": "Task-1"}
{"asctime": "2025-11-11 11:35:43,190", "name": "chat_service", "levelname": "INFO", "message": "初始化聊天服务", "taskName": "Task-1"}
{"asctime": "2025-11-11 11:35:43,205", "name": "ai_service", "levelname": "INFO", "message": "初始化AI服务...", "taskName": "Task-2"}
{"asctime": "2025-11-11 11:35:43,205", "name": "ai_service", "levelname": "INFO", "message": "初始化AI服务...", "taskName": "Task-2"}
{"asctime": "2025-11-11 11:35:43,207", "name": "ai_service", "levelname": "INFO", "message": "AI服务初始化完成", "taskName": "Task-2"}
{"asctime": "2025-11-11 11:35:43,207", "name": "ai_service", "levelname": "INFO", "message": "AI服务初始化完成", "taskName": "Task-2"}
{"asctime": "2025-11-11 14:19:39,514", "name": "ai_service", "levelname": "INFO", "message": "链路追踪功能已禁用", "taskName": "Task-1"}
{"asctime": "2025-11-11 14:19:39,514", "name": "ai_service", "levelname": "INFO", "message": "链路追踪功能已禁用", "taskName": "Task-1"}
{"asctime": "2025-11-11 14:19:39,515", "name": "chat_service", "levelname": "INFO", "message": "初始化聊天服务", "taskName": "Task-1"}
{"asctime": "2025-11-11 14:19:39,535", "name": "ai_service", "levelname": "INFO", "message": "初始化AI服务...", "taskName": "Task-2"}
{"asctime": "2025-11-11 14:19:39,535", "name": "ai_service", "levelname": "INFO", "message": "初始化AI服务...", "taskName": "Task-2"}
{"asctime": "2025-11-11 14:19:39,537", "name": "ai_service", "levelname": "INFO", "message": "AI服务初始化完成", "taskName": "Task-2"}
{"asctime": "2025-11-11 14:19:39,537", "name": "ai_service", "levelname": "INFO", "message": "AI服务初始化完成", "taskName": "Task-2"}
{"asctime": "2025-11-11 14:19:39,539", "name": "ai_service", "levelname": "INFO", "message": "关闭AI服务...", "taskName": "Task-2"}
{"asctime": "2025-11-11 14:19:39,539", "name": "ai_service", "levelname": "INFO", "message": "关闭AI服务...", "taskName": "Task-2"}
{"asctime": "2025-11-11 14:19:39,542", "name": "ai_service", "levelname": "INFO", "message": "AI服务已关闭", "taskName": "Task-2"}
{"asctime": "2025-11-11 14:19:39,542", "name": "ai_service", "levelname": "INFO", "message": "AI服务已关闭", "taskName": "Task-2"}
