INFO:     Will watch for changes in these directories: ['E:\\test-demo']
INFO:     Uvicorn running on http://0.0.0.0:8001 (Press CTRL+C to quit)
INFO:     Started reloader process [15744] using WatchFiles
Process SpawnProcess-1:
Traceback (most recent call last):
  File "C:\Users\yuguo\AppData\Local\Programs\Python\Python312\Lib\multiprocessing\process.py", line 314, in _bootstrap
    self.run()
  File "C:\Users\yuguo\AppData\Local\Programs\Python\Python312\Lib\multiprocessing\process.py", line 108, in run
    self._target(*self._args, **self._kwargs)
  File "C:\Users\yuguo\AppData\Local\Programs\Python\Python312\Lib\site-packages\uvicorn\_subprocess.py", line 76, in subprocess_started
    target(sockets=sockets)
  File "C:\Users\yuguo\AppData\Local\Programs\Python\Python312\Lib\site-packages\uvicorn\server.py", line 61, in run
    return asyncio.run(self.serve(sockets=sockets))
           ^^^^^^^^^^^^^^^^^^^^^^^^^^^^^^^^^^^^^^^^
  File "C:\Users\yuguo\AppData\Local\Programs\Python\Python312\Lib\asyncio\runners.py", line 194, in run
    return runner.run(main)
           ^^^^^^^^^^^^^^^^
  File "C:\Users\yuguo\AppData\Local\Programs\Python\Python312\Lib\asyncio\runners.py", line 118, in run
    return self._loop.run_until_complete(task)
           ^^^^^^^^^^^^^^^^^^^^^^^^^^^^^^^^^^^
  File "C:\Users\yuguo\AppData\Local\Programs\Python\Python312\Lib\asyncio\base_events.py", line 687, in run_until_complete
    return future.result()
           ^^^^^^^^^^^^^^^
  File "C:\Users\yuguo\AppData\Local\Programs\Python\Python312\Lib\site-packages\uvicorn\server.py", line 68, in serve
    config.load()
  File "C:\Users\yuguo\AppData\Local\Programs\Python\Python312\Lib\site-packages\uvicorn\config.py", line 467, in load
    self.loaded_app = import_from_string(self.app)
                      ^^^^^^^^^^^^^^^^^^^^^^^^^^^^
  File "C:\Users\yuguo\AppData\Local\Programs\Python\Python312\Lib\site-packages\uvicorn\importer.py", line 24, in import_from_string
    raise exc from None
  File "C:\Users\yuguo\AppData\Local\Programs\Python\Python312\Lib\site-packages\uvicorn\importer.py", line 21, in import_from_string
    module = importlib.import_module(module_str)
             ^^^^^^^^^^^^^^^^^^^^^^^^^^^^^^^^^^^
  File "C:\Users\yuguo\AppData\Local\Programs\Python\Python312\Lib\importlib\__init__.py", line 90, in import_module
    return _bootstrap._gcd_import(name[level:], package, level)
           ^^^^^^^^^^^^^^^^^^^^^^^^^^^^^^^^^^^^^^^^^^^^^^^^^^^^
  File "<frozen importlib._bootstrap>", line 1387, in _gcd_import
  File "<frozen importlib._bootstrap>", line 1360, in _find_and_load
  File "<frozen importlib._bootstrap>", line 1310, in _find_and_load_unlocked
  File "<frozen importlib._bootstrap>", line 488, in _call_with_frames_removed
  File "<frozen importlib._bootstrap>", line 1387, in _gcd_import
  File "<frozen importlib._bootstrap>", line 1360, in _find_and_load
  File "<frozen importlib._bootstrap>", line 1324, in _find_and_load_unlocked
ModuleNotFoundError: No module named 'services.crawler'
WARNING:  WatchFiles detected changes in 'admin_service\app\auth\security.py'. Reloading...
Process SpawnProcess-2:
Traceback (most recent call last):
  File "C:\Users\yuguo\AppData\Local\Programs\Python\Python312\Lib\multiprocessing\process.py", line 314, in _bootstrap
    self.run()
  File "C:\Users\yuguo\AppData\Local\Programs\Python\Python312\Lib\multiprocessing\process.py", line 108, in run
    self._target(*self._args, **self._kwargs)
  File "C:\Users\yuguo\AppData\Local\Programs\Python\Python312\Lib\site-packages\uvicorn\_subprocess.py", line 76, in subprocess_started
    target(sockets=sockets)
  File "C:\Users\yuguo\AppData\Local\Programs\Python\Python312\Lib\site-packages\uvicorn\server.py", line 61, in run
    return asyncio.run(self.serve(sockets=sockets))
           ^^^^^^^^^^^^^^^^^^^^^^^^^^^^^^^^^^^^^^^^
  File "C:\Users\yuguo\AppData\Local\Programs\Python\Python312\Lib\asyncio\runners.py", line 194, in run
    return runner.run(main)
           ^^^^^^^^^^^^^^^^
  File "C:\Users\yuguo\AppData\Local\Programs\Python\Python312\Lib\asyncio\runners.py", line 118, in run
    return self._loop.run_until_complete(task)
           ^^^^^^^^^^^^^^^^^^^^^^^^^^^^^^^^^^^
  File "C:\Users\yuguo\AppData\Local\Programs\Python\Python312\Lib\asyncio\base_events.py", line 687, in run_until_complete
    return future.result()
           ^^^^^^^^^^^^^^^
  File "C:\Users\yuguo\AppData\Local\Programs\Python\Python312\Lib\site-packages\uvicorn\server.py", line 68, in serve
    config.load()
  File "C:\Users\yuguo\AppData\Local\Programs\Python\Python312\Lib\site-packages\uvicorn\config.py", line 467, in load
    self.loaded_app = import_from_string(self.app)
                      ^^^^^^^^^^^^^^^^^^^^^^^^^^^^
  File "C:\Users\yuguo\AppData\Local\Programs\Python\Python312\Lib\site-packages\uvicorn\importer.py", line 24, in import_from_string
    raise exc from None
  File "C:\Users\yuguo\AppData\Local\Programs\Python\Python312\Lib\site-packages\uvicorn\importer.py", line 21, in import_from_string
    module = importlib.import_module(module_str)
             ^^^^^^^^^^^^^^^^^^^^^^^^^^^^^^^^^^^
  File "C:\Users\yuguo\AppData\Local\Programs\Python\Python312\Lib\importlib\__init__.py", line 90, in import_module
    return _bootstrap._gcd_import(name[level:], package, level)
           ^^^^^^^^^^^^^^^^^^^^^^^^^^^^^^^^^^^^^^^^^^^^^^^^^^^^
  File "<frozen importlib._bootstrap>", line 1387, in _gcd_import
  File "<frozen importlib._bootstrap>", line 1360, in _find_and_load
  File "<frozen importlib._bootstrap>", line 1310, in _find_and_load_unlocked
  File "<frozen importlib._bootstrap>", line 488, in _call_with_frames_removed
  File "<frozen importlib._bootstrap>", line 1387, in _gcd_import
  File "<frozen importlib._bootstrap>", line 1360, in _find_and_load
  File "<frozen importlib._bootstrap>", line 1324, in _find_and_load_unlocked
ModuleNotFoundError: No module named 'services.crawler'
WARNING:  WatchFiles detected changes in 'admin_service\app\auth\security.py'. Reloading...
Process SpawnProcess-3:
Traceback (most recent call last):
  File "C:\Users\yuguo\AppData\Local\Programs\Python\Python312\Lib\multiprocessing\process.py", line 314, in _bootstrap
    self.run()
  File "C:\Users\yuguo\AppData\Local\Programs\Python\Python312\Lib\multiprocessing\process.py", line 108, in run
    self._target(*self._args, **self._kwargs)
  File "C:\Users\yuguo\AppData\Local\Programs\Python\Python312\Lib\site-packages\uvicorn\_subprocess.py", line 76, in subprocess_started
    target(sockets=sockets)
  File "C:\Users\yuguo\AppData\Local\Programs\Python\Python312\Lib\site-packages\uvicorn\server.py", line 61, in run
    return asyncio.run(self.serve(sockets=sockets))
           ^^^^^^^^^^^^^^^^^^^^^^^^^^^^^^^^^^^^^^^^
  File "C:\Users\yuguo\AppData\Local\Programs\Python\Python312\Lib\asyncio\runners.py", line 194, in run
    return runner.run(main)
           ^^^^^^^^^^^^^^^^
  File "C:\Users\yuguo\AppData\Local\Programs\Python\Python312\Lib\asyncio\runners.py", line 118, in run
    return self._loop.run_until_complete(task)
           ^^^^^^^^^^^^^^^^^^^^^^^^^^^^^^^^^^^
  File "C:\Users\yuguo\AppData\Local\Programs\Python\Python312\Lib\asyncio\base_events.py", line 687, in run_until_complete
    return future.result()
           ^^^^^^^^^^^^^^^
  File "C:\Users\yuguo\AppData\Local\Programs\Python\Python312\Lib\site-packages\uvicorn\server.py", line 68, in serve
    config.load()
  File "C:\Users\yuguo\AppData\Local\Programs\Python\Python312\Lib\site-packages\uvicorn\config.py", line 467, in load
    self.loaded_app = import_from_string(self.app)
                      ^^^^^^^^^^^^^^^^^^^^^^^^^^^^
  File "C:\Users\yuguo\AppData\Local\Programs\Python\Python312\Lib\site-packages\uvicorn\importer.py", line 24, in import_from_string
    raise exc from None
  File "C:\Users\yuguo\AppData\Local\Programs\Python\Python312\Lib\site-packages\uvicorn\importer.py", line 21, in import_from_string
    module = importlib.import_module(module_str)
             ^^^^^^^^^^^^^^^^^^^^^^^^^^^^^^^^^^^
  File "C:\Users\yuguo\AppData\Local\Programs\Python\Python312\Lib\importlib\__init__.py", line 90, in import_module
    return _bootstrap._gcd_import(name[level:], package, level)
           ^^^^^^^^^^^^^^^^^^^^^^^^^^^^^^^^^^^^^^^^^^^^^^^^^^^^
  File "<frozen importlib._bootstrap>", line 1387, in _gcd_import
  File "<frozen importlib._bootstrap>", line 1360, in _find_and_load
  File "<frozen importlib._bootstrap>", line 1310, in _find_and_load_unlocked
  File "<frozen importlib._bootstrap>", line 488, in _call_with_frames_removed
  File "<frozen importlib._bootstrap>", line 1387, in _gcd_import
  File "<frozen importlib._bootstrap>", line 1360, in _find_and_load
  File "<frozen importlib._bootstrap>", line 1324, in _find_and_load_unlocked
ModuleNotFoundError: No module named 'services.crawler'
WARNING:  WatchFiles detected changes in 'services\server.py'. Reloading...
WARNING:  WatchFiles detected changes in 'services\server.py'. Reloading...
Process SpawnProcess-4:
Traceback (most recent call last):
  File "C:\Users\yuguo\AppData\Local\Programs\Python\Python312\Lib\multiprocessing\process.py", line 314, in _bootstrap
    self.run()
  File "C:\Users\yuguo\AppData\Local\Programs\Python\Python312\Lib\multiprocessing\process.py", line 108, in run
    self._target(*self._args, **self._kwargs)
  File "C:\Users\yuguo\AppData\Local\Programs\Python\Python312\Lib\site-packages\uvicorn\_subprocess.py", line 76, in subprocess_started
    target(sockets=sockets)
  File "C:\Users\yuguo\AppData\Local\Programs\Python\Python312\Lib\site-packages\uvicorn\server.py", line 61, in run
    return asyncio.run(self.serve(sockets=sockets))
           ^^^^^^^^^^^^^^^^^^^^^^^^^^^^^^^^^^^^^^^^
  File "C:\Users\yuguo\AppData\Local\Programs\Python\Python312\Lib\asyncio\runners.py", line 194, in run
    return runner.run(main)
           ^^^^^^^^^^^^^^^^
  File "C:\Users\yuguo\AppData\Local\Programs\Python\Python312\Lib\asyncio\runners.py", line 118, in run
    return self._loop.run_until_complete(task)
           ^^^^^^^^^^^^^^^^^^^^^^^^^^^^^^^^^^^
  File "C:\Users\yuguo\AppData\Local\Programs\Python\Python312\Lib\asyncio\base_events.py", line 687, in run_until_complete
    return future.result()
           ^^^^^^^^^^^^^^^
  File "C:\Users\yuguo\AppData\Local\Programs\Python\Python312\Lib\site-packages\uvicorn\server.py", line 68, in serve
    config.load()
  File "C:\Users\yuguo\AppData\Local\Programs\Python\Python312\Lib\site-packages\uvicorn\config.py", line 467, in load
    self.loaded_app = import_from_string(self.app)
                      ^^^^^^^^^^^^^^^^^^^^^^^^^^^^
  File "C:\Users\yuguo\AppData\Local\Programs\Python\Python312\Lib\site-packages\uvicorn\importer.py", line 24, in import_from_string
    raise exc from None
  File "C:\Users\yuguo\AppData\Local\Programs\Python\Python312\Lib\site-packages\uvicorn\importer.py", line 21, in import_from_string
    module = importlib.import_module(module_str)
             ^^^^^^^^^^^^^^^^^^^^^^^^^^^^^^^^^^^
  File "C:\Users\yuguo\AppData\Local\Programs\Python\Python312\Lib\importlib\__init__.py", line 90, in import_module
    return _bootstrap._gcd_import(name[level:], package, level)
           ^^^^^^^^^^^^^^^^^^^^^^^^^^^^^^^^^^^^^^^^^^^^^^^^^^^^
  File "<frozen importlib._bootstrap>", line 1387, in _gcd_import
  File "<frozen importlib._bootstrap>", line 1360, in _find_and_load
  File "<frozen importlib._bootstrap>", line 1310, in _find_and_load_unlocked
  File "<frozen importlib._bootstrap>", line 488, in _call_with_frames_removed
  File "<frozen importlib._bootstrap>", line 1387, in _gcd_import
  File "<frozen importlib._bootstrap>", line 1360, in _find_and_load
  File "<frozen importlib._bootstrap>", line 1324, in _find_and_load_unlocked
ModuleNotFoundError: No module named 'services.crawler'
Process SpawnProcess-5:
Traceback (most recent call last):
  File "C:\Users\yuguo\AppData\Local\Programs\Python\Python312\Lib\multiprocessing\process.py", line 314, in _bootstrap
    self.run()
  File "C:\Users\yuguo\AppData\Local\Programs\Python\Python312\Lib\multiprocessing\process.py", line 108, in run
    self._target(*self._args, **self._kwargs)
  File "C:\Users\yuguo\AppData\Local\Programs\Python\Python312\Lib\site-packages\uvicorn\_subprocess.py", line 76, in subprocess_started
    target(sockets=sockets)
  File "C:\Users\yuguo\AppData\Local\Programs\Python\Python312\Lib\site-packages\uvicorn\server.py", line 61, in run
    return asyncio.run(self.serve(sockets=sockets))
           ^^^^^^^^^^^^^^^^^^^^^^^^^^^^^^^^^^^^^^^^
  File "C:\Users\yuguo\AppData\Local\Programs\Python\Python312\Lib\asyncio\runners.py", line 194, in run
    return runner.run(main)
           ^^^^^^^^^^^^^^^^
  File "C:\Users\yuguo\AppData\Local\Programs\Python\Python312\Lib\asyncio\runners.py", line 118, in run
    return self._loop.run_until_complete(task)
           ^^^^^^^^^^^^^^^^^^^^^^^^^^^^^^^^^^^
  File "C:\Users\yuguo\AppData\Local\Programs\Python\Python312\Lib\asyncio\base_events.py", line 687, in run_until_complete
    return future.result()
           ^^^^^^^^^^^^^^^
  File "C:\Users\yuguo\AppData\Local\Programs\Python\Python312\Lib\site-packages\uvicorn\server.py", line 68, in serve
    config.load()
  File "C:\Users\yuguo\AppData\Local\Programs\Python\Python312\Lib\site-packages\uvicorn\config.py", line 467, in load
    self.loaded_app = import_from_string(self.app)
                      ^^^^^^^^^^^^^^^^^^^^^^^^^^^^
  File "C:\Users\yuguo\AppData\Local\Programs\Python\Python312\Lib\site-packages\uvicorn\importer.py", line 24, in import_from_string
    raise exc from None
  File "C:\Users\yuguo\AppData\Local\Programs\Python\Python312\Lib\site-packages\uvicorn\importer.py", line 21, in import_from_string
    module = importlib.import_module(module_str)
             ^^^^^^^^^^^^^^^^^^^^^^^^^^^^^^^^^^^
  File "C:\Users\yuguo\AppData\Local\Programs\Python\Python312\Lib\importlib\__init__.py", line 90, in import_module
    return _bootstrap._gcd_import(name[level:], package, level)
           ^^^^^^^^^^^^^^^^^^^^^^^^^^^^^^^^^^^^^^^^^^^^^^^^^^^^
  File "<frozen importlib._bootstrap>", line 1387, in _gcd_import
  File "<frozen importlib._bootstrap>", line 1360, in _find_and_load
  File "<frozen importlib._bootstrap>", line 1310, in _find_and_load_unlocked
  File "<frozen importlib._bootstrap>", line 488, in _call_with_frames_removed
  File "<frozen importlib._bootstrap>", line 1387, in _gcd_import
  File "<frozen importlib._bootstrap>", line 1360, in _find_and_load
  File "<frozen importlib._bootstrap>", line 1324, in _find_and_load_unlocked
ModuleNotFoundError: No module named 'services.crawler'
WARNING:  WatchFiles detected changes in 'admin_service\app\auth\security.py'. Reloading...
Process SpawnProcess-6:
Traceback (most recent call last):
  File "C:\Users\yuguo\AppData\Local\Programs\Python\Python312\Lib\multiprocessing\process.py", line 314, in _bootstrap
    self.run()
  File "C:\Users\yuguo\AppData\Local\Programs\Python\Python312\Lib\multiprocessing\process.py", line 108, in run
    self._target(*self._args, **self._kwargs)
  File "C:\Users\yuguo\AppData\Local\Programs\Python\Python312\Lib\site-packages\uvicorn\_subprocess.py", line 76, in subprocess_started
    target(sockets=sockets)
  File "C:\Users\yuguo\AppData\Local\Programs\Python\Python312\Lib\site-packages\uvicorn\server.py", line 61, in run
    return asyncio.run(self.serve(sockets=sockets))
           ^^^^^^^^^^^^^^^^^^^^^^^^^^^^^^^^^^^^^^^^
  File "C:\Users\yuguo\AppData\Local\Programs\Python\Python312\Lib\asyncio\runners.py", line 194, in run
    return runner.run(main)
           ^^^^^^^^^^^^^^^^
  File "C:\Users\yuguo\AppData\Local\Programs\Python\Python312\Lib\asyncio\runners.py", line 118, in run
    return self._loop.run_until_complete(task)
           ^^^^^^^^^^^^^^^^^^^^^^^^^^^^^^^^^^^
  File "C:\Users\yuguo\AppData\Local\Programs\Python\Python312\Lib\asyncio\base_events.py", line 687, in run_until_complete
    return future.result()
           ^^^^^^^^^^^^^^^
  File "C:\Users\yuguo\AppData\Local\Programs\Python\Python312\Lib\site-packages\uvicorn\server.py", line 68, in serve
    config.load()
  File "C:\Users\yuguo\AppData\Local\Programs\Python\Python312\Lib\site-packages\uvicorn\config.py", line 467, in load
    self.loaded_app = import_from_string(self.app)
                      ^^^^^^^^^^^^^^^^^^^^^^^^^^^^
  File "C:\Users\yuguo\AppData\Local\Programs\Python\Python312\Lib\site-packages\uvicorn\importer.py", line 24, in import_from_string
    raise exc from None
  File "C:\Users\yuguo\AppData\Local\Programs\Python\Python312\Lib\site-packages\uvicorn\importer.py", line 21, in import_from_string
    module = importlib.import_module(module_str)
             ^^^^^^^^^^^^^^^^^^^^^^^^^^^^^^^^^^^
  File "C:\Users\yuguo\AppData\Local\Programs\Python\Python312\Lib\importlib\__init__.py", line 90, in import_module
    return _bootstrap._gcd_import(name[level:], package, level)
           ^^^^^^^^^^^^^^^^^^^^^^^^^^^^^^^^^^^^^^^^^^^^^^^^^^^^
  File "<frozen importlib._bootstrap>", line 1387, in _gcd_import
  File "<frozen importlib._bootstrap>", line 1360, in _find_and_load
  File "<frozen importlib._bootstrap>", line 1310, in _find_and_load_unlocked
  File "<frozen importlib._bootstrap>", line 488, in _call_with_frames_removed
  File "<frozen importlib._bootstrap>", line 1387, in _gcd_import
  File "<frozen importlib._bootstrap>", line 1360, in _find_and_load
  File "<frozen importlib._bootstrap>", line 1324, in _find_and_load_unlocked
ModuleNotFoundError: No module named 'services.crawler'
WARNING:  WatchFiles detected changes in 'admin_service\app\auth\security.py'. Reloading...
Process SpawnProcess-7:
Traceback (most recent call last):
  File "C:\Users\yuguo\AppData\Local\Programs\Python\Python312\Lib\multiprocessing\process.py", line 314, in _bootstrap
    self.run()
  File "C:\Users\yuguo\AppData\Local\Programs\Python\Python312\Lib\multiprocessing\process.py", line 108, in run
    self._target(*self._args, **self._kwargs)
  File "C:\Users\yuguo\AppData\Local\Programs\Python\Python312\Lib\site-packages\uvicorn\_subprocess.py", line 76, in subprocess_started
    target(sockets=sockets)
  File "C:\Users\yuguo\AppData\Local\Programs\Python\Python312\Lib\site-packages\uvicorn\server.py", line 61, in run
    return asyncio.run(self.serve(sockets=sockets))
           ^^^^^^^^^^^^^^^^^^^^^^^^^^^^^^^^^^^^^^^^
  File "C:\Users\yuguo\AppData\Local\Programs\Python\Python312\Lib\asyncio\runners.py", line 194, in run
    return runner.run(main)
           ^^^^^^^^^^^^^^^^
  File "C:\Users\yuguo\AppData\Local\Programs\Python\Python312\Lib\asyncio\runners.py", line 118, in run
    return self._loop.run_until_complete(task)
           ^^^^^^^^^^^^^^^^^^^^^^^^^^^^^^^^^^^
  File "C:\Users\yuguo\AppData\Local\Programs\Python\Python312\Lib\asyncio\base_events.py", line 687, in run_until_complete
    return future.result()
           ^^^^^^^^^^^^^^^
  File "C:\Users\yuguo\AppData\Local\Programs\Python\Python312\Lib\site-packages\uvicorn\server.py", line 68, in serve
    config.load()
  File "C:\Users\yuguo\AppData\Local\Programs\Python\Python312\Lib\site-packages\uvicorn\config.py", line 467, in load
    self.loaded_app = import_from_string(self.app)
                      ^^^^^^^^^^^^^^^^^^^^^^^^^^^^
  File "C:\Users\yuguo\AppData\Local\Programs\Python\Python312\Lib\site-packages\uvicorn\importer.py", line 24, in import_from_string
    raise exc from None
  File "C:\Users\yuguo\AppData\Local\Programs\Python\Python312\Lib\site-packages\uvicorn\importer.py", line 21, in import_from_string
    module = importlib.import_module(module_str)
             ^^^^^^^^^^^^^^^^^^^^^^^^^^^^^^^^^^^
  File "C:\Users\yuguo\AppData\Local\Programs\Python\Python312\Lib\importlib\__init__.py", line 90, in import_module
    return _bootstrap._gcd_import(name[level:], package, level)
           ^^^^^^^^^^^^^^^^^^^^^^^^^^^^^^^^^^^^^^^^^^^^^^^^^^^^
  File "<frozen importlib._bootstrap>", line 1387, in _gcd_import
  File "<frozen importlib._bootstrap>", line 1360, in _find_and_load
  File "<frozen importlib._bootstrap>", line 1310, in _find_and_load_unlocked
  File "<frozen importlib._bootstrap>", line 488, in _call_with_frames_removed
  File "<frozen importlib._bootstrap>", line 1387, in _gcd_import
  File "<frozen importlib._bootstrap>", line 1360, in _find_and_load
  File "<frozen importlib._bootstrap>", line 1324, in _find_and_load_unlocked
ModuleNotFoundError: No module named 'services.crawler'
WARNING:  WatchFiles detected changes in 'services\server.py'. Reloading...
Process SpawnProcess-8:
Traceback (most recent call last):
  File "C:\Users\yuguo\AppData\Local\Programs\Python\Python312\Lib\multiprocessing\process.py", line 314, in _bootstrap
    self.run()
  File "C:\Users\yuguo\AppData\Local\Programs\Python\Python312\Lib\multiprocessing\process.py", line 108, in run
    self._target(*self._args, **self._kwargs)
  File "C:\Users\yuguo\AppData\Local\Programs\Python\Python312\Lib\site-packages\uvicorn\_subprocess.py", line 76, in subprocess_started
    target(sockets=sockets)
  File "C:\Users\yuguo\AppData\Local\Programs\Python\Python312\Lib\site-packages\uvicorn\server.py", line 61, in run
    return asyncio.run(self.serve(sockets=sockets))
           ^^^^^^^^^^^^^^^^^^^^^^^^^^^^^^^^^^^^^^^^
  File "C:\Users\yuguo\AppData\Local\Programs\Python\Python312\Lib\asyncio\runners.py", line 194, in run
    return runner.run(main)
           ^^^^^^^^^^^^^^^^
  File "C:\Users\yuguo\AppData\Local\Programs\Python\Python312\Lib\asyncio\runners.py", line 118, in run
    return self._loop.run_until_complete(task)
           ^^^^^^^^^^^^^^^^^^^^^^^^^^^^^^^^^^^
  File "C:\Users\yuguo\AppData\Local\Programs\Python\Python312\Lib\asyncio\base_events.py", line 687, in run_until_complete
    return future.result()
           ^^^^^^^^^^^^^^^
  File "C:\Users\yuguo\AppData\Local\Programs\Python\Python312\Lib\site-packages\uvicorn\server.py", line 68, in serve
    config.load()
  File "C:\Users\yuguo\AppData\Local\Programs\Python\Python312\Lib\site-packages\uvicorn\config.py", line 467, in load
    self.loaded_app = import_from_string(self.app)
                      ^^^^^^^^^^^^^^^^^^^^^^^^^^^^
  File "C:\Users\yuguo\AppData\Local\Programs\Python\Python312\Lib\site-packages\uvicorn\importer.py", line 24, in import_from_string
    raise exc from None
  File "C:\Users\yuguo\AppData\Local\Programs\Python\Python312\Lib\site-packages\uvicorn\importer.py", line 21, in import_from_string
    module = importlib.import_module(module_str)
             ^^^^^^^^^^^^^^^^^^^^^^^^^^^^^^^^^^^
  File "C:\Users\yuguo\AppData\Local\Programs\Python\Python312\Lib\importlib\__init__.py", line 90, in import_module
    return _bootstrap._gcd_import(name[level:], package, level)
           ^^^^^^^^^^^^^^^^^^^^^^^^^^^^^^^^^^^^^^^^^^^^^^^^^^^^
  File "<frozen importlib._bootstrap>", line 1387, in _gcd_import
  File "<frozen importlib._bootstrap>", line 1360, in _find_and_load
  File "<frozen importlib._bootstrap>", line 1310, in _find_and_load_unlocked
  File "<frozen importlib._bootstrap>", line 488, in _call_with_frames_removed
  File "<frozen importlib._bootstrap>", line 1387, in _gcd_import
  File "<frozen importlib._bootstrap>", line 1360, in _find_and_load
  File "<frozen importlib._bootstrap>", line 1324, in _find_and_load_unlocked
ModuleNotFoundError: No module named 'services.crawler'
WARNING:  WatchFiles detected changes in 'admin_service\app\auth\security.py'. Reloading...
Process SpawnProcess-9:
Traceback (most recent call last):
  File "C:\Users\yuguo\AppData\Local\Programs\Python\Python312\Lib\multiprocessing\process.py", line 314, in _bootstrap
    self.run()
  File "C:\Users\yuguo\AppData\Local\Programs\Python\Python312\Lib\multiprocessing\process.py", line 108, in run
    self._target(*self._args, **self._kwargs)
  File "C:\Users\yuguo\AppData\Local\Programs\Python\Python312\Lib\site-packages\uvicorn\_subprocess.py", line 76, in subprocess_started
    target(sockets=sockets)
  File "C:\Users\yuguo\AppData\Local\Programs\Python\Python312\Lib\site-packages\uvicorn\server.py", line 61, in run
    return asyncio.run(self.serve(sockets=sockets))
           ^^^^^^^^^^^^^^^^^^^^^^^^^^^^^^^^^^^^^^^^
  File "C:\Users\yuguo\AppData\Local\Programs\Python\Python312\Lib\asyncio\runners.py", line 194, in run
    return runner.run(main)
           ^^^^^^^^^^^^^^^^
  File "C:\Users\yuguo\AppData\Local\Programs\Python\Python312\Lib\asyncio\runners.py", line 118, in run
    return self._loop.run_until_complete(task)
           ^^^^^^^^^^^^^^^^^^^^^^^^^^^^^^^^^^^
  File "C:\Users\yuguo\AppData\Local\Programs\Python\Python312\Lib\asyncio\base_events.py", line 687, in run_until_complete
    return future.result()
           ^^^^^^^^^^^^^^^
  File "C:\Users\yuguo\AppData\Local\Programs\Python\Python312\Lib\site-packages\uvicorn\server.py", line 68, in serve
    config.load()
  File "C:\Users\yuguo\AppData\Local\Programs\Python\Python312\Lib\site-packages\uvicorn\config.py", line 467, in load
    self.loaded_app = import_from_string(self.app)
                      ^^^^^^^^^^^^^^^^^^^^^^^^^^^^
  File "C:\Users\yuguo\AppData\Local\Programs\Python\Python312\Lib\site-packages\uvicorn\importer.py", line 24, in import_from_string
    raise exc from None
  File "C:\Users\yuguo\AppData\Local\Programs\Python\Python312\Lib\site-packages\uvicorn\importer.py", line 21, in import_from_string
    module = importlib.import_module(module_str)
             ^^^^^^^^^^^^^^^^^^^^^^^^^^^^^^^^^^^
  File "C:\Users\yuguo\AppData\Local\Programs\Python\Python312\Lib\importlib\__init__.py", line 90, in import_module
    return _bootstrap._gcd_import(name[level:], package, level)
           ^^^^^^^^^^^^^^^^^^^^^^^^^^^^^^^^^^^^^^^^^^^^^^^^^^^^
  File "<frozen importlib._bootstrap>", line 1387, in _gcd_import
  File "<frozen importlib._bootstrap>", line 1360, in _find_and_load
  File "<frozen importlib._bootstrap>", line 1310, in _find_and_load_unlocked
  File "<frozen importlib._bootstrap>", line 488, in _call_with_frames_removed
  File "<frozen importlib._bootstrap>", line 1387, in _gcd_import
  File "<frozen importlib._bootstrap>", line 1360, in _find_and_load
  File "<frozen importlib._bootstrap>", line 1324, in _find_and_load_unlocked
ModuleNotFoundError: No module named 'services.crawler'
INFO:     Will watch for changes in these directories: ['E:\\test-demo\\services']
INFO:     Uvicorn running on http://0.0.0.0:8001 (Press CTRL+C to quit)
INFO:     Started reloader process [14568] using WatchFiles
Process SpawnProcess-1:
Traceback (most recent call last):
  File "C:\Users\yuguo\AppData\Local\Programs\Python\Python312\Lib\multiprocessing\process.py", line 314, in _bootstrap
    self.run()
  File "C:\Users\yuguo\AppData\Local\Programs\Python\Python312\Lib\multiprocessing\process.py", line 108, in run
    self._target(*self._args, **self._kwargs)
  File "C:\Users\yuguo\AppData\Local\Programs\Python\Python312\Lib\site-packages\uvicorn\_subprocess.py", line 76, in subprocess_started
    target(sockets=sockets)
  File "C:\Users\yuguo\AppData\Local\Programs\Python\Python312\Lib\site-packages\uvicorn\server.py", line 61, in run
    return asyncio.run(self.serve(sockets=sockets))
           ^^^^^^^^^^^^^^^^^^^^^^^^^^^^^^^^^^^^^^^^
  File "C:\Users\yuguo\AppData\Local\Programs\Python\Python312\Lib\asyncio\runners.py", line 194, in run
    return runner.run(main)
           ^^^^^^^^^^^^^^^^
  File "C:\Users\yuguo\AppData\Local\Programs\Python\Python312\Lib\asyncio\runners.py", line 118, in run
    return self._loop.run_until_complete(task)
           ^^^^^^^^^^^^^^^^^^^^^^^^^^^^^^^^^^^
  File "C:\Users\yuguo\AppData\Local\Programs\Python\Python312\Lib\asyncio\base_events.py", line 687, in run_until_complete
    return future.result()
           ^^^^^^^^^^^^^^^
  File "C:\Users\yuguo\AppData\Local\Programs\Python\Python312\Lib\site-packages\uvicorn\server.py", line 68, in serve
    config.load()
  File "C:\Users\yuguo\AppData\Local\Programs\Python\Python312\Lib\site-packages\uvicorn\config.py", line 467, in load
    self.loaded_app = import_from_string(self.app)
                      ^^^^^^^^^^^^^^^^^^^^^^^^^^^^
  File "C:\Users\yuguo\AppData\Local\Programs\Python\Python312\Lib\site-packages\uvicorn\importer.py", line 24, in import_from_string
    raise exc from None
  File "C:\Users\yuguo\AppData\Local\Programs\Python\Python312\Lib\site-packages\uvicorn\importer.py", line 21, in import_from_string
    module = importlib.import_module(module_str)
             ^^^^^^^^^^^^^^^^^^^^^^^^^^^^^^^^^^^
  File "C:\Users\yuguo\AppData\Local\Programs\Python\Python312\Lib\importlib\__init__.py", line 90, in import_module
    return _bootstrap._gcd_import(name[level:], package, level)
           ^^^^^^^^^^^^^^^^^^^^^^^^^^^^^^^^^^^^^^^^^^^^^^^^^^^^
  File "<frozen importlib._bootstrap>", line 1387, in _gcd_import
  File "<frozen importlib._bootstrap>", line 1360, in _find_and_load
  File "<frozen importlib._bootstrap>", line 1310, in _find_and_load_unlocked
  File "<frozen importlib._bootstrap>", line 488, in _call_with_frames_removed
  File "<frozen importlib._bootstrap>", line 1387, in _gcd_import
  File "<frozen importlib._bootstrap>", line 1360, in _find_and_load
  File "<frozen importlib._bootstrap>", line 1324, in _find_and_load_unlocked
ModuleNotFoundError: No module named 'services.crawler'
WARNING:  WatchFiles detected changes in 'admin_service\app\auth\security.py'. Reloading...
Process SpawnProcess-2:
Traceback (most recent call last):
  File "C:\Users\yuguo\AppData\Local\Programs\Python\Python312\Lib\multiprocessing\process.py", line 314, in _bootstrap
    self.run()
  File "C:\Users\yuguo\AppData\Local\Programs\Python\Python312\Lib\multiprocessing\process.py", line 108, in run
    self._target(*self._args, **self._kwargs)
  File "C:\Users\yuguo\AppData\Local\Programs\Python\Python312\Lib\site-packages\uvicorn\_subprocess.py", line 76, in subprocess_started
    target(sockets=sockets)
  File "C:\Users\yuguo\AppData\Local\Programs\Python\Python312\Lib\site-packages\uvicorn\server.py", line 61, in run
    return asyncio.run(self.serve(sockets=sockets))
           ^^^^^^^^^^^^^^^^^^^^^^^^^^^^^^^^^^^^^^^^
  File "C:\Users\yuguo\AppData\Local\Programs\Python\Python312\Lib\asyncio\runners.py", line 194, in run
    return runner.run(main)
           ^^^^^^^^^^^^^^^^
  File "C:\Users\yuguo\AppData\Local\Programs\Python\Python312\Lib\asyncio\runners.py", line 118, in run
    return self._loop.run_until_complete(task)
           ^^^^^^^^^^^^^^^^^^^^^^^^^^^^^^^^^^^
  File "C:\Users\yuguo\AppData\Local\Programs\Python\Python312\Lib\asyncio\base_events.py", line 687, in run_until_complete
    return future.result()
           ^^^^^^^^^^^^^^^
  File "C:\Users\yuguo\AppData\Local\Programs\Python\Python312\Lib\site-packages\uvicorn\server.py", line 68, in serve
    config.load()
  File "C:\Users\yuguo\AppData\Local\Programs\Python\Python312\Lib\site-packages\uvicorn\config.py", line 467, in load
    self.loaded_app = import_from_string(self.app)
                      ^^^^^^^^^^^^^^^^^^^^^^^^^^^^
  File "C:\Users\yuguo\AppData\Local\Programs\Python\Python312\Lib\site-packages\uvicorn\importer.py", line 24, in import_from_string
    raise exc from None
  File "C:\Users\yuguo\AppData\Local\Programs\Python\Python312\Lib\site-packages\uvicorn\importer.py", line 21, in import_from_string
    module = importlib.import_module(module_str)
             ^^^^^^^^^^^^^^^^^^^^^^^^^^^^^^^^^^^
  File "C:\Users\yuguo\AppData\Local\Programs\Python\Python312\Lib\importlib\__init__.py", line 90, in import_module
    return _bootstrap._gcd_import(name[level:], package, level)
           ^^^^^^^^^^^^^^^^^^^^^^^^^^^^^^^^^^^^^^^^^^^^^^^^^^^^
  File "<frozen importlib._bootstrap>", line 1387, in _gcd_import
  File "<frozen importlib._bootstrap>", line 1360, in _find_and_load
  File "<frozen importlib._bootstrap>", line 1310, in _find_and_load_unlocked
  File "<frozen importlib._bootstrap>", line 488, in _call_with_frames_removed
  File "<frozen importlib._bootstrap>", line 1387, in _gcd_import
  File "<frozen importlib._bootstrap>", line 1360, in _find_and_load
  File "<frozen importlib._bootstrap>", line 1324, in _find_and_load_unlocked
ModuleNotFoundError: No module named 'services.crawler'
WARNING:  WatchFiles detected changes in 'services\__init__.py', 'services\server.py'. Reloading...
Process SpawnProcess-3:
Traceback (most recent call last):
  File "C:\Users\yuguo\AppData\Local\Programs\Python\Python312\Lib\multiprocessing\process.py", line 314, in _bootstrap
    self.run()
  File "C:\Users\yuguo\AppData\Local\Programs\Python\Python312\Lib\multiprocessing\process.py", line 108, in run
    self._target(*self._args, **self._kwargs)
  File "C:\Users\yuguo\AppData\Local\Programs\Python\Python312\Lib\site-packages\uvicorn\_subprocess.py", line 76, in subprocess_started
    target(sockets=sockets)
  File "C:\Users\yuguo\AppData\Local\Programs\Python\Python312\Lib\site-packages\uvicorn\server.py", line 61, in run
    return asyncio.run(self.serve(sockets=sockets))
           ^^^^^^^^^^^^^^^^^^^^^^^^^^^^^^^^^^^^^^^^
  File "C:\Users\yuguo\AppData\Local\Programs\Python\Python312\Lib\asyncio\runners.py", line 194, in run
    return runner.run(main)
           ^^^^^^^^^^^^^^^^
  File "C:\Users\yuguo\AppData\Local\Programs\Python\Python312\Lib\asyncio\runners.py", line 118, in run
    return self._loop.run_until_complete(task)
           ^^^^^^^^^^^^^^^^^^^^^^^^^^^^^^^^^^^
  File "C:\Users\yuguo\AppData\Local\Programs\Python\Python312\Lib\asyncio\base_events.py", line 687, in run_until_complete
    return future.result()
           ^^^^^^^^^^^^^^^
  File "C:\Users\yuguo\AppData\Local\Programs\Python\Python312\Lib\site-packages\uvicorn\server.py", line 68, in serve
    config.load()
  File "C:\Users\yuguo\AppData\Local\Programs\Python\Python312\Lib\site-packages\uvicorn\config.py", line 467, in load
    self.loaded_app = import_from_string(self.app)
                      ^^^^^^^^^^^^^^^^^^^^^^^^^^^^
  File "C:\Users\yuguo\AppData\Local\Programs\Python\Python312\Lib\site-packages\uvicorn\importer.py", line 24, in import_from_string
    raise exc from None
  File "C:\Users\yuguo\AppData\Local\Programs\Python\Python312\Lib\site-packages\uvicorn\importer.py", line 21, in import_from_string
    module = importlib.import_module(module_str)
             ^^^^^^^^^^^^^^^^^^^^^^^^^^^^^^^^^^^
  File "C:\Users\yuguo\AppData\Local\Programs\Python\Python312\Lib\importlib\__init__.py", line 90, in import_module
    return _bootstrap._gcd_import(name[level:], package, level)
           ^^^^^^^^^^^^^^^^^^^^^^^^^^^^^^^^^^^^^^^^^^^^^^^^^^^^
  File "<frozen importlib._bootstrap>", line 1387, in _gcd_import
  File "<frozen importlib._bootstrap>", line 1360, in _find_and_load
  File "<frozen importlib._bootstrap>", line 1310, in _find_and_load_unlocked
  File "<frozen importlib._bootstrap>", line 488, in _call_with_frames_removed
  File "<frozen importlib._bootstrap>", line 1387, in _gcd_import
  File "<frozen importlib._bootstrap>", line 1360, in _find_and_load
  File "<frozen importlib._bootstrap>", line 1324, in _find_and_load_unlocked
ModuleNotFoundError: No module named 'services.crawler'
INFO:     Will watch for changes in these directories: ['E:\\test-demo\\admin_service', 'E:\\test-demo\\crawler_service', 'E:\\test-demo\\system_service']
INFO:     Uvicorn running on http://0.0.0.0:8001 (Press CTRL+C to quit)
INFO:     Started reloader process [32648] using WatchFiles
2025-01-03 17:48:54,862 - crawler_database - INFO - MongoDB异步连接已创建
2025-01-03 17:48:54,867 - crawler_database - INFO - MongoDB同步连接已创建
INFO:     Started server process [7404]
INFO:     Waiting for application startup.
2025-01-03 17:48:55,230 - crawler_service - INFO - 初始化爬虫服务...
2025-01-03 17:48:55,231 - crawler_database - INFO - 开始创建MongoDB索引
2025-01-03 17:48:55,238 - crawler_database - INFO - 已删除集合 novels 的所有索引
2025-01-03 17:48:55,249 - crawler_database - INFO - 创建索引成功: novels - idx_novels_title
2025-01-03 17:48:55,258 - crawler_database - INFO - 创建索引成功: novels - idx_novels_source_url
2025-01-03 17:48:55,269 - crawler_database - INFO - 创建索引成功: novels - idx_novels_status
2025-01-03 17:48:55,279 - crawler_database - INFO - 创建索引成功: novels - idx_novels_created_at
2025-01-03 17:48:55,282 - crawler_database - INFO - 已删除集合 chapters 的所有索引
2025-01-03 17:48:55,292 - crawler_database - INFO - 创建索引成功: chapters - idx_chapters_novel_chapter
2025-01-03 17:48:55,302 - crawler_database - INFO - 创建索引成功: chapters - idx_chapters_source_url
2025-01-03 17:48:55,303 - crawler_database - INFO - MongoDB索引创建成功
2025-01-03 17:48:55,304 - crawler_service - INFO - 爬虫服务初始化完成
INFO:     Application startup complete.
WARNING:  WatchFiles detected changes in 'utils\auth.py'. Reloading...
INFO:     Will watch for changes in these directories: ['E:\\test-demo\\admin_service', 'E:\\test-demo\\crawler_service', 'E:\\test-demo\\system_service']
INFO:     Uvicorn running on http://0.0.0.0:8001 (Press CTRL+C to quit)
INFO:     Started reloader process [12888] using WatchFiles
2025-01-03 17:52:12,699 - crawler_database - INFO - MongoDB异步连接已创建
2025-01-03 17:52:12,704 - crawler_database - INFO - MongoDB同步连接已创建
INFO:     Started server process [2536]
INFO:     Waiting for application startup.
2025-01-03 17:52:13,030 - crawler_service - INFO - 初始化爬虫服务...
2025-01-03 17:52:13,030 - crawler_database - INFO - 开始创建MongoDB索引
2025-01-03 17:52:13,035 - crawler_database - INFO - 已删除集合 novels 的所有索引
2025-01-03 17:52:13,042 - crawler_database - INFO - 创建索引成功: novels - idx_novels_title
2025-01-03 17:52:13,049 - crawler_database - INFO - 创建索引成功: novels - idx_novels_source_url
2025-01-03 17:52:13,056 - crawler_database - INFO - 创建索引成功: novels - idx_novels_status
2025-01-03 17:52:13,063 - crawler_database - INFO - 创建索引成功: novels - idx_novels_created_at
2025-01-03 17:52:13,065 - crawler_database - INFO - 已删除集合 chapters 的所有索引
2025-01-03 17:52:13,073 - crawler_database - INFO - 创建索引成功: chapters - idx_chapters_novel_chapter
2025-01-03 17:52:13,082 - crawler_database - INFO - 创建索引成功: chapters - idx_chapters_source_url
2025-01-03 17:52:13,083 - crawler_database - INFO - MongoDB索引创建成功
2025-01-03 17:52:13,084 - crawler_service - INFO - 爬虫服务初始化完成
INFO:     Application startup complete.
WARNING:  WatchFiles detected changes in 'admin_service\app\auth\router.py'. Reloading...
INFO:     Will watch for changes in these directories: ['E:\\test-demo\\admin_service', 'E:\\test-demo\\crawler_service', 'E:\\test-demo\\system_service']
INFO:     Uvicorn running on http://0.0.0.0:8001 (Press CTRL+C to quit)
INFO:     Started reloader process [4240] using WatchFiles
2025-01-03 17:55:32,744 - crawler_database - INFO - MongoDB异步连接已创建
2025-01-03 17:55:32,750 - crawler_database - INFO - MongoDB同步连接已创建
INFO:     Started server process [24296]
INFO:     Waiting for application startup.
2025-01-03 17:55:33,092 - crawler_service - INFO - 初始化爬虫服务...
2025-01-03 17:55:33,092 - crawler_database - INFO - 开始创建MongoDB索引
2025-01-03 17:55:33,108 - crawler_database - INFO - 已删除集合 novels 的所有索引
2025-01-03 17:55:33,123 - crawler_database - INFO - 创建索引成功: novels - idx_novels_title
2025-01-03 17:55:33,135 - crawler_database - INFO - 创建索引成功: novels - idx_novels_source_url
2025-01-03 17:55:33,145 - crawler_database - INFO - 创建索引成功: novels - idx_novels_status
2025-01-03 17:55:33,153 - crawler_database - INFO - 创建索引成功: novels - idx_novels_created_at
2025-01-03 17:55:33,156 - crawler_database - INFO - 已删除集合 chapters 的所有索引
2025-01-03 17:55:33,165 - crawler_database - INFO - 创建索引成功: chapters - idx_chapters_novel_chapter
2025-01-03 17:55:33,173 - crawler_database - INFO - 创建索引成功: chapters - idx_chapters_source_url
2025-01-03 17:55:33,174 - crawler_database - INFO - MongoDB索引创建成功
2025-01-03 17:55:33,174 - crawler_service - INFO - 爬虫服务初始化完成
INFO:     Application startup complete.
WARNING:  WatchFiles detected changes in 'admin_service\app\main.py'. Reloading...
INFO:     Will watch for changes in these directories: ['E:\\test-demo\\admin_service', 'E:\\test-demo\\crawler_service', 'E:\\test-demo\\system_service']
INFO:     Uvicorn running on http://0.0.0.0:8001 (Press CTRL+C to quit)
INFO:     Started reloader process [13912] using WatchFiles
2025-01-03 17:59:41,133 - crawler_database - INFO - MongoDB异步连接已创建
2025-01-03 17:59:41,137 - crawler_database - INFO - MongoDB同步连接已创建
INFO:     Started server process [40868]
INFO:     Waiting for application startup.
2025-01-03 17:59:41,449 - crawler_service - INFO - 初始化爬虫服务...
2025-01-03 17:59:41,449 - crawler_database - INFO - 开始创建MongoDB索引
2025-01-03 17:59:41,474 - crawler_database - INFO - 已删除集合 novels 的所有索引
2025-01-03 17:59:41,494 - crawler_database - INFO - 创建索引成功: novels - idx_novels_title
2025-01-03 17:59:41,501 - crawler_database - INFO - 创建索引成功: novels - idx_novels_source_url
2025-01-03 17:59:41,509 - crawler_database - INFO - 创建索引成功: novels - idx_novels_status
2025-01-03 17:59:41,517 - crawler_database - INFO - 创建索引成功: novels - idx_novels_created_at
2025-01-03 17:59:41,518 - crawler_database - INFO - 已删除集合 chapters 的所有索引
2025-01-03 17:59:41,526 - crawler_database - INFO - 创建索引成功: chapters - idx_chapters_novel_chapter
2025-01-03 17:59:41,538 - crawler_database - INFO - 创建索引成功: chapters - idx_chapters_source_url
2025-01-03 17:59:41,539 - crawler_database - INFO - MongoDB索引创建成功
2025-01-03 17:59:41,540 - crawler_service - INFO - 爬虫服务初始化完成
INFO:     Application startup complete.
WARNING:  WatchFiles detected changes in 'admin_service\app\auth\security.py'. Reloading...
INFO:     Will watch for changes in these directories: ['E:\\test-demo\\admin_service', 'E:\\test-demo\\crawler_service', 'E:\\test-demo\\system_service']
INFO:     Uvicorn running on http://0.0.0.0:8001 (Press CTRL+C to quit)
INFO:     Started reloader process [26064] using WatchFiles
2025-03-21 09:19:20,945 - crawler_database - INFO - MongoDB异步连接已创建
2025-03-21 09:19:20,950 - crawler_database - INFO - MongoDB同步连接已创建
INFO:     Started server process [5508]
INFO:     Waiting for application startup.
2025-03-21 09:19:21,560 - crawler_service - INFO - 初始化爬虫服务...
2025-03-21 09:19:21,561 - crawler_database - INFO - 开始创建MongoDB索引
2025-03-21 09:19:21,588 - crawler_database - INFO - 已删除集合 novels 的所有索引
2025-03-21 09:19:21,623 - crawler_database - INFO - 创建索引成功: novels - idx_novels_title
2025-03-21 09:19:21,633 - crawler_database - INFO - 创建索引成功: novels - idx_novels_source_url
2025-03-21 09:19:21,640 - crawler_database - INFO - 创建索引成功: novels - idx_novels_status
2025-03-21 09:19:21,650 - crawler_database - INFO - 创建索引成功: novels - idx_novels_created_at
2025-03-21 09:19:21,750 - crawler_database - INFO - 已删除集合 chapters 的所有索引
2025-03-21 09:19:21,762 - crawler_database - INFO - 创建索引成功: chapters - idx_chapters_novel_chapter
2025-03-21 09:19:21,769 - crawler_database - INFO - 创建索引成功: chapters - idx_chapters_source_url
2025-03-21 09:19:21,770 - crawler_database - INFO - MongoDB索引创建成功
2025-03-21 09:19:21,770 - crawler_service - INFO - 爬虫服务初始化完成
INFO:     Application startup complete.
WARNING:  WatchFiles detected changes in 'utils\logger.py'. Reloading...
INFO:     Will watch for changes in these directories: ['E:\\test-demo\\admin_service', 'E:\\test-demo\\crawler_service', 'E:\\test-demo\\system_service']
INFO:     Uvicorn running on http://0.0.0.0:8001 (Press CTRL+C to quit)
INFO:     Started reloader process [3568] using WatchFiles
{"asctime": "2025-03-21 09:25:10,636", "name": "crawler_database", "levelname": "INFO", "message": "MongoDB异步连接已创建", "taskName": "Task-1"}
{"asctime": "2025-03-21 09:25:10,640", "name": "crawler_database", "levelname": "INFO", "message": "MongoDB同步连接已创建", "taskName": "Task-1"}
INFO:     Started server process [35592]
INFO:     Waiting for application startup.
{"asctime": "2025-03-21 09:25:10,923", "name": "crawler_service", "levelname": "INFO", "message": "初始化爬虫服务...", "taskName": "Task-2"}
{"asctime": "2025-03-21 09:25:10,923", "name": "crawler_database", "levelname": "INFO", "message": "开始创建MongoDB索引", "taskName": "Task-2"}
{"asctime": "2025-03-21 09:25:10,927", "name": "crawler_database", "levelname": "INFO", "message": "已删除集合 novels 的所有索引", "taskName": "Task-2"}
{"asctime": "2025-03-21 09:25:10,934", "name": "crawler_database", "levelname": "INFO", "message": "创建索引成功: novels - idx_novels_title", "taskName": "Task-2"}
{"asctime": "2025-03-21 09:25:10,940", "name": "crawler_database", "levelname": "INFO", "message": "创建索引成功: novels - idx_novels_source_url", "taskName": "Task-2"}
{"asctime": "2025-03-21 09:25:10,948", "name": "crawler_database", "levelname": "INFO", "message": "创建索引成功: novels - idx_novels_status", "taskName": "Task-2"}
{"asctime": "2025-03-21 09:25:10,955", "name": "crawler_database", "levelname": "INFO", "message": "创建索引成功: novels - idx_novels_created_at", "taskName": "Task-2"}
{"asctime": "2025-03-21 09:25:10,959", "name": "crawler_database", "levelname": "INFO", "message": "已删除集合 chapters 的所有索引", "taskName": "Task-2"}
{"asctime": "2025-03-21 09:25:10,966", "name": "crawler_database", "levelname": "INFO", "message": "创建索引成功: chapters - idx_chapters_novel_chapter", "taskName": "Task-2"}
{"asctime": "2025-03-21 09:25:10,973", "name": "crawler_database", "levelname": "INFO", "message": "创建索引成功: chapters - idx_chapters_source_url", "taskName": "Task-2"}
{"asctime": "2025-03-21 09:25:10,974", "name": "crawler_database", "levelname": "INFO", "message": "MongoDB索引创建成功", "taskName": "Task-2"}
{"asctime": "2025-03-21 09:25:10,974", "name": "crawler_service", "levelname": "INFO", "message": "爬虫服务初始化完成", "taskName": "Task-2"}
INFO:     Application startup complete.
INFO:     Will watch for changes in these directories: ['E:\\python-admin\\admin_service', 'E:\\python-admin\\crawler_service', 'E:\\python-admin\\system_service']
INFO:     Uvicorn running on http://0.0.0.0:8001 (Press CTRL+C to quit)
INFO:     Started reloader process [14864] using WatchFiles
{"asctime": "2025-03-21 09:36:27,933", "name": "crawler_database", "levelname": "INFO", "message": "MongoDB异步连接已创建", "taskName": "Task-1"}
{"asctime": "2025-03-21 09:36:27,938", "name": "crawler_database", "levelname": "INFO", "message": "MongoDB同步连接已创建", "taskName": "Task-1"}
INFO:     Started server process [32668]
INFO:     Waiting for application startup.
{"asctime": "2025-03-21 09:36:28,318", "name": "crawler_service", "levelname": "INFO", "message": "初始化爬虫服务...", "taskName": "Task-2"}
{"asctime": "2025-03-21 09:36:28,318", "name": "crawler_database", "levelname": "INFO", "message": "开始创建MongoDB索引", "taskName": "Task-2"}
{"asctime": "2025-03-21 09:36:28,338", "name": "crawler_database", "levelname": "INFO", "message": "已删除集合 novels 的所有索引", "taskName": "Task-2"}
{"asctime": "2025-03-21 09:36:28,347", "name": "crawler_database", "levelname": "INFO", "message": "创建索引成功: novels - idx_novels_title", "taskName": "Task-2"}
{"asctime": "2025-03-21 09:36:28,356", "name": "crawler_database", "levelname": "INFO", "message": "创建索引成功: novels - idx_novels_source_url", "taskName": "Task-2"}
{"asctime": "2025-03-21 09:36:28,365", "name": "crawler_database", "levelname": "INFO", "message": "创建索引成功: novels - idx_novels_status", "taskName": "Task-2"}
{"asctime": "2025-03-21 09:36:28,372", "name": "crawler_database", "levelname": "INFO", "message": "创建索引成功: novels - idx_novels_created_at", "taskName": "Task-2"}
{"asctime": "2025-03-21 09:36:28,374", "name": "crawler_database", "levelname": "INFO", "message": "已删除集合 chapters 的所有索引", "taskName": "Task-2"}
{"asctime": "2025-03-21 09:36:28,384", "name": "crawler_database", "levelname": "INFO", "message": "创建索引成功: chapters - idx_chapters_novel_chapter", "taskName": "Task-2"}
{"asctime": "2025-03-21 09:36:28,393", "name": "crawler_database", "levelname": "INFO", "message": "创建索引成功: chapters - idx_chapters_source_url", "taskName": "Task-2"}
{"asctime": "2025-03-21 09:36:28,394", "name": "crawler_database", "levelname": "INFO", "message": "MongoDB索引创建成功", "taskName": "Task-2"}
{"asctime": "2025-03-21 09:36:28,394", "name": "crawler_service", "levelname": "INFO", "message": "爬虫服务初始化完成", "taskName": "Task-2"}
INFO:     Application startup complete.
INFO:     Will watch for changes in these directories: ['E:\\python-admin\\admin_service', 'E:\\python-admin\\crawler_service', 'E:\\python-admin\\system_service']
INFO:     Uvicorn running on http://0.0.0.0:8001 (Press CTRL+C to quit)
INFO:     Started reloader process [28936] using WatchFiles
{"asctime": "2025-03-21 10:27:33,796", "name": "crawler_database", "levelname": "INFO", "message": "MongoDB异步连接已创建", "taskName": "Task-1"}
{"asctime": "2025-03-21 10:27:33,801", "name": "crawler_database", "levelname": "INFO", "message": "MongoDB同步连接已创建", "taskName": "Task-1"}
INFO:     Started server process [5096]
INFO:     Waiting for application startup.
{"asctime": "2025-03-21 10:27:34,142", "name": "crawler_service", "levelname": "INFO", "message": "初始化爬虫服务...", "taskName": "Task-2"}
{"asctime": "2025-03-21 10:27:34,142", "name": "crawler_database", "levelname": "INFO", "message": "开始创建MongoDB索引", "taskName": "Task-2"}
{"asctime": "2025-03-21 10:27:34,162", "name": "crawler_database", "levelname": "INFO", "message": "已删除集合 novels 的所有索引", "taskName": "Task-2"}
{"asctime": "2025-03-21 10:27:34,184", "name": "crawler_database", "levelname": "INFO", "message": "创建索引成功: novels - idx_novels_title", "taskName": "Task-2"}
{"asctime": "2025-03-21 10:27:34,191", "name": "crawler_database", "levelname": "INFO", "message": "创建索引成功: novels - idx_novels_source_url", "taskName": "Task-2"}
{"asctime": "2025-03-21 10:27:34,198", "name": "crawler_database", "levelname": "INFO", "message": "创建索引成功: novels - idx_novels_status", "taskName": "Task-2"}
{"asctime": "2025-03-21 10:27:34,205", "name": "crawler_database", "levelname": "INFO", "message": "创建索引成功: novels - idx_novels_created_at", "taskName": "Task-2"}
{"asctime": "2025-03-21 10:27:34,209", "name": "crawler_database", "levelname": "INFO", "message": "已删除集合 chapters 的所有索引", "taskName": "Task-2"}
{"asctime": "2025-03-21 10:27:34,216", "name": "crawler_database", "levelname": "INFO", "message": "创建索引成功: chapters - idx_chapters_novel_chapter", "taskName": "Task-2"}
{"asctime": "2025-03-21 10:27:34,223", "name": "crawler_database", "levelname": "INFO", "message": "创建索引成功: chapters - idx_chapters_source_url", "taskName": "Task-2"}
{"asctime": "2025-03-21 10:27:34,224", "name": "crawler_database", "levelname": "INFO", "message": "MongoDB索引创建成功", "taskName": "Task-2"}
{"asctime": "2025-03-21 10:27:34,224", "name": "crawler_service", "levelname": "INFO", "message": "爬虫服务初始化完成", "taskName": "Task-2"}
INFO:     Application startup complete.
INFO:     Will watch for changes in these directories: ['E:\\python-admin\\admin_service', 'E:\\python-admin\\crawler_service', 'E:\\python-admin\\system_service']
INFO:     Uvicorn running on http://0.0.0.0:8001 (Press CTRL+C to quit)
INFO:     Started reloader process [23192] using WatchFiles
{"asctime": "2025-03-24 15:43:23,549", "name": "crawler_database", "levelname": "INFO", "message": "MongoDB异步连接已创建", "taskName": "Task-1"}
{"asctime": "2025-03-24 15:43:23,556", "name": "crawler_database", "levelname": "INFO", "message": "MongoDB同步连接已创建", "taskName": "Task-1"}
INFO:     Started server process [35564]
INFO:     Waiting for application startup.
{"asctime": "2025-03-24 15:43:23,845", "name": "crawler_service", "levelname": "INFO", "message": "初始化爬虫服务...", "taskName": "Task-2"}
{"asctime": "2025-03-24 15:43:23,846", "name": "crawler_database", "levelname": "INFO", "message": "开始创建MongoDB索引", "taskName": "Task-2"}
{"asctime": "2025-03-24 15:43:23,868", "name": "crawler_database", "levelname": "INFO", "message": "已删除集合 novels 的所有索引", "taskName": "Task-2"}
{"asctime": "2025-03-24 15:43:23,877", "name": "crawler_database", "levelname": "INFO", "message": "创建索引成功: novels - idx_novels_title", "taskName": "Task-2"}
{"asctime": "2025-03-24 15:43:23,886", "name": "crawler_database", "levelname": "INFO", "message": "创建索引成功: novels - idx_novels_source_url", "taskName": "Task-2"}
{"asctime": "2025-03-24 15:43:23,892", "name": "crawler_database", "levelname": "INFO", "message": "创建索引成功: novels - idx_novels_status", "taskName": "Task-2"}
{"asctime": "2025-03-24 15:43:23,899", "name": "crawler_database", "levelname": "INFO", "message": "创建索引成功: novels - idx_novels_created_at", "taskName": "Task-2"}
{"asctime": "2025-03-24 15:43:23,902", "name": "crawler_database", "levelname": "INFO", "message": "已删除集合 chapters 的所有索引", "taskName": "Task-2"}
{"asctime": "2025-03-24 15:43:23,909", "name": "crawler_database", "levelname": "INFO", "message": "创建索引成功: chapters - idx_chapters_novel_chapter", "taskName": "Task-2"}
{"asctime": "2025-03-24 15:43:23,916", "name": "crawler_database", "levelname": "INFO", "message": "创建索引成功: chapters - idx_chapters_source_url", "taskName": "Task-2"}
{"asctime": "2025-03-24 15:43:23,916", "name": "crawler_database", "levelname": "INFO", "message": "MongoDB索引创建成功", "taskName": "Task-2"}
{"asctime": "2025-03-24 15:43:23,917", "name": "crawler_service", "levelname": "INFO", "message": "爬虫服务初始化完成", "taskName": "Task-2"}
INFO:     Application startup complete.
INFO:     Will watch for changes in these directories: ['E:\\python-admin\\admin_service', 'E:\\python-admin\\crawler_service', 'E:\\python-admin\\system_service']
INFO:     Uvicorn running on http://0.0.0.0:8001 (Press CTRL+C to quit)
INFO:     Started reloader process [5196] using WatchFiles
{"asctime": "2025-03-24 15:45:29,424", "name": "crawler_database", "levelname": "INFO", "message": "MongoDB异步连接已创建", "taskName": "Task-1"}
{"asctime": "2025-03-24 15:45:29,427", "name": "crawler_database", "levelname": "INFO", "message": "MongoDB同步连接已创建", "taskName": "Task-1"}
INFO:     Started server process [19580]
INFO:     Waiting for application startup.
{"asctime": "2025-03-24 15:45:29,681", "name": "crawler_service", "levelname": "INFO", "message": "初始化爬虫服务...", "taskName": "Task-2"}
{"asctime": "2025-03-24 15:45:29,682", "name": "crawler_database", "levelname": "INFO", "message": "开始创建MongoDB索引", "taskName": "Task-2"}
{"asctime": "2025-03-24 15:45:29,707", "name": "crawler_database", "levelname": "INFO", "message": "已删除集合 novels 的所有索引", "taskName": "Task-2"}
{"asctime": "2025-03-24 15:45:29,715", "name": "crawler_database", "levelname": "INFO", "message": "创建索引成功: novels - idx_novels_title", "taskName": "Task-2"}
{"asctime": "2025-03-24 15:45:29,720", "name": "crawler_database", "levelname": "INFO", "message": "创建索引成功: novels - idx_novels_source_url", "taskName": "Task-2"}
{"asctime": "2025-03-24 15:45:29,727", "name": "crawler_database", "levelname": "INFO", "message": "创建索引成功: novels - idx_novels_status", "taskName": "Task-2"}
{"asctime": "2025-03-24 15:45:29,735", "name": "crawler_database", "levelname": "INFO", "message": "创建索引成功: novels - idx_novels_created_at", "taskName": "Task-2"}
{"asctime": "2025-03-24 15:45:29,736", "name": "crawler_database", "levelname": "INFO", "message": "已删除集合 chapters 的所有索引", "taskName": "Task-2"}
{"asctime": "2025-03-24 15:45:29,742", "name": "crawler_database", "levelname": "INFO", "message": "创建索引成功: chapters - idx_chapters_novel_chapter", "taskName": "Task-2"}
{"asctime": "2025-03-24 15:45:29,748", "name": "crawler_database", "levelname": "INFO", "message": "创建索引成功: chapters - idx_chapters_source_url", "taskName": "Task-2"}
{"asctime": "2025-03-24 15:45:29,749", "name": "crawler_database", "levelname": "INFO", "message": "MongoDB索引创建成功", "taskName": "Task-2"}
{"asctime": "2025-03-24 15:45:29,749", "name": "crawler_service", "levelname": "INFO", "message": "爬虫服务初始化完成", "taskName": "Task-2"}
INFO:     Application startup complete.
WARNING:  WatchFiles detected changes in 'ai_service\app\utils\logger.py'. Reloading...
INFO:     Will watch for changes in these directories: ['E:\\python-admin\\admin_service', 'E:\\python-admin\\crawler_service', 'E:\\python-admin\\system_service']
INFO:     Uvicorn running on http://0.0.0.0:8001 (Press CTRL+C to quit)
INFO:     Started reloader process [32440] using WatchFiles
{"asctime": "2025-03-24 15:56:43,046", "name": "crawler_database", "levelname": "INFO", "message": "MongoDB异步连接已创建", "taskName": "Task-1"}
{"asctime": "2025-03-24 15:56:43,051", "name": "crawler_database", "levelname": "INFO", "message": "MongoDB同步连接已创建", "taskName": "Task-1"}
INFO:     Started server process [30012]
INFO:     Waiting for application startup.
{"asctime": "2025-03-24 15:56:43,331", "name": "crawler_service", "levelname": "INFO", "message": "初始化爬虫服务...", "taskName": "Task-2"}
{"asctime": "2025-03-24 15:56:43,332", "name": "crawler_database", "levelname": "INFO", "message": "开始创建MongoDB索引", "taskName": "Task-2"}
{"asctime": "2025-03-24 15:56:43,336", "name": "crawler_database", "levelname": "INFO", "message": "已删除集合 novels 的所有索引", "taskName": "Task-2"}
{"asctime": "2025-03-24 15:56:43,343", "name": "crawler_database", "levelname": "INFO", "message": "创建索引成功: novels - idx_novels_title", "taskName": "Task-2"}
{"asctime": "2025-03-24 15:56:43,349", "name": "crawler_database", "levelname": "INFO", "message": "创建索引成功: novels - idx_novels_source_url", "taskName": "Task-2"}
{"asctime": "2025-03-24 15:56:43,355", "name": "crawler_database", "levelname": "INFO", "message": "创建索引成功: novels - idx_novels_status", "taskName": "Task-2"}
{"asctime": "2025-03-24 15:56:43,359", "name": "crawler_database", "levelname": "INFO", "message": "创建索引成功: novels - idx_novels_created_at", "taskName": "Task-2"}
{"asctime": "2025-03-24 15:56:43,362", "name": "crawler_database", "levelname": "INFO", "message": "已删除集合 chapters 的所有索引", "taskName": "Task-2"}
{"asctime": "2025-03-24 15:56:43,368", "name": "crawler_database", "levelname": "INFO", "message": "创建索引成功: chapters - idx_chapters_novel_chapter", "taskName": "Task-2"}
{"asctime": "2025-03-24 15:56:43,373", "name": "crawler_database", "levelname": "INFO", "message": "创建索引成功: chapters - idx_chapters_source_url", "taskName": "Task-2"}
{"asctime": "2025-03-24 15:56:43,374", "name": "crawler_database", "levelname": "INFO", "message": "MongoDB索引创建成功", "taskName": "Task-2"}
{"asctime": "2025-03-24 15:56:43,375", "name": "crawler_service", "levelname": "INFO", "message": "爬虫服务初始化完成", "taskName": "Task-2"}
INFO:     Application startup complete.
INFO:     Will watch for changes in these directories: ['E:\\python-admin\\admin_service', 'E:\\python-admin\\crawler_service', 'E:\\python-admin\\system_service']
INFO:     Uvicorn running on http://0.0.0.0:8001 (Press CTRL+C to quit)
INFO:     Started reloader process [24096] using WatchFiles
{"asctime": "2025-03-24 15:59:41,436", "name": "crawler_database", "levelname": "INFO", "message": "MongoDB异步连接已创建", "taskName": "Task-1"}
{"asctime": "2025-03-24 15:59:41,441", "name": "crawler_database", "levelname": "INFO", "message": "MongoDB同步连接已创建", "taskName": "Task-1"}
INFO:     Started server process [21336]
INFO:     Waiting for application startup.
{"asctime": "2025-03-24 15:59:41,679", "name": "crawler_service", "levelname": "INFO", "message": "初始化爬虫服务...", "taskName": "Task-2"}
{"asctime": "2025-03-24 15:59:41,680", "name": "crawler_database", "levelname": "INFO", "message": "开始创建MongoDB索引", "taskName": "Task-2"}
{"asctime": "2025-03-24 15:59:41,683", "name": "crawler_database", "levelname": "INFO", "message": "已删除集合 novels 的所有索引", "taskName": "Task-2"}
{"asctime": "2025-03-24 15:59:41,689", "name": "crawler_database", "levelname": "INFO", "message": "创建索引成功: novels - idx_novels_title", "taskName": "Task-2"}
{"asctime": "2025-03-24 15:59:41,695", "name": "crawler_database", "levelname": "INFO", "message": "创建索引成功: novels - idx_novels_source_url", "taskName": "Task-2"}
{"asctime": "2025-03-24 15:59:41,701", "name": "crawler_database", "levelname": "INFO", "message": "创建索引成功: novels - idx_novels_status", "taskName": "Task-2"}
{"asctime": "2025-03-24 15:59:41,707", "name": "crawler_database", "levelname": "INFO", "message": "创建索引成功: novels - idx_novels_created_at", "taskName": "Task-2"}
{"asctime": "2025-03-24 15:59:41,708", "name": "crawler_database", "levelname": "INFO", "message": "已删除集合 chapters 的所有索引", "taskName": "Task-2"}
{"asctime": "2025-03-24 15:59:41,715", "name": "crawler_database", "levelname": "INFO", "message": "创建索引成功: chapters - idx_chapters_novel_chapter", "taskName": "Task-2"}
{"asctime": "2025-03-24 15:59:41,721", "name": "crawler_database", "levelname": "INFO", "message": "创建索引成功: chapters - idx_chapters_source_url", "taskName": "Task-2"}
{"asctime": "2025-03-24 15:59:41,721", "name": "crawler_database", "levelname": "INFO", "message": "MongoDB索引创建成功", "taskName": "Task-2"}
{"asctime": "2025-03-24 15:59:41,722", "name": "crawler_service", "levelname": "INFO", "message": "爬虫服务初始化完成", "taskName": "Task-2"}
INFO:     Application startup complete.
