2025-03-21 09:19:20,945 - crawler_database - INFO - MongoDB异步连接已创建
2025-03-21 09:19:20,950 - crawler_database - INFO - MongoDB同步连接已创建
2025-03-21 09:19:21,561 - crawler_database - INFO - 开始创建MongoDB索引
2025-03-21 09:19:21,588 - crawler_database - INFO - 已删除集合 novels 的所有索引
2025-03-21 09:19:21,623 - crawler_database - INFO - 创建索引成功: novels - idx_novels_title
2025-03-21 09:19:21,633 - crawler_database - INFO - 创建索引成功: novels - idx_novels_source_url
2025-03-21 09:19:21,640 - crawler_database - INFO - 创建索引成功: novels - idx_novels_status
2025-03-21 09:19:21,650 - crawler_database - INFO - 创建索引成功: novels - idx_novels_created_at
2025-03-21 09:19:21,750 - crawler_database - INFO - 已删除集合 chapters 的所有索引
2025-03-21 09:19:21,762 - crawler_database - INFO - 创建索引成功: chapters - idx_chapters_novel_chapter
2025-03-21 09:19:21,769 - crawler_database - INFO - 创建索引成功: chapters - idx_chapters_source_url
2025-03-21 09:19:21,770 - crawler_database - INFO - MongoDB索引创建成功
{"asctime": "2025-03-21 09:25:10,636", "name": "crawler_database", "levelname": "INFO", "message": "MongoDB异步连接已创建", "taskName": "Task-1"}
{"asctime": "2025-03-21 09:25:10,640", "name": "crawler_database", "levelname": "INFO", "message": "MongoDB同步连接已创建", "taskName": "Task-1"}
{"asctime": "2025-03-21 09:25:10,923", "name": "crawler_database", "levelname": "INFO", "message": "开始创建MongoDB索引", "taskName": "Task-2"}
{"asctime": "2025-03-21 09:25:10,927", "name": "crawler_database", "levelname": "INFO", "message": "已删除集合 novels 的所有索引", "taskName": "Task-2"}
{"asctime": "2025-03-21 09:25:10,934", "name": "crawler_database", "levelname": "INFO", "message": "创建索引成功: novels - idx_novels_title", "taskName": "Task-2"}
{"asctime": "2025-03-21 09:25:10,940", "name": "crawler_database", "levelname": "INFO", "message": "创建索引成功: novels - idx_novels_source_url", "taskName": "Task-2"}
{"asctime": "2025-03-21 09:25:10,948", "name": "crawler_database", "levelname": "INFO", "message": "创建索引成功: novels - idx_novels_status", "taskName": "Task-2"}
{"asctime": "2025-03-21 09:25:10,955", "name": "crawler_database", "levelname": "INFO", "message": "创建索引成功: novels - idx_novels_created_at", "taskName": "Task-2"}
{"asctime": "2025-03-21 09:25:10,959", "name": "crawler_database", "levelname": "INFO", "message": "已删除集合 chapters 的所有索引", "taskName": "Task-2"}
{"asctime": "2025-03-21 09:25:10,966", "name": "crawler_database", "levelname": "INFO", "message": "创建索引成功: chapters - idx_chapters_novel_chapter", "taskName": "Task-2"}
{"asctime": "2025-03-21 09:25:10,973", "name": "crawler_database", "levelname": "INFO", "message": "创建索引成功: chapters - idx_chapters_source_url", "taskName": "Task-2"}
{"asctime": "2025-03-21 09:25:10,974", "name": "crawler_database", "levelname": "INFO", "message": "MongoDB索引创建成功", "taskName": "Task-2"}
{"asctime": "2025-03-21 09:36:27,933", "name": "crawler_database", "levelname": "INFO", "message": "MongoDB异步连接已创建", "taskName": "Task-1"}
{"asctime": "2025-03-21 09:36:27,938", "name": "crawler_database", "levelname": "INFO", "message": "MongoDB同步连接已创建", "taskName": "Task-1"}
{"asctime": "2025-03-21 09:36:28,318", "name": "crawler_database", "levelname": "INFO", "message": "开始创建MongoDB索引", "taskName": "Task-2"}
{"asctime": "2025-03-21 09:36:28,338", "name": "crawler_database", "levelname": "INFO", "message": "已删除集合 novels 的所有索引", "taskName": "Task-2"}
{"asctime": "2025-03-21 09:36:28,347", "name": "crawler_database", "levelname": "INFO", "message": "创建索引成功: novels - idx_novels_title", "taskName": "Task-2"}
{"asctime": "2025-03-21 09:36:28,356", "name": "crawler_database", "levelname": "INFO", "message": "创建索引成功: novels - idx_novels_source_url", "taskName": "Task-2"}
{"asctime": "2025-03-21 09:36:28,365", "name": "crawler_database", "levelname": "INFO", "message": "创建索引成功: novels - idx_novels_status", "taskName": "Task-2"}
{"asctime": "2025-03-21 09:36:28,372", "name": "crawler_database", "levelname": "INFO", "message": "创建索引成功: novels - idx_novels_created_at", "taskName": "Task-2"}
{"asctime": "2025-03-21 09:36:28,374", "name": "crawler_database", "levelname": "INFO", "message": "已删除集合 chapters 的所有索引", "taskName": "Task-2"}
{"asctime": "2025-03-21 09:36:28,384", "name": "crawler_database", "levelname": "INFO", "message": "创建索引成功: chapters - idx_chapters_novel_chapter", "taskName": "Task-2"}
{"asctime": "2025-03-21 09:36:28,393", "name": "crawler_database", "levelname": "INFO", "message": "创建索引成功: chapters - idx_chapters_source_url", "taskName": "Task-2"}
{"asctime": "2025-03-21 09:36:28,394", "name": "crawler_database", "levelname": "INFO", "message": "MongoDB索引创建成功", "taskName": "Task-2"}
{"asctime": "2025-03-21 10:27:33,796", "name": "crawler_database", "levelname": "INFO", "message": "MongoDB异步连接已创建", "taskName": "Task-1"}
{"asctime": "2025-03-21 10:27:33,801", "name": "crawler_database", "levelname": "INFO", "message": "MongoDB同步连接已创建", "taskName": "Task-1"}
{"asctime": "2025-03-21 10:27:34,142", "name": "crawler_database", "levelname": "INFO", "message": "开始创建MongoDB索引", "taskName": "Task-2"}
{"asctime": "2025-03-21 10:27:34,162", "name": "crawler_database", "levelname": "INFO", "message": "已删除集合 novels 的所有索引", "taskName": "Task-2"}
{"asctime": "2025-03-21 10:27:34,184", "name": "crawler_database", "levelname": "INFO", "message": "创建索引成功: novels - idx_novels_title", "taskName": "Task-2"}
{"asctime": "2025-03-21 10:27:34,191", "name": "crawler_database", "levelname": "INFO", "message": "创建索引成功: novels - idx_novels_source_url", "taskName": "Task-2"}
{"asctime": "2025-03-21 10:27:34,198", "name": "crawler_database", "levelname": "INFO", "message": "创建索引成功: novels - idx_novels_status", "taskName": "Task-2"}
{"asctime": "2025-03-21 10:27:34,205", "name": "crawler_database", "levelname": "INFO", "message": "创建索引成功: novels - idx_novels_created_at", "taskName": "Task-2"}
{"asctime": "2025-03-21 10:27:34,209", "name": "crawler_database", "levelname": "INFO", "message": "已删除集合 chapters 的所有索引", "taskName": "Task-2"}
{"asctime": "2025-03-21 10:27:34,216", "name": "crawler_database", "levelname": "INFO", "message": "创建索引成功: chapters - idx_chapters_novel_chapter", "taskName": "Task-2"}
{"asctime": "2025-03-21 10:27:34,223", "name": "crawler_database", "levelname": "INFO", "message": "创建索引成功: chapters - idx_chapters_source_url", "taskName": "Task-2"}
{"asctime": "2025-03-21 10:27:34,224", "name": "crawler_database", "levelname": "INFO", "message": "MongoDB索引创建成功", "taskName": "Task-2"}
