2025-01-06 10:06:14,303 - crawler_database - INFO - MongoDB异步连接已创建
2025-01-06 10:06:14,308 - crawler_database - INFO - MongoDB同步连接已创建
2025-01-06 10:06:14,911 - crawler_database - INFO - 开始创建MongoDB索引
2025-01-06 10:06:14,916 - crawler_database - INFO - 已删除集合 novels 的所有索引
2025-01-06 10:06:14,932 - crawler_database - INFO - 创建索引成功: novels - idx_novels_title
2025-01-06 10:06:14,940 - crawler_database - INFO - 创建索引成功: novels - idx_novels_source_url
2025-01-06 10:06:14,948 - crawler_database - INFO - 创建索引成功: novels - idx_novels_status
2025-01-06 10:06:14,957 - crawler_database - INFO - 创建索引成功: novels - idx_novels_created_at
2025-01-06 10:06:14,959 - crawler_database - INFO - 已删除集合 chapters 的所有索引
2025-01-06 10:06:14,968 - crawler_database - INFO - 创建索引成功: chapters - idx_chapters_novel_chapter
2025-01-06 10:06:14,976 - crawler_database - INFO - 创建索引成功: chapters - idx_chapters_source_url
2025-01-06 10:06:14,977 - crawler_database - INFO - MongoDB索引创建成功
2025-01-06 10:12:58,723 - crawler_database - INFO - MongoDB异步连接已创建
2025-01-06 10:12:58,729 - crawler_database - INFO - MongoDB同步连接已创建
2025-01-06 10:12:59,090 - crawler_database - INFO - 开始创建MongoDB索引
2025-01-06 10:12:59,094 - crawler_database - INFO - 已删除集合 novels 的所有索引
2025-01-06 10:12:59,119 - crawler_database - INFO - 创建索引成功: novels - idx_novels_title
2025-01-06 10:12:59,126 - crawler_database - INFO - 创建索引成功: novels - idx_novels_source_url
2025-01-06 10:12:59,133 - crawler_database - INFO - 创建索引成功: novels - idx_novels_status
2025-01-06 10:12:59,141 - crawler_database - INFO - 创建索引成功: novels - idx_novels_created_at
2025-01-06 10:12:59,143 - crawler_database - INFO - 已删除集合 chapters 的所有索引
2025-01-06 10:12:59,150 - crawler_database - INFO - 创建索引成功: chapters - idx_chapters_novel_chapter
2025-01-06 10:12:59,156 - crawler_database - INFO - 创建索引成功: chapters - idx_chapters_source_url
2025-01-06 10:12:59,157 - crawler_database - INFO - MongoDB索引创建成功
2025-01-06 10:15:39,312 - crawler_database - INFO - MongoDB异步连接已创建
2025-01-06 10:15:39,319 - crawler_database - INFO - MongoDB同步连接已创建
2025-01-06 10:15:39,804 - crawler_database - INFO - 开始创建MongoDB索引
2025-01-06 10:15:39,809 - crawler_database - INFO - 已删除集合 novels 的所有索引
2025-01-06 10:15:39,831 - crawler_database - INFO - 创建索引成功: novels - idx_novels_title
2025-01-06 10:15:39,839 - crawler_database - INFO - 创建索引成功: novels - idx_novels_source_url
2025-01-06 10:15:39,851 - crawler_database - INFO - 创建索引成功: novels - idx_novels_status
2025-01-06 10:15:39,861 - crawler_database - INFO - 创建索引成功: novels - idx_novels_created_at
2025-01-06 10:15:39,863 - crawler_database - INFO - 已删除集合 chapters 的所有索引
2025-01-06 10:15:39,872 - crawler_database - INFO - 创建索引成功: chapters - idx_chapters_novel_chapter
2025-01-06 10:15:39,881 - crawler_database - INFO - 创建索引成功: chapters - idx_chapters_source_url
2025-01-06 10:15:39,882 - crawler_database - INFO - MongoDB索引创建成功
2025-01-06 10:53:38,273 - crawler_database - INFO - MongoDB异步连接已创建
2025-01-06 10:53:38,278 - crawler_database - INFO - MongoDB同步连接已创建
2025-01-06 10:53:38,713 - crawler_database - INFO - 开始创建MongoDB索引
2025-01-06 10:53:38,716 - crawler_database - INFO - 已删除集合 novels 的所有索引
2025-01-06 10:53:38,733 - crawler_database - INFO - 创建索引成功: novels - idx_novels_title
2025-01-06 10:53:38,740 - crawler_database - INFO - 创建索引成功: novels - idx_novels_source_url
2025-01-06 10:53:38,747 - crawler_database - INFO - 创建索引成功: novels - idx_novels_status
2025-01-06 10:53:38,754 - crawler_database - INFO - 创建索引成功: novels - idx_novels_created_at
2025-01-06 10:53:38,755 - crawler_database - INFO - 已删除集合 chapters 的所有索引
2025-01-06 10:53:38,763 - crawler_database - INFO - 创建索引成功: chapters - idx_chapters_novel_chapter
2025-01-06 10:53:38,768 - crawler_database - INFO - 创建索引成功: chapters - idx_chapters_source_url
2025-01-06 10:53:38,770 - crawler_database - INFO - MongoDB索引创建成功
2025-01-06 11:01:20,724 - crawler_database - INFO - MongoDB异步连接已创建
2025-01-06 11:01:20,729 - crawler_database - INFO - MongoDB同步连接已创建
2025-01-06 11:01:21,227 - crawler_database - INFO - 开始创建MongoDB索引
2025-01-06 11:01:21,231 - crawler_database - INFO - 已删除集合 novels 的所有索引
2025-01-06 11:01:21,249 - crawler_database - INFO - 创建索引成功: novels - idx_novels_title
2025-01-06 11:01:21,257 - crawler_database - INFO - 创建索引成功: novels - idx_novels_source_url
2025-01-06 11:01:21,266 - crawler_database - INFO - 创建索引成功: novels - idx_novels_status
2025-01-06 11:01:21,278 - crawler_database - INFO - 创建索引成功: novels - idx_novels_created_at
2025-01-06 11:01:21,280 - crawler_database - INFO - 已删除集合 chapters 的所有索引
2025-01-06 11:01:21,289 - crawler_database - INFO - 创建索引成功: chapters - idx_chapters_novel_chapter
2025-01-06 11:01:21,299 - crawler_database - INFO - 创建索引成功: chapters - idx_chapters_source_url
2025-01-06 11:01:21,300 - crawler_database - INFO - MongoDB索引创建成功
2025-01-06 11:01:53,325 - crawler_database - INFO - MongoDB异步连接已创建
2025-01-06 11:01:53,331 - crawler_database - INFO - MongoDB同步连接已创建
2025-01-06 11:01:53,689 - crawler_database - INFO - 开始创建MongoDB索引
2025-01-06 11:01:53,692 - crawler_database - INFO - 已删除集合 novels 的所有索引
2025-01-06 11:01:53,702 - crawler_database - INFO - 创建索引成功: novels - idx_novels_title
2025-01-06 11:01:53,710 - crawler_database - INFO - 创建索引成功: novels - idx_novels_source_url
2025-01-06 11:01:53,718 - crawler_database - INFO - 创建索引成功: novels - idx_novels_status
2025-01-06 11:01:53,726 - crawler_database - INFO - 创建索引成功: novels - idx_novels_created_at
2025-01-06 11:01:53,728 - crawler_database - INFO - 已删除集合 chapters 的所有索引
2025-01-06 11:01:53,736 - crawler_database - INFO - 创建索引成功: chapters - idx_chapters_novel_chapter
2025-01-06 11:01:53,744 - crawler_database - INFO - 创建索引成功: chapters - idx_chapters_source_url
2025-01-06 11:01:53,745 - crawler_database - INFO - MongoDB索引创建成功
2025-01-06 11:04:01,066 - crawler_database - INFO - MongoDB异步连接已创建
2025-01-06 11:04:01,071 - crawler_database - INFO - MongoDB同步连接已创建
2025-01-06 11:04:01,363 - crawler_database - INFO - 开始创建MongoDB索引
2025-01-06 11:04:01,365 - crawler_database - INFO - 已删除集合 novels 的所有索引
2025-01-06 11:04:01,383 - crawler_database - INFO - 创建索引成功: novels - idx_novels_title
2025-01-06 11:04:01,390 - crawler_database - INFO - 创建索引成功: novels - idx_novels_source_url
2025-01-06 11:04:01,400 - crawler_database - INFO - 创建索引成功: novels - idx_novels_status
2025-01-06 11:04:01,410 - crawler_database - INFO - 创建索引成功: novels - idx_novels_created_at
2025-01-06 11:04:01,411 - crawler_database - INFO - 已删除集合 chapters 的所有索引
2025-01-06 11:04:01,419 - crawler_database - INFO - 创建索引成功: chapters - idx_chapters_novel_chapter
2025-01-06 11:04:01,426 - crawler_database - INFO - 创建索引成功: chapters - idx_chapters_source_url
2025-01-06 11:04:01,426 - crawler_database - INFO - MongoDB索引创建成功
2025-01-06 11:04:59,039 - crawler_database - INFO - MongoDB异步连接已创建
2025-01-06 11:04:59,046 - crawler_database - INFO - MongoDB同步连接已创建
2025-01-06 11:04:59,390 - crawler_database - INFO - 开始创建MongoDB索引
2025-01-06 11:04:59,393 - crawler_database - INFO - 已删除集合 novels 的所有索引
2025-01-06 11:04:59,425 - crawler_database - INFO - 创建索引成功: novels - idx_novels_title
2025-01-06 11:04:59,433 - crawler_database - INFO - 创建索引成功: novels - idx_novels_source_url
2025-01-06 11:04:59,439 - crawler_database - INFO - 创建索引成功: novels - idx_novels_status
2025-01-06 11:04:59,447 - crawler_database - INFO - 创建索引成功: novels - idx_novels_created_at
2025-01-06 11:04:59,449 - crawler_database - INFO - 已删除集合 chapters 的所有索引
2025-01-06 11:04:59,456 - crawler_database - INFO - 创建索引成功: chapters - idx_chapters_novel_chapter
2025-01-06 11:04:59,464 - crawler_database - INFO - 创建索引成功: chapters - idx_chapters_source_url
2025-01-06 11:04:59,464 - crawler_database - INFO - MongoDB索引创建成功
2025-01-06 11:05:01,436 - crawler_database - INFO - MongoDB异步连接已创建
2025-01-06 11:05:01,440 - crawler_database - INFO - MongoDB同步连接已创建
2025-01-06 11:05:01,725 - crawler_database - INFO - 开始创建MongoDB索引
2025-01-06 11:05:01,728 - crawler_database - INFO - 已删除集合 novels 的所有索引
2025-01-06 11:05:01,746 - crawler_database - INFO - 创建索引成功: novels - idx_novels_title
2025-01-06 11:05:01,752 - crawler_database - INFO - 创建索引成功: novels - idx_novels_source_url
2025-01-06 11:05:01,760 - crawler_database - INFO - 创建索引成功: novels - idx_novels_status
2025-01-06 11:05:01,766 - crawler_database - INFO - 创建索引成功: novels - idx_novels_created_at
2025-01-06 11:05:01,768 - crawler_database - INFO - 已删除集合 chapters 的所有索引
2025-01-06 11:05:01,775 - crawler_database - INFO - 创建索引成功: chapters - idx_chapters_novel_chapter
2025-01-06 11:05:01,781 - crawler_database - INFO - 创建索引成功: chapters - idx_chapters_source_url
2025-01-06 11:05:01,782 - crawler_database - INFO - MongoDB索引创建成功
2025-01-06 11:05:17,679 - crawler_database - INFO - MongoDB异步连接已创建
2025-01-06 11:05:17,684 - crawler_database - INFO - MongoDB同步连接已创建
2025-01-06 11:05:17,983 - crawler_database - INFO - 开始创建MongoDB索引
2025-01-06 11:05:17,987 - crawler_database - INFO - 已删除集合 novels 的所有索引
2025-01-06 11:05:18,000 - crawler_database - INFO - 创建索引成功: novels - idx_novels_title
2025-01-06 11:05:18,011 - crawler_database - INFO - 创建索引成功: novels - idx_novels_source_url
2025-01-06 11:05:18,017 - crawler_database - INFO - 创建索引成功: novels - idx_novels_status
2025-01-06 11:05:18,024 - crawler_database - INFO - 创建索引成功: novels - idx_novels_created_at
2025-01-06 11:05:18,026 - crawler_database - INFO - 已删除集合 chapters 的所有索引
2025-01-06 11:05:18,032 - crawler_database - INFO - 创建索引成功: chapters - idx_chapters_novel_chapter
2025-01-06 11:05:18,039 - crawler_database - INFO - 创建索引成功: chapters - idx_chapters_source_url
2025-01-06 11:05:18,040 - crawler_database - INFO - MongoDB索引创建成功
2025-01-06 11:12:13,643 - crawler_database - INFO - MongoDB异步连接已创建
2025-01-06 11:12:13,649 - crawler_database - INFO - MongoDB同步连接已创建
2025-01-06 11:12:14,007 - crawler_database - INFO - 开始创建MongoDB索引
2025-01-06 11:12:14,031 - crawler_database - INFO - 已删除集合 novels 的所有索引
2025-01-06 11:12:14,039 - crawler_database - INFO - 创建索引成功: novels - idx_novels_title
2025-01-06 11:12:14,047 - crawler_database - INFO - 创建索引成功: novels - idx_novels_source_url
2025-01-06 11:12:14,055 - crawler_database - INFO - 创建索引成功: novels - idx_novels_status
2025-01-06 11:12:14,062 - crawler_database - INFO - 创建索引成功: novels - idx_novels_created_at
2025-01-06 11:12:14,064 - crawler_database - INFO - 已删除集合 chapters 的所有索引
2025-01-06 11:12:14,071 - crawler_database - INFO - 创建索引成功: chapters - idx_chapters_novel_chapter
2025-01-06 11:12:14,079 - crawler_database - INFO - 创建索引成功: chapters - idx_chapters_source_url
2025-01-06 11:12:14,081 - crawler_database - INFO - MongoDB索引创建成功
2025-01-06 11:14:06,110 - crawler_database - INFO - MongoDB异步连接已创建
2025-01-06 11:14:06,115 - crawler_database - INFO - MongoDB同步连接已创建
2025-01-06 11:14:06,394 - crawler_database - INFO - 开始创建MongoDB索引
2025-01-06 11:14:06,398 - crawler_database - INFO - 已删除集合 novels 的所有索引
2025-01-06 11:14:06,405 - crawler_database - INFO - 创建索引成功: novels - idx_novels_title
2025-01-06 11:14:06,412 - crawler_database - INFO - 创建索引成功: novels - idx_novels_source_url
2025-01-06 11:14:06,419 - crawler_database - INFO - 创建索引成功: novels - idx_novels_status
2025-01-06 11:14:06,427 - crawler_database - INFO - 创建索引成功: novels - idx_novels_created_at
2025-01-06 11:14:06,429 - crawler_database - INFO - 已删除集合 chapters 的所有索引
2025-01-06 11:14:06,436 - crawler_database - INFO - 创建索引成功: chapters - idx_chapters_novel_chapter
2025-01-06 11:14:06,444 - crawler_database - INFO - 创建索引成功: chapters - idx_chapters_source_url
2025-01-06 11:14:06,445 - crawler_database - INFO - MongoDB索引创建成功
2025-01-06 11:19:08,266 - crawler_database - INFO - MongoDB异步连接已创建
2025-01-06 11:19:08,272 - crawler_database - INFO - MongoDB同步连接已创建
2025-01-06 11:19:08,568 - crawler_database - INFO - 开始创建MongoDB索引
2025-01-06 11:19:08,572 - crawler_database - INFO - 已删除集合 novels 的所有索引
2025-01-06 11:19:08,591 - crawler_database - INFO - 创建索引成功: novels - idx_novels_title
2025-01-06 11:19:08,600 - crawler_database - INFO - 创建索引成功: novels - idx_novels_source_url
2025-01-06 11:19:08,607 - crawler_database - INFO - 创建索引成功: novels - idx_novels_status
2025-01-06 11:19:08,616 - crawler_database - INFO - 创建索引成功: novels - idx_novels_created_at
2025-01-06 11:19:08,619 - crawler_database - INFO - 已删除集合 chapters 的所有索引
2025-01-06 11:19:08,627 - crawler_database - INFO - 创建索引成功: chapters - idx_chapters_novel_chapter
2025-01-06 11:19:08,635 - crawler_database - INFO - 创建索引成功: chapters - idx_chapters_source_url
2025-01-06 11:19:08,636 - crawler_database - INFO - MongoDB索引创建成功
2025-01-06 11:19:10,757 - crawler_database - INFO - MongoDB异步连接已创建
2025-01-06 11:19:10,762 - crawler_database - INFO - MongoDB同步连接已创建
2025-01-06 11:19:11,058 - crawler_database - INFO - 开始创建MongoDB索引
2025-01-06 11:19:11,062 - crawler_database - INFO - 已删除集合 novels 的所有索引
2025-01-06 11:19:11,087 - crawler_database - INFO - 创建索引成功: novels - idx_novels_title
2025-01-06 11:19:11,094 - crawler_database - INFO - 创建索引成功: novels - idx_novels_source_url
2025-01-06 11:19:11,101 - crawler_database - INFO - 创建索引成功: novels - idx_novels_status
2025-01-06 11:19:11,107 - crawler_database - INFO - 创建索引成功: novels - idx_novels_created_at
2025-01-06 11:19:11,109 - crawler_database - INFO - 已删除集合 chapters 的所有索引
2025-01-06 11:19:11,117 - crawler_database - INFO - 创建索引成功: chapters - idx_chapters_novel_chapter
2025-01-06 11:19:11,124 - crawler_database - INFO - 创建索引成功: chapters - idx_chapters_source_url
2025-01-06 11:19:11,125 - crawler_database - INFO - MongoDB索引创建成功
2025-01-06 11:20:50,863 - crawler_database - INFO - MongoDB异步连接已创建
2025-01-06 11:20:50,869 - crawler_database - INFO - MongoDB同步连接已创建
2025-01-06 11:20:51,136 - crawler_database - INFO - 开始创建MongoDB索引
2025-01-06 11:20:51,140 - crawler_database - INFO - 已删除集合 novels 的所有索引
2025-01-06 11:20:51,163 - crawler_database - INFO - 创建索引成功: novels - idx_novels_title
2025-01-06 11:20:51,176 - crawler_database - INFO - 创建索引成功: novels - idx_novels_source_url
2025-01-06 11:20:51,183 - crawler_database - INFO - 创建索引成功: novels - idx_novels_status
2025-01-06 11:20:51,190 - crawler_database - INFO - 创建索引成功: novels - idx_novels_created_at
2025-01-06 11:20:51,192 - crawler_database - INFO - 已删除集合 chapters 的所有索引
2025-01-06 11:20:51,199 - crawler_database - INFO - 创建索引成功: chapters - idx_chapters_novel_chapter
2025-01-06 11:20:51,206 - crawler_database - INFO - 创建索引成功: chapters - idx_chapters_source_url
2025-01-06 11:20:51,207 - crawler_database - INFO - MongoDB索引创建成功
2025-01-06 11:20:53,087 - crawler_database - INFO - MongoDB异步连接已创建
2025-01-06 11:20:53,091 - crawler_database - INFO - MongoDB同步连接已创建
2025-01-06 11:20:53,365 - crawler_database - INFO - 开始创建MongoDB索引
2025-01-06 11:20:53,369 - crawler_database - INFO - 已删除集合 novels 的所有索引
2025-01-06 11:20:53,375 - crawler_database - INFO - 创建索引成功: novels - idx_novels_title
2025-01-06 11:20:53,382 - crawler_database - INFO - 创建索引成功: novels - idx_novels_source_url
2025-01-06 11:20:53,389 - crawler_database - INFO - 创建索引成功: novels - idx_novels_status
2025-01-06 11:20:53,395 - crawler_database - INFO - 创建索引成功: novels - idx_novels_created_at
2025-01-06 11:20:53,397 - crawler_database - INFO - 已删除集合 chapters 的所有索引
2025-01-06 11:20:53,404 - crawler_database - INFO - 创建索引成功: chapters - idx_chapters_novel_chapter
2025-01-06 11:20:53,411 - crawler_database - INFO - 创建索引成功: chapters - idx_chapters_source_url
2025-01-06 11:20:53,412 - crawler_database - INFO - MongoDB索引创建成功
2025-01-06 11:22:24,281 - crawler_database - INFO - MongoDB异步连接已创建
2025-01-06 11:22:24,287 - crawler_database - INFO - MongoDB同步连接已创建
2025-01-06 11:22:27,198 - crawler_database - INFO - MongoDB异步连接已创建
2025-01-06 11:22:27,203 - crawler_database - INFO - MongoDB同步连接已创建
2025-01-06 11:23:01,192 - crawler_database - INFO - MongoDB异步连接已创建
2025-01-06 11:23:01,196 - crawler_database - INFO - MongoDB同步连接已创建
2025-01-06 11:24:08,059 - crawler_database - INFO - MongoDB异步连接已创建
2025-01-06 11:24:08,065 - crawler_database - INFO - MongoDB同步连接已创建
2025-01-06 11:24:08,482 - crawler_database - INFO - 开始创建MongoDB索引
2025-01-06 11:24:08,486 - crawler_database - INFO - 已删除集合 novels 的所有索引
2025-01-06 11:24:08,492 - crawler_database - INFO - 创建索引成功: novels - idx_novels_title
2025-01-06 11:24:08,500 - crawler_database - INFO - 创建索引成功: novels - idx_novels_source_url
2025-01-06 11:24:08,508 - crawler_database - INFO - 创建索引成功: novels - idx_novels_status
2025-01-06 11:24:08,516 - crawler_database - INFO - 创建索引成功: novels - idx_novels_created_at
2025-01-06 11:24:08,518 - crawler_database - INFO - 已删除集合 chapters 的所有索引
2025-01-06 11:24:08,525 - crawler_database - INFO - 创建索引成功: chapters - idx_chapters_novel_chapter
2025-01-06 11:24:08,532 - crawler_database - INFO - 创建索引成功: chapters - idx_chapters_source_url
2025-01-06 11:24:08,533 - crawler_database - INFO - MongoDB索引创建成功
2025-01-06 11:25:28,544 - crawler_database - INFO - MongoDB异步连接已创建
2025-01-06 11:25:28,549 - crawler_database - INFO - MongoDB同步连接已创建
2025-01-06 11:25:28,870 - crawler_database - INFO - 开始创建MongoDB索引
2025-01-06 11:25:28,874 - crawler_database - INFO - 已删除集合 novels 的所有索引
2025-01-06 11:25:28,895 - crawler_database - INFO - 创建索引成功: novels - idx_novels_title
2025-01-06 11:25:28,905 - crawler_database - INFO - 创建索引成功: novels - idx_novels_source_url
2025-01-06 11:25:28,914 - crawler_database - INFO - 创建索引成功: novels - idx_novels_status
2025-01-06 11:25:28,923 - crawler_database - INFO - 创建索引成功: novels - idx_novels_created_at
2025-01-06 11:25:28,926 - crawler_database - INFO - 已删除集合 chapters 的所有索引
2025-01-06 11:25:28,933 - crawler_database - INFO - 创建索引成功: chapters - idx_chapters_novel_chapter
2025-01-06 11:25:28,941 - crawler_database - INFO - 创建索引成功: chapters - idx_chapters_source_url
2025-01-06 11:25:28,942 - crawler_database - INFO - MongoDB索引创建成功
2025-01-06 11:28:56,088 - crawler_database - INFO - MongoDB异步连接已创建
2025-01-06 11:28:56,092 - crawler_database - INFO - MongoDB同步连接已创建
2025-01-06 11:28:56,344 - crawler_database - INFO - 开始创建MongoDB索引
2025-01-06 11:28:56,347 - crawler_database - INFO - 已删除集合 novels 的所有索引
2025-01-06 11:28:56,365 - crawler_database - INFO - 创建索引成功: novels - idx_novels_title
2025-01-06 11:28:56,371 - crawler_database - INFO - 创建索引成功: novels - idx_novels_source_url
2025-01-06 11:28:56,379 - crawler_database - INFO - 创建索引成功: novels - idx_novels_status
2025-01-06 11:28:56,385 - crawler_database - INFO - 创建索引成功: novels - idx_novels_created_at
2025-01-06 11:28:56,387 - crawler_database - INFO - 已删除集合 chapters 的所有索引
2025-01-06 11:28:56,394 - crawler_database - INFO - 创建索引成功: chapters - idx_chapters_novel_chapter
2025-01-06 11:28:56,401 - crawler_database - INFO - 创建索引成功: chapters - idx_chapters_source_url
2025-01-06 11:28:56,402 - crawler_database - INFO - MongoDB索引创建成功
2025-01-06 11:35:51,950 - crawler_database - INFO - MongoDB异步连接已创建
2025-01-06 11:35:51,956 - crawler_database - INFO - MongoDB同步连接已创建
2025-01-06 11:35:52,218 - crawler_database - INFO - 开始创建MongoDB索引
2025-01-06 11:35:52,222 - crawler_database - INFO - 已删除集合 novels 的所有索引
2025-01-06 11:35:52,240 - crawler_database - INFO - 创建索引成功: novels - idx_novels_title
2025-01-06 11:35:52,247 - crawler_database - INFO - 创建索引成功: novels - idx_novels_source_url
2025-01-06 11:35:52,254 - crawler_database - INFO - 创建索引成功: novels - idx_novels_status
2025-01-06 11:35:52,261 - crawler_database - INFO - 创建索引成功: novels - idx_novels_created_at
2025-01-06 11:35:52,262 - crawler_database - INFO - 已删除集合 chapters 的所有索引
2025-01-06 11:35:52,269 - crawler_database - INFO - 创建索引成功: chapters - idx_chapters_novel_chapter
2025-01-06 11:35:52,276 - crawler_database - INFO - 创建索引成功: chapters - idx_chapters_source_url
2025-01-06 11:35:52,277 - crawler_database - INFO - MongoDB索引创建成功
2025-01-06 11:40:43,661 - crawler_database - INFO - MongoDB异步连接已创建
2025-01-06 11:40:43,666 - crawler_database - INFO - MongoDB同步连接已创建
2025-01-06 11:40:43,912 - crawler_database - INFO - 开始创建MongoDB索引
2025-01-06 11:40:43,914 - crawler_database - INFO - 已删除集合 novels 的所有索引
2025-01-06 11:40:43,933 - crawler_database - INFO - 创建索引成功: novels - idx_novels_title
2025-01-06 11:40:43,940 - crawler_database - INFO - 创建索引成功: novels - idx_novels_source_url
2025-01-06 11:40:43,947 - crawler_database - INFO - 创建索引成功: novels - idx_novels_status
2025-01-06 11:40:43,953 - crawler_database - INFO - 创建索引成功: novels - idx_novels_created_at
2025-01-06 11:40:43,955 - crawler_database - INFO - 已删除集合 chapters 的所有索引
2025-01-06 11:40:43,962 - crawler_database - INFO - 创建索引成功: chapters - idx_chapters_novel_chapter
2025-01-06 11:40:43,970 - crawler_database - INFO - 创建索引成功: chapters - idx_chapters_source_url
2025-01-06 11:40:43,971 - crawler_database - INFO - MongoDB索引创建成功
2025-01-06 11:43:49,638 - crawler_database - INFO - MongoDB异步连接已创建
2025-01-06 11:43:49,643 - crawler_database - INFO - MongoDB同步连接已创建
2025-01-06 11:43:49,921 - crawler_database - INFO - 开始创建MongoDB索引
2025-01-06 11:43:49,924 - crawler_database - INFO - 已删除集合 novels 的所有索引
2025-01-06 11:43:49,950 - crawler_database - INFO - 创建索引成功: novels - idx_novels_title
2025-01-06 11:43:49,956 - crawler_database - INFO - 创建索引成功: novels - idx_novels_source_url
2025-01-06 11:43:49,964 - crawler_database - INFO - 创建索引成功: novels - idx_novels_status
2025-01-06 11:43:49,973 - crawler_database - INFO - 创建索引成功: novels - idx_novels_created_at
2025-01-06 11:43:49,975 - crawler_database - INFO - 已删除集合 chapters 的所有索引
2025-01-06 11:43:49,982 - crawler_database - INFO - 创建索引成功: chapters - idx_chapters_novel_chapter
2025-01-06 11:43:49,988 - crawler_database - INFO - 创建索引成功: chapters - idx_chapters_source_url
2025-01-06 11:43:49,989 - crawler_database - INFO - MongoDB索引创建成功
2025-01-06 11:43:52,181 - crawler_database - INFO - MongoDB异步连接已创建
2025-01-06 11:43:52,185 - crawler_database - INFO - MongoDB同步连接已创建
2025-01-06 11:43:52,462 - crawler_database - INFO - 开始创建MongoDB索引
2025-01-06 11:43:52,466 - crawler_database - INFO - 已删除集合 novels 的所有索引
2025-01-06 11:43:52,487 - crawler_database - INFO - 创建索引成功: novels - idx_novels_title
2025-01-06 11:43:52,494 - crawler_database - INFO - 创建索引成功: novels - idx_novels_source_url
2025-01-06 11:43:52,501 - crawler_database - INFO - 创建索引成功: novels - idx_novels_status
2025-01-06 11:43:52,507 - crawler_database - INFO - 创建索引成功: novels - idx_novels_created_at
2025-01-06 11:43:52,509 - crawler_database - INFO - 已删除集合 chapters 的所有索引
2025-01-06 11:43:52,517 - crawler_database - INFO - 创建索引成功: chapters - idx_chapters_novel_chapter
2025-01-06 11:43:52,523 - crawler_database - INFO - 创建索引成功: chapters - idx_chapters_source_url
2025-01-06 11:43:52,523 - crawler_database - INFO - MongoDB索引创建成功
2025-01-06 11:44:13,036 - crawler_database - INFO - MongoDB异步连接已创建
2025-01-06 11:44:13,041 - crawler_database - INFO - MongoDB同步连接已创建
2025-01-06 11:44:13,305 - crawler_database - INFO - 开始创建MongoDB索引
2025-01-06 11:44:13,324 - crawler_database - INFO - 已删除集合 novels 的所有索引
2025-01-06 11:44:13,331 - crawler_database - INFO - 创建索引成功: novels - idx_novels_title
2025-01-06 11:44:13,339 - crawler_database - INFO - 创建索引成功: novels - idx_novels_source_url
2025-01-06 11:44:13,345 - crawler_database - INFO - 创建索引成功: novels - idx_novels_status
2025-01-06 11:44:13,352 - crawler_database - INFO - 创建索引成功: novels - idx_novels_created_at
2025-01-06 11:44:13,353 - crawler_database - INFO - 已删除集合 chapters 的所有索引
2025-01-06 11:44:13,360 - crawler_database - INFO - 创建索引成功: chapters - idx_chapters_novel_chapter
2025-01-06 11:44:13,368 - crawler_database - INFO - 创建索引成功: chapters - idx_chapters_source_url
2025-01-06 11:44:13,369 - crawler_database - INFO - MongoDB索引创建成功
2025-01-06 11:47:49,025 - crawler_database - INFO - MongoDB异步连接已创建
2025-01-06 11:47:49,030 - crawler_database - INFO - MongoDB同步连接已创建
2025-01-06 11:48:36,327 - crawler_database - INFO - MongoDB异步连接已创建
2025-01-06 11:48:36,332 - crawler_database - INFO - MongoDB同步连接已创建
2025-01-06 13:34:59,949 - crawler_database - INFO - MongoDB异步连接已创建
2025-01-06 13:34:59,954 - crawler_database - INFO - MongoDB同步连接已创建
2025-01-06 13:36:14,656 - crawler_database - INFO - MongoDB异步连接已创建
2025-01-06 13:36:14,662 - crawler_database - INFO - MongoDB同步连接已创建
2025-01-06 13:37:48,470 - crawler_database - INFO - MongoDB异步连接已创建
2025-01-06 13:37:48,477 - crawler_database - INFO - MongoDB同步连接已创建
2025-01-06 13:38:27,144 - crawler_database - INFO - MongoDB异步连接已创建
2025-01-06 13:38:27,254 - crawler_database - INFO - MongoDB同步连接已创建
2025-01-06 13:39:30,574 - crawler_database - INFO - MongoDB异步连接已创建
2025-01-06 13:39:30,580 - crawler_database - INFO - MongoDB同步连接已创建
