{"asctime": "2025-03-25 15:30:08,541", "name": "crawler_service", "levelname": "INFO", "message": "初始化爬虫服务...", "taskName": "Task-2"}
{"asctime": "2025-03-25 15:30:08,604", "name": "crawler_service", "levelname": "INFO", "message": "爬虫服务初始化完成", "taskName": "Task-2"}
{"asctime": "2025-03-25 15:32:08,137", "name": "crawler_service", "levelname": "ERROR", "message": "全局异常: error_response() got an unexpected keyword argument 'code'", "taskName": "Task-5"}
{"asctime": "2025-03-25 15:34:28,578", "name": "crawler_service", "levelname": "INFO", "message": "初始化爬虫服务...", "taskName": "Task-2"}
{"asctime": "2025-03-25 15:34:28,638", "name": "crawler_service", "levelname": "INFO", "message": "爬虫服务初始化完成", "taskName": "Task-2"}
{"asctime": "2025-03-25 15:35:10,494", "name": "crawler_service", "levelname": "ERROR", "message": "全局异常: error_response() got an unexpected keyword argument 'code'", "taskName": "Task-10"}
{"asctime": "2025-03-25 15:36:37,811", "name": "crawler_service", "levelname": "INFO", "message": "初始化爬虫服务...", "taskName": "Task-2"}
{"asctime": "2025-03-25 15:36:37,882", "name": "crawler_service", "levelname": "INFO", "message": "爬虫服务初始化完成", "taskName": "Task-2"}
{"asctime": "2025-03-25 15:39:21,434", "name": "crawler_service", "levelname": "INFO", "message": "初始化爬虫服务...", "taskName": "Task-2"}
{"asctime": "2025-03-25 15:39:21,479", "name": "crawler_service", "levelname": "INFO", "message": "爬虫服务初始化完成", "taskName": "Task-2"}
{"asctime": "2025-03-25 15:42:12,993", "name": "crawler_service", "levelname": "INFO", "message": "初始化爬虫服务...", "taskName": "Task-2"}
{"asctime": "2025-03-25 15:42:13,056", "name": "crawler_service", "levelname": "INFO", "message": "爬虫服务初始化完成", "taskName": "Task-2"}
{"asctime": "2025-03-25 15:42:35,841", "name": "crawler_service", "levelname": "INFO", "message": "关闭爬虫服务...", "taskName": "Task-2"}
{"asctime": "2025-03-25 15:42:35,842", "name": "crawler_service", "levelname": "INFO", "message": "爬虫服务已关闭", "taskName": "Task-2"}
{"asctime": "2025-03-25 15:46:02,705", "name": "crawler_service", "levelname": "INFO", "message": "初始化爬虫服务...", "taskName": "Task-2"}
{"asctime": "2025-03-25 15:46:02,768", "name": "crawler_service", "levelname": "INFO", "message": "爬虫服务初始化完成", "taskName": "Task-2"}
{"asctime": "2025-03-25 15:49:10,224", "name": "crawler_service", "levelname": "INFO", "message": "初始化爬虫服务...", "taskName": "Task-2"}
{"asctime": "2025-03-25 15:49:10,276", "name": "crawler_service", "levelname": "INFO", "message": "爬虫服务初始化完成", "taskName": "Task-2"}
{"asctime": "2025-03-25 15:49:56,597", "name": "crawler_service", "levelname": "INFO", "message": "关闭爬虫服务...", "taskName": "Task-2"}
{"asctime": "2025-03-25 15:49:56,598", "name": "crawler_service", "levelname": "INFO", "message": "爬虫服务已关闭", "taskName": "Task-2"}
{"asctime": "2025-03-25 15:51:11,430", "name": "crawler_service", "levelname": "INFO", "message": "初始化爬虫服务...", "taskName": "Task-2"}
{"asctime": "2025-03-25 15:51:11,486", "name": "crawler_service", "levelname": "INFO", "message": "爬虫服务初始化完成", "taskName": "Task-2"}
{"asctime": "2025-03-25 15:52:33,422", "name": "crawler_service", "levelname": "INFO", "message": "初始化爬虫服务...", "taskName": "Task-2"}
{"asctime": "2025-03-25 15:52:33,465", "name": "crawler_service", "levelname": "INFO", "message": "爬虫服务初始化完成", "taskName": "Task-2"}
{"asctime": "2025-03-25 16:02:14,835", "name": "crawler_service", "levelname": "INFO", "message": "关闭爬虫服务...", "taskName": "Task-2"}
{"asctime": "2025-03-25 16:02:14,836", "name": "crawler_service", "levelname": "INFO", "message": "爬虫服务已关闭", "taskName": "Task-2"}
{"asctime": "2025-03-25 16:02:30,217", "name": "crawler_service", "levelname": "INFO", "message": "初始化爬虫服务...", "taskName": "Task-2"}
{"asctime": "2025-03-25 16:02:30,277", "name": "crawler_service", "levelname": "INFO", "message": "爬虫服务初始化完成", "taskName": "Task-2"}
{"asctime": "2025-03-25 16:03:16,071", "name": "crawler_service", "levelname": "INFO", "message": "初始化爬虫服务...", "taskName": "Task-2"}
{"asctime": "2025-03-25 16:03:16,118", "name": "crawler_service", "levelname": "INFO", "message": "爬虫服务初始化完成", "taskName": "Task-2"}
{"asctime": "2025-03-25 16:03:42,959", "name": "crawler_service", "levelname": "INFO", "message": "初始化爬虫服务...", "taskName": "Task-2"}
{"asctime": "2025-03-25 16:03:43,008", "name": "crawler_service", "levelname": "INFO", "message": "爬虫服务初始化完成", "taskName": "Task-2"}
{"asctime": "2025-03-25 16:06:07,525", "name": "crawler_service", "levelname": "INFO", "message": "关闭爬虫服务...", "taskName": "Task-2"}
{"asctime": "2025-03-25 16:06:07,527", "name": "crawler_service", "levelname": "INFO", "message": "爬虫服务已关闭", "taskName": "Task-2"}
{"asctime": "2025-03-25 16:06:32,913", "name": "crawler_service", "levelname": "INFO", "message": "初始化爬虫服务...", "taskName": "Task-2"}
{"asctime": "2025-03-25 16:06:32,970", "name": "crawler_service", "levelname": "INFO", "message": "爬虫服务初始化完成", "taskName": "Task-2"}
