2025-01-06 10:06:14,911 - crawler_service - INFO - 初始化爬虫服务...
2025-01-06 10:06:14,977 - crawler_service - INFO - 爬虫服务初始化完成
2025-01-06 10:12:59,090 - crawler_service - INFO - 初始化爬虫服务...
2025-01-06 10:12:59,158 - crawler_service - INFO - 爬虫服务初始化完成
2025-01-06 10:15:39,803 - crawler_service - INFO - 初始化爬虫服务...
2025-01-06 10:15:39,883 - crawler_service - INFO - 爬虫服务初始化完成
2025-01-06 10:53:38,712 - crawler_service - INFO - 初始化爬虫服务...
2025-01-06 10:53:38,770 - crawler_service - INFO - 爬虫服务初始化完成
2025-01-06 11:01:21,083 - crawler_service - INFO - 初始化爬虫服务...
2025-01-06 11:01:21,301 - crawler_service - INFO - 爬虫服务初始化完成
2025-01-06 11:01:48,558 - crawler_service - INFO - 关闭爬虫服务...
2025-01-06 11:01:48,559 - crawler_service - INFO - 爬虫服务已关闭
2025-01-06 11:01:53,688 - crawler_service - INFO - 初始化爬虫服务...
2025-01-06 11:01:53,746 - crawler_service - INFO - 爬虫服务初始化完成
2025-01-06 11:03:29,920 - crawler_service - INFO - 关闭爬虫服务...
2025-01-06 11:03:29,921 - crawler_service - INFO - 爬虫服务已关闭
2025-01-06 11:04:01,362 - crawler_service - INFO - 初始化爬虫服务...
2025-01-06 11:04:01,427 - crawler_service - INFO - 爬虫服务初始化完成
2025-01-06 11:04:56,306 - crawler_service - INFO - 关闭爬虫服务...
2025-01-06 11:04:56,307 - crawler_service - INFO - 爬虫服务已关闭
2025-01-06 11:04:59,389 - crawler_service - INFO - 初始化爬虫服务...
2025-01-06 11:04:59,465 - crawler_service - INFO - 爬虫服务初始化完成
2025-01-06 11:04:59,466 - crawler_service - INFO - 关闭爬虫服务...
2025-01-06 11:04:59,467 - crawler_service - INFO - 爬虫服务已关闭
2025-01-06 11:05:01,724 - crawler_service - INFO - 初始化爬虫服务...
2025-01-06 11:05:01,783 - crawler_service - INFO - 爬虫服务初始化完成
2025-01-06 11:05:17,983 - crawler_service - INFO - 初始化爬虫服务...
2025-01-06 11:05:18,040 - crawler_service - INFO - 爬虫服务初始化完成
2025-01-06 11:07:07,127 - crawler_service - INFO - 关闭爬虫服务...
2025-01-06 11:07:07,128 - crawler_service - INFO - 爬虫服务已关闭
2025-01-06 11:12:14,006 - crawler_service - INFO - 初始化爬虫服务...
2025-01-06 11:12:14,081 - crawler_service - INFO - 爬虫服务初始化完成
2025-01-06 11:14:06,394 - crawler_service - INFO - 初始化爬虫服务...
2025-01-06 11:14:06,446 - crawler_service - INFO - 爬虫服务初始化完成
2025-01-06 11:19:05,442 - crawler_service - INFO - 关闭爬虫服务...
2025-01-06 11:19:05,443 - crawler_service - INFO - 爬虫服务已关闭
2025-01-06 11:19:08,568 - crawler_service - INFO - 初始化爬虫服务...
2025-01-06 11:19:11,057 - crawler_service - INFO - 初始化爬虫服务...
2025-01-06 11:20:48,863 - crawler_service - INFO - 关闭爬虫服务...
2025-01-06 11:20:51,136 - crawler_service - INFO - 初始化爬虫服务...
2025-01-06 11:20:53,365 - crawler_service - INFO - 初始化爬虫服务...
2025-01-06 11:22:22,155 - crawler_service - INFO - 关闭爬虫服务...
2025-01-06 11:24:08,482 - crawler_service - INFO - 初始化爬虫服务...
2025-01-06 11:25:28,869 - crawler_service - INFO - 初始化爬虫服务...
2025-01-06 11:28:52,898 - crawler_service - INFO - 关闭爬虫服务...
2025-01-06 11:28:56,344 - crawler_service - INFO - 初始化爬虫服务...
2025-01-06 11:35:52,217 - crawler_service - INFO - 初始化爬虫服务...
2025-01-06 11:40:39,812 - crawler_service - INFO - 关闭爬虫服务...
2025-01-06 11:40:43,911 - crawler_service - INFO - 初始化爬虫服务...
2025-01-06 11:43:46,963 - crawler_service - INFO - 关闭爬虫服务...
2025-01-06 11:43:49,920 - crawler_service - INFO - 初始化爬虫服务...
2025-01-06 11:43:52,462 - crawler_service - INFO - 初始化爬虫服务...
2025-01-06 11:44:13,304 - crawler_service - INFO - 初始化爬虫服务...
2025-01-06 11:45:40,792 - crawler_service - INFO - 关闭爬虫服务...
2025-01-06 13:33:46,421 - crawler_service - ERROR - 全局异常: error_response() got an unexpected keyword argument 'code'
