{"asctime": "2025-03-27 09:37:11,172", "name": "crawler_database", "levelname": "INFO", "message": "MongoDB异步连接已创建", "taskName": "Task-1"}
{"asctime": "2025-03-27 09:37:11,177", "name": "crawler_database", "levelname": "INFO", "message": "MongoDB同步连接已创建", "taskName": "Task-1"}
{"asctime": "2025-03-27 09:38:24,541", "name": "crawler_database", "levelname": "INFO", "message": "MongoDB异步连接已创建", "taskName": "Task-1"}
{"asctime": "2025-03-27 09:38:24,562", "name": "crawler_database", "levelname": "INFO", "message": "MongoDB同步连接已创建", "taskName": "Task-1"}
{"asctime": "2025-03-27 09:38:27,500", "name": "crawler_database", "levelname": "INFO", "message": "MongoDB异步连接已创建", "taskName": "Task-1"}
{"asctime": "2025-03-27 09:38:27,504", "name": "crawler_database", "levelname": "INFO", "message": "MongoDB同步连接已创建", "taskName": "Task-1"}
{"asctime": "2025-03-27 09:39:31,426", "name": "crawler_database", "levelname": "INFO", "message": "MongoDB异步连接已创建", "taskName": "Task-1"}
{"asctime": "2025-03-27 09:39:31,430", "name": "crawler_database", "levelname": "INFO", "message": "MongoDB同步连接已创建", "taskName": "Task-1"}
{"asctime": "2025-03-27 09:39:49,151", "name": "crawler_database", "levelname": "INFO", "message": "MongoDB异步连接已创建", "taskName": "Task-1"}
{"asctime": "2025-03-27 09:39:49,158", "name": "crawler_database", "levelname": "INFO", "message": "MongoDB同步连接已创建", "taskName": "Task-1"}
{"asctime": "2025-03-27 09:40:38,581", "name": "crawler_database", "levelname": "INFO", "message": "MongoDB异步连接已创建", "taskName": "Task-1"}
{"asctime": "2025-03-27 09:40:38,591", "name": "crawler_database", "levelname": "INFO", "message": "MongoDB同步连接已创建", "taskName": "Task-1"}
{"asctime": "2025-03-27 09:43:47,300", "name": "crawler_database", "levelname": "INFO", "message": "MongoDB异步连接已创建", "taskName": "Task-1"}
{"asctime": "2025-03-27 09:43:47,304", "name": "crawler_database", "levelname": "INFO", "message": "MongoDB同步连接已创建", "taskName": "Task-1"}
{"asctime": "2025-03-27 09:45:23,636", "name": "crawler_database", "levelname": "INFO", "message": "MongoDB异步连接已创建", "taskName": "Task-1"}
{"asctime": "2025-03-27 09:45:23,641", "name": "crawler_database", "levelname": "INFO", "message": "MongoDB同步连接已创建", "taskName": "Task-1"}
{"asctime": "2025-03-27 09:45:24,606", "name": "crawler_database", "levelname": "INFO", "message": "开始创建MongoDB索引", "taskName": "Task-2"}
{"asctime": "2025-03-27 09:45:24,633", "name": "crawler_database", "levelname": "INFO", "message": "已删除集合 novels 的所有索引", "taskName": "Task-2"}
{"asctime": "2025-03-27 09:45:24,662", "name": "crawler_database", "levelname": "INFO", "message": "创建索引成功: novels - idx_novels_title", "taskName": "Task-2"}
{"asctime": "2025-03-27 09:45:24,672", "name": "crawler_database", "levelname": "INFO", "message": "创建索引成功: novels - idx_novels_source_url", "taskName": "Task-2"}
{"asctime": "2025-03-27 09:45:24,679", "name": "crawler_database", "levelname": "INFO", "message": "创建索引成功: novels - idx_novels_status", "taskName": "Task-2"}
{"asctime": "2025-03-27 09:45:24,688", "name": "crawler_database", "levelname": "INFO", "message": "创建索引成功: novels - idx_novels_created_at", "taskName": "Task-2"}
{"asctime": "2025-03-27 09:45:24,691", "name": "crawler_database", "levelname": "INFO", "message": "已删除集合 chapters 的所有索引", "taskName": "Task-2"}
{"asctime": "2025-03-27 09:45:24,702", "name": "crawler_database", "levelname": "INFO", "message": "创建索引成功: chapters - idx_chapters_novel_chapter", "taskName": "Task-2"}
{"asctime": "2025-03-27 09:45:24,709", "name": "crawler_database", "levelname": "INFO", "message": "创建索引成功: chapters - idx_chapters_source_url", "taskName": "Task-2"}
{"asctime": "2025-03-27 09:45:24,710", "name": "crawler_database", "levelname": "INFO", "message": "MongoDB索引创建成功", "taskName": "Task-2"}
{"asctime": "2025-03-27 09:45:35,530", "name": "crawler_database", "levelname": "INFO", "message": "MongoDB异步连接已创建", "taskName": "Task-1"}
{"asctime": "2025-03-27 09:45:35,535", "name": "crawler_database", "levelname": "INFO", "message": "MongoDB同步连接已创建", "taskName": "Task-1"}
{"asctime": "2025-03-27 09:45:36,373", "name": "crawler_database", "levelname": "INFO", "message": "开始创建MongoDB索引", "taskName": "Task-2"}
{"asctime": "2025-03-27 09:45:36,376", "name": "crawler_database", "levelname": "INFO", "message": "已删除集合 novels 的所有索引", "taskName": "Task-2"}
{"asctime": "2025-03-27 09:45:36,384", "name": "crawler_database", "levelname": "INFO", "message": "创建索引成功: novels - idx_novels_title", "taskName": "Task-2"}
{"asctime": "2025-03-27 09:45:36,391", "name": "crawler_database", "levelname": "INFO", "message": "创建索引成功: novels - idx_novels_source_url", "taskName": "Task-2"}
{"asctime": "2025-03-27 09:45:36,398", "name": "crawler_database", "levelname": "INFO", "message": "创建索引成功: novels - idx_novels_status", "taskName": "Task-2"}
{"asctime": "2025-03-27 09:45:36,406", "name": "crawler_database", "levelname": "INFO", "message": "创建索引成功: novels - idx_novels_created_at", "taskName": "Task-2"}
{"asctime": "2025-03-27 09:45:36,408", "name": "crawler_database", "levelname": "INFO", "message": "已删除集合 chapters 的所有索引", "taskName": "Task-2"}
{"asctime": "2025-03-27 09:45:36,415", "name": "crawler_database", "levelname": "INFO", "message": "创建索引成功: chapters - idx_chapters_novel_chapter", "taskName": "Task-2"}
{"asctime": "2025-03-27 09:45:36,423", "name": "crawler_database", "levelname": "INFO", "message": "创建索引成功: chapters - idx_chapters_source_url", "taskName": "Task-2"}
{"asctime": "2025-03-27 09:45:36,424", "name": "crawler_database", "levelname": "INFO", "message": "MongoDB索引创建成功", "taskName": "Task-2"}
{"asctime": "2025-03-27 09:48:07,620", "name": "crawler_database", "levelname": "INFO", "message": "MongoDB异步连接已创建", "taskName": "Task-1"}
{"asctime": "2025-03-27 09:48:07,625", "name": "crawler_database", "levelname": "INFO", "message": "MongoDB同步连接已创建", "taskName": "Task-1"}
{"asctime": "2025-03-27 09:48:08,519", "name": "crawler_database", "levelname": "INFO", "message": "开始创建MongoDB索引", "taskName": "Task-2"}
{"asctime": "2025-03-27 09:48:08,523", "name": "crawler_database", "levelname": "INFO", "message": "已删除集合 novels 的所有索引", "taskName": "Task-2"}
{"asctime": "2025-03-27 09:48:08,532", "name": "crawler_database", "levelname": "INFO", "message": "创建索引成功: novels - idx_novels_title", "taskName": "Task-2"}
{"asctime": "2025-03-27 09:48:08,541", "name": "crawler_database", "levelname": "INFO", "message": "创建索引成功: novels - idx_novels_source_url", "taskName": "Task-2"}
{"asctime": "2025-03-27 09:48:08,550", "name": "crawler_database", "levelname": "INFO", "message": "创建索引成功: novels - idx_novels_status", "taskName": "Task-2"}
{"asctime": "2025-03-27 09:48:08,559", "name": "crawler_database", "levelname": "INFO", "message": "创建索引成功: novels - idx_novels_created_at", "taskName": "Task-2"}
{"asctime": "2025-03-27 09:48:08,561", "name": "crawler_database", "levelname": "INFO", "message": "已删除集合 chapters 的所有索引", "taskName": "Task-2"}
{"asctime": "2025-03-27 09:48:08,569", "name": "crawler_database", "levelname": "INFO", "message": "创建索引成功: chapters - idx_chapters_novel_chapter", "taskName": "Task-2"}
{"asctime": "2025-03-27 09:48:08,577", "name": "crawler_database", "levelname": "INFO", "message": "创建索引成功: chapters - idx_chapters_source_url", "taskName": "Task-2"}
{"asctime": "2025-03-27 09:48:08,578", "name": "crawler_database", "levelname": "INFO", "message": "MongoDB索引创建成功", "taskName": "Task-2"}
{"asctime": "2025-03-27 09:50:47,199", "name": "crawler_database", "levelname": "INFO", "message": "MongoDB异步连接已创建", "taskName": "Task-1"}
{"asctime": "2025-03-27 09:50:47,207", "name": "crawler_database", "levelname": "INFO", "message": "MongoDB同步连接已创建", "taskName": "Task-1"}
{"asctime": "2025-03-27 09:50:48,157", "name": "crawler_database", "levelname": "INFO", "message": "开始创建MongoDB索引", "taskName": "Task-2"}
{"asctime": "2025-03-27 09:50:48,161", "name": "crawler_database", "levelname": "INFO", "message": "已删除集合 novels 的所有索引", "taskName": "Task-2"}
{"asctime": "2025-03-27 09:50:48,170", "name": "crawler_database", "levelname": "INFO", "message": "创建索引成功: novels - idx_novels_title", "taskName": "Task-2"}
{"asctime": "2025-03-27 09:50:48,179", "name": "crawler_database", "levelname": "INFO", "message": "创建索引成功: novels - idx_novels_source_url", "taskName": "Task-2"}
{"asctime": "2025-03-27 09:50:48,186", "name": "crawler_database", "levelname": "INFO", "message": "创建索引成功: novels - idx_novels_status", "taskName": "Task-2"}
{"asctime": "2025-03-27 09:50:48,195", "name": "crawler_database", "levelname": "INFO", "message": "创建索引成功: novels - idx_novels_created_at", "taskName": "Task-2"}
{"asctime": "2025-03-27 09:50:48,197", "name": "crawler_database", "levelname": "INFO", "message": "已删除集合 chapters 的所有索引", "taskName": "Task-2"}
{"asctime": "2025-03-27 09:50:48,205", "name": "crawler_database", "levelname": "INFO", "message": "创建索引成功: chapters - idx_chapters_novel_chapter", "taskName": "Task-2"}
{"asctime": "2025-03-27 09:50:48,213", "name": "crawler_database", "levelname": "INFO", "message": "创建索引成功: chapters - idx_chapters_source_url", "taskName": "Task-2"}
{"asctime": "2025-03-27 09:50:48,215", "name": "crawler_database", "levelname": "INFO", "message": "MongoDB索引创建成功", "taskName": "Task-2"}
{"asctime": "2025-03-27 09:51:39,876", "name": "crawler_database", "levelname": "INFO", "message": "MongoDB异步连接已创建", "taskName": "Task-1"}
{"asctime": "2025-03-27 09:51:39,882", "name": "crawler_database", "levelname": "INFO", "message": "MongoDB同步连接已创建", "taskName": "Task-1"}
{"asctime": "2025-03-27 09:51:40,762", "name": "crawler_database", "levelname": "INFO", "message": "开始创建MongoDB索引", "taskName": "Task-2"}
{"asctime": "2025-03-27 09:51:40,775", "name": "crawler_database", "levelname": "INFO", "message": "已删除集合 novels 的所有索引", "taskName": "Task-2"}
{"asctime": "2025-03-27 09:51:40,784", "name": "crawler_database", "levelname": "INFO", "message": "创建索引成功: novels - idx_novels_title", "taskName": "Task-2"}
{"asctime": "2025-03-27 09:51:40,793", "name": "crawler_database", "levelname": "INFO", "message": "创建索引成功: novels - idx_novels_source_url", "taskName": "Task-2"}
{"asctime": "2025-03-27 09:51:40,801", "name": "crawler_database", "levelname": "INFO", "message": "创建索引成功: novels - idx_novels_status", "taskName": "Task-2"}
{"asctime": "2025-03-27 09:51:40,811", "name": "crawler_database", "levelname": "INFO", "message": "创建索引成功: novels - idx_novels_created_at", "taskName": "Task-2"}
{"asctime": "2025-03-27 09:51:40,813", "name": "crawler_database", "levelname": "INFO", "message": "已删除集合 chapters 的所有索引", "taskName": "Task-2"}
{"asctime": "2025-03-27 09:51:40,820", "name": "crawler_database", "levelname": "INFO", "message": "创建索引成功: chapters - idx_chapters_novel_chapter", "taskName": "Task-2"}
{"asctime": "2025-03-27 09:51:40,828", "name": "crawler_database", "levelname": "INFO", "message": "创建索引成功: chapters - idx_chapters_source_url", "taskName": "Task-2"}
{"asctime": "2025-03-27 09:51:40,829", "name": "crawler_database", "levelname": "INFO", "message": "MongoDB索引创建成功", "taskName": "Task-2"}
{"asctime": "2025-03-27 09:53:05,284", "name": "crawler_database", "levelname": "INFO", "message": "MongoDB异步连接已创建", "taskName": "Task-1"}
{"asctime": "2025-03-27 09:53:05,289", "name": "crawler_database", "levelname": "INFO", "message": "MongoDB同步连接已创建", "taskName": "Task-1"}
{"asctime": "2025-03-27 09:53:06,178", "name": "crawler_database", "levelname": "INFO", "message": "开始创建MongoDB索引", "taskName": "Task-2"}
{"asctime": "2025-03-27 09:53:06,182", "name": "crawler_database", "levelname": "INFO", "message": "已删除集合 novels 的所有索引", "taskName": "Task-2"}
{"asctime": "2025-03-27 09:53:06,212", "name": "crawler_database", "levelname": "INFO", "message": "创建索引成功: novels - idx_novels_title", "taskName": "Task-2"}
{"asctime": "2025-03-27 09:53:06,223", "name": "crawler_database", "levelname": "INFO", "message": "创建索引成功: novels - idx_novels_source_url", "taskName": "Task-2"}
{"asctime": "2025-03-27 09:53:06,234", "name": "crawler_database", "levelname": "INFO", "message": "创建索引成功: novels - idx_novels_status", "taskName": "Task-2"}
{"asctime": "2025-03-27 09:53:06,242", "name": "crawler_database", "levelname": "INFO", "message": "创建索引成功: novels - idx_novels_created_at", "taskName": "Task-2"}
{"asctime": "2025-03-27 09:53:06,245", "name": "crawler_database", "levelname": "INFO", "message": "已删除集合 chapters 的所有索引", "taskName": "Task-2"}
{"asctime": "2025-03-27 09:53:06,254", "name": "crawler_database", "levelname": "INFO", "message": "创建索引成功: chapters - idx_chapters_novel_chapter", "taskName": "Task-2"}
{"asctime": "2025-03-27 09:53:06,265", "name": "crawler_database", "levelname": "INFO", "message": "创建索引成功: chapters - idx_chapters_source_url", "taskName": "Task-2"}
{"asctime": "2025-03-27 09:53:06,266", "name": "crawler_database", "levelname": "INFO", "message": "MongoDB索引创建成功", "taskName": "Task-2"}
{"asctime": "2025-03-27 09:53:43,289", "name": "crawler_database", "levelname": "INFO", "message": "MongoDB异步连接已创建", "taskName": "Task-1"}
{"asctime": "2025-03-27 09:53:43,294", "name": "crawler_database", "levelname": "INFO", "message": "MongoDB同步连接已创建", "taskName": "Task-1"}
{"asctime": "2025-03-27 09:53:44,565", "name": "crawler_database", "levelname": "INFO", "message": "开始创建MongoDB索引", "taskName": "Task-2"}
{"asctime": "2025-03-27 09:53:44,570", "name": "crawler_database", "levelname": "INFO", "message": "已删除集合 novels 的所有索引", "taskName": "Task-2"}
{"asctime": "2025-03-27 09:53:44,597", "name": "crawler_database", "levelname": "INFO", "message": "创建索引成功: novels - idx_novels_title", "taskName": "Task-2"}
{"asctime": "2025-03-27 09:53:44,608", "name": "crawler_database", "levelname": "INFO", "message": "创建索引成功: novels - idx_novels_source_url", "taskName": "Task-2"}
{"asctime": "2025-03-27 09:53:44,616", "name": "crawler_database", "levelname": "INFO", "message": "创建索引成功: novels - idx_novels_status", "taskName": "Task-2"}
{"asctime": "2025-03-27 09:53:44,628", "name": "crawler_database", "levelname": "INFO", "message": "创建索引成功: novels - idx_novels_created_at", "taskName": "Task-2"}
{"asctime": "2025-03-27 09:53:44,631", "name": "crawler_database", "levelname": "INFO", "message": "已删除集合 chapters 的所有索引", "taskName": "Task-2"}
{"asctime": "2025-03-27 09:53:44,642", "name": "crawler_database", "levelname": "INFO", "message": "创建索引成功: chapters - idx_chapters_novel_chapter", "taskName": "Task-2"}
{"asctime": "2025-03-27 09:53:44,652", "name": "crawler_database", "levelname": "INFO", "message": "创建索引成功: chapters - idx_chapters_source_url", "taskName": "Task-2"}
{"asctime": "2025-03-27 09:53:44,653", "name": "crawler_database", "levelname": "INFO", "message": "MongoDB索引创建成功", "taskName": "Task-2"}
{"asctime": "2025-03-27 09:55:32,331", "name": "crawler_database", "levelname": "INFO", "message": "MongoDB异步连接已创建", "taskName": "Task-1"}
{"asctime": "2025-03-27 09:55:32,338", "name": "crawler_database", "levelname": "INFO", "message": "MongoDB同步连接已创建", "taskName": "Task-1"}
{"asctime": "2025-03-27 09:55:33,273", "name": "crawler_database", "levelname": "INFO", "message": "开始创建MongoDB索引", "taskName": "Task-2"}
{"asctime": "2025-03-27 09:55:33,277", "name": "crawler_database", "levelname": "INFO", "message": "已删除集合 novels 的所有索引", "taskName": "Task-2"}
{"asctime": "2025-03-27 09:55:33,289", "name": "crawler_database", "levelname": "INFO", "message": "创建索引成功: novels - idx_novels_title", "taskName": "Task-2"}
{"asctime": "2025-03-27 09:55:33,301", "name": "crawler_database", "levelname": "INFO", "message": "创建索引成功: novels - idx_novels_source_url", "taskName": "Task-2"}
{"asctime": "2025-03-27 09:55:33,314", "name": "crawler_database", "levelname": "INFO", "message": "创建索引成功: novels - idx_novels_status", "taskName": "Task-2"}
{"asctime": "2025-03-27 09:55:33,326", "name": "crawler_database", "levelname": "INFO", "message": "创建索引成功: novels - idx_novels_created_at", "taskName": "Task-2"}
{"asctime": "2025-03-27 09:55:33,329", "name": "crawler_database", "levelname": "INFO", "message": "已删除集合 chapters 的所有索引", "taskName": "Task-2"}
{"asctime": "2025-03-27 09:55:33,340", "name": "crawler_database", "levelname": "INFO", "message": "创建索引成功: chapters - idx_chapters_novel_chapter", "taskName": "Task-2"}
{"asctime": "2025-03-27 09:55:33,351", "name": "crawler_database", "levelname": "INFO", "message": "创建索引成功: chapters - idx_chapters_source_url", "taskName": "Task-2"}
{"asctime": "2025-03-27 09:55:33,353", "name": "crawler_database", "levelname": "INFO", "message": "MongoDB索引创建成功", "taskName": "Task-2"}
{"asctime": "2025-03-27 09:56:03,804", "name": "crawler_database", "levelname": "INFO", "message": "MongoDB异步连接已创建", "taskName": "Task-1"}
{"asctime": "2025-03-27 09:56:03,809", "name": "crawler_database", "levelname": "INFO", "message": "MongoDB同步连接已创建", "taskName": "Task-1"}
{"asctime": "2025-03-27 09:56:04,658", "name": "crawler_database", "levelname": "INFO", "message": "开始创建MongoDB索引", "taskName": "Task-2"}
{"asctime": "2025-03-27 09:56:04,681", "name": "crawler_database", "levelname": "INFO", "message": "已删除集合 novels 的所有索引", "taskName": "Task-2"}
{"asctime": "2025-03-27 09:56:04,699", "name": "crawler_database", "levelname": "INFO", "message": "创建索引成功: novels - idx_novels_title", "taskName": "Task-2"}
{"asctime": "2025-03-27 09:56:04,707", "name": "crawler_database", "levelname": "INFO", "message": "创建索引成功: novels - idx_novels_source_url", "taskName": "Task-2"}
{"asctime": "2025-03-27 09:56:04,717", "name": "crawler_database", "levelname": "INFO", "message": "创建索引成功: novels - idx_novels_status", "taskName": "Task-2"}
{"asctime": "2025-03-27 09:56:04,728", "name": "crawler_database", "levelname": "INFO", "message": "创建索引成功: novels - idx_novels_created_at", "taskName": "Task-2"}
{"asctime": "2025-03-27 09:56:04,730", "name": "crawler_database", "levelname": "INFO", "message": "已删除集合 chapters 的所有索引", "taskName": "Task-2"}
{"asctime": "2025-03-27 09:56:04,739", "name": "crawler_database", "levelname": "INFO", "message": "创建索引成功: chapters - idx_chapters_novel_chapter", "taskName": "Task-2"}
{"asctime": "2025-03-27 09:56:04,748", "name": "crawler_database", "levelname": "INFO", "message": "创建索引成功: chapters - idx_chapters_source_url", "taskName": "Task-2"}
{"asctime": "2025-03-27 09:56:04,749", "name": "crawler_database", "levelname": "INFO", "message": "MongoDB索引创建成功", "taskName": "Task-2"}
{"asctime": "2025-03-27 11:34:05,892", "name": "crawler_database", "levelname": "INFO", "message": "MongoDB异步连接已创建", "taskName": "Task-1"}
{"asctime": "2025-03-27 11:34:05,899", "name": "crawler_database", "levelname": "INFO", "message": "MongoDB同步连接已创建", "taskName": "Task-1"}
{"asctime": "2025-03-27 11:34:06,871", "name": "crawler_database", "levelname": "INFO", "message": "开始创建MongoDB索引", "taskName": "Task-2"}
{"asctime": "2025-03-27 11:34:06,877", "name": "crawler_database", "levelname": "INFO", "message": "已删除集合 novels 的所有索引", "taskName": "Task-2"}
{"asctime": "2025-03-27 11:34:06,894", "name": "crawler_database", "levelname": "INFO", "message": "创建索引成功: novels - idx_novels_title", "taskName": "Task-2"}
{"asctime": "2025-03-27 11:34:06,903", "name": "crawler_database", "levelname": "INFO", "message": "创建索引成功: novels - idx_novels_source_url", "taskName": "Task-2"}
{"asctime": "2025-03-27 11:34:06,913", "name": "crawler_database", "levelname": "INFO", "message": "创建索引成功: novels - idx_novels_status", "taskName": "Task-2"}
{"asctime": "2025-03-27 11:34:06,922", "name": "crawler_database", "levelname": "INFO", "message": "创建索引成功: novels - idx_novels_created_at", "taskName": "Task-2"}
{"asctime": "2025-03-27 11:34:06,925", "name": "crawler_database", "levelname": "INFO", "message": "已删除集合 chapters 的所有索引", "taskName": "Task-2"}
{"asctime": "2025-03-27 11:34:06,934", "name": "crawler_database", "levelname": "INFO", "message": "创建索引成功: chapters - idx_chapters_novel_chapter", "taskName": "Task-2"}
{"asctime": "2025-03-27 11:34:06,941", "name": "crawler_database", "levelname": "INFO", "message": "创建索引成功: chapters - idx_chapters_source_url", "taskName": "Task-2"}
{"asctime": "2025-03-27 11:34:06,942", "name": "crawler_database", "levelname": "INFO", "message": "MongoDB索引创建成功", "taskName": "Task-2"}
{"asctime": "2025-03-27 11:36:25,557", "name": "crawler_database", "levelname": "INFO", "message": "MongoDB异步连接已创建", "taskName": null}
{"asctime": "2025-03-27 11:36:25,561", "name": "crawler_database", "levelname": "INFO", "message": "MongoDB同步连接已创建", "taskName": null}
{"asctime": "2025-03-27 11:36:25,647", "name": "crawler_database", "levelname": "INFO", "message": "开始创建MongoDB索引", "taskName": null}
{"asctime": "2025-03-27 11:36:25,651", "name": "crawler_database", "levelname": "INFO", "message": "已删除集合 novels 的所有索引", "taskName": null}
{"asctime": "2025-03-27 11:36:25,658", "name": "crawler_database", "levelname": "INFO", "message": "创建索引成功: novels - idx_novels_title", "taskName": null}
{"asctime": "2025-03-27 11:36:25,664", "name": "crawler_database", "levelname": "INFO", "message": "创建索引成功: novels - idx_novels_source_url", "taskName": null}
{"asctime": "2025-03-27 11:36:25,682", "name": "crawler_database", "levelname": "INFO", "message": "创建索引成功: novels - idx_novels_status", "taskName": null}
{"asctime": "2025-03-27 11:36:25,689", "name": "crawler_database", "levelname": "INFO", "message": "创建索引成功: novels - idx_novels_created_at", "taskName": null}
{"asctime": "2025-03-27 11:36:25,691", "name": "crawler_database", "levelname": "INFO", "message": "已删除集合 chapters 的所有索引", "taskName": null}
{"asctime": "2025-03-27 11:36:25,698", "name": "crawler_database", "levelname": "INFO", "message": "创建索引成功: chapters - idx_chapters_novel_chapter", "taskName": null}
{"asctime": "2025-03-27 11:36:25,705", "name": "crawler_database", "levelname": "INFO", "message": "创建索引成功: chapters - idx_chapters_source_url", "taskName": null}
{"asctime": "2025-03-27 11:36:25,706", "name": "crawler_database", "levelname": "INFO", "message": "MongoDB索引创建成功", "taskName": null}
{"asctime": "2025-03-27 11:36:57,423", "name": "crawler_database", "levelname": "INFO", "message": "MongoDB异步连接已创建", "taskName": null}
{"asctime": "2025-03-27 11:36:57,427", "name": "crawler_database", "levelname": "INFO", "message": "MongoDB同步连接已创建", "taskName": null}
{"asctime": "2025-03-27 11:37:40,056", "name": "crawler_database", "levelname": "INFO", "message": "MongoDB异步连接已创建", "taskName": null}
{"asctime": "2025-03-27 11:37:40,058", "name": "crawler_database", "levelname": "INFO", "message": "MongoDB同步连接已创建", "taskName": null}
{"asctime": "2025-03-27 11:37:40,059", "name": "crawler_database", "levelname": "INFO", "message": "开始创建MongoDB索引", "taskName": null}
{"asctime": "2025-03-27 11:37:40,063", "name": "crawler_database", "levelname": "INFO", "message": "已删除集合 novels 的所有索引", "taskName": null}
{"asctime": "2025-03-27 11:37:40,070", "name": "crawler_database", "levelname": "INFO", "message": "创建索引成功: novels - idx_novels_title", "taskName": null}
{"asctime": "2025-03-27 11:37:40,077", "name": "crawler_database", "levelname": "INFO", "message": "创建索引成功: novels - idx_novels_source_url", "taskName": null}
{"asctime": "2025-03-27 11:37:40,085", "name": "crawler_database", "levelname": "INFO", "message": "创建索引成功: novels - idx_novels_status", "taskName": null}
{"asctime": "2025-03-27 11:37:40,092", "name": "crawler_database", "levelname": "INFO", "message": "创建索引成功: novels - idx_novels_created_at", "taskName": null}
{"asctime": "2025-03-27 11:37:40,093", "name": "crawler_database", "levelname": "INFO", "message": "已删除集合 chapters 的所有索引", "taskName": null}
{"asctime": "2025-03-27 11:37:40,101", "name": "crawler_database", "levelname": "INFO", "message": "创建索引成功: chapters - idx_chapters_novel_chapter", "taskName": null}
{"asctime": "2025-03-27 11:37:40,107", "name": "crawler_database", "levelname": "INFO", "message": "创建索引成功: chapters - idx_chapters_source_url", "taskName": null}
{"asctime": "2025-03-27 11:37:40,108", "name": "crawler_database", "levelname": "INFO", "message": "MongoDB索引创建成功", "taskName": null}
{"asctime": "2025-03-27 11:38:50,650", "name": "crawler_database", "levelname": "INFO", "message": "MongoDB异步连接已创建", "taskName": null}
{"asctime": "2025-03-27 11:38:50,652", "name": "crawler_database", "levelname": "INFO", "message": "MongoDB同步连接已创建", "taskName": null}
{"asctime": "2025-03-27 11:38:50,653", "name": "crawler_database", "levelname": "INFO", "message": "开始创建MongoDB索引", "taskName": null}
{"asctime": "2025-03-27 11:38:50,679", "name": "crawler_database", "levelname": "INFO", "message": "已删除集合 novels 的所有索引", "taskName": null}
{"asctime": "2025-03-27 11:38:50,688", "name": "crawler_database", "levelname": "INFO", "message": "创建索引成功: novels - idx_novels_title", "taskName": null}
{"asctime": "2025-03-27 11:38:50,699", "name": "crawler_database", "levelname": "INFO", "message": "创建索引成功: novels - idx_novels_source_url", "taskName": null}
{"asctime": "2025-03-27 11:38:50,706", "name": "crawler_database", "levelname": "INFO", "message": "创建索引成功: novels - idx_novels_status", "taskName": null}
{"asctime": "2025-03-27 11:38:50,714", "name": "crawler_database", "levelname": "INFO", "message": "创建索引成功: novels - idx_novels_created_at", "taskName": null}
{"asctime": "2025-03-27 11:38:50,716", "name": "crawler_database", "levelname": "INFO", "message": "已删除集合 chapters 的所有索引", "taskName": null}
{"asctime": "2025-03-27 11:38:50,723", "name": "crawler_database", "levelname": "INFO", "message": "创建索引成功: chapters - idx_chapters_novel_chapter", "taskName": null}
{"asctime": "2025-03-27 11:38:50,730", "name": "crawler_database", "levelname": "INFO", "message": "创建索引成功: chapters - idx_chapters_source_url", "taskName": null}
{"asctime": "2025-03-27 11:38:50,731", "name": "crawler_database", "levelname": "INFO", "message": "MongoDB索引创建成功", "taskName": null}
{"asctime": "2025-03-27 11:39:49,268", "name": "crawler_database", "levelname": "INFO", "message": "MongoDB异步连接已创建", "taskName": null}
{"asctime": "2025-03-27 11:39:49,270", "name": "crawler_database", "levelname": "INFO", "message": "MongoDB同步连接已创建", "taskName": null}
{"asctime": "2025-03-27 11:39:49,271", "name": "crawler_database", "levelname": "INFO", "message": "开始创建MongoDB索引", "taskName": null}
{"asctime": "2025-03-27 11:39:49,291", "name": "crawler_database", "levelname": "INFO", "message": "已删除集合 novels 的所有索引", "taskName": null}
{"asctime": "2025-03-27 11:39:49,317", "name": "crawler_database", "levelname": "INFO", "message": "创建索引成功: novels - idx_novels_title", "taskName": null}
{"asctime": "2025-03-27 11:39:49,324", "name": "crawler_database", "levelname": "INFO", "message": "创建索引成功: novels - idx_novels_source_url", "taskName": null}
{"asctime": "2025-03-27 11:39:49,330", "name": "crawler_database", "levelname": "INFO", "message": "创建索引成功: novels - idx_novels_status", "taskName": null}
{"asctime": "2025-03-27 11:39:49,338", "name": "crawler_database", "levelname": "INFO", "message": "创建索引成功: novels - idx_novels_created_at", "taskName": null}
{"asctime": "2025-03-27 11:39:49,341", "name": "crawler_database", "levelname": "INFO", "message": "已删除集合 chapters 的所有索引", "taskName": null}
{"asctime": "2025-03-27 11:39:49,348", "name": "crawler_database", "levelname": "INFO", "message": "创建索引成功: chapters - idx_chapters_novel_chapter", "taskName": null}
{"asctime": "2025-03-27 11:39:49,356", "name": "crawler_database", "levelname": "INFO", "message": "创建索引成功: chapters - idx_chapters_source_url", "taskName": null}
{"asctime": "2025-03-27 11:39:49,357", "name": "crawler_database", "levelname": "INFO", "message": "MongoDB索引创建成功", "taskName": null}
{"asctime": "2025-03-27 11:40:46,751", "name": "crawler_database", "levelname": "INFO", "message": "MongoDB异步连接已创建", "taskName": null}
{"asctime": "2025-03-27 11:40:46,754", "name": "crawler_database", "levelname": "INFO", "message": "MongoDB同步连接已创建", "taskName": null}
{"asctime": "2025-03-27 11:40:46,755", "name": "crawler_database", "levelname": "INFO", "message": "开始创建MongoDB索引", "taskName": null}
{"asctime": "2025-03-27 11:40:46,758", "name": "crawler_database", "levelname": "INFO", "message": "已删除集合 novels 的所有索引", "taskName": null}
{"asctime": "2025-03-27 11:40:46,765", "name": "crawler_database", "levelname": "INFO", "message": "创建索引成功: novels - idx_novels_title", "taskName": null}
{"asctime": "2025-03-27 11:40:46,774", "name": "crawler_database", "levelname": "INFO", "message": "创建索引成功: novels - idx_novels_source_url", "taskName": null}
{"asctime": "2025-03-27 11:40:46,781", "name": "crawler_database", "levelname": "INFO", "message": "创建索引成功: novels - idx_novels_status", "taskName": null}
{"asctime": "2025-03-27 11:40:46,787", "name": "crawler_database", "levelname": "INFO", "message": "创建索引成功: novels - idx_novels_created_at", "taskName": null}
{"asctime": "2025-03-27 11:40:46,789", "name": "crawler_database", "levelname": "INFO", "message": "已删除集合 chapters 的所有索引", "taskName": null}
{"asctime": "2025-03-27 11:40:46,796", "name": "crawler_database", "levelname": "INFO", "message": "创建索引成功: chapters - idx_chapters_novel_chapter", "taskName": null}
{"asctime": "2025-03-27 11:40:46,802", "name": "crawler_database", "levelname": "INFO", "message": "创建索引成功: chapters - idx_chapters_source_url", "taskName": null}
{"asctime": "2025-03-27 11:40:46,804", "name": "crawler_database", "levelname": "INFO", "message": "MongoDB索引创建成功", "taskName": null}
{"asctime": "2025-03-27 11:41:04,814", "name": "crawler_database", "levelname": "INFO", "message": "MongoDB异步连接已创建", "taskName": null}
{"asctime": "2025-03-27 11:41:04,816", "name": "crawler_database", "levelname": "INFO", "message": "MongoDB同步连接已创建", "taskName": null}
{"asctime": "2025-03-27 11:41:04,817", "name": "crawler_database", "levelname": "INFO", "message": "开始创建MongoDB索引", "taskName": null}
{"asctime": "2025-03-27 11:41:04,832", "name": "crawler_database", "levelname": "INFO", "message": "已删除集合 novels 的所有索引", "taskName": null}
{"asctime": "2025-03-27 11:41:04,839", "name": "crawler_database", "levelname": "INFO", "message": "创建索引成功: novels - idx_novels_title", "taskName": null}
{"asctime": "2025-03-27 11:41:04,847", "name": "crawler_database", "levelname": "INFO", "message": "创建索引成功: novels - idx_novels_source_url", "taskName": null}
{"asctime": "2025-03-27 11:41:04,854", "name": "crawler_database", "levelname": "INFO", "message": "创建索引成功: novels - idx_novels_status", "taskName": null}
{"asctime": "2025-03-27 11:41:04,860", "name": "crawler_database", "levelname": "INFO", "message": "创建索引成功: novels - idx_novels_created_at", "taskName": null}
{"asctime": "2025-03-27 11:41:04,862", "name": "crawler_database", "levelname": "INFO", "message": "已删除集合 chapters 的所有索引", "taskName": null}
{"asctime": "2025-03-27 11:41:04,869", "name": "crawler_database", "levelname": "INFO", "message": "创建索引成功: chapters - idx_chapters_novel_chapter", "taskName": null}
{"asctime": "2025-03-27 11:41:04,877", "name": "crawler_database", "levelname": "INFO", "message": "创建索引成功: chapters - idx_chapters_source_url", "taskName": null}
{"asctime": "2025-03-27 11:41:04,877", "name": "crawler_database", "levelname": "INFO", "message": "MongoDB索引创建成功", "taskName": null}
{"asctime": "2025-03-27 11:41:23,661", "name": "crawler_database", "levelname": "INFO", "message": "MongoDB异步连接已创建", "taskName": "Task-1"}
{"asctime": "2025-03-27 11:41:23,665", "name": "crawler_database", "levelname": "INFO", "message": "MongoDB同步连接已创建", "taskName": "Task-1"}
{"asctime": "2025-03-27 11:41:24,358", "name": "crawler_database", "levelname": "INFO", "message": "开始创建MongoDB索引", "taskName": "Task-2"}
{"asctime": "2025-03-27 11:41:24,362", "name": "crawler_database", "levelname": "INFO", "message": "已删除集合 novels 的所有索引", "taskName": "Task-2"}
{"asctime": "2025-03-27 11:41:24,382", "name": "crawler_database", "levelname": "INFO", "message": "创建索引成功: novels - idx_novels_title", "taskName": "Task-2"}
{"asctime": "2025-03-27 11:41:24,391", "name": "crawler_database", "levelname": "INFO", "message": "创建索引成功: novels - idx_novels_source_url", "taskName": "Task-2"}
{"asctime": "2025-03-27 11:41:24,398", "name": "crawler_database", "levelname": "INFO", "message": "创建索引成功: novels - idx_novels_status", "taskName": "Task-2"}
{"asctime": "2025-03-27 11:41:24,407", "name": "crawler_database", "levelname": "INFO", "message": "创建索引成功: novels - idx_novels_created_at", "taskName": "Task-2"}
{"asctime": "2025-03-27 11:41:24,409", "name": "crawler_database", "levelname": "INFO", "message": "已删除集合 chapters 的所有索引", "taskName": "Task-2"}
{"asctime": "2025-03-27 11:41:24,418", "name": "crawler_database", "levelname": "INFO", "message": "创建索引成功: chapters - idx_chapters_novel_chapter", "taskName": "Task-2"}
{"asctime": "2025-03-27 11:41:24,427", "name": "crawler_database", "levelname": "INFO", "message": "创建索引成功: chapters - idx_chapters_source_url", "taskName": "Task-2"}
{"asctime": "2025-03-27 11:41:24,427", "name": "crawler_database", "levelname": "INFO", "message": "MongoDB索引创建成功", "taskName": "Task-2"}
{"asctime": "2025-03-27 11:42:27,125", "name": "crawler_database", "levelname": "INFO", "message": "MongoDB异步连接已创建", "taskName": "Task-1"}
{"asctime": "2025-03-27 11:42:27,129", "name": "crawler_database", "levelname": "INFO", "message": "MongoDB同步连接已创建", "taskName": "Task-1"}
{"asctime": "2025-03-27 11:42:27,879", "name": "crawler_database", "levelname": "INFO", "message": "开始创建MongoDB索引", "taskName": "Task-2"}
{"asctime": "2025-03-27 11:42:27,883", "name": "crawler_database", "levelname": "INFO", "message": "已删除集合 novels 的所有索引", "taskName": "Task-2"}
{"asctime": "2025-03-27 11:42:27,894", "name": "crawler_database", "levelname": "INFO", "message": "创建索引成功: novels - idx_novels_title", "taskName": "Task-2"}
{"asctime": "2025-03-27 11:42:27,902", "name": "crawler_database", "levelname": "INFO", "message": "创建索引成功: novels - idx_novels_source_url", "taskName": "Task-2"}
{"asctime": "2025-03-27 11:42:27,910", "name": "crawler_database", "levelname": "INFO", "message": "创建索引成功: novels - idx_novels_status", "taskName": "Task-2"}
{"asctime": "2025-03-27 11:42:27,918", "name": "crawler_database", "levelname": "INFO", "message": "创建索引成功: novels - idx_novels_created_at", "taskName": "Task-2"}
{"asctime": "2025-03-27 11:42:27,920", "name": "crawler_database", "levelname": "INFO", "message": "已删除集合 chapters 的所有索引", "taskName": "Task-2"}
{"asctime": "2025-03-27 11:42:27,927", "name": "crawler_database", "levelname": "INFO", "message": "创建索引成功: chapters - idx_chapters_novel_chapter", "taskName": "Task-2"}
{"asctime": "2025-03-27 11:42:27,934", "name": "crawler_database", "levelname": "INFO", "message": "创建索引成功: chapters - idx_chapters_source_url", "taskName": "Task-2"}
{"asctime": "2025-03-27 11:42:27,934", "name": "crawler_database", "levelname": "INFO", "message": "MongoDB索引创建成功", "taskName": "Task-2"}
{"asctime": "2025-03-27 11:47:51,341", "name": "crawler_database", "levelname": "INFO", "message": "MongoDB异步连接已创建", "taskName": null}
{"asctime": "2025-03-27 11:47:51,344", "name": "crawler_database", "levelname": "INFO", "message": "MongoDB同步连接已创建", "taskName": null}
{"asctime": "2025-03-27 11:47:51,345", "name": "crawler_database", "levelname": "INFO", "message": "开始创建MongoDB索引", "taskName": null}
{"asctime": "2025-03-27 11:47:51,369", "name": "crawler_database", "levelname": "INFO", "message": "已删除集合 novels 的所有索引", "taskName": null}
{"asctime": "2025-03-27 11:47:51,376", "name": "crawler_database", "levelname": "INFO", "message": "创建索引成功: novels - idx_novels_title", "taskName": null}
{"asctime": "2025-03-27 11:47:51,383", "name": "crawler_database", "levelname": "INFO", "message": "创建索引成功: novels - idx_novels_source_url", "taskName": null}
{"asctime": "2025-03-27 11:47:51,391", "name": "crawler_database", "levelname": "INFO", "message": "创建索引成功: novels - idx_novels_status", "taskName": null}
{"asctime": "2025-03-27 11:47:51,397", "name": "crawler_database", "levelname": "INFO", "message": "创建索引成功: novels - idx_novels_created_at", "taskName": null}
{"asctime": "2025-03-27 11:47:51,399", "name": "crawler_database", "levelname": "INFO", "message": "已删除集合 chapters 的所有索引", "taskName": null}
{"asctime": "2025-03-27 11:47:51,407", "name": "crawler_database", "levelname": "INFO", "message": "创建索引成功: chapters - idx_chapters_novel_chapter", "taskName": null}
{"asctime": "2025-03-27 11:47:51,413", "name": "crawler_database", "levelname": "INFO", "message": "创建索引成功: chapters - idx_chapters_source_url", "taskName": null}
{"asctime": "2025-03-27 11:47:51,414", "name": "crawler_database", "levelname": "INFO", "message": "MongoDB索引创建成功", "taskName": null}
{"asctime": "2025-03-27 11:50:16,821", "name": "crawler_database", "levelname": "INFO", "message": "MongoDB异步连接已创建", "taskName": "Task-1"}
{"asctime": "2025-03-27 11:50:16,825", "name": "crawler_database", "levelname": "INFO", "message": "MongoDB同步连接已创建", "taskName": "Task-1"}
{"asctime": "2025-03-27 11:50:17,560", "name": "crawler_database", "levelname": "INFO", "message": "开始创建MongoDB索引", "taskName": "Task-2"}
{"asctime": "2025-03-27 11:50:17,563", "name": "crawler_database", "levelname": "INFO", "message": "已删除集合 novels 的所有索引", "taskName": "Task-2"}
{"asctime": "2025-03-27 11:50:17,570", "name": "crawler_database", "levelname": "INFO", "message": "创建索引成功: novels - idx_novels_title", "taskName": "Task-2"}
{"asctime": "2025-03-27 11:50:17,578", "name": "crawler_database", "levelname": "INFO", "message": "创建索引成功: novels - idx_novels_source_url", "taskName": "Task-2"}
{"asctime": "2025-03-27 11:50:17,586", "name": "crawler_database", "levelname": "INFO", "message": "创建索引成功: novels - idx_novels_status", "taskName": "Task-2"}
{"asctime": "2025-03-27 11:50:17,593", "name": "crawler_database", "levelname": "INFO", "message": "创建索引成功: novels - idx_novels_created_at", "taskName": "Task-2"}
{"asctime": "2025-03-27 11:50:17,594", "name": "crawler_database", "levelname": "INFO", "message": "已删除集合 chapters 的所有索引", "taskName": "Task-2"}
{"asctime": "2025-03-27 11:50:17,601", "name": "crawler_database", "levelname": "INFO", "message": "创建索引成功: chapters - idx_chapters_novel_chapter", "taskName": "Task-2"}
{"asctime": "2025-03-27 11:50:17,608", "name": "crawler_database", "levelname": "INFO", "message": "创建索引成功: chapters - idx_chapters_source_url", "taskName": "Task-2"}
{"asctime": "2025-03-27 11:50:17,608", "name": "crawler_database", "levelname": "INFO", "message": "MongoDB索引创建成功", "taskName": "Task-2"}
