{"asctime": "2025-03-24 15:43:23,549", "name": "crawler_database", "levelname": "INFO", "message": "MongoDB异步连接已创建", "taskName": "Task-1"}
{"asctime": "2025-03-24 15:43:23,556", "name": "crawler_database", "levelname": "INFO", "message": "MongoDB同步连接已创建", "taskName": "Task-1"}
{"asctime": "2025-03-24 15:43:23,846", "name": "crawler_database", "levelname": "INFO", "message": "开始创建MongoDB索引", "taskName": "Task-2"}
{"asctime": "2025-03-24 15:43:23,868", "name": "crawler_database", "levelname": "INFO", "message": "已删除集合 novels 的所有索引", "taskName": "Task-2"}
{"asctime": "2025-03-24 15:43:23,877", "name": "crawler_database", "levelname": "INFO", "message": "创建索引成功: novels - idx_novels_title", "taskName": "Task-2"}
{"asctime": "2025-03-24 15:43:23,886", "name": "crawler_database", "levelname": "INFO", "message": "创建索引成功: novels - idx_novels_source_url", "taskName": "Task-2"}
{"asctime": "2025-03-24 15:43:23,892", "name": "crawler_database", "levelname": "INFO", "message": "创建索引成功: novels - idx_novels_status", "taskName": "Task-2"}
{"asctime": "2025-03-24 15:43:23,899", "name": "crawler_database", "levelname": "INFO", "message": "创建索引成功: novels - idx_novels_created_at", "taskName": "Task-2"}
{"asctime": "2025-03-24 15:43:23,902", "name": "crawler_database", "levelname": "INFO", "message": "已删除集合 chapters 的所有索引", "taskName": "Task-2"}
{"asctime": "2025-03-24 15:43:23,909", "name": "crawler_database", "levelname": "INFO", "message": "创建索引成功: chapters - idx_chapters_novel_chapter", "taskName": "Task-2"}
{"asctime": "2025-03-24 15:43:23,916", "name": "crawler_database", "levelname": "INFO", "message": "创建索引成功: chapters - idx_chapters_source_url", "taskName": "Task-2"}
{"asctime": "2025-03-24 15:43:23,916", "name": "crawler_database", "levelname": "INFO", "message": "MongoDB索引创建成功", "taskName": "Task-2"}
{"asctime": "2025-03-24 15:45:29,424", "name": "crawler_database", "levelname": "INFO", "message": "MongoDB异步连接已创建", "taskName": "Task-1"}
{"asctime": "2025-03-24 15:45:29,427", "name": "crawler_database", "levelname": "INFO", "message": "MongoDB同步连接已创建", "taskName": "Task-1"}
{"asctime": "2025-03-24 15:45:29,682", "name": "crawler_database", "levelname": "INFO", "message": "开始创建MongoDB索引", "taskName": "Task-2"}
{"asctime": "2025-03-24 15:45:29,707", "name": "crawler_database", "levelname": "INFO", "message": "已删除集合 novels 的所有索引", "taskName": "Task-2"}
{"asctime": "2025-03-24 15:45:29,715", "name": "crawler_database", "levelname": "INFO", "message": "创建索引成功: novels - idx_novels_title", "taskName": "Task-2"}
{"asctime": "2025-03-24 15:45:29,720", "name": "crawler_database", "levelname": "INFO", "message": "创建索引成功: novels - idx_novels_source_url", "taskName": "Task-2"}
{"asctime": "2025-03-24 15:45:29,727", "name": "crawler_database", "levelname": "INFO", "message": "创建索引成功: novels - idx_novels_status", "taskName": "Task-2"}
{"asctime": "2025-03-24 15:45:29,735", "name": "crawler_database", "levelname": "INFO", "message": "创建索引成功: novels - idx_novels_created_at", "taskName": "Task-2"}
{"asctime": "2025-03-24 15:45:29,736", "name": "crawler_database", "levelname": "INFO", "message": "已删除集合 chapters 的所有索引", "taskName": "Task-2"}
{"asctime": "2025-03-24 15:45:29,742", "name": "crawler_database", "levelname": "INFO", "message": "创建索引成功: chapters - idx_chapters_novel_chapter", "taskName": "Task-2"}
{"asctime": "2025-03-24 15:45:29,748", "name": "crawler_database", "levelname": "INFO", "message": "创建索引成功: chapters - idx_chapters_source_url", "taskName": "Task-2"}
{"asctime": "2025-03-24 15:45:29,749", "name": "crawler_database", "levelname": "INFO", "message": "MongoDB索引创建成功", "taskName": "Task-2"}
{"asctime": "2025-03-24 15:56:43,046", "name": "crawler_database", "levelname": "INFO", "message": "MongoDB异步连接已创建", "taskName": "Task-1"}
{"asctime": "2025-03-24 15:56:43,051", "name": "crawler_database", "levelname": "INFO", "message": "MongoDB同步连接已创建", "taskName": "Task-1"}
{"asctime": "2025-03-24 15:56:43,332", "name": "crawler_database", "levelname": "INFO", "message": "开始创建MongoDB索引", "taskName": "Task-2"}
{"asctime": "2025-03-24 15:56:43,336", "name": "crawler_database", "levelname": "INFO", "message": "已删除集合 novels 的所有索引", "taskName": "Task-2"}
{"asctime": "2025-03-24 15:56:43,343", "name": "crawler_database", "levelname": "INFO", "message": "创建索引成功: novels - idx_novels_title", "taskName": "Task-2"}
{"asctime": "2025-03-24 15:56:43,349", "name": "crawler_database", "levelname": "INFO", "message": "创建索引成功: novels - idx_novels_source_url", "taskName": "Task-2"}
{"asctime": "2025-03-24 15:56:43,355", "name": "crawler_database", "levelname": "INFO", "message": "创建索引成功: novels - idx_novels_status", "taskName": "Task-2"}
{"asctime": "2025-03-24 15:56:43,359", "name": "crawler_database", "levelname": "INFO", "message": "创建索引成功: novels - idx_novels_created_at", "taskName": "Task-2"}
{"asctime": "2025-03-24 15:56:43,362", "name": "crawler_database", "levelname": "INFO", "message": "已删除集合 chapters 的所有索引", "taskName": "Task-2"}
{"asctime": "2025-03-24 15:56:43,368", "name": "crawler_database", "levelname": "INFO", "message": "创建索引成功: chapters - idx_chapters_novel_chapter", "taskName": "Task-2"}
{"asctime": "2025-03-24 15:56:43,373", "name": "crawler_database", "levelname": "INFO", "message": "创建索引成功: chapters - idx_chapters_source_url", "taskName": "Task-2"}
{"asctime": "2025-03-24 15:56:43,374", "name": "crawler_database", "levelname": "INFO", "message": "MongoDB索引创建成功", "taskName": "Task-2"}
{"asctime": "2025-03-24 15:59:41,436", "name": "crawler_database", "levelname": "INFO", "message": "MongoDB异步连接已创建", "taskName": "Task-1"}
{"asctime": "2025-03-24 15:59:41,441", "name": "crawler_database", "levelname": "INFO", "message": "MongoDB同步连接已创建", "taskName": "Task-1"}
{"asctime": "2025-03-24 15:59:41,680", "name": "crawler_database", "levelname": "INFO", "message": "开始创建MongoDB索引", "taskName": "Task-2"}
{"asctime": "2025-03-24 15:59:41,683", "name": "crawler_database", "levelname": "INFO", "message": "已删除集合 novels 的所有索引", "taskName": "Task-2"}
{"asctime": "2025-03-24 15:59:41,689", "name": "crawler_database", "levelname": "INFO", "message": "创建索引成功: novels - idx_novels_title", "taskName": "Task-2"}
{"asctime": "2025-03-24 15:59:41,695", "name": "crawler_database", "levelname": "INFO", "message": "创建索引成功: novels - idx_novels_source_url", "taskName": "Task-2"}
{"asctime": "2025-03-24 15:59:41,701", "name": "crawler_database", "levelname": "INFO", "message": "创建索引成功: novels - idx_novels_status", "taskName": "Task-2"}
{"asctime": "2025-03-24 15:59:41,707", "name": "crawler_database", "levelname": "INFO", "message": "创建索引成功: novels - idx_novels_created_at", "taskName": "Task-2"}
{"asctime": "2025-03-24 15:59:41,708", "name": "crawler_database", "levelname": "INFO", "message": "已删除集合 chapters 的所有索引", "taskName": "Task-2"}
{"asctime": "2025-03-24 15:59:41,715", "name": "crawler_database", "levelname": "INFO", "message": "创建索引成功: chapters - idx_chapters_novel_chapter", "taskName": "Task-2"}
{"asctime": "2025-03-24 15:59:41,721", "name": "crawler_database", "levelname": "INFO", "message": "创建索引成功: chapters - idx_chapters_source_url", "taskName": "Task-2"}
{"asctime": "2025-03-24 15:59:41,721", "name": "crawler_database", "levelname": "INFO", "message": "MongoDB索引创建成功", "taskName": "Task-2"}
