{"asctime": "2025-03-27 09:45:24,605", "name": "crawler_service", "levelname": "INFO", "message": "初始化爬虫服务...", "taskName": "Task-2"}
{"asctime": "2025-03-27 09:45:24,711", "name": "crawler_service", "levelname": "INFO", "message": "爬虫服务初始化完成", "taskName": "Task-2"}
{"asctime": "2025-03-27 09:45:36,372", "name": "crawler_service", "levelname": "INFO", "message": "初始化爬虫服务...", "taskName": "Task-2"}
{"asctime": "2025-03-27 09:45:36,425", "name": "crawler_service", "levelname": "INFO", "message": "爬虫服务初始化完成", "taskName": "Task-2"}
{"asctime": "2025-03-27 09:46:05,650", "name": "crawler_service", "levelname": "INFO", "message": "关闭爬虫服务...", "taskName": "Task-2"}
{"asctime": "2025-03-27 09:46:05,652", "name": "crawler_service", "levelname": "INFO", "message": "爬虫服务已关闭", "taskName": "Task-2"}
{"asctime": "2025-03-27 09:48:08,519", "name": "crawler_service", "levelname": "INFO", "message": "初始化爬虫服务...", "taskName": "Task-2"}
{"asctime": "2025-03-27 09:48:08,580", "name": "crawler_service", "levelname": "INFO", "message": "爬虫服务初始化完成", "taskName": "Task-2"}
{"asctime": "2025-03-27 09:50:48,156", "name": "crawler_service", "levelname": "INFO", "message": "初始化爬虫服务...", "taskName": "Task-2"}
{"asctime": "2025-03-27 09:50:48,215", "name": "crawler_service", "levelname": "INFO", "message": "爬虫服务初始化完成", "taskName": "Task-2"}
{"asctime": "2025-03-27 09:50:58,564", "name": "crawler_service", "levelname": "INFO", "message": "关闭爬虫服务...", "taskName": "Task-2"}
{"asctime": "2025-03-27 09:50:58,565", "name": "crawler_service", "levelname": "INFO", "message": "爬虫服务已关闭", "taskName": "Task-2"}
{"asctime": "2025-03-27 09:51:40,761", "name": "crawler_service", "levelname": "INFO", "message": "初始化爬虫服务...", "taskName": "Task-2"}
{"asctime": "2025-03-27 09:51:40,830", "name": "crawler_service", "levelname": "INFO", "message": "爬虫服务初始化完成", "taskName": "Task-2"}
{"asctime": "2025-03-27 09:52:13,174", "name": "crawler_service", "levelname": "INFO", "message": "关闭爬虫服务...", "taskName": "Task-2"}
{"asctime": "2025-03-27 09:52:13,175", "name": "crawler_service", "levelname": "INFO", "message": "爬虫服务已关闭", "taskName": "Task-2"}
{"asctime": "2025-03-27 09:53:06,177", "name": "crawler_service", "levelname": "INFO", "message": "初始化爬虫服务...", "taskName": "Task-2"}
{"asctime": "2025-03-27 09:53:06,267", "name": "crawler_service", "levelname": "INFO", "message": "爬虫服务初始化完成", "taskName": "Task-2"}
{"asctime": "2025-03-27 09:53:44,565", "name": "crawler_service", "levelname": "INFO", "message": "初始化爬虫服务...", "taskName": "Task-2"}
{"asctime": "2025-03-27 09:53:44,654", "name": "crawler_service", "levelname": "INFO", "message": "爬虫服务初始化完成", "taskName": "Task-2"}
{"asctime": "2025-03-27 09:55:33,272", "name": "crawler_service", "levelname": "INFO", "message": "初始化爬虫服务...", "taskName": "Task-2"}
{"asctime": "2025-03-27 09:55:33,354", "name": "crawler_service", "levelname": "INFO", "message": "爬虫服务初始化完成", "taskName": "Task-2"}
{"asctime": "2025-03-27 09:55:39,865", "name": "crawler_service", "levelname": "INFO", "message": "关闭爬虫服务...", "taskName": "Task-2"}
{"asctime": "2025-03-27 09:55:39,866", "name": "crawler_service", "levelname": "INFO", "message": "爬虫服务已关闭", "taskName": "Task-2"}
{"asctime": "2025-03-27 09:56:04,657", "name": "crawler_service", "levelname": "INFO", "message": "初始化爬虫服务...", "taskName": "Task-2"}
{"asctime": "2025-03-27 09:56:04,750", "name": "crawler_service", "levelname": "INFO", "message": "爬虫服务初始化完成", "taskName": "Task-2"}
{"asctime": "2025-03-27 11:34:06,871", "name": "crawler_service", "levelname": "INFO", "message": "初始化爬虫服务...", "taskName": "Task-2"}
{"asctime": "2025-03-27 11:34:06,944", "name": "crawler_service", "levelname": "INFO", "message": "爬虫服务初始化完成", "taskName": "Task-2"}
{"asctime": "2025-03-27 11:34:22,906", "name": "crawler_service", "levelname": "INFO", "message": "关闭爬虫服务...", "taskName": "Task-2"}
{"asctime": "2025-03-27 11:34:22,907", "name": "crawler_service", "levelname": "INFO", "message": "爬虫服务已关闭", "taskName": "Task-2"}
{"asctime": "2025-03-27 11:41:24,357", "name": "crawler_service", "levelname": "INFO", "message": "初始化爬虫服务...", "taskName": "Task-2"}
{"asctime": "2025-03-27 11:41:24,428", "name": "crawler_service", "levelname": "INFO", "message": "爬虫服务初始化完成", "taskName": "Task-2"}
{"asctime": "2025-03-27 11:42:27,879", "name": "crawler_service", "levelname": "INFO", "message": "初始化爬虫服务...", "taskName": "Task-2"}
{"asctime": "2025-03-27 11:42:27,935", "name": "crawler_service", "levelname": "INFO", "message": "爬虫服务初始化完成", "taskName": "Task-2"}
{"asctime": "2025-03-27 11:44:42,926", "name": "crawler_service", "levelname": "INFO", "message": "关闭爬虫服务...", "taskName": "Task-2"}
{"asctime": "2025-03-27 11:44:42,927", "name": "crawler_service", "levelname": "INFO", "message": "爬虫服务已关闭", "taskName": "Task-2"}
{"asctime": "2025-03-27 11:44:42,941", "name": "crawler_service", "levelname": "INFO", "message": "关闭爬虫服务...", "taskName": "Task-2"}
{"asctime": "2025-03-27 11:44:42,942", "name": "crawler_service", "levelname": "INFO", "message": "爬虫服务已关闭", "taskName": "Task-2"}
{"asctime": "2025-03-27 11:50:17,559", "name": "crawler_service", "levelname": "INFO", "message": "初始化爬虫服务...", "taskName": "Task-2"}
{"asctime": "2025-03-27 11:50:17,609", "name": "crawler_service", "levelname": "INFO", "message": "爬虫服务初始化完成", "taskName": "Task-2"}
{"asctime": "2025-03-27 11:52:07,828", "name": "crawler_service", "levelname": "INFO", "message": "关闭爬虫服务...", "taskName": "Task-2"}
{"asctime": "2025-03-27 11:52:07,830", "name": "crawler_service", "levelname": "INFO", "message": "爬虫服务已关闭", "taskName": "Task-2"}
{"asctime": "2025-03-27 12:06:06,053", "name": "crawler_service", "levelname": "INFO", "message": "初始化爬虫服务...", "taskName": "Task-2"}
{"asctime": "2025-03-27 12:06:06,087", "name": "crawler_service", "levelname": "INFO", "message": "爬虫服务初始化完成", "taskName": "Task-2"}
{"asctime": "2025-03-27 12:06:38,797", "name": "crawler_service", "levelname": "INFO", "message": "初始化爬虫服务...", "taskName": "Task-2"}
{"asctime": "2025-03-27 12:06:38,800", "name": "crawler_service", "levelname": "INFO", "message": "爬虫服务初始化完成", "taskName": "Task-2"}
{"asctime": "2025-03-27 12:08:50,270", "name": "crawler_service", "levelname": "INFO", "message": "关闭爬虫服务...", "taskName": "Task-2"}
{"asctime": "2025-03-27 12:08:50,272", "name": "crawler_service", "levelname": "INFO", "message": "爬虫服务已关闭", "taskName": "Task-2"}
{"asctime": "2025-03-27 12:09:29,902", "name": "crawler_service", "levelname": "INFO", "message": "初始化爬虫服务...", "taskName": "Task-2"}
{"asctime": "2025-03-27 12:09:29,905", "name": "crawler_service", "levelname": "INFO", "message": "爬虫服务初始化完成", "taskName": "Task-2"}
{"asctime": "2025-03-27 12:10:20,866", "name": "crawler_service", "levelname": "INFO", "message": "关闭爬虫服务...", "taskName": "Task-2"}
{"asctime": "2025-03-27 12:10:20,867", "name": "crawler_service", "levelname": "INFO", "message": "爬虫服务已关闭", "taskName": "Task-2"}
{"asctime": "2025-03-27 12:20:30,638", "name": "crawler", "levelname": "ERROR", "message": "服务启动失败: init_tracing() missing 1 required positional argument: 'service_name'", "taskName": "Task-2"}
{"asctime": "2025-03-27 12:21:43,830", "name": "crawler", "levelname": "ERROR", "message": "服务启动失败: Cannot add middleware after an application has started", "taskName": "Task-2"}
{"asctime": "2025-03-27 12:25:38,256", "name": "crawler", "levelname": "INFO", "message": "追踪系统初始化成功", "taskName": null}
{"asctime": "2025-03-27 13:48:44,327", "name": "crawler", "levelname": "INFO", "message": "追踪系统初始化成功", "taskName": null}
{"asctime": "2025-03-27 13:49:37,165", "name": "crawler", "levelname": "INFO", "message": "追踪系统初始化成功", "taskName": null}
{"asctime": "2025-03-27 13:49:40,859", "name": "crawler", "levelname": "INFO", "message": "追踪系统初始化成功", "taskName": null}
{"asctime": "2025-03-27 13:49:40,903", "name": "crawler", "levelname": "INFO", "message": "追踪系统初始化成功", "taskName": null}
{"asctime": "2025-03-27 13:49:40,948", "name": "crawler", "levelname": "INFO", "message": "追踪系统初始化成功", "taskName": null}
{"asctime": "2025-03-27 13:49:40,948", "name": "crawler", "levelname": "INFO", "message": "追踪系统初始化成功", "taskName": null}
{"asctime": "2025-03-27 13:50:31,305", "name": "crawler", "levelname": "INFO", "message": "追踪系统初始化成功", "taskName": null}
{"asctime": "2025-03-27 13:50:34,617", "name": "crawler", "levelname": "INFO", "message": "追踪系统初始化成功", "taskName": null}
{"asctime": "2025-03-27 13:50:34,622", "name": "crawler", "levelname": "INFO", "message": "追踪系统初始化成功", "taskName": null}
{"asctime": "2025-03-27 13:50:34,630", "name": "crawler", "levelname": "INFO", "message": "追踪系统初始化成功", "taskName": null}
{"asctime": "2025-03-27 13:50:34,640", "name": "crawler", "levelname": "INFO", "message": "追踪系统初始化成功", "taskName": null}
{"asctime": "2025-03-27 13:52:03,312", "name": "crawler", "levelname": "INFO", "message": "追踪系统初始化成功", "taskName": null}
{"asctime": "2025-03-27 13:52:07,215", "name": "crawler", "levelname": "INFO", "message": "追踪系统初始化成功", "taskName": null}
{"asctime": "2025-03-27 13:52:07,248", "name": "crawler", "levelname": "INFO", "message": "追踪系统初始化成功", "taskName": null}
{"asctime": "2025-03-27 13:52:07,278", "name": "crawler", "levelname": "INFO", "message": "追踪系统初始化成功", "taskName": null}
{"asctime": "2025-03-27 13:52:07,328", "name": "crawler", "levelname": "INFO", "message": "追踪系统初始化成功", "taskName": null}
{"asctime": "2025-03-27 13:52:11,571", "name": "crawler", "levelname": "INFO", "message": "追踪系统初始化成功", "taskName": "Task-1"}
{"asctime": "2025-03-27 13:52:11,903", "name": "crawler", "levelname": "INFO", "message": "数据库索引初始化成功", "taskName": "Task-2"}
{"asctime": "2025-03-27 13:53:12,160", "name": "crawler", "levelname": "INFO", "message": "数据库连接已关闭", "taskName": "Task-2"}
{"asctime": "2025-03-27 13:56:39,850", "name": "crawler", "levelname": "INFO", "message": "追踪系统初始化成功", "taskName": null}
{"asctime": "2025-03-27 13:56:43,211", "name": "crawler", "levelname": "INFO", "message": "追踪系统初始化成功", "taskName": null}
{"asctime": "2025-03-27 13:56:43,254", "name": "crawler", "levelname": "INFO", "message": "追踪系统初始化成功", "taskName": null}
{"asctime": "2025-03-27 13:56:43,256", "name": "crawler", "levelname": "INFO", "message": "追踪系统初始化成功", "taskName": null}
{"asctime": "2025-03-27 13:56:43,277", "name": "crawler", "levelname": "INFO", "message": "追踪系统初始化成功", "taskName": null}
{"asctime": "2025-03-27 13:56:46,448", "name": "crawler", "levelname": "INFO", "message": "追踪系统初始化成功", "taskName": "Task-1"}
{"asctime": "2025-03-27 13:56:46,486", "name": "crawler", "levelname": "INFO", "message": "数据库索引初始化成功", "taskName": "Task-2"}
{"asctime": "2025-03-27 14:06:26,886", "name": "crawler", "levelname": "INFO", "message": "数据库连接已关闭", "taskName": "Task-2"}
{"asctime": "2025-03-27 14:06:30,589", "name": "crawler", "levelname": "INFO", "message": "追踪系统初始化成功", "taskName": "Task-1"}
{"asctime": "2025-03-27 14:06:30,634", "name": "crawler", "levelname": "INFO", "message": "数据库索引初始化成功", "taskName": "Task-2"}
{"asctime": "2025-03-27 14:06:36,930", "name": "crawler", "levelname": "INFO", "message": "数据库连接已关闭", "taskName": "Task-2"}
{"asctime": "2025-03-27 14:06:39,812", "name": "crawler", "levelname": "INFO", "message": "追踪系统初始化成功", "taskName": "Task-1"}
{"asctime": "2025-03-27 14:06:39,843", "name": "crawler", "levelname": "INFO", "message": "数据库索引初始化成功", "taskName": "Task-2"}
{"asctime": "2025-03-27 14:09:54,128", "name": "crawler", "levelname": "INFO", "message": "数据库连接已关闭", "taskName": "Task-2"}
{"asctime": "2025-03-27 14:09:57,155", "name": "crawler", "levelname": "INFO", "message": "追踪系统初始化成功", "taskName": "Task-1"}
{"asctime": "2025-03-27 14:09:57,213", "name": "crawler", "levelname": "INFO", "message": "数据库索引初始化成功", "taskName": "Task-2"}
{"asctime": "2025-03-27 14:10:05,328", "name": "crawler", "levelname": "INFO", "message": "数据库连接已关闭", "taskName": "Task-2"}
{"asctime": "2025-03-27 14:10:08,306", "name": "crawler", "levelname": "INFO", "message": "追踪系统初始化成功", "taskName": "Task-1"}
{"asctime": "2025-03-27 14:10:08,360", "name": "crawler", "levelname": "INFO", "message": "数据库索引初始化成功", "taskName": "Task-2"}
{"asctime": "2025-03-27 14:10:24,255", "name": "crawler", "levelname": "INFO", "message": "数据库连接已关闭", "taskName": "Task-2"}
{"asctime": "2025-03-27 14:10:26,845", "name": "crawler", "levelname": "INFO", "message": "追踪系统初始化成功", "taskName": "Task-1"}
{"asctime": "2025-03-27 14:10:26,915", "name": "crawler", "levelname": "INFO", "message": "数据库索引初始化成功", "taskName": "Task-2"}
{"asctime": "2025-03-27 14:10:54,322", "name": "crawler", "levelname": "INFO", "message": "数据库连接已关闭", "taskName": "Task-2"}
{"asctime": "2025-03-27 14:11:14,952", "name": "crawler", "levelname": "INFO", "message": "追踪系统初始化成功", "taskName": null}
{"asctime": "2025-03-27 14:12:46,039", "name": "crawler", "levelname": "INFO", "message": "追踪系统初始化成功", "taskName": null}
{"asctime": "2025-03-27 14:13:24,069", "name": "crawler", "levelname": "INFO", "message": "追踪系统初始化成功", "taskName": null}
{"asctime": "2025-03-27 14:13:27,842", "name": "crawler", "levelname": "INFO", "message": "追踪系统初始化成功", "taskName": null}
{"asctime": "2025-03-27 14:13:27,844", "name": "crawler", "levelname": "INFO", "message": "追踪系统初始化成功", "taskName": null}
{"asctime": "2025-03-27 14:13:27,846", "name": "crawler", "levelname": "INFO", "message": "追踪系统初始化成功", "taskName": null}
{"asctime": "2025-03-27 14:13:27,907", "name": "crawler", "levelname": "INFO", "message": "追踪系统初始化成功", "taskName": null}
{"asctime": "2025-03-27 14:13:27,929", "name": "crawler", "levelname": "INFO", "message": "追踪系统初始化成功", "taskName": null}
{"asctime": "2025-03-27 14:13:31,345", "name": "crawler", "levelname": "INFO", "message": "追踪系统初始化成功", "taskName": "Task-1"}
{"asctime": "2025-03-27 14:13:31,429", "name": "crawler", "levelname": "INFO", "message": "数据库索引初始化成功", "taskName": "Task-2"}
{"asctime": "2025-03-27 14:14:10,631", "name": "crawler", "levelname": "INFO", "message": "数据库连接已关闭", "taskName": "Task-2"}
{"asctime": "2025-03-27 14:14:14,135", "name": "crawler", "levelname": "INFO", "message": "追踪系统初始化成功", "taskName": "Task-1"}
{"asctime": "2025-03-27 14:14:14,173", "name": "crawler", "levelname": "INFO", "message": "数据库索引初始化成功", "taskName": "Task-2"}
{"asctime": "2025-03-27 14:14:37,404", "name": "crawler", "levelname": "INFO", "message": "追踪系统初始化成功", "taskName": null}
{"asctime": "2025-03-27 14:15:50,700", "name": "crawler", "levelname": "INFO", "message": "追踪系统初始化成功", "taskName": null}
{"asctime": "2025-03-27 14:16:57,537", "name": "crawler", "levelname": "INFO", "message": "追踪系统初始化成功", "taskName": null}
{"asctime": "2025-03-27 14:17:01,282", "name": "crawler", "levelname": "INFO", "message": "追踪系统初始化成功", "taskName": null}
{"asctime": "2025-03-27 14:17:01,299", "name": "crawler", "levelname": "INFO", "message": "追踪系统初始化成功", "taskName": null}
{"asctime": "2025-03-27 14:17:01,299", "name": "crawler", "levelname": "INFO", "message": "追踪系统初始化成功", "taskName": null}
{"asctime": "2025-03-27 14:17:01,344", "name": "crawler", "levelname": "INFO", "message": "追踪系统初始化成功", "taskName": null}
{"asctime": "2025-03-27 14:17:01,424", "name": "crawler", "levelname": "INFO", "message": "追踪系统初始化成功", "taskName": null}
{"asctime": "2025-03-27 14:17:05,020", "name": "crawler", "levelname": "INFO", "message": "追踪系统初始化成功", "taskName": "Task-1"}
{"asctime": "2025-03-27 14:17:05,063", "name": "crawler", "levelname": "INFO", "message": "数据库索引初始化成功", "taskName": "Task-2"}
{"asctime": "2025-03-27 14:17:24,573", "name": "crawler", "levelname": "INFO", "message": "追踪系统初始化成功", "taskName": null}
{"asctime": "2025-03-27 14:18:48,930", "name": "crawler", "levelname": "INFO", "message": "追踪系统初始化成功", "taskName": null}
{"asctime": "2025-03-27 14:18:52,800", "name": "crawler", "levelname": "INFO", "message": "追踪系统初始化成功", "taskName": null}
{"asctime": "2025-03-27 14:18:52,803", "name": "crawler", "levelname": "INFO", "message": "追踪系统初始化成功", "taskName": null}
{"asctime": "2025-03-27 14:18:52,804", "name": "crawler", "levelname": "INFO", "message": "追踪系统初始化成功", "taskName": null}
{"asctime": "2025-03-27 14:18:52,926", "name": "crawler", "levelname": "INFO", "message": "追踪系统初始化成功", "taskName": null}
{"asctime": "2025-03-27 14:18:52,929", "name": "crawler", "levelname": "INFO", "message": "追踪系统初始化成功", "taskName": null}
{"asctime": "2025-03-27 14:18:56,282", "name": "crawler", "levelname": "INFO", "message": "追踪系统初始化成功", "taskName": "Task-1"}
{"asctime": "2025-03-27 14:18:56,319", "name": "crawler", "levelname": "INFO", "message": "数据库索引初始化成功", "taskName": "Task-2"}
{"asctime": "2025-03-27 14:19:15,181", "name": "crawler", "levelname": "INFO", "message": "追踪系统初始化成功", "taskName": null}
{"asctime": "2025-03-27 14:20:37,145", "name": "crawler", "levelname": "INFO", "message": "数据库连接已关闭", "taskName": "Task-2"}
{"asctime": "2025-03-27 14:20:37,298", "name": "crawler", "levelname": "INFO", "message": "数据库连接已关闭", "taskName": "Task-2"}
{"asctime": "2025-03-27 14:20:43,102", "name": "crawler", "levelname": "INFO", "message": "追踪系统初始化成功", "taskName": "Task-1"}
{"asctime": "2025-03-27 14:20:43,168", "name": "crawler", "levelname": "INFO", "message": "数据库索引初始化成功", "taskName": "Task-2"}
{"asctime": "2025-03-27 14:21:07,401", "name": "crawler", "levelname": "INFO", "message": "追踪系统初始化成功", "taskName": null}
{"asctime": "2025-03-27 14:21:13,793", "name": "crawler", "levelname": "INFO", "message": "追踪系统初始化成功", "taskName": null}
{"asctime": "2025-03-27 14:21:13,814", "name": "crawler", "levelname": "INFO", "message": "追踪系统初始化成功", "taskName": null}
{"asctime": "2025-03-27 14:21:13,825", "name": "crawler", "levelname": "INFO", "message": "追踪系统初始化成功", "taskName": null}
{"asctime": "2025-03-27 14:21:13,875", "name": "crawler", "levelname": "INFO", "message": "追踪系统初始化成功", "taskName": null}
{"asctime": "2025-03-27 14:21:13,901", "name": "crawler", "levelname": "INFO", "message": "追踪系统初始化成功", "taskName": null}
{"asctime": "2025-03-27 14:21:17,433", "name": "crawler", "levelname": "INFO", "message": "追踪系统初始化成功", "taskName": "Task-1"}
{"asctime": "2025-03-27 14:21:17,481", "name": "crawler", "levelname": "INFO", "message": "数据库索引初始化成功", "taskName": "Task-2"}
{"asctime": "2025-03-27 14:22:06,647", "name": "crawler", "levelname": "ERROR", "message": "全局异常: [TypeError(\"'coroutine' object is not iterable\"), TypeError('vars() argument must have __dict__ attribute')]", "taskName": "Task-5"}
{"asctime": "2025-03-27 14:23:43,111", "name": "crawler", "levelname": "INFO", "message": "数据库连接已关闭", "taskName": "Task-2"}
{"asctime": "2025-03-27 14:23:43,256", "name": "crawler", "levelname": "INFO", "message": "数据库连接已关闭", "taskName": "Task-2"}
{"asctime": "2025-03-27 14:23:49,938", "name": "crawler", "levelname": "INFO", "message": "追踪系统初始化成功", "taskName": "Task-1"}
{"asctime": "2025-03-27 14:23:49,983", "name": "crawler", "levelname": "INFO", "message": "数据库索引初始化成功", "taskName": "Task-2"}
{"asctime": "2025-03-27 14:24:23,824", "name": "crawler", "levelname": "INFO", "message": "追踪系统初始化成功", "taskName": null}
{"asctime": "2025-03-27 14:24:28,479", "name": "crawler", "levelname": "INFO", "message": "追踪系统初始化成功", "taskName": null}
{"asctime": "2025-03-27 14:24:28,535", "name": "crawler", "levelname": "INFO", "message": "追踪系统初始化成功", "taskName": null}
{"asctime": "2025-03-27 14:24:28,717", "name": "crawler", "levelname": "INFO", "message": "追踪系统初始化成功", "taskName": null}
{"asctime": "2025-03-27 14:24:28,749", "name": "crawler", "levelname": "INFO", "message": "追踪系统初始化成功", "taskName": null}
{"asctime": "2025-03-27 14:24:28,966", "name": "crawler", "levelname": "INFO", "message": "追踪系统初始化成功", "taskName": null}
{"asctime": "2025-03-27 14:24:32,920", "name": "crawler", "levelname": "INFO", "message": "追踪系统初始化成功", "taskName": "Task-1"}
{"asctime": "2025-03-27 14:24:32,974", "name": "crawler", "levelname": "INFO", "message": "数据库索引初始化成功", "taskName": "Task-2"}
