{"asctime": "2025-11-10 18:53:14,166", "name": "gateway", "levelname": "INFO", "message": "API Gateway 启动", "taskName": "Task-2"}
{"asctime": "2025-11-10 18:53:14,167", "name": "gateway", "levelname": "INFO", "message": "服务路由配置: {'admin': 'http://localhost:8000', 'system': 'http://localhost:8002', 'crawler': 'http://localhost:8001', 'ai': 'http://localhost:8003'}", "taskName": "Task-2"}
{"asctime": "2025-11-10 19:01:01,642", "name": "gateway", "levelname": "INFO", "message": "转发请求到: http://localhost:8000/auth/login", "taskName": "Task-4"}
{"asctime": "2025-11-10 19:01:02,926", "name": "gateway", "levelname": "INFO", "message": "请求成功: http://localhost:8000/auth/login", "taskName": "Task-4"}
{"asctime": "2025-11-10 19:01:03,070", "name": "gateway", "levelname": "INFO", "message": "转发请求到: http://localhost:8000/users/me", "taskName": "Task-9"}
{"asctime": "2025-11-10 19:01:03,986", "name": "gateway", "levelname": "INFO", "message": "请求成功: http://localhost:8000/users/me", "taskName": "Task-9"}
{"asctime": "2025-11-10 19:01:04,646", "name": "gateway", "levelname": "INFO", "message": "转发请求到: http://localhost:8000/users", "taskName": "Task-16"}
{"asctime": "2025-11-10 19:01:05,255", "name": "gateway", "levelname": "INFO", "message": "转发请求到: http://localhost:8000/roles/", "taskName": "Task-21"}
{"asctime": "2025-11-10 19:01:05,770", "name": "gateway", "levelname": "INFO", "message": "转发请求到: http://localhost:8000/permissions/", "taskName": "Task-23"}
{"asctime": "2025-11-10 19:01:06,282", "name": "gateway", "levelname": "INFO", "message": "转发请求到: http://localhost:8000/menus", "taskName": "Task-24"}
{"asctime": "2025-11-10 19:01:06,839", "name": "gateway", "levelname": "INFO", "message": "请求成功: http://localhost:8000/users", "taskName": "Task-16"}
{"asctime": "2025-11-10 19:01:07,097", "name": "gateway", "levelname": "INFO", "message": "请求成功: http://localhost:8000/roles/", "taskName": "Task-21"}
{"asctime": "2025-11-10 19:01:07,101", "name": "gateway", "levelname": "INFO", "message": "请求成功: http://localhost:8000/menus", "taskName": "Task-24"}
{"asctime": "2025-11-10 19:01:07,105", "name": "gateway", "levelname": "INFO", "message": "请求成功: http://localhost:8000/permissions/", "taskName": "Task-23"}
{"asctime": "2025-11-10 19:03:56,981", "name": "gateway", "levelname": "INFO", "message": "转发请求到: http://localhost:8000/auth/login", "taskName": "Task-33"}
{"asctime": "2025-11-10 19:03:58,082", "name": "gateway", "levelname": "INFO", "message": "请求成功: http://localhost:8000/auth/login", "taskName": "Task-33"}
{"asctime": "2025-11-10 19:03:58,090", "name": "gateway", "levelname": "INFO", "message": "转发请求到: http://localhost:8000/users/me", "taskName": "Task-37"}
{"asctime": "2025-11-10 19:03:59,019", "name": "gateway", "levelname": "INFO", "message": "请求成功: http://localhost:8000/users/me", "taskName": "Task-37"}
{"asctime": "2025-11-10 19:03:59,527", "name": "gateway", "levelname": "INFO", "message": "转发请求到: http://localhost:8000/users", "taskName": "Task-40"}
{"asctime": "2025-11-10 19:04:00,219", "name": "gateway", "levelname": "INFO", "message": "转发请求到: http://localhost:8000/roles/", "taskName": "Task-41"}
{"asctime": "2025-11-10 19:04:00,863", "name": "gateway", "levelname": "INFO", "message": "转发请求到: http://localhost:8000/permissions/", "taskName": "Task-45"}
{"asctime": "2025-11-10 19:04:01,442", "name": "gateway", "levelname": "INFO", "message": "转发请求到: http://localhost:8000/menus", "taskName": "Task-46"}
{"asctime": "2025-11-10 19:04:02,022", "name": "gateway", "levelname": "INFO", "message": "请求成功: http://localhost:8000/users", "taskName": "Task-40"}
{"asctime": "2025-11-10 19:04:02,261", "name": "gateway", "levelname": "INFO", "message": "请求成功: http://localhost:8000/menus", "taskName": "Task-46"}
{"asctime": "2025-11-10 19:04:02,265", "name": "gateway", "levelname": "INFO", "message": "请求成功: http://localhost:8000/permissions/", "taskName": "Task-45"}
{"asctime": "2025-11-10 19:04:02,268", "name": "gateway", "levelname": "INFO", "message": "请求成功: http://localhost:8000/roles/", "taskName": "Task-41"}
{"asctime": "2025-11-10 19:04:15,687", "name": "gateway", "levelname": "INFO", "message": "转发请求到: http://localhost:8000/roles/", "taskName": "Task-57"}
{"asctime": "2025-11-10 19:04:16,345", "name": "gateway", "levelname": "INFO", "message": "转发请求到: http://localhost:8000/users", "taskName": "Task-58"}
{"asctime": "2025-11-10 19:04:17,345", "name": "gateway", "levelname": "INFO", "message": "请求成功: http://localhost:8000/users", "taskName": "Task-58"}
{"asctime": "2025-11-10 19:04:17,348", "name": "gateway", "levelname": "INFO", "message": "请求成功: http://localhost:8000/roles/", "taskName": "Task-57"}
{"asctime": "2025-11-10 19:04:27,748", "name": "gateway", "levelname": "INFO", "message": "转发请求到: http://localhost:8000/users", "taskName": "Task-64"}
{"asctime": "2025-11-10 19:04:28,324", "name": "gateway", "levelname": "INFO", "message": "转发请求到: http://localhost:8000/roles/", "taskName": "Task-66"}
{"asctime": "2025-11-10 19:04:29,186", "name": "gateway", "levelname": "INFO", "message": "请求成功: http://localhost:8000/users", "taskName": "Task-64"}
{"asctime": "2025-11-10 19:04:29,189", "name": "gateway", "levelname": "INFO", "message": "请求成功: http://localhost:8000/roles/", "taskName": "Task-66"}
{"asctime": "2025-11-10 19:08:22,821", "name": "gateway", "levelname": "INFO", "message": "API Gateway 关闭", "taskName": "Task-2"}
{"asctime": "2025-11-10 19:09:45,438", "name": "gateway", "levelname": "INFO", "message": "API Gateway 启动", "taskName": "Task-2"}
{"asctime": "2025-11-10 19:09:45,439", "name": "gateway", "levelname": "INFO", "message": "服务路由配置: {'admin': 'http://localhost:8000', 'system': 'http://localhost:8002', 'crawler': 'http://localhost:8001', 'ai': 'http://localhost:8003'}", "taskName": "Task-2"}
{"asctime": "2025-11-10 19:09:45,536", "name": "gateway", "levelname": "INFO", "message": "转发请求到: http://localhost:8000/auth/login", "taskName": "Task-4"}
{"asctime": "2025-11-10 19:09:47,546", "name": "gateway", "levelname": "INFO", "message": "请求成功: http://localhost:8000/auth/login", "taskName": "Task-4"}
{"asctime": "2025-11-10 19:09:47,555", "name": "gateway", "levelname": "INFO", "message": "转发请求到: http://localhost:8000/users/me", "taskName": "Task-8"}
{"asctime": "2025-11-10 19:09:48,580", "name": "gateway", "levelname": "INFO", "message": "请求成功: http://localhost:8000/users/me", "taskName": "Task-8"}
{"asctime": "2025-11-10 19:09:48,724", "name": "gateway", "levelname": "INFO", "message": "转发请求到: http://localhost:8000/users", "taskName": "Task-11"}
{"asctime": "2025-11-10 19:09:49,456", "name": "gateway", "levelname": "INFO", "message": "转发请求到: http://localhost:8000/roles/", "taskName": "Task-12"}
{"asctime": "2025-11-10 19:09:50,211", "name": "gateway", "levelname": "INFO", "message": "转发请求到: http://localhost:8000/permissions/", "taskName": "Task-16"}
{"asctime": "2025-11-10 19:09:50,815", "name": "gateway", "levelname": "INFO", "message": "转发请求到: http://localhost:8000/menus", "taskName": "Task-17"}
{"asctime": "2025-11-10 19:09:51,564", "name": "gateway", "levelname": "INFO", "message": "请求成功: http://localhost:8000/users", "taskName": "Task-11"}
{"asctime": "2025-11-10 19:09:51,812", "name": "gateway", "levelname": "INFO", "message": "请求成功: http://localhost:8000/permissions/", "taskName": "Task-16"}
{"asctime": "2025-11-10 19:09:51,815", "name": "gateway", "levelname": "INFO", "message": "请求成功: http://localhost:8000/menus", "taskName": "Task-17"}
{"asctime": "2025-11-10 19:09:51,822", "name": "gateway", "levelname": "INFO", "message": "请求成功: http://localhost:8000/roles/", "taskName": "Task-12"}
{"asctime": "2025-11-10 19:11:05,977", "name": "gateway", "levelname": "INFO", "message": "转发请求到: http://localhost:8000/users", "taskName": "Task-28"}
{"asctime": "2025-11-10 19:11:06,576", "name": "gateway", "levelname": "INFO", "message": "转发请求到: http://localhost:8000/roles/", "taskName": "Task-30"}
{"asctime": "2025-11-10 19:11:07,474", "name": "gateway", "levelname": "INFO", "message": "请求成功: http://localhost:8000/roles/", "taskName": "Task-30"}
{"asctime": "2025-11-10 19:11:07,495", "name": "gateway", "levelname": "INFO", "message": "请求成功: http://localhost:8000/users", "taskName": "Task-28"}
{"asctime": "2025-11-10 19:11:42,491", "name": "gateway", "levelname": "INFO", "message": "转发请求到: http://localhost:8000/auth/login", "taskName": "Task-36"}
{"asctime": "2025-11-10 19:11:43,706", "name": "gateway", "levelname": "INFO", "message": "请求成功: http://localhost:8000/auth/login", "taskName": "Task-36"}
{"asctime": "2025-11-10 19:11:43,714", "name": "gateway", "levelname": "INFO", "message": "转发请求到: http://localhost:8000/users/me", "taskName": "Task-41"}
{"asctime": "2025-11-10 19:11:44,582", "name": "gateway", "levelname": "INFO", "message": "请求成功: http://localhost:8000/users/me", "taskName": "Task-41"}
{"asctime": "2025-11-10 19:11:45,549", "name": "gateway", "levelname": "INFO", "message": "转发请求到: http://localhost:8000/users", "taskName": "Task-47"}
{"asctime": "2025-11-10 19:11:46,162", "name": "gateway", "levelname": "INFO", "message": "转发请求到: http://localhost:8000/permissions/", "taskName": "Task-54"}
{"asctime": "2025-11-10 19:11:46,724", "name": "gateway", "levelname": "INFO", "message": "转发请求到: http://localhost:8000/roles/", "taskName": "Task-55"}
{"asctime": "2025-11-10 19:11:47,370", "name": "gateway", "levelname": "INFO", "message": "转发请求到: http://localhost:8000/menus", "taskName": "Task-56"}
{"asctime": "2025-11-10 19:11:47,983", "name": "gateway", "levelname": "INFO", "message": "请求成功: http://localhost:8000/users", "taskName": "Task-47"}
{"asctime": "2025-11-10 19:11:48,251", "name": "gateway", "levelname": "INFO", "message": "请求成功: http://localhost:8000/permissions/", "taskName": "Task-54"}
{"asctime": "2025-11-10 19:11:48,253", "name": "gateway", "levelname": "INFO", "message": "请求成功: http://localhost:8000/menus", "taskName": "Task-56"}
{"asctime": "2025-11-10 19:11:48,257", "name": "gateway", "levelname": "INFO", "message": "请求成功: http://localhost:8000/roles/", "taskName": "Task-55"}
{"asctime": "2025-11-10 19:17:21,792", "name": "gateway", "levelname": "INFO", "message": "转发请求到: http://localhost:8000/auth/login", "taskName": "Task-65"}
{"asctime": "2025-11-10 19:17:23,000", "name": "gateway", "levelname": "INFO", "message": "请求成功: http://localhost:8000/auth/login", "taskName": "Task-65"}
{"asctime": "2025-11-10 19:17:23,006", "name": "gateway", "levelname": "INFO", "message": "转发请求到: http://localhost:8000/users/me", "taskName": "Task-69"}
{"asctime": "2025-11-10 19:17:24,139", "name": "gateway", "levelname": "INFO", "message": "请求成功: http://localhost:8000/users/me", "taskName": "Task-69"}
{"asctime": "2025-11-10 19:17:25,345", "name": "gateway", "levelname": "INFO", "message": "转发请求到: http://localhost:8000/users", "taskName": "Task-72"}
{"asctime": "2025-11-10 19:17:26,009", "name": "gateway", "levelname": "INFO", "message": "转发请求到: http://localhost:8000/roles/", "taskName": "Task-73"}
{"asctime": "2025-11-10 19:17:26,678", "name": "gateway", "levelname": "INFO", "message": "转发请求到: http://localhost:8000/permissions/", "taskName": "Task-77"}
{"asctime": "2025-11-10 19:17:27,548", "name": "gateway", "levelname": "INFO", "message": "转发请求到: http://localhost:8000/menus", "taskName": "Task-78"}
{"asctime": "2025-11-10 19:17:28,260", "name": "gateway", "levelname": "INFO", "message": "请求成功: http://localhost:8000/users", "taskName": "Task-72"}
{"asctime": "2025-11-10 19:17:28,520", "name": "gateway", "levelname": "INFO", "message": "请求成功: http://localhost:8000/menus", "taskName": "Task-78"}
{"asctime": "2025-11-10 19:17:28,535", "name": "gateway", "levelname": "INFO", "message": "请求成功: http://localhost:8000/permissions/", "taskName": "Task-77"}
{"asctime": "2025-11-10 19:17:28,538", "name": "gateway", "levelname": "INFO", "message": "请求成功: http://localhost:8000/roles/", "taskName": "Task-73"}
{"asctime": "2025-11-10 19:18:27,207", "name": "gateway", "levelname": "INFO", "message": "API Gateway 关闭", "taskName": "Task-2"}
{"asctime": "2025-11-10 19:18:31,482", "name": "gateway", "levelname": "INFO", "message": "API Gateway 启动", "taskName": "Task-2"}
{"asctime": "2025-11-10 19:18:31,484", "name": "gateway", "levelname": "INFO", "message": "服务路由配置: {'admin': 'http://localhost:8000', 'system': 'http://localhost:8002', 'crawler': 'http://localhost:8001', 'ai': 'http://localhost:8003'}", "taskName": "Task-2"}
{"asctime": "2025-11-10 19:19:02,138", "name": "gateway", "levelname": "INFO", "message": "API Gateway 关闭", "taskName": "Task-2"}
{"asctime": "2025-11-10 19:22:39,309", "name": "gateway", "levelname": "INFO", "message": "API Gateway 启动", "taskName": "Task-2"}
{"asctime": "2025-11-10 19:22:39,310", "name": "gateway", "levelname": "INFO", "message": "服务路由配置: {'admin': 'http://localhost:8000', 'system': 'http://localhost:8002', 'crawler': 'http://localhost:8001', 'ai': 'http://localhost:8003'}", "taskName": "Task-2"}
{"asctime": "2025-11-10 19:23:11,686", "name": "gateway", "levelname": "INFO", "message": "转发请求到: http://localhost:8000/auth/login", "taskName": "Task-4"}
{"asctime": "2025-11-10 19:23:12,999", "name": "gateway", "levelname": "INFO", "message": "请求成功: http://localhost:8000/auth/login", "taskName": "Task-4"}
{"asctime": "2025-11-10 19:23:13,011", "name": "gateway", "levelname": "INFO", "message": "转发请求到: http://localhost:8000/users/me", "taskName": "Task-9"}
{"asctime": "2025-11-10 19:23:14,015", "name": "gateway", "levelname": "INFO", "message": "请求成功: http://localhost:8000/users/me", "taskName": "Task-9"}
{"asctime": "2025-11-10 19:23:14,662", "name": "gateway", "levelname": "INFO", "message": "转发请求到: http://localhost:8000/users", "taskName": "Task-16"}
{"asctime": "2025-11-10 19:23:15,434", "name": "gateway", "levelname": "INFO", "message": "转发请求到: http://localhost:8000/roles/", "taskName": "Task-21"}
{"asctime": "2025-11-10 19:23:16,173", "name": "gateway", "levelname": "INFO", "message": "转发请求到: http://localhost:8000/menus", "taskName": "Task-23"}
{"asctime": "2025-11-10 19:23:16,982", "name": "gateway", "levelname": "INFO", "message": "转发请求到: http://localhost:8000/permissions/", "taskName": "Task-24"}
{"asctime": "2025-11-10 19:23:17,803", "name": "gateway", "levelname": "INFO", "message": "请求成功: http://localhost:8000/users", "taskName": "Task-16"}
{"asctime": "2025-11-10 19:23:18,038", "name": "gateway", "levelname": "INFO", "message": "请求成功: http://localhost:8000/menus", "taskName": "Task-23"}
{"asctime": "2025-11-10 19:23:18,045", "name": "gateway", "levelname": "INFO", "message": "请求成功: http://localhost:8000/permissions/", "taskName": "Task-24"}
{"asctime": "2025-11-10 19:23:18,053", "name": "gateway", "levelname": "INFO", "message": "请求成功: http://localhost:8000/roles/", "taskName": "Task-21"}
{"asctime": "2025-11-10 19:23:19,262", "name": "gateway", "levelname": "INFO", "message": "转发请求到: http://localhost:8000/roles/", "taskName": "Task-33"}
{"asctime": "2025-11-10 19:23:19,850", "name": "gateway", "levelname": "INFO", "message": "转发请求到: http://localhost:8000/users", "taskName": "Task-34"}
{"asctime": "2025-11-10 19:23:20,730", "name": "gateway", "levelname": "INFO", "message": "请求成功: http://localhost:8000/users", "taskName": "Task-34"}
{"asctime": "2025-11-10 19:23:20,733", "name": "gateway", "levelname": "INFO", "message": "请求成功: http://localhost:8000/roles/", "taskName": "Task-33"}
{"asctime": "2025-11-10 19:23:35,286", "name": "gateway", "levelname": "INFO", "message": "转发请求到: http://localhost:8000/users", "taskName": "Task-39"}
{"asctime": "2025-11-10 19:23:35,873", "name": "gateway", "levelname": "INFO", "message": "转发请求到: http://localhost:8000/roles/", "taskName": "Task-40"}
{"asctime": "2025-11-10 19:23:36,677", "name": "gateway", "levelname": "INFO", "message": "请求成功: http://localhost:8000/roles/", "taskName": "Task-40"}
{"asctime": "2025-11-10 19:23:36,685", "name": "gateway", "levelname": "INFO", "message": "请求成功: http://localhost:8000/users", "taskName": "Task-39"}
{"asctime": "2025-11-10 19:25:50,608", "name": "gateway", "levelname": "INFO", "message": "API Gateway 启动", "taskName": "Task-2"}
{"asctime": "2025-11-10 19:25:50,616", "name": "gateway", "levelname": "INFO", "message": "服务路由配置: {'admin': 'http://localhost:8000', 'system': 'http://localhost:8002', 'crawler': 'http://localhost:8001', 'ai': 'http://localhost:8003'}", "taskName": "Task-2"}
{"asctime": "2025-11-10 19:25:56,347", "name": "gateway", "levelname": "INFO", "message": "转发请求到: http://localhost:8000/auth/login", "taskName": "Task-4"}
{"asctime": "2025-11-10 19:25:57,700", "name": "gateway", "levelname": "INFO", "message": "请求成功: http://localhost:8000/auth/login", "taskName": "Task-4"}
{"asctime": "2025-11-10 19:25:57,708", "name": "gateway", "levelname": "INFO", "message": "转发请求到: http://localhost:8000/users/me", "taskName": "Task-8"}
{"asctime": "2025-11-10 19:25:58,760", "name": "gateway", "levelname": "INFO", "message": "请求成功: http://localhost:8000/users/me", "taskName": "Task-8"}
{"asctime": "2025-11-10 19:25:59,335", "name": "gateway", "levelname": "INFO", "message": "转发请求到: http://localhost:8000/users", "taskName": "Task-11"}
{"asctime": "2025-11-10 19:26:00,439", "name": "gateway", "levelname": "INFO", "message": "转发请求到: http://localhost:8000/roles/", "taskName": "Task-14"}
{"asctime": "2025-11-10 19:26:01,157", "name": "gateway", "levelname": "INFO", "message": "转发请求到: http://localhost:8000/permissions/", "taskName": "Task-16"}
{"asctime": "2025-11-10 19:26:01,757", "name": "gateway", "levelname": "INFO", "message": "转发请求到: http://localhost:8000/menus", "taskName": "Task-17"}
{"asctime": "2025-11-10 19:26:02,432", "name": "gateway", "levelname": "INFO", "message": "请求成功: http://localhost:8000/users", "taskName": "Task-11"}
{"asctime": "2025-11-10 19:26:02,692", "name": "gateway", "levelname": "INFO", "message": "请求成功: http://localhost:8000/permissions/", "taskName": "Task-16"}
{"asctime": "2025-11-10 19:26:02,697", "name": "gateway", "levelname": "INFO", "message": "请求成功: http://localhost:8000/menus", "taskName": "Task-17"}
{"asctime": "2025-11-10 19:26:02,717", "name": "gateway", "levelname": "INFO", "message": "请求成功: http://localhost:8000/roles/", "taskName": "Task-14"}
{"asctime": "2025-11-10 19:26:36,829", "name": "gateway", "levelname": "INFO", "message": "API Gateway 关闭", "taskName": "Task-2"}
{"asctime": "2025-11-10 19:27:12,169", "name": "gateway", "levelname": "INFO", "message": "API Gateway 启动", "taskName": "Task-2"}
{"asctime": "2025-11-10 19:27:12,172", "name": "gateway", "levelname": "INFO", "message": "服务路由配置: {'admin': 'http://localhost:8000', 'system': 'http://localhost:8002', 'crawler': 'http://localhost:8001', 'ai': 'http://localhost:8003'}", "taskName": "Task-2"}
{"asctime": "2025-11-10 19:27:16,842", "name": "gateway", "levelname": "INFO", "message": "转发请求到: http://localhost:8000/auth/login", "taskName": "Task-4"}
{"asctime": "2025-11-10 19:27:18,522", "name": "gateway", "levelname": "INFO", "message": "请求成功: http://localhost:8000/auth/login", "taskName": "Task-4"}
{"asctime": "2025-11-10 19:27:18,529", "name": "gateway", "levelname": "INFO", "message": "转发请求到: http://localhost:8000/users/me", "taskName": "Task-8"}
{"asctime": "2025-11-10 19:27:19,635", "name": "gateway", "levelname": "INFO", "message": "请求成功: http://localhost:8000/users/me", "taskName": "Task-8"}
{"asctime": "2025-11-10 19:27:19,770", "name": "gateway", "levelname": "INFO", "message": "转发请求到: http://localhost:8000/users", "taskName": "Task-11"}
{"asctime": "2025-11-10 19:27:20,537", "name": "gateway", "levelname": "INFO", "message": "转发请求到: http://localhost:8000/roles/", "taskName": "Task-12"}
{"asctime": "2025-11-10 19:27:21,185", "name": "gateway", "levelname": "INFO", "message": "转发请求到: http://localhost:8000/permissions/", "taskName": "Task-16"}
{"asctime": "2025-11-10 19:27:21,873", "name": "gateway", "levelname": "INFO", "message": "转发请求到: http://localhost:8000/menus", "taskName": "Task-17"}
{"asctime": "2025-11-10 19:27:22,741", "name": "gateway", "levelname": "INFO", "message": "请求成功: http://localhost:8000/users", "taskName": "Task-11"}
{"asctime": "2025-11-10 19:27:22,957", "name": "gateway", "levelname": "INFO", "message": "请求成功: http://localhost:8000/menus", "taskName": "Task-17"}
{"asctime": "2025-11-10 19:27:22,961", "name": "gateway", "levelname": "INFO", "message": "请求成功: http://localhost:8000/roles/", "taskName": "Task-12"}
{"asctime": "2025-11-10 19:27:22,970", "name": "gateway", "levelname": "INFO", "message": "请求成功: http://localhost:8000/permissions/", "taskName": "Task-16"}
{"asctime": "2025-11-10 19:27:25,402", "name": "gateway", "levelname": "INFO", "message": "转发请求到: http://localhost:8000/users", "taskName": "Task-25"}
{"asctime": "2025-11-10 19:27:26,003", "name": "gateway", "levelname": "INFO", "message": "转发请求到: http://localhost:8000/roles/", "taskName": "Task-26"}
{"asctime": "2025-11-10 19:27:27,059", "name": "gateway", "levelname": "INFO", "message": "请求成功: http://localhost:8000/roles/", "taskName": "Task-26"}
{"asctime": "2025-11-10 19:27:27,077", "name": "gateway", "levelname": "INFO", "message": "请求成功: http://localhost:8000/users", "taskName": "Task-25"}
{"asctime": "2025-11-10 19:27:28,233", "name": "gateway", "levelname": "INFO", "message": "转发请求到: http://localhost:8000/menus", "taskName": "Task-31"}
{"asctime": "2025-11-10 19:27:29,131", "name": "gateway", "levelname": "INFO", "message": "请求成功: http://localhost:8000/menus", "taskName": "Task-31"}
{"asctime": "2025-11-10 19:28:14,697", "name": "gateway", "levelname": "INFO", "message": "API Gateway 关闭", "taskName": "Task-2"}
{"asctime": "2025-11-10 19:30:53,342", "name": "gateway", "levelname": "INFO", "message": "API Gateway 启动", "taskName": "Task-2"}
{"asctime": "2025-11-10 19:30:53,345", "name": "gateway", "levelname": "INFO", "message": "服务路由配置: {'admin': 'http://localhost:8000', 'system': 'http://localhost:8002', 'crawler': 'http://localhost:8001', 'ai': 'http://localhost:8003'}", "taskName": "Task-2"}
{"asctime": "2025-11-10 19:30:53,566", "name": "gateway", "levelname": "INFO", "message": "转发请求到: http://localhost:8000/roles/", "taskName": "Task-4"}
{"asctime": "2025-11-10 19:30:55,101", "name": "gateway", "levelname": "INFO", "message": "请求成功: http://localhost:8000/roles/", "taskName": "Task-4"}
{"asctime": "2025-11-10 19:30:55,376", "name": "gateway", "levelname": "INFO", "message": "转发请求到: http://localhost:8000/roles/1/menus", "taskName": "Task-9"}
{"asctime": "2025-11-10 19:30:56,329", "name": "gateway", "levelname": "INFO", "message": "请求成功: http://localhost:8000/roles/1/menus", "taskName": "Task-9"}
{"asctime": "2025-11-10 19:30:56,542", "name": "gateway", "levelname": "INFO", "message": "转发请求到: http://localhost:8000/menus", "taskName": "Task-12"}
{"asctime": "2025-11-10 19:30:57,530", "name": "gateway", "levelname": "INFO", "message": "请求成功: http://localhost:8000/menus", "taskName": "Task-12"}
{"asctime": "2025-11-10 19:31:05,972", "name": "gateway", "levelname": "INFO", "message": "转发请求到: http://localhost:8000/auth/login", "taskName": "Task-15"}
{"asctime": "2025-11-10 19:31:07,175", "name": "gateway", "levelname": "INFO", "message": "请求成功: http://localhost:8000/auth/login", "taskName": "Task-15"}
{"asctime": "2025-11-10 19:31:07,180", "name": "gateway", "levelname": "INFO", "message": "转发请求到: http://localhost:8000/users/me", "taskName": "Task-18"}
{"asctime": "2025-11-10 19:31:08,076", "name": "gateway", "levelname": "INFO", "message": "请求成功: http://localhost:8000/users/me", "taskName": "Task-18"}
{"asctime": "2025-11-10 19:31:08,183", "name": "gateway", "levelname": "INFO", "message": "转发请求到: http://localhost:8000/users", "taskName": "Task-21"}
{"asctime": "2025-11-10 19:31:08,844", "name": "gateway", "levelname": "INFO", "message": "转发请求到: http://localhost:8000/permissions/", "taskName": "Task-26"}
{"asctime": "2025-11-10 19:31:09,654", "name": "gateway", "levelname": "INFO", "message": "转发请求到: http://localhost:8000/menus", "taskName": "Task-27"}
{"asctime": "2025-11-10 19:31:10,256", "name": "gateway", "levelname": "INFO", "message": "转发请求到: http://localhost:8000/roles/", "taskName": "Task-28"}
{"asctime": "2025-11-10 19:31:10,942", "name": "gateway", "levelname": "INFO", "message": "请求成功: http://localhost:8000/users", "taskName": "Task-21"}
{"asctime": "2025-11-10 19:31:11,211", "name": "gateway", "levelname": "INFO", "message": "请求成功: http://localhost:8000/menus", "taskName": "Task-27"}
{"asctime": "2025-11-10 19:31:11,228", "name": "gateway", "levelname": "INFO", "message": "请求成功: http://localhost:8000/roles/", "taskName": "Task-28"}
{"asctime": "2025-11-10 19:31:11,236", "name": "gateway", "levelname": "INFO", "message": "请求成功: http://localhost:8000/permissions/", "taskName": "Task-26"}
{"asctime": "2025-11-10 19:31:28,741", "name": "gateway", "levelname": "INFO", "message": "转发请求到: http://localhost:8000/roles/", "taskName": "Task-37"}
{"asctime": "2025-11-10 19:31:29,617", "name": "gateway", "levelname": "INFO", "message": "转发请求到: http://localhost:8000/menus", "taskName": "Task-40"}
{"asctime": "2025-11-10 19:31:30,495", "name": "gateway", "levelname": "INFO", "message": "请求成功: http://localhost:8000/roles/", "taskName": "Task-37"}
{"asctime": "2025-11-10 19:31:30,764", "name": "gateway", "levelname": "INFO", "message": "请求成功: http://localhost:8000/menus", "taskName": "Task-40"}
{"asctime": "2025-11-10 19:31:45,621", "name": "gateway", "levelname": "INFO", "message": "转发请求到: http://localhost:8000/auth/login", "taskName": "Task-45"}
{"asctime": "2025-11-10 19:31:46,846", "name": "gateway", "levelname": "INFO", "message": "请求成功: http://localhost:8000/auth/login", "taskName": "Task-45"}
{"asctime": "2025-11-10 19:31:46,852", "name": "gateway", "levelname": "INFO", "message": "转发请求到: http://localhost:8000/users/me", "taskName": "Task-49"}
{"asctime": "2025-11-10 19:31:47,759", "name": "gateway", "levelname": "INFO", "message": "请求成功: http://localhost:8000/users/me", "taskName": "Task-49"}
{"asctime": "2025-11-10 19:31:47,864", "name": "gateway", "levelname": "INFO", "message": "转发请求到: http://localhost:8000/users", "taskName": "Task-52"}
{"asctime": "2025-11-10 19:31:48,488", "name": "gateway", "levelname": "INFO", "message": "转发请求到: http://localhost:8000/roles/", "taskName": "Task-53"}
{"asctime": "2025-11-10 19:31:49,115", "name": "gateway", "levelname": "INFO", "message": "转发请求到: http://localhost:8000/permissions/", "taskName": "Task-57"}
{"asctime": "2025-11-10 19:31:49,701", "name": "gateway", "levelname": "INFO", "message": "转发请求到: http://localhost:8000/menus", "taskName": "Task-58"}
{"asctime": "2025-11-10 19:31:50,302", "name": "gateway", "levelname": "INFO", "message": "请求成功: http://localhost:8000/users", "taskName": "Task-52"}
{"asctime": "2025-11-10 19:31:50,564", "name": "gateway", "levelname": "INFO", "message": "请求成功: http://localhost:8000/permissions/", "taskName": "Task-57"}
{"asctime": "2025-11-10 19:31:50,567", "name": "gateway", "levelname": "INFO", "message": "请求成功: http://localhost:8000/roles/", "taskName": "Task-53"}
{"asctime": "2025-11-10 19:31:50,570", "name": "gateway", "levelname": "INFO", "message": "请求成功: http://localhost:8000/menus", "taskName": "Task-58"}
{"asctime": "2025-11-10 19:32:38,773", "name": "gateway", "levelname": "INFO", "message": "转发请求到: http://localhost:8000/users", "taskName": "Task-68"}
{"asctime": "2025-11-10 19:32:39,414", "name": "gateway", "levelname": "INFO", "message": "转发请求到: http://localhost:8000/roles/", "taskName": "Task-69"}
{"asctime": "2025-11-10 19:32:40,456", "name": "gateway", "levelname": "INFO", "message": "请求成功: http://localhost:8000/users", "taskName": "Task-68"}
{"asctime": "2025-11-10 19:32:40,462", "name": "gateway", "levelname": "INFO", "message": "请求成功: http://localhost:8000/roles/", "taskName": "Task-69"}
{"asctime": "2025-11-10 19:32:40,466", "name": "gateway", "levelname": "INFO", "message": "转发请求到: http://localhost:8000/roles/", "taskName": "Task-75"}
{"asctime": "2025-11-10 19:32:41,633", "name": "gateway", "levelname": "INFO", "message": "请求成功: http://localhost:8000/roles/", "taskName": "Task-75"}
{"asctime": "2025-11-10 19:32:41,635", "name": "gateway", "levelname": "INFO", "message": "转发请求到: http://localhost:8000/roles/", "taskName": "Task-78"}
{"asctime": "2025-11-10 19:32:42,438", "name": "gateway", "levelname": "INFO", "message": "请求成功: http://localhost:8000/roles/", "taskName": "Task-78"}
{"asctime": "2025-11-10 19:32:42,572", "name": "gateway", "levelname": "INFO", "message": "转发请求到: http://localhost:8000/roles/1/menus", "taskName": "Task-81"}
{"asctime": "2025-11-10 19:32:43,412", "name": "gateway", "levelname": "INFO", "message": "请求成功: http://localhost:8000/roles/1/menus", "taskName": "Task-81"}
{"asctime": "2025-11-10 19:35:50,341", "name": "gateway", "levelname": "INFO", "message": "转发请求到: http://localhost:8000/menus", "taskName": "Task-86"}
{"asctime": "2025-11-10 19:35:51,194", "name": "gateway", "levelname": "INFO", "message": "请求成功: http://localhost:8000/menus", "taskName": "Task-86"}
{"asctime": "2025-11-10 19:36:27,170", "name": "gateway", "levelname": "INFO", "message": "API Gateway 关闭", "taskName": "Task-2"}
{"asctime": "2025-11-10 19:38:12,748", "name": "gateway", "levelname": "INFO", "message": "API Gateway 启动", "taskName": "Task-2"}
{"asctime": "2025-11-10 19:38:12,748", "name": "gateway", "levelname": "INFO", "message": "服务路由配置: {'admin': 'http://localhost:8000', 'system': 'http://localhost:8002', 'crawler': 'http://localhost:8001', 'ai': 'http://localhost:8003'}", "taskName": "Task-2"}
{"asctime": "2025-11-10 19:38:39,588", "name": "gateway", "levelname": "INFO", "message": "转发请求到: http://localhost:8000/auth/login", "taskName": "Task-4"}
{"asctime": "2025-11-10 19:38:41,108", "name": "gateway", "levelname": "INFO", "message": "请求成功: http://localhost:8000/auth/login", "taskName": "Task-4"}
{"asctime": "2025-11-10 19:38:41,122", "name": "gateway", "levelname": "INFO", "message": "转发请求到: http://localhost:8000/users/me", "taskName": "Task-9"}
{"asctime": "2025-11-10 19:38:42,088", "name": "gateway", "levelname": "INFO", "message": "请求成功: http://localhost:8000/users/me", "taskName": "Task-9"}
{"asctime": "2025-11-10 19:38:42,215", "name": "gateway", "levelname": "INFO", "message": "转发请求到: http://localhost:8000/users", "taskName": "Task-15"}
{"asctime": "2025-11-10 19:38:42,894", "name": "gateway", "levelname": "INFO", "message": "转发请求到: http://localhost:8000/roles/", "taskName": "Task-16"}
{"asctime": "2025-11-10 19:38:43,527", "name": "gateway", "levelname": "INFO", "message": "转发请求到: http://localhost:8000/menus", "taskName": "Task-21"}
{"asctime": "2025-11-10 19:38:44,187", "name": "gateway", "levelname": "INFO", "message": "转发请求到: http://localhost:8000/permissions/", "taskName": "Task-22"}
{"asctime": "2025-11-10 19:38:44,740", "name": "gateway", "levelname": "INFO", "message": "请求成功: http://localhost:8000/users", "taskName": "Task-15"}
{"asctime": "2025-11-10 19:38:44,976", "name": "gateway", "levelname": "INFO", "message": "请求成功: http://localhost:8000/roles/", "taskName": "Task-16"}
{"asctime": "2025-11-10 19:38:44,984", "name": "gateway", "levelname": "INFO", "message": "请求成功: http://localhost:8000/menus", "taskName": "Task-21"}
{"asctime": "2025-11-10 19:38:45,009", "name": "gateway", "levelname": "INFO", "message": "请求成功: http://localhost:8000/permissions/", "taskName": "Task-22"}
