{"asctime": "2025-03-24 15:43:21,387", "name": "server", "levelname": "INFO", "message": "后台管理服务已启动，进程ID: 9852", "taskName": null}
{"asctime": "2025-03-24 15:43:21,393", "name": "server", "levelname": "INFO", "message": "爬虫服务已启动，进程ID: 23192", "taskName": null}
{"asctime": "2025-03-24 15:43:21,400", "name": "server", "levelname": "INFO", "message": "系统监控服务已启动，进程ID: 30324", "taskName": null}
{"asctime": "2025-03-24 15:45:27,308", "name": "server", "levelname": "INFO", "message": "后台管理服务已启动，进程ID: 34708", "taskName": null}
{"asctime": "2025-03-24 15:45:27,314", "name": "server", "levelname": "INFO", "message": "爬虫服务已启动，进程ID: 5196", "taskName": null}
{"asctime": "2025-03-24 15:45:27,321", "name": "server", "levelname": "INFO", "message": "系统监控服务已启动，进程ID: 27528", "taskName": null}
{"asctime": "2025-03-24 15:50:20,219", "name": "server", "levelname": "INFO", "message": "接收到终止信号，准备关闭服务...", "taskName": null}
{"asctime": "2025-03-24 15:50:20,220", "name": "server", "levelname": "INFO", "message": "正在停止 后台管理服务...", "taskName": null}
{"asctime": "2025-03-24 15:50:20,228", "name": "server", "levelname": "INFO", "message": "后台管理服务已停止", "taskName": null}
{"asctime": "2025-03-24 15:50:20,229", "name": "server", "levelname": "INFO", "message": "正在停止 爬虫服务...", "taskName": null}
{"asctime": "2025-03-24 15:50:20,236", "name": "server", "levelname": "INFO", "message": "爬虫服务已停止", "taskName": null}
{"asctime": "2025-03-24 15:50:20,237", "name": "server", "levelname": "INFO", "message": "正在停止 系统监控服务...", "taskName": null}
{"asctime": "2025-03-24 15:50:20,245", "name": "server", "levelname": "INFO", "message": "系统监控服务已停止", "taskName": null}
{"asctime": "2025-03-24 15:56:41,076", "name": "server", "levelname": "INFO", "message": "后台管理服务已启动，进程ID: 30576", "taskName": null}
{"asctime": "2025-03-24 15:56:41,081", "name": "server", "levelname": "INFO", "message": "爬虫服务已启动，进程ID: 32440", "taskName": null}
{"asctime": "2025-03-24 15:56:41,089", "name": "server", "levelname": "INFO", "message": "系统监控服务已启动，进程ID: 13756", "taskName": null}
{"asctime": "2025-03-24 15:58:21,268", "name": "server", "levelname": "INFO", "message": "接收到终止信号，准备关闭服务...", "taskName": null}
{"asctime": "2025-03-24 15:58:21,269", "name": "server", "levelname": "INFO", "message": "正在停止 后台管理服务...", "taskName": null}
{"asctime": "2025-03-24 15:58:21,278", "name": "server", "levelname": "INFO", "message": "后台管理服务已停止", "taskName": null}
{"asctime": "2025-03-24 15:58:21,278", "name": "server", "levelname": "INFO", "message": "正在停止 爬虫服务...", "taskName": null}
{"asctime": "2025-03-24 15:58:21,285", "name": "server", "levelname": "INFO", "message": "爬虫服务已停止", "taskName": null}
{"asctime": "2025-03-24 15:58:21,286", "name": "server", "levelname": "INFO", "message": "正在停止 系统监控服务...", "taskName": null}
{"asctime": "2025-03-24 15:58:21,296", "name": "server", "levelname": "INFO", "message": "系统监控服务已停止", "taskName": null}
{"asctime": "2025-03-24 15:59:39,616", "name": "server", "levelname": "INFO", "message": "后台管理服务已启动，进程ID: 10444", "taskName": null}
{"asctime": "2025-03-24 15:59:39,622", "name": "server", "levelname": "INFO", "message": "爬虫服务已启动，进程ID: 24096", "taskName": null}
{"asctime": "2025-03-24 15:59:39,628", "name": "server", "levelname": "INFO", "message": "系统监控服务已启动，进程ID: 18200", "taskName": null}
