2025-01-03 17:38:05,411 - server - INFO - 后台管理服务已启动，进程ID: 19052
2025-01-03 17:38:05,420 - server - ERROR - 服务启动失败: cannot pickle 'weakref.ReferenceType' object
2025-01-03 17:38:05,420 - server - INFO - 正在停止 后台管理服务...
2025-01-03 17:38:05,423 - server - INFO - 后台管理服务已停止
2025-01-03 17:39:48,207 - server - INFO - 后台管理服务已启动，进程ID: 35696
2025-01-03 17:39:48,215 - server - INFO - 爬虫服务已启动，进程ID: 17952
2025-01-03 17:39:48,225 - server - INFO - 系统监控服务已启动，进程ID: 27524
2025-01-03 17:41:37,137 - server - ERROR - 系统监控服务意外退出
2025-01-03 17:41:37,138 - server - INFO - 正在停止 后台管理服务...
2025-01-03 17:41:37,147 - server - INFO - 后台管理服务已停止
2025-01-03 17:41:37,148 - server - INFO - 正在停止 爬虫服务...
2025-01-03 17:41:37,157 - server - INFO - 爬虫服务已停止
2025-01-03 17:41:42,147 - server - INFO - 后台管理服务已启动，进程ID: 15976
2025-01-03 17:41:42,154 - server - INFO - 爬虫服务已启动，进程ID: 21668
2025-01-03 17:41:42,162 - server - INFO - 系统监控服务已启动，进程ID: 34488
2025-01-03 17:41:59,723 - server - ERROR - 服务启动失败: 'utf-8' codec can't decode byte 0xbe in position 307: invalid start byte
2025-01-03 17:42:05,515 - server - INFO - 后台管理服务已启动，进程ID: 3452
2025-01-03 17:42:05,523 - server - INFO - 爬虫服务已启动，进程ID: 40936
2025-01-03 17:42:05,533 - server - INFO - 系统监控服务已启动，进程ID: 8000
2025-01-03 17:43:28,454 - server - ERROR - 服务启动失败: 'utf-8' codec can't decode byte 0xbe in position 317: invalid start byte
2025-01-03 17:43:28,454 - server - INFO - 正在停止 爬虫服务...
2025-01-03 17:43:28,455 - server - INFO - 爬虫服务已停止
2025-01-03 17:43:33,537 - server - INFO - 后台管理服务已启动，进程ID: 22660
2025-01-03 17:43:33,545 - server - INFO - 爬虫服务已启动，进程ID: 34680
2025-01-03 17:43:33,556 - server - INFO - 系统监控服务已启动，进程ID: 10572
2025-01-03 17:44:52,020 - server - ERROR - 服务启动失败: 'utf-8' codec can't decode byte 0xbe in position 323: invalid start byte
2025-01-03 17:44:52,021 - server - INFO - 正在停止 后台管理服务...
2025-01-03 17:44:52,028 - server - INFO - 后台管理服务已停止
2025-01-03 17:44:52,029 - server - INFO - 正在停止 系统监控服务...
2025-01-03 17:44:52,030 - server - INFO - 系统监控服务已停止
2025-01-03 17:45:06,304 - server - INFO - 后台管理服务已启动，进程ID: 36776
2025-01-03 17:45:06,408 - server - INFO - 爬虫服务已启动，进程ID: 15744
2025-01-03 17:45:06,419 - server - INFO - 系统监控服务已启动，进程ID: 13020
2025-01-03 17:47:16,737 - server - INFO - 后台管理服务已启动，进程ID: 11372
2025-01-03 17:47:16,746 - server - INFO - 爬虫服务已启动，进程ID: 14568
2025-01-03 17:47:16,757 - server - INFO - 系统监控服务已启动，进程ID: 36528
2025-01-03 17:48:51,979 - server - INFO - 后台管理服务已启动，进程ID: 31436
2025-01-03 17:48:51,989 - server - INFO - 爬虫服务已启动，进程ID: 32648
2025-01-03 17:48:52,007 - server - INFO - 系统监控服务已启动，进程ID: 9168
2025-01-03 17:50:40,656 - server - INFO - 接收到终止信号，准备关闭服务...
2025-01-03 17:50:40,658 - server - INFO - 正在停止 后台管理服务...
2025-01-03 17:50:40,664 - server - INFO - 后台管理服务已停止
2025-01-03 17:50:40,665 - server - INFO - 正在停止 爬虫服务...
2025-01-03 17:50:40,671 - server - INFO - 爬虫服务已停止
2025-01-03 17:50:40,672 - server - INFO - 正在停止 系统监控服务...
2025-01-03 17:50:40,679 - server - INFO - 系统监控服务已停止
2025-01-03 17:50:40,656 - server - INFO - 接收到终止信号，准备关闭服务...
2025-01-03 17:52:10,254 - server - INFO - 后台管理服务已启动，进程ID: 28000
2025-01-03 17:52:10,263 - server - INFO - 爬虫服务已启动，进程ID: 12888
2025-01-03 17:52:10,278 - server - INFO - 系统监控服务已启动，进程ID: 36684
2025-01-03 17:55:21,280 - server - INFO - 接收到终止信号，准备关闭服务...
2025-01-03 17:55:21,282 - server - INFO - 接收到终止信号，准备关闭服务...
2025-01-03 17:55:21,352 - server - INFO - 正在停止 后台管理服务...
2025-01-03 17:55:21,376 - server - INFO - 后台管理服务已停止
2025-01-03 17:55:21,388 - server - INFO - 正在停止 爬虫服务...
2025-01-03 17:55:21,405 - server - INFO - 爬虫服务已停止
2025-01-03 17:55:21,416 - server - INFO - 正在停止 系统监控服务...
2025-01-03 17:55:21,433 - server - INFO - 系统监控服务已停止
2025-01-03 17:55:30,294 - server - INFO - 后台管理服务已启动，进程ID: 8532
2025-01-03 17:55:30,303 - server - INFO - 爬虫服务已启动，进程ID: 4240
2025-01-03 17:55:30,314 - server - INFO - 系统监控服务已启动，进程ID: 14064
2025-01-03 17:58:16,889 - server - INFO - 接收到终止信号，准备关闭服务...
2025-01-03 17:58:16,889 - server - INFO - 正在停止 后台管理服务...
2025-01-03 17:58:16,903 - server - INFO - 后台管理服务已停止
2025-01-03 17:58:16,904 - server - INFO - 正在停止 爬虫服务...
2025-01-03 17:58:16,911 - server - INFO - 爬虫服务已停止
2025-01-03 17:58:16,912 - server - INFO - 正在停止 系统监控服务...
2025-01-03 17:58:16,929 - server - INFO - 系统监控服务已停止
2025-01-03 17:59:38,794 - server - INFO - 后台管理服务已启动，进程ID: 18380
2025-01-03 17:59:38,804 - server - INFO - 爬虫服务已启动，进程ID: 13912
2025-01-03 17:59:38,818 - server - INFO - 系统监控服务已启动，进程ID: 32844
