INFO:     Will watch for changes in these directories: ['E:\\test-demo']
INFO:     Uvicorn running on http://0.0.0.0:8002 (Press CTRL+C to quit)
INFO:     Started reloader process [13020] using WatchFiles
Process SpawnProcess-1:
Traceback (most recent call last):
  File "C:\Users\yuguo\AppData\Local\Programs\Python\Python312\Lib\multiprocessing\process.py", line 314, in _bootstrap
    self.run()
  File "C:\Users\yuguo\AppData\Local\Programs\Python\Python312\Lib\multiprocessing\process.py", line 108, in run
    self._target(*self._args, **self._kwargs)
  File "C:\Users\yuguo\AppData\Local\Programs\Python\Python312\Lib\site-packages\uvicorn\_subprocess.py", line 76, in subprocess_started
    target(sockets=sockets)
  File "C:\Users\yuguo\AppData\Local\Programs\Python\Python312\Lib\site-packages\uvicorn\server.py", line 61, in run
    return asyncio.run(self.serve(sockets=sockets))
           ^^^^^^^^^^^^^^^^^^^^^^^^^^^^^^^^^^^^^^^^
  File "C:\Users\yuguo\AppData\Local\Programs\Python\Python312\Lib\asyncio\runners.py", line 194, in run
    return runner.run(main)
           ^^^^^^^^^^^^^^^^
  File "C:\Users\yuguo\AppData\Local\Programs\Python\Python312\Lib\asyncio\runners.py", line 118, in run
    return self._loop.run_until_complete(task)
           ^^^^^^^^^^^^^^^^^^^^^^^^^^^^^^^^^^^
  File "C:\Users\yuguo\AppData\Local\Programs\Python\Python312\Lib\asyncio\base_events.py", line 687, in run_until_complete
    return future.result()
           ^^^^^^^^^^^^^^^
  File "C:\Users\yuguo\AppData\Local\Programs\Python\Python312\Lib\site-packages\uvicorn\server.py", line 68, in serve
    config.load()
  File "C:\Users\yuguo\AppData\Local\Programs\Python\Python312\Lib\site-packages\uvicorn\config.py", line 467, in load
    self.loaded_app = import_from_string(self.app)
                      ^^^^^^^^^^^^^^^^^^^^^^^^^^^^
  File "C:\Users\yuguo\AppData\Local\Programs\Python\Python312\Lib\site-packages\uvicorn\importer.py", line 24, in import_from_string
    raise exc from None
  File "C:\Users\yuguo\AppData\Local\Programs\Python\Python312\Lib\site-packages\uvicorn\importer.py", line 21, in import_from_string
    module = importlib.import_module(module_str)
             ^^^^^^^^^^^^^^^^^^^^^^^^^^^^^^^^^^^
  File "C:\Users\yuguo\AppData\Local\Programs\Python\Python312\Lib\importlib\__init__.py", line 90, in import_module
    return _bootstrap._gcd_import(name[level:], package, level)
           ^^^^^^^^^^^^^^^^^^^^^^^^^^^^^^^^^^^^^^^^^^^^^^^^^^^^
  File "<frozen importlib._bootstrap>", line 1387, in _gcd_import
  File "<frozen importlib._bootstrap>", line 1360, in _find_and_load
  File "<frozen importlib._bootstrap>", line 1310, in _find_and_load_unlocked
  File "<frozen importlib._bootstrap>", line 488, in _call_with_frames_removed
  File "<frozen importlib._bootstrap>", line 1387, in _gcd_import
  File "<frozen importlib._bootstrap>", line 1360, in _find_and_load
  File "<frozen importlib._bootstrap>", line 1324, in _find_and_load_unlocked
ModuleNotFoundError: No module named 'services.system'
WARNING:  WatchFiles detected changes in 'admin_service\app\auth\security.py'. Reloading...
Process SpawnProcess-2:
Traceback (most recent call last):
  File "C:\Users\yuguo\AppData\Local\Programs\Python\Python312\Lib\multiprocessing\process.py", line 314, in _bootstrap
    self.run()
  File "C:\Users\yuguo\AppData\Local\Programs\Python\Python312\Lib\multiprocessing\process.py", line 108, in run
    self._target(*self._args, **self._kwargs)
  File "C:\Users\yuguo\AppData\Local\Programs\Python\Python312\Lib\site-packages\uvicorn\_subprocess.py", line 76, in subprocess_started
    target(sockets=sockets)
  File "C:\Users\yuguo\AppData\Local\Programs\Python\Python312\Lib\site-packages\uvicorn\server.py", line 61, in run
    return asyncio.run(self.serve(sockets=sockets))
           ^^^^^^^^^^^^^^^^^^^^^^^^^^^^^^^^^^^^^^^^
  File "C:\Users\yuguo\AppData\Local\Programs\Python\Python312\Lib\asyncio\runners.py", line 194, in run
    return runner.run(main)
           ^^^^^^^^^^^^^^^^
  File "C:\Users\yuguo\AppData\Local\Programs\Python\Python312\Lib\asyncio\runners.py", line 118, in run
    return self._loop.run_until_complete(task)
           ^^^^^^^^^^^^^^^^^^^^^^^^^^^^^^^^^^^
  File "C:\Users\yuguo\AppData\Local\Programs\Python\Python312\Lib\asyncio\base_events.py", line 687, in run_until_complete
    return future.result()
           ^^^^^^^^^^^^^^^
  File "C:\Users\yuguo\AppData\Local\Programs\Python\Python312\Lib\site-packages\uvicorn\server.py", line 68, in serve
    config.load()
  File "C:\Users\yuguo\AppData\Local\Programs\Python\Python312\Lib\site-packages\uvicorn\config.py", line 467, in load
    self.loaded_app = import_from_string(self.app)
                      ^^^^^^^^^^^^^^^^^^^^^^^^^^^^
  File "C:\Users\yuguo\AppData\Local\Programs\Python\Python312\Lib\site-packages\uvicorn\importer.py", line 24, in import_from_string
    raise exc from None
  File "C:\Users\yuguo\AppData\Local\Programs\Python\Python312\Lib\site-packages\uvicorn\importer.py", line 21, in import_from_string
    module = importlib.import_module(module_str)
             ^^^^^^^^^^^^^^^^^^^^^^^^^^^^^^^^^^^
  File "C:\Users\yuguo\AppData\Local\Programs\Python\Python312\Lib\importlib\__init__.py", line 90, in import_module
    return _bootstrap._gcd_import(name[level:], package, level)
           ^^^^^^^^^^^^^^^^^^^^^^^^^^^^^^^^^^^^^^^^^^^^^^^^^^^^
  File "<frozen importlib._bootstrap>", line 1387, in _gcd_import
  File "<frozen importlib._bootstrap>", line 1360, in _find_and_load
  File "<frozen importlib._bootstrap>", line 1310, in _find_and_load_unlocked
  File "<frozen importlib._bootstrap>", line 488, in _call_with_frames_removed
  File "<frozen importlib._bootstrap>", line 1387, in _gcd_import
  File "<frozen importlib._bootstrap>", line 1360, in _find_and_load
  File "<frozen importlib._bootstrap>", line 1324, in _find_and_load_unlocked
ModuleNotFoundError: No module named 'services.system'
WARNING:  WatchFiles detected changes in 'admin_service\app\auth\security.py'. Reloading...
Process SpawnProcess-3:
Traceback (most recent call last):
  File "C:\Users\yuguo\AppData\Local\Programs\Python\Python312\Lib\multiprocessing\process.py", line 314, in _bootstrap
    self.run()
  File "C:\Users\yuguo\AppData\Local\Programs\Python\Python312\Lib\multiprocessing\process.py", line 108, in run
    self._target(*self._args, **self._kwargs)
  File "C:\Users\yuguo\AppData\Local\Programs\Python\Python312\Lib\site-packages\uvicorn\_subprocess.py", line 76, in subprocess_started
    target(sockets=sockets)
  File "C:\Users\yuguo\AppData\Local\Programs\Python\Python312\Lib\site-packages\uvicorn\server.py", line 61, in run
    return asyncio.run(self.serve(sockets=sockets))
           ^^^^^^^^^^^^^^^^^^^^^^^^^^^^^^^^^^^^^^^^
  File "C:\Users\yuguo\AppData\Local\Programs\Python\Python312\Lib\asyncio\runners.py", line 194, in run
    return runner.run(main)
           ^^^^^^^^^^^^^^^^
  File "C:\Users\yuguo\AppData\Local\Programs\Python\Python312\Lib\asyncio\runners.py", line 118, in run
    return self._loop.run_until_complete(task)
           ^^^^^^^^^^^^^^^^^^^^^^^^^^^^^^^^^^^
  File "C:\Users\yuguo\AppData\Local\Programs\Python\Python312\Lib\asyncio\base_events.py", line 687, in run_until_complete
    return future.result()
           ^^^^^^^^^^^^^^^
  File "C:\Users\yuguo\AppData\Local\Programs\Python\Python312\Lib\site-packages\uvicorn\server.py", line 68, in serve
    config.load()
  File "C:\Users\yuguo\AppData\Local\Programs\Python\Python312\Lib\site-packages\uvicorn\config.py", line 467, in load
    self.loaded_app = import_from_string(self.app)
                      ^^^^^^^^^^^^^^^^^^^^^^^^^^^^
  File "C:\Users\yuguo\AppData\Local\Programs\Python\Python312\Lib\site-packages\uvicorn\importer.py", line 24, in import_from_string
    raise exc from None
  File "C:\Users\yuguo\AppData\Local\Programs\Python\Python312\Lib\site-packages\uvicorn\importer.py", line 21, in import_from_string
    module = importlib.import_module(module_str)
             ^^^^^^^^^^^^^^^^^^^^^^^^^^^^^^^^^^^
  File "C:\Users\yuguo\AppData\Local\Programs\Python\Python312\Lib\importlib\__init__.py", line 90, in import_module
    return _bootstrap._gcd_import(name[level:], package, level)
           ^^^^^^^^^^^^^^^^^^^^^^^^^^^^^^^^^^^^^^^^^^^^^^^^^^^^
  File "<frozen importlib._bootstrap>", line 1387, in _gcd_import
  File "<frozen importlib._bootstrap>", line 1360, in _find_and_load
  File "<frozen importlib._bootstrap>", line 1310, in _find_and_load_unlocked
  File "<frozen importlib._bootstrap>", line 488, in _call_with_frames_removed
  File "<frozen importlib._bootstrap>", line 1387, in _gcd_import
  File "<frozen importlib._bootstrap>", line 1360, in _find_and_load
  File "<frozen importlib._bootstrap>", line 1324, in _find_and_load_unlocked
ModuleNotFoundError: No module named 'services.system'
WARNING:  WatchFiles detected changes in 'services\server.py'. Reloading...
WARNING:  WatchFiles detected changes in 'services\server.py'. Reloading...
Process SpawnProcess-4:
Traceback (most recent call last):
  File "C:\Users\yuguo\AppData\Local\Programs\Python\Python312\Lib\multiprocessing\process.py", line 314, in _bootstrap
    self.run()
  File "C:\Users\yuguo\AppData\Local\Programs\Python\Python312\Lib\multiprocessing\process.py", line 108, in run
    self._target(*self._args, **self._kwargs)
  File "C:\Users\yuguo\AppData\Local\Programs\Python\Python312\Lib\site-packages\uvicorn\_subprocess.py", line 76, in subprocess_started
    target(sockets=sockets)
  File "C:\Users\yuguo\AppData\Local\Programs\Python\Python312\Lib\site-packages\uvicorn\server.py", line 61, in run
    return asyncio.run(self.serve(sockets=sockets))
           ^^^^^^^^^^^^^^^^^^^^^^^^^^^^^^^^^^^^^^^^
  File "C:\Users\yuguo\AppData\Local\Programs\Python\Python312\Lib\asyncio\runners.py", line 194, in run
    return runner.run(main)
           ^^^^^^^^^^^^^^^^
  File "C:\Users\yuguo\AppData\Local\Programs\Python\Python312\Lib\asyncio\runners.py", line 118, in run
    return self._loop.run_until_complete(task)
           ^^^^^^^^^^^^^^^^^^^^^^^^^^^^^^^^^^^
  File "C:\Users\yuguo\AppData\Local\Programs\Python\Python312\Lib\asyncio\base_events.py", line 687, in run_until_complete
    return future.result()
           ^^^^^^^^^^^^^^^
  File "C:\Users\yuguo\AppData\Local\Programs\Python\Python312\Lib\site-packages\uvicorn\server.py", line 68, in serve
    config.load()
  File "C:\Users\yuguo\AppData\Local\Programs\Python\Python312\Lib\site-packages\uvicorn\config.py", line 467, in load
    self.loaded_app = import_from_string(self.app)
                      ^^^^^^^^^^^^^^^^^^^^^^^^^^^^
  File "C:\Users\yuguo\AppData\Local\Programs\Python\Python312\Lib\site-packages\uvicorn\importer.py", line 24, in import_from_string
    raise exc from None
  File "C:\Users\yuguo\AppData\Local\Programs\Python\Python312\Lib\site-packages\uvicorn\importer.py", line 21, in import_from_string
    module = importlib.import_module(module_str)
             ^^^^^^^^^^^^^^^^^^^^^^^^^^^^^^^^^^^
  File "C:\Users\yuguo\AppData\Local\Programs\Python\Python312\Lib\importlib\__init__.py", line 90, in import_module
    return _bootstrap._gcd_import(name[level:], package, level)
           ^^^^^^^^^^^^^^^^^^^^^^^^^^^^^^^^^^^^^^^^^^^^^^^^^^^^
  File "<frozen importlib._bootstrap>", line 1387, in _gcd_import
  File "<frozen importlib._bootstrap>", line 1360, in _find_and_load
  File "<frozen importlib._bootstrap>", line 1310, in _find_and_load_unlocked
  File "<frozen importlib._bootstrap>", line 488, in _call_with_frames_removed
  File "<frozen importlib._bootstrap>", line 1387, in _gcd_import
  File "<frozen importlib._bootstrap>", line 1360, in _find_and_load
  File "<frozen importlib._bootstrap>", line 1324, in _find_and_load_unlocked
ModuleNotFoundError: No module named 'services.system'
Process SpawnProcess-5:
Traceback (most recent call last):
  File "C:\Users\yuguo\AppData\Local\Programs\Python\Python312\Lib\multiprocessing\process.py", line 314, in _bootstrap
    self.run()
  File "C:\Users\yuguo\AppData\Local\Programs\Python\Python312\Lib\multiprocessing\process.py", line 108, in run
    self._target(*self._args, **self._kwargs)
  File "C:\Users\yuguo\AppData\Local\Programs\Python\Python312\Lib\site-packages\uvicorn\_subprocess.py", line 76, in subprocess_started
    target(sockets=sockets)
  File "C:\Users\yuguo\AppData\Local\Programs\Python\Python312\Lib\site-packages\uvicorn\server.py", line 61, in run
    return asyncio.run(self.serve(sockets=sockets))
           ^^^^^^^^^^^^^^^^^^^^^^^^^^^^^^^^^^^^^^^^
  File "C:\Users\yuguo\AppData\Local\Programs\Python\Python312\Lib\asyncio\runners.py", line 194, in run
    return runner.run(main)
           ^^^^^^^^^^^^^^^^
  File "C:\Users\yuguo\AppData\Local\Programs\Python\Python312\Lib\asyncio\runners.py", line 118, in run
    return self._loop.run_until_complete(task)
           ^^^^^^^^^^^^^^^^^^^^^^^^^^^^^^^^^^^
  File "C:\Users\yuguo\AppData\Local\Programs\Python\Python312\Lib\asyncio\base_events.py", line 687, in run_until_complete
    return future.result()
           ^^^^^^^^^^^^^^^
  File "C:\Users\yuguo\AppData\Local\Programs\Python\Python312\Lib\site-packages\uvicorn\server.py", line 68, in serve
    config.load()
  File "C:\Users\yuguo\AppData\Local\Programs\Python\Python312\Lib\site-packages\uvicorn\config.py", line 467, in load
    self.loaded_app = import_from_string(self.app)
                      ^^^^^^^^^^^^^^^^^^^^^^^^^^^^
  File "C:\Users\yuguo\AppData\Local\Programs\Python\Python312\Lib\site-packages\uvicorn\importer.py", line 24, in import_from_string
    raise exc from None
  File "C:\Users\yuguo\AppData\Local\Programs\Python\Python312\Lib\site-packages\uvicorn\importer.py", line 21, in import_from_string
    module = importlib.import_module(module_str)
             ^^^^^^^^^^^^^^^^^^^^^^^^^^^^^^^^^^^
  File "C:\Users\yuguo\AppData\Local\Programs\Python\Python312\Lib\importlib\__init__.py", line 90, in import_module
    return _bootstrap._gcd_import(name[level:], package, level)
           ^^^^^^^^^^^^^^^^^^^^^^^^^^^^^^^^^^^^^^^^^^^^^^^^^^^^
  File "<frozen importlib._bootstrap>", line 1387, in _gcd_import
  File "<frozen importlib._bootstrap>", line 1360, in _find_and_load
  File "<frozen importlib._bootstrap>", line 1310, in _find_and_load_unlocked
  File "<frozen importlib._bootstrap>", line 488, in _call_with_frames_removed
  File "<frozen importlib._bootstrap>", line 1387, in _gcd_import
  File "<frozen importlib._bootstrap>", line 1360, in _find_and_load
  File "<frozen importlib._bootstrap>", line 1324, in _find_and_load_unlocked
ModuleNotFoundError: No module named 'services.system'
WARNING:  WatchFiles detected changes in 'admin_service\app\auth\security.py'. Reloading...
Process SpawnProcess-6:
Traceback (most recent call last):
  File "C:\Users\yuguo\AppData\Local\Programs\Python\Python312\Lib\multiprocessing\process.py", line 314, in _bootstrap
    self.run()
  File "C:\Users\yuguo\AppData\Local\Programs\Python\Python312\Lib\multiprocessing\process.py", line 108, in run
    self._target(*self._args, **self._kwargs)
  File "C:\Users\yuguo\AppData\Local\Programs\Python\Python312\Lib\site-packages\uvicorn\_subprocess.py", line 76, in subprocess_started
    target(sockets=sockets)
  File "C:\Users\yuguo\AppData\Local\Programs\Python\Python312\Lib\site-packages\uvicorn\server.py", line 61, in run
    return asyncio.run(self.serve(sockets=sockets))
           ^^^^^^^^^^^^^^^^^^^^^^^^^^^^^^^^^^^^^^^^
  File "C:\Users\yuguo\AppData\Local\Programs\Python\Python312\Lib\asyncio\runners.py", line 194, in run
    return runner.run(main)
           ^^^^^^^^^^^^^^^^
  File "C:\Users\yuguo\AppData\Local\Programs\Python\Python312\Lib\asyncio\runners.py", line 118, in run
    return self._loop.run_until_complete(task)
           ^^^^^^^^^^^^^^^^^^^^^^^^^^^^^^^^^^^
  File "C:\Users\yuguo\AppData\Local\Programs\Python\Python312\Lib\asyncio\base_events.py", line 687, in run_until_complete
    return future.result()
           ^^^^^^^^^^^^^^^
  File "C:\Users\yuguo\AppData\Local\Programs\Python\Python312\Lib\site-packages\uvicorn\server.py", line 68, in serve
    config.load()
  File "C:\Users\yuguo\AppData\Local\Programs\Python\Python312\Lib\site-packages\uvicorn\config.py", line 467, in load
    self.loaded_app = import_from_string(self.app)
                      ^^^^^^^^^^^^^^^^^^^^^^^^^^^^
  File "C:\Users\yuguo\AppData\Local\Programs\Python\Python312\Lib\site-packages\uvicorn\importer.py", line 24, in import_from_string
    raise exc from None
  File "C:\Users\yuguo\AppData\Local\Programs\Python\Python312\Lib\site-packages\uvicorn\importer.py", line 21, in import_from_string
    module = importlib.import_module(module_str)
             ^^^^^^^^^^^^^^^^^^^^^^^^^^^^^^^^^^^
  File "C:\Users\yuguo\AppData\Local\Programs\Python\Python312\Lib\importlib\__init__.py", line 90, in import_module
    return _bootstrap._gcd_import(name[level:], package, level)
           ^^^^^^^^^^^^^^^^^^^^^^^^^^^^^^^^^^^^^^^^^^^^^^^^^^^^
  File "<frozen importlib._bootstrap>", line 1387, in _gcd_import
  File "<frozen importlib._bootstrap>", line 1360, in _find_and_load
  File "<frozen importlib._bootstrap>", line 1310, in _find_and_load_unlocked
  File "<frozen importlib._bootstrap>", line 488, in _call_with_frames_removed
  File "<frozen importlib._bootstrap>", line 1387, in _gcd_import
  File "<frozen importlib._bootstrap>", line 1360, in _find_and_load
  File "<frozen importlib._bootstrap>", line 1324, in _find_and_load_unlocked
ModuleNotFoundError: No module named 'services.system'
WARNING:  WatchFiles detected changes in 'admin_service\app\auth\security.py'. Reloading...
Process SpawnProcess-7:
Traceback (most recent call last):
  File "C:\Users\yuguo\AppData\Local\Programs\Python\Python312\Lib\multiprocessing\process.py", line 314, in _bootstrap
    self.run()
  File "C:\Users\yuguo\AppData\Local\Programs\Python\Python312\Lib\multiprocessing\process.py", line 108, in run
    self._target(*self._args, **self._kwargs)
  File "C:\Users\yuguo\AppData\Local\Programs\Python\Python312\Lib\site-packages\uvicorn\_subprocess.py", line 76, in subprocess_started
    target(sockets=sockets)
  File "C:\Users\yuguo\AppData\Local\Programs\Python\Python312\Lib\site-packages\uvicorn\server.py", line 61, in run
    return asyncio.run(self.serve(sockets=sockets))
           ^^^^^^^^^^^^^^^^^^^^^^^^^^^^^^^^^^^^^^^^
  File "C:\Users\yuguo\AppData\Local\Programs\Python\Python312\Lib\asyncio\runners.py", line 194, in run
    return runner.run(main)
           ^^^^^^^^^^^^^^^^
  File "C:\Users\yuguo\AppData\Local\Programs\Python\Python312\Lib\asyncio\runners.py", line 118, in run
    return self._loop.run_until_complete(task)
           ^^^^^^^^^^^^^^^^^^^^^^^^^^^^^^^^^^^
  File "C:\Users\yuguo\AppData\Local\Programs\Python\Python312\Lib\asyncio\base_events.py", line 687, in run_until_complete
    return future.result()
           ^^^^^^^^^^^^^^^
  File "C:\Users\yuguo\AppData\Local\Programs\Python\Python312\Lib\site-packages\uvicorn\server.py", line 68, in serve
    config.load()
  File "C:\Users\yuguo\AppData\Local\Programs\Python\Python312\Lib\site-packages\uvicorn\config.py", line 467, in load
    self.loaded_app = import_from_string(self.app)
                      ^^^^^^^^^^^^^^^^^^^^^^^^^^^^
  File "C:\Users\yuguo\AppData\Local\Programs\Python\Python312\Lib\site-packages\uvicorn\importer.py", line 24, in import_from_string
    raise exc from None
  File "C:\Users\yuguo\AppData\Local\Programs\Python\Python312\Lib\site-packages\uvicorn\importer.py", line 21, in import_from_string
    module = importlib.import_module(module_str)
             ^^^^^^^^^^^^^^^^^^^^^^^^^^^^^^^^^^^
  File "C:\Users\yuguo\AppData\Local\Programs\Python\Python312\Lib\importlib\__init__.py", line 90, in import_module
    return _bootstrap._gcd_import(name[level:], package, level)
           ^^^^^^^^^^^^^^^^^^^^^^^^^^^^^^^^^^^^^^^^^^^^^^^^^^^^
  File "<frozen importlib._bootstrap>", line 1387, in _gcd_import
  File "<frozen importlib._bootstrap>", line 1360, in _find_and_load
  File "<frozen importlib._bootstrap>", line 1310, in _find_and_load_unlocked
  File "<frozen importlib._bootstrap>", line 488, in _call_with_frames_removed
  File "<frozen importlib._bootstrap>", line 1387, in _gcd_import
  File "<frozen importlib._bootstrap>", line 1360, in _find_and_load
  File "<frozen importlib._bootstrap>", line 1324, in _find_and_load_unlocked
ModuleNotFoundError: No module named 'services.system'
WARNING:  WatchFiles detected changes in 'services\server.py'. Reloading...
Process SpawnProcess-8:
Traceback (most recent call last):
  File "C:\Users\yuguo\AppData\Local\Programs\Python\Python312\Lib\multiprocessing\process.py", line 314, in _bootstrap
    self.run()
  File "C:\Users\yuguo\AppData\Local\Programs\Python\Python312\Lib\multiprocessing\process.py", line 108, in run
    self._target(*self._args, **self._kwargs)
  File "C:\Users\yuguo\AppData\Local\Programs\Python\Python312\Lib\site-packages\uvicorn\_subprocess.py", line 76, in subprocess_started
    target(sockets=sockets)
  File "C:\Users\yuguo\AppData\Local\Programs\Python\Python312\Lib\site-packages\uvicorn\server.py", line 61, in run
    return asyncio.run(self.serve(sockets=sockets))
           ^^^^^^^^^^^^^^^^^^^^^^^^^^^^^^^^^^^^^^^^
  File "C:\Users\yuguo\AppData\Local\Programs\Python\Python312\Lib\asyncio\runners.py", line 194, in run
    return runner.run(main)
           ^^^^^^^^^^^^^^^^
  File "C:\Users\yuguo\AppData\Local\Programs\Python\Python312\Lib\asyncio\runners.py", line 118, in run
    return self._loop.run_until_complete(task)
           ^^^^^^^^^^^^^^^^^^^^^^^^^^^^^^^^^^^
  File "C:\Users\yuguo\AppData\Local\Programs\Python\Python312\Lib\asyncio\base_events.py", line 687, in run_until_complete
    return future.result()
           ^^^^^^^^^^^^^^^
  File "C:\Users\yuguo\AppData\Local\Programs\Python\Python312\Lib\site-packages\uvicorn\server.py", line 68, in serve
    config.load()
  File "C:\Users\yuguo\AppData\Local\Programs\Python\Python312\Lib\site-packages\uvicorn\config.py", line 467, in load
    self.loaded_app = import_from_string(self.app)
                      ^^^^^^^^^^^^^^^^^^^^^^^^^^^^
  File "C:\Users\yuguo\AppData\Local\Programs\Python\Python312\Lib\site-packages\uvicorn\importer.py", line 24, in import_from_string
    raise exc from None
  File "C:\Users\yuguo\AppData\Local\Programs\Python\Python312\Lib\site-packages\uvicorn\importer.py", line 21, in import_from_string
    module = importlib.import_module(module_str)
             ^^^^^^^^^^^^^^^^^^^^^^^^^^^^^^^^^^^
  File "C:\Users\yuguo\AppData\Local\Programs\Python\Python312\Lib\importlib\__init__.py", line 90, in import_module
    return _bootstrap._gcd_import(name[level:], package, level)
           ^^^^^^^^^^^^^^^^^^^^^^^^^^^^^^^^^^^^^^^^^^^^^^^^^^^^
  File "<frozen importlib._bootstrap>", line 1387, in _gcd_import
  File "<frozen importlib._bootstrap>", line 1360, in _find_and_load
  File "<frozen importlib._bootstrap>", line 1310, in _find_and_load_unlocked
  File "<frozen importlib._bootstrap>", line 488, in _call_with_frames_removed
  File "<frozen importlib._bootstrap>", line 1387, in _gcd_import
  File "<frozen importlib._bootstrap>", line 1360, in _find_and_load
  File "<frozen importlib._bootstrap>", line 1324, in _find_and_load_unlocked
ModuleNotFoundError: No module named 'services.system'
WARNING:  WatchFiles detected changes in 'admin_service\app\auth\security.py'. Reloading...
Process SpawnProcess-9:
Traceback (most recent call last):
  File "C:\Users\yuguo\AppData\Local\Programs\Python\Python312\Lib\multiprocessing\process.py", line 314, in _bootstrap
    self.run()
  File "C:\Users\yuguo\AppData\Local\Programs\Python\Python312\Lib\multiprocessing\process.py", line 108, in run
    self._target(*self._args, **self._kwargs)
  File "C:\Users\yuguo\AppData\Local\Programs\Python\Python312\Lib\site-packages\uvicorn\_subprocess.py", line 76, in subprocess_started
    target(sockets=sockets)
  File "C:\Users\yuguo\AppData\Local\Programs\Python\Python312\Lib\site-packages\uvicorn\server.py", line 61, in run
    return asyncio.run(self.serve(sockets=sockets))
           ^^^^^^^^^^^^^^^^^^^^^^^^^^^^^^^^^^^^^^^^
  File "C:\Users\yuguo\AppData\Local\Programs\Python\Python312\Lib\asyncio\runners.py", line 194, in run
    return runner.run(main)
           ^^^^^^^^^^^^^^^^
  File "C:\Users\yuguo\AppData\Local\Programs\Python\Python312\Lib\asyncio\runners.py", line 118, in run
    return self._loop.run_until_complete(task)
           ^^^^^^^^^^^^^^^^^^^^^^^^^^^^^^^^^^^
  File "C:\Users\yuguo\AppData\Local\Programs\Python\Python312\Lib\asyncio\base_events.py", line 687, in run_until_complete
    return future.result()
           ^^^^^^^^^^^^^^^
  File "C:\Users\yuguo\AppData\Local\Programs\Python\Python312\Lib\site-packages\uvicorn\server.py", line 68, in serve
    config.load()
  File "C:\Users\yuguo\AppData\Local\Programs\Python\Python312\Lib\site-packages\uvicorn\config.py", line 467, in load
    self.loaded_app = import_from_string(self.app)
                      ^^^^^^^^^^^^^^^^^^^^^^^^^^^^
  File "C:\Users\yuguo\AppData\Local\Programs\Python\Python312\Lib\site-packages\uvicorn\importer.py", line 24, in import_from_string
    raise exc from None
  File "C:\Users\yuguo\AppData\Local\Programs\Python\Python312\Lib\site-packages\uvicorn\importer.py", line 21, in import_from_string
    module = importlib.import_module(module_str)
             ^^^^^^^^^^^^^^^^^^^^^^^^^^^^^^^^^^^
  File "C:\Users\yuguo\AppData\Local\Programs\Python\Python312\Lib\importlib\__init__.py", line 90, in import_module
    return _bootstrap._gcd_import(name[level:], package, level)
           ^^^^^^^^^^^^^^^^^^^^^^^^^^^^^^^^^^^^^^^^^^^^^^^^^^^^
  File "<frozen importlib._bootstrap>", line 1387, in _gcd_import
  File "<frozen importlib._bootstrap>", line 1360, in _find_and_load
  File "<frozen importlib._bootstrap>", line 1310, in _find_and_load_unlocked
  File "<frozen importlib._bootstrap>", line 488, in _call_with_frames_removed
  File "<frozen importlib._bootstrap>", line 1387, in _gcd_import
  File "<frozen importlib._bootstrap>", line 1360, in _find_and_load
  File "<frozen importlib._bootstrap>", line 1324, in _find_and_load_unlocked
ModuleNotFoundError: No module named 'services.system'
INFO:     Will watch for changes in these directories: ['E:\\test-demo\\services']
INFO:     Uvicorn running on http://0.0.0.0:8002 (Press CTRL+C to quit)
INFO:     Started reloader process [36528] using WatchFiles
Process SpawnProcess-1:
Traceback (most recent call last):
  File "C:\Users\yuguo\AppData\Local\Programs\Python\Python312\Lib\multiprocessing\process.py", line 314, in _bootstrap
    self.run()
  File "C:\Users\yuguo\AppData\Local\Programs\Python\Python312\Lib\multiprocessing\process.py", line 108, in run
    self._target(*self._args, **self._kwargs)
  File "C:\Users\yuguo\AppData\Local\Programs\Python\Python312\Lib\site-packages\uvicorn\_subprocess.py", line 76, in subprocess_started
    target(sockets=sockets)
  File "C:\Users\yuguo\AppData\Local\Programs\Python\Python312\Lib\site-packages\uvicorn\server.py", line 61, in run
    return asyncio.run(self.serve(sockets=sockets))
           ^^^^^^^^^^^^^^^^^^^^^^^^^^^^^^^^^^^^^^^^
  File "C:\Users\yuguo\AppData\Local\Programs\Python\Python312\Lib\asyncio\runners.py", line 194, in run
    return runner.run(main)
           ^^^^^^^^^^^^^^^^
  File "C:\Users\yuguo\AppData\Local\Programs\Python\Python312\Lib\asyncio\runners.py", line 118, in run
    return self._loop.run_until_complete(task)
           ^^^^^^^^^^^^^^^^^^^^^^^^^^^^^^^^^^^
  File "C:\Users\yuguo\AppData\Local\Programs\Python\Python312\Lib\asyncio\base_events.py", line 687, in run_until_complete
    return future.result()
           ^^^^^^^^^^^^^^^
  File "C:\Users\yuguo\AppData\Local\Programs\Python\Python312\Lib\site-packages\uvicorn\server.py", line 68, in serve
    config.load()
  File "C:\Users\yuguo\AppData\Local\Programs\Python\Python312\Lib\site-packages\uvicorn\config.py", line 467, in load
    self.loaded_app = import_from_string(self.app)
                      ^^^^^^^^^^^^^^^^^^^^^^^^^^^^
  File "C:\Users\yuguo\AppData\Local\Programs\Python\Python312\Lib\site-packages\uvicorn\importer.py", line 24, in import_from_string
    raise exc from None
  File "C:\Users\yuguo\AppData\Local\Programs\Python\Python312\Lib\site-packages\uvicorn\importer.py", line 21, in import_from_string
    module = importlib.import_module(module_str)
             ^^^^^^^^^^^^^^^^^^^^^^^^^^^^^^^^^^^
  File "C:\Users\yuguo\AppData\Local\Programs\Python\Python312\Lib\importlib\__init__.py", line 90, in import_module
    return _bootstrap._gcd_import(name[level:], package, level)
           ^^^^^^^^^^^^^^^^^^^^^^^^^^^^^^^^^^^^^^^^^^^^^^^^^^^^
  File "<frozen importlib._bootstrap>", line 1387, in _gcd_import
  File "<frozen importlib._bootstrap>", line 1360, in _find_and_load
  File "<frozen importlib._bootstrap>", line 1310, in _find_and_load_unlocked
  File "<frozen importlib._bootstrap>", line 488, in _call_with_frames_removed
  File "<frozen importlib._bootstrap>", line 1387, in _gcd_import
  File "<frozen importlib._bootstrap>", line 1360, in _find_and_load
  File "<frozen importlib._bootstrap>", line 1324, in _find_and_load_unlocked
ModuleNotFoundError: No module named 'services.system'
WARNING:  WatchFiles detected changes in 'admin_service\app\auth\security.py'. Reloading...
Process SpawnProcess-2:
Traceback (most recent call last):
  File "C:\Users\yuguo\AppData\Local\Programs\Python\Python312\Lib\multiprocessing\process.py", line 314, in _bootstrap
    self.run()
  File "C:\Users\yuguo\AppData\Local\Programs\Python\Python312\Lib\multiprocessing\process.py", line 108, in run
    self._target(*self._args, **self._kwargs)
  File "C:\Users\yuguo\AppData\Local\Programs\Python\Python312\Lib\site-packages\uvicorn\_subprocess.py", line 76, in subprocess_started
    target(sockets=sockets)
  File "C:\Users\yuguo\AppData\Local\Programs\Python\Python312\Lib\site-packages\uvicorn\server.py", line 61, in run
    return asyncio.run(self.serve(sockets=sockets))
           ^^^^^^^^^^^^^^^^^^^^^^^^^^^^^^^^^^^^^^^^
  File "C:\Users\yuguo\AppData\Local\Programs\Python\Python312\Lib\asyncio\runners.py", line 194, in run
    return runner.run(main)
           ^^^^^^^^^^^^^^^^
  File "C:\Users\yuguo\AppData\Local\Programs\Python\Python312\Lib\asyncio\runners.py", line 118, in run
    return self._loop.run_until_complete(task)
           ^^^^^^^^^^^^^^^^^^^^^^^^^^^^^^^^^^^
  File "C:\Users\yuguo\AppData\Local\Programs\Python\Python312\Lib\asyncio\base_events.py", line 687, in run_until_complete
    return future.result()
           ^^^^^^^^^^^^^^^
  File "C:\Users\yuguo\AppData\Local\Programs\Python\Python312\Lib\site-packages\uvicorn\server.py", line 68, in serve
    config.load()
  File "C:\Users\yuguo\AppData\Local\Programs\Python\Python312\Lib\site-packages\uvicorn\config.py", line 467, in load
    self.loaded_app = import_from_string(self.app)
                      ^^^^^^^^^^^^^^^^^^^^^^^^^^^^
  File "C:\Users\yuguo\AppData\Local\Programs\Python\Python312\Lib\site-packages\uvicorn\importer.py", line 24, in import_from_string
    raise exc from None
  File "C:\Users\yuguo\AppData\Local\Programs\Python\Python312\Lib\site-packages\uvicorn\importer.py", line 21, in import_from_string
    module = importlib.import_module(module_str)
             ^^^^^^^^^^^^^^^^^^^^^^^^^^^^^^^^^^^
  File "C:\Users\yuguo\AppData\Local\Programs\Python\Python312\Lib\importlib\__init__.py", line 90, in import_module
    return _bootstrap._gcd_import(name[level:], package, level)
           ^^^^^^^^^^^^^^^^^^^^^^^^^^^^^^^^^^^^^^^^^^^^^^^^^^^^
  File "<frozen importlib._bootstrap>", line 1387, in _gcd_import
  File "<frozen importlib._bootstrap>", line 1360, in _find_and_load
  File "<frozen importlib._bootstrap>", line 1310, in _find_and_load_unlocked
  File "<frozen importlib._bootstrap>", line 488, in _call_with_frames_removed
  File "<frozen importlib._bootstrap>", line 1387, in _gcd_import
  File "<frozen importlib._bootstrap>", line 1360, in _find_and_load
  File "<frozen importlib._bootstrap>", line 1324, in _find_and_load_unlocked
ModuleNotFoundError: No module named 'services.system'
WARNING:  WatchFiles detected changes in 'services\__init__.py', 'services\server.py'. Reloading...
Process SpawnProcess-3:
Traceback (most recent call last):
  File "C:\Users\yuguo\AppData\Local\Programs\Python\Python312\Lib\multiprocessing\process.py", line 314, in _bootstrap
    self.run()
  File "C:\Users\yuguo\AppData\Local\Programs\Python\Python312\Lib\multiprocessing\process.py", line 108, in run
    self._target(*self._args, **self._kwargs)
  File "C:\Users\yuguo\AppData\Local\Programs\Python\Python312\Lib\site-packages\uvicorn\_subprocess.py", line 76, in subprocess_started
    target(sockets=sockets)
  File "C:\Users\yuguo\AppData\Local\Programs\Python\Python312\Lib\site-packages\uvicorn\server.py", line 61, in run
    return asyncio.run(self.serve(sockets=sockets))
           ^^^^^^^^^^^^^^^^^^^^^^^^^^^^^^^^^^^^^^^^
  File "C:\Users\yuguo\AppData\Local\Programs\Python\Python312\Lib\asyncio\runners.py", line 194, in run
    return runner.run(main)
           ^^^^^^^^^^^^^^^^
  File "C:\Users\yuguo\AppData\Local\Programs\Python\Python312\Lib\asyncio\runners.py", line 118, in run
    return self._loop.run_until_complete(task)
           ^^^^^^^^^^^^^^^^^^^^^^^^^^^^^^^^^^^
  File "C:\Users\yuguo\AppData\Local\Programs\Python\Python312\Lib\asyncio\base_events.py", line 687, in run_until_complete
    return future.result()
           ^^^^^^^^^^^^^^^
  File "C:\Users\yuguo\AppData\Local\Programs\Python\Python312\Lib\site-packages\uvicorn\server.py", line 68, in serve
    config.load()
  File "C:\Users\yuguo\AppData\Local\Programs\Python\Python312\Lib\site-packages\uvicorn\config.py", line 467, in load
    self.loaded_app = import_from_string(self.app)
                      ^^^^^^^^^^^^^^^^^^^^^^^^^^^^
  File "C:\Users\yuguo\AppData\Local\Programs\Python\Python312\Lib\site-packages\uvicorn\importer.py", line 24, in import_from_string
    raise exc from None
  File "C:\Users\yuguo\AppData\Local\Programs\Python\Python312\Lib\site-packages\uvicorn\importer.py", line 21, in import_from_string
    module = importlib.import_module(module_str)
             ^^^^^^^^^^^^^^^^^^^^^^^^^^^^^^^^^^^
  File "C:\Users\yuguo\AppData\Local\Programs\Python\Python312\Lib\importlib\__init__.py", line 90, in import_module
    return _bootstrap._gcd_import(name[level:], package, level)
           ^^^^^^^^^^^^^^^^^^^^^^^^^^^^^^^^^^^^^^^^^^^^^^^^^^^^
  File "<frozen importlib._bootstrap>", line 1387, in _gcd_import
  File "<frozen importlib._bootstrap>", line 1360, in _find_and_load
  File "<frozen importlib._bootstrap>", line 1310, in _find_and_load_unlocked
  File "<frozen importlib._bootstrap>", line 488, in _call_with_frames_removed
  File "<frozen importlib._bootstrap>", line 1387, in _gcd_import
  File "<frozen importlib._bootstrap>", line 1360, in _find_and_load
  File "<frozen importlib._bootstrap>", line 1324, in _find_and_load_unlocked
ModuleNotFoundError: No module named 'services.system'
INFO:     Will watch for changes in these directories: ['E:\\test-demo\\admin_service', 'E:\\test-demo\\crawler_service', 'E:\\test-demo\\system_service']
INFO:     Uvicorn running on http://0.0.0.0:8002 (Press CTRL+C to quit)
INFO:     Started reloader process [9168] using WatchFiles
INFO:     Started server process [24608]
INFO:     Waiting for application startup.
2025-01-03 17:48:54,498 - system_service - INFO - 初始化系统监控服务...
2025-01-03 17:48:54,510 - system_database - INFO - Redis连接已建立
2025-01-03 17:48:54,511 - system_monitor - INFO - Redis连接已初始化
2025-01-03 17:48:54,511 - system_service - INFO - 系统监控服务初始化完成
INFO:     Application startup complete.
WARNING:  WatchFiles detected changes in 'utils\auth.py'. Reloading...
INFO:     Will watch for changes in these directories: ['E:\\test-demo\\admin_service', 'E:\\test-demo\\crawler_service', 'E:\\test-demo\\system_service']
INFO:     Uvicorn running on http://0.0.0.0:8002 (Press CTRL+C to quit)
INFO:     Started reloader process [36684] using WatchFiles
INFO:     Started server process [37632]
INFO:     Waiting for application startup.
2025-01-03 17:52:12,508 - system_service - INFO - 初始化系统监控服务...
2025-01-03 17:52:12,508 - system_database - INFO - Redis连接已建立
2025-01-03 17:52:12,509 - system_monitor - INFO - Redis连接已初始化
2025-01-03 17:52:12,510 - system_service - INFO - 系统监控服务初始化完成
INFO:     Application startup complete.
WARNING:  WatchFiles detected changes in 'admin_service\app\auth\router.py'. Reloading...
INFO:     Will watch for changes in these directories: ['E:\\test-demo\\admin_service', 'E:\\test-demo\\crawler_service', 'E:\\test-demo\\system_service']
INFO:     Uvicorn running on http://0.0.0.0:8002 (Press CTRL+C to quit)
INFO:     Started reloader process [14064] using WatchFiles
INFO:     Started server process [40068]
INFO:     Waiting for application startup.
2025-01-03 17:55:32,522 - system_service - INFO - 初始化系统监控服务...
2025-01-03 17:55:32,522 - system_database - INFO - Redis连接已建立
2025-01-03 17:55:32,523 - system_monitor - INFO - Redis连接已初始化
2025-01-03 17:55:32,524 - system_service - INFO - 系统监控服务初始化完成
INFO:     Application startup complete.
WARNING:  WatchFiles detected changes in 'admin_service\app\main.py'. Reloading...
INFO:     Will watch for changes in these directories: ['E:\\test-demo\\admin_service', 'E:\\test-demo\\crawler_service', 'E:\\test-demo\\system_service']
INFO:     Uvicorn running on http://0.0.0.0:8002 (Press CTRL+C to quit)
INFO:     Started reloader process [32844] using WatchFiles
INFO:     Started server process [22092]
INFO:     Waiting for application startup.
2025-01-03 17:59:40,921 - system_service - INFO - 初始化系统监控服务...
2025-01-03 17:59:40,922 - system_database - INFO - Redis连接已建立
2025-01-03 17:59:40,923 - system_monitor - INFO - Redis连接已初始化
2025-01-03 17:59:40,923 - system_service - INFO - 系统监控服务初始化完成
INFO:     Application startup complete.
WARNING:  WatchFiles detected changes in 'admin_service\app\auth\security.py'. Reloading...
INFO:     Will watch for changes in these directories: ['E:\\test-demo\\admin_service', 'E:\\test-demo\\crawler_service', 'E:\\test-demo\\system_service']
INFO:     Uvicorn running on http://0.0.0.0:8002 (Press CTRL+C to quit)
INFO:     Started reloader process [8640] using WatchFiles
INFO:     Started server process [12124]
INFO:     Waiting for application startup.
2025-03-21 09:19:20,433 - system_service - INFO - 初始化系统监控服务...
2025-03-21 09:19:20,434 - system_database - INFO - Redis连接已建立
2025-03-21 09:19:20,435 - system_monitor - INFO - Redis连接已初始化
2025-03-21 09:19:20,435 - system_service - INFO - 系统监控服务初始化完成
INFO:     Application startup complete.
WARNING:  WatchFiles detected changes in 'utils\logger.py'. Reloading...
INFO:     Will watch for changes in these directories: ['E:\\test-demo\\admin_service', 'E:\\test-demo\\crawler_service', 'E:\\test-demo\\system_service']
INFO:     Uvicorn running on http://0.0.0.0:8002 (Press CTRL+C to quit)
INFO:     Started reloader process [33356] using WatchFiles
INFO:     Started server process [5212]
INFO:     Waiting for application startup.
{"asctime": "2025-03-21 09:25:10,436", "name": "system_service", "levelname": "INFO", "message": "初始化系统监控服务...", "taskName": "Task-2"}
{"asctime": "2025-03-21 09:25:10,437", "name": "system_database", "levelname": "INFO", "message": "Redis连接已建立", "taskName": "Task-2"}
{"asctime": "2025-03-21 09:25:10,438", "name": "system_monitor", "levelname": "INFO", "message": "Redis连接已初始化", "taskName": "Task-2"}
{"asctime": "2025-03-21 09:25:10,439", "name": "system_service", "levelname": "INFO", "message": "系统监控服务初始化完成", "taskName": "Task-2"}
INFO:     Application startup complete.
INFO:     Will watch for changes in these directories: ['E:\\python-admin\\admin_service', 'E:\\python-admin\\crawler_service', 'E:\\python-admin\\system_service']
INFO:     Uvicorn running on http://0.0.0.0:8002 (Press CTRL+C to quit)
INFO:     Started reloader process [32628] using WatchFiles
INFO:     Started server process [15412]
INFO:     Waiting for application startup.
{"asctime": "2025-03-21 09:37:06,986", "name": "system_service", "levelname": "INFO", "message": "初始化系统监控服务...", "taskName": "Task-2"}
{"asctime": "2025-03-21 09:37:06,987", "name": "system_database", "levelname": "INFO", "message": "Redis连接已建立", "taskName": "Task-2"}
{"asctime": "2025-03-21 09:37:06,987", "name": "system_monitor", "levelname": "INFO", "message": "Redis连接已初始化", "taskName": "Task-2"}
{"asctime": "2025-03-21 09:37:06,988", "name": "system_service", "levelname": "INFO", "message": "系统监控服务初始化完成", "taskName": "Task-2"}
INFO:     Application startup complete.
INFO:     Will watch for changes in these directories: ['E:\\python-admin\\admin_service', 'E:\\python-admin\\crawler_service', 'E:\\python-admin\\system_service']
INFO:     Uvicorn running on http://0.0.0.0:8002 (Press CTRL+C to quit)
INFO:     Started reloader process [30036] using WatchFiles
INFO:     Started server process [30596]
INFO:     Waiting for application startup.
{"asctime": "2025-03-21 10:27:33,518", "name": "system_service", "levelname": "INFO", "message": "初始化系统监控服务...", "taskName": "Task-2"}
{"asctime": "2025-03-21 10:27:33,520", "name": "system_database", "levelname": "INFO", "message": "Redis连接已建立", "taskName": "Task-2"}
{"asctime": "2025-03-21 10:27:33,520", "name": "system_monitor", "levelname": "INFO", "message": "Redis连接已初始化", "taskName": "Task-2"}
{"asctime": "2025-03-21 10:27:33,521", "name": "system_service", "levelname": "INFO", "message": "系统监控服务初始化完成", "taskName": "Task-2"}
INFO:     Application startup complete.
INFO:     Will watch for changes in these directories: ['E:\\python-admin\\admin_service', 'E:\\python-admin\\crawler_service', 'E:\\python-admin\\system_service']
INFO:     Uvicorn running on http://0.0.0.0:8002 (Press CTRL+C to quit)
INFO:     Started reloader process [30324] using WatchFiles
INFO:     Started server process [33404]
INFO:     Waiting for application startup.
{"asctime": "2025-03-24 15:43:23,333", "name": "system_service", "levelname": "INFO", "message": "初始化系统监控服务...", "taskName": "Task-2"}
{"asctime": "2025-03-24 15:43:23,335", "name": "system_database", "levelname": "INFO", "message": "Redis连接已建立", "taskName": "Task-2"}
{"asctime": "2025-03-24 15:43:23,336", "name": "system_monitor", "levelname": "INFO", "message": "Redis连接已初始化", "taskName": "Task-2"}
{"asctime": "2025-03-24 15:43:23,337", "name": "system_service", "levelname": "INFO", "message": "系统监控服务初始化完成", "taskName": "Task-2"}
INFO:     Application startup complete.
INFO:     Will watch for changes in these directories: ['E:\\python-admin\\admin_service', 'E:\\python-admin\\crawler_service', 'E:\\python-admin\\system_service']
INFO:     Uvicorn running on http://0.0.0.0:8002 (Press CTRL+C to quit)
INFO:     Started reloader process [27528] using WatchFiles
INFO:     Started server process [13240]
INFO:     Waiting for application startup.
{"asctime": "2025-03-24 15:45:29,324", "name": "system_service", "levelname": "INFO", "message": "初始化系统监控服务...", "taskName": "Task-2"}
{"asctime": "2025-03-24 15:45:29,324", "name": "system_database", "levelname": "INFO", "message": "Redis连接已建立", "taskName": "Task-2"}
{"asctime": "2025-03-24 15:45:29,325", "name": "system_monitor", "levelname": "INFO", "message": "Redis连接已初始化", "taskName": "Task-2"}
{"asctime": "2025-03-24 15:45:29,326", "name": "system_service", "levelname": "INFO", "message": "系统监控服务初始化完成", "taskName": "Task-2"}
INFO:     Application startup complete.
WARNING:  WatchFiles detected changes in 'ai_service\app\utils\logger.py'. Reloading...
INFO:     Will watch for changes in these directories: ['E:\\python-admin\\admin_service', 'E:\\python-admin\\crawler_service', 'E:\\python-admin\\system_service']
INFO:     Uvicorn running on http://0.0.0.0:8002 (Press CTRL+C to quit)
INFO:     Started reloader process [13756] using WatchFiles
INFO:     Started server process [34796]
INFO:     Waiting for application startup.
{"asctime": "2025-03-24 15:56:42,872", "name": "system_service", "levelname": "INFO", "message": "初始化系统监控服务...", "taskName": "Task-2"}
{"asctime": "2025-03-24 15:56:42,873", "name": "system_database", "levelname": "INFO", "message": "Redis连接已建立", "taskName": "Task-2"}
{"asctime": "2025-03-24 15:56:42,873", "name": "system_monitor", "levelname": "INFO", "message": "Redis连接已初始化", "taskName": "Task-2"}
{"asctime": "2025-03-24 15:56:42,874", "name": "system_service", "levelname": "INFO", "message": "系统监控服务初始化完成", "taskName": "Task-2"}
INFO:     Application startup complete.
WARNING:  WatchFiles detected changes in 'services\__init__.py'. Reloading...
INFO:     Will watch for changes in these directories: ['E:\\python-admin\\admin_service', 'E:\\python-admin\\crawler_service', 'E:\\python-admin\\system_service']
INFO:     Uvicorn running on http://0.0.0.0:8002 (Press CTRL+C to quit)
INFO:     Started reloader process [18200] using WatchFiles
INFO:     Started server process [29284]
INFO:     Waiting for application startup.
{"asctime": "2025-03-24 15:59:41,216", "name": "system_service", "levelname": "INFO", "message": "初始化系统监控服务...", "taskName": "Task-2"}
{"asctime": "2025-03-24 15:59:41,217", "name": "system_database", "levelname": "INFO", "message": "Redis连接已建立", "taskName": "Task-2"}
{"asctime": "2025-03-24 15:59:41,218", "name": "system_monitor", "levelname": "INFO", "message": "Redis连接已初始化", "taskName": "Task-2"}
{"asctime": "2025-03-24 15:59:41,218", "name": "system_service", "levelname": "INFO", "message": "系统监控服务初始化完成", "taskName": "Task-2"}
INFO:     Application startup complete.
INFO:     Will watch for changes in these directories: ['E:\\python-admin\\admin_service', 'E:\\python-admin\\crawler_service', 'E:\\python-admin\\system_service']
INFO:     Uvicorn running on http://0.0.0.0:8002 (Press CTRL+C to quit)
INFO:     Started reloader process [17484] using WatchFiles
INFO:     Started server process [10836]
INFO:     Waiting for application startup.
{"asctime": "2025-03-25 15:30:08,031", "name": "system_service", "levelname": "INFO", "message": "初始化系统监控服务...", "taskName": "Task-2"}
{"asctime": "2025-03-25 15:30:08,032", "name": "system_database", "levelname": "INFO", "message": "Redis连接已建立", "taskName": "Task-2"}
{"asctime": "2025-03-25 15:30:08,033", "name": "system_monitor", "levelname": "INFO", "message": "Redis连接已初始化", "taskName": "Task-2"}
{"asctime": "2025-03-25 15:30:08,034", "name": "system_service", "levelname": "INFO", "message": "系统监控服务初始化完成", "taskName": "Task-2"}
INFO:     Application startup complete.
INFO:     127.0.0.1:52867 - "GET /docs HTTP/1.1" 403 Forbidden
INFO:     127.0.0.1:52867 - "GET /favicon.ico HTTP/1.1" 404 Not Found
INFO:     Will watch for changes in these directories: ['E:\\python-admin\\admin_service', 'E:\\python-admin\\crawler_service', 'E:\\python-admin\\system_service']
INFO:     Uvicorn running on http://0.0.0.0:8002 (Press CTRL+C to quit)
INFO:     Started reloader process [24600] using WatchFiles
INFO:     Started server process [23268]
INFO:     Waiting for application startup.
{"asctime": "2025-03-25 15:34:28,169", "name": "system_service", "levelname": "INFO", "message": "初始化系统监控服务...", "taskName": "Task-2"}
{"asctime": "2025-03-25 15:34:28,170", "name": "system_database", "levelname": "INFO", "message": "Redis连接已建立", "taskName": "Task-2"}
{"asctime": "2025-03-25 15:34:28,170", "name": "system_monitor", "levelname": "INFO", "message": "Redis连接已初始化", "taskName": "Task-2"}
{"asctime": "2025-03-25 15:34:28,172", "name": "system_service", "levelname": "INFO", "message": "系统监控服务初始化完成", "taskName": "Task-2"}
INFO:     Application startup complete.
WARNING:  WatchFiles detected changes in 'crawler_service\app\main.py'. Reloading...
INFO:     Will watch for changes in these directories: ['E:\\python-admin\\admin_service', 'E:\\python-admin\\crawler_service', 'E:\\python-admin\\system_service']
INFO:     Uvicorn running on http://0.0.0.0:8002 (Press CTRL+C to quit)
INFO:     Started reloader process [9112] using WatchFiles
INFO:     Started server process [27116]
INFO:     Waiting for application startup.
{"asctime": "2025-03-25 15:36:37,303", "name": "system_service", "levelname": "INFO", "message": "初始化系统监控服务...", "taskName": "Task-2"}
{"asctime": "2025-03-25 15:36:37,304", "name": "system_database", "levelname": "INFO", "message": "Redis连接已建立", "taskName": "Task-2"}
{"asctime": "2025-03-25 15:36:37,305", "name": "system_monitor", "levelname": "INFO", "message": "Redis连接已初始化", "taskName": "Task-2"}
{"asctime": "2025-03-25 15:36:37,305", "name": "system_service", "levelname": "INFO", "message": "系统监控服务初始化完成", "taskName": "Task-2"}
INFO:     Application startup complete.
INFO:     Will watch for changes in these directories: ['E:\\python-admin\\admin_service', 'E:\\python-admin\\crawler_service', 'E:\\python-admin\\system_service']
INFO:     Uvicorn running on http://0.0.0.0:8002 (Press CTRL+C to quit)
INFO:     Started reloader process [10872] using WatchFiles
INFO:     Started server process [34168]
INFO:     Waiting for application startup.
{"asctime": "2025-03-25 15:39:20,946", "name": "system_service", "levelname": "INFO", "message": "初始化系统监控服务...", "taskName": "Task-2"}
{"asctime": "2025-03-25 15:39:20,947", "name": "system_database", "levelname": "INFO", "message": "Redis连接已建立", "taskName": "Task-2"}
{"asctime": "2025-03-25 15:39:20,947", "name": "system_monitor", "levelname": "INFO", "message": "Redis连接已初始化", "taskName": "Task-2"}
{"asctime": "2025-03-25 15:39:20,948", "name": "system_service", "levelname": "INFO", "message": "系统监控服务初始化完成", "taskName": "Task-2"}
INFO:     Application startup complete.
WARNING:  WatchFiles detected changes in 'ai_service\app\models\__init__.py'. Reloading...
